#
# A fatal error has been detected by the Java Runtime Environment:
#
#  EXCEPTION_ACCESS_VIOLATION (0xc0000005) at pc=0x00007ffba2b95523, pid=11848, tid=0x0000000000001a40
#
# JRE version: Java(TM) SE Runtime Environment (8.0_121-b13) (build 1.8.0_121-b13)
# Java VM: Java HotSpot(TM) 64-Bit Server VM (25.121-b13 mixed mode windows-amd64 compressed oops)
# Problematic frame:
# C  [KinectPV2.dll+0x5523]
#
# Failed to write core dump. Minidumps are not enabled by default on client versions of Windows
#
# If you would like to submit a bug report, please visit:
#   http://bugreport.java.com/bugreport/crash.jsp
# The crash happened outside the Java Virtual Machine in native code.
# See problematic frame for where to report the bug.
#

---------------  T H R E A D  ---------------

Current thread (0x0000000020927000):  JavaThread "main-FPSAWTAnimator#00-Timer0" [_thread_in_native, id=6720, stack(0x0000000021ac0000,0x0000000021bc0000)]

siginfo: ExceptionCode=0xc0000005, reading address 0xffffffffffffffff

Registers:
RAX=0x0000000021d53fb0, RBX=0x0000000021d53be0, RCX=0x0000000000fe0150, RDX=0x0000000000000000
RSP=0x0000000021bbdec0, RBP=0x0000000000000000, RSI=0x0000000000000006, RDI=0x0000000021d53e10
R8 =0x0000000021bbdb68, R9 =0x0000000000008000, R10=0x0000000000000000, R11=0x0000000021bbddb0
R12=0x0000000000000000, R13=0x000000001b8e8b90, R14=0x0000000021bbdfb0, R15=0x0000000020927000
RIP=0x00007ffba2b95523, EFLAGS=0x0000000000010206

Top of Stack: (sp=0x0000000021bbdec0)
0x0000000021bbdec0:   0000000021d53be0 000000001b8e8b90
0x0000000021bbded0:   0000000000000000 0000000019d00cb0
0x0000000021bbdee0:   0000000019d00cb0 00007ffba2b9177a
0x0000000021bbdef0:   0000000021bbdfb0 0000000021bbdf90
0x0000000021bbdf00:   00000000209271f8 0000000020927000
0x0000000021bbdf10:   0000000002f6835d 0000000002f77f74
0x0000000021bbdf20:   000000001b8e8b90 0000000020927000
0x0000000021bbdf30:   0000000020927000 0000000020927000
0x0000000021bbdf40:   0000000021bbe008 0000000002f77ca2
0x0000000021bbdf50:   0000000021bbdf50 000000001b8e8b90
0x0000000021bbdf60:   0000000021bbdfb0 000000001b8ea828
0x0000000021bbdf70:   0000000000000000 000000001b8e8b90
0x0000000021bbdf80:   0000000000000000 0000000021bbdfb0
0x0000000021bbdf90:   0000000021bbdff8 0000000002f67b30
0x0000000021bbdfa0:   0000000000000000 0000000002f719c0
0x0000000021bbdfb0:   00000000848f4308 0000000021bbdfb8 

Instructions: (pc=0x00007ffba2b95523)
0x00007ffba2b95503:   48 8b 0f 48 85 c9 74 09 48 8b 01 ff 50 10 48 89
0x00007ffba2b95513:   2f 48 8b 8f 90 00 00 00 48 85 c9 74 0d 48 8b 01
0x00007ffba2b95523:   ff 50 10 48 89 af 90 00 00 00 48 8b 4f 30 48 85
0x00007ffba2b95533:   c9 74 0a 48 8b 01 ff 50 10 48 89 6f 30 48 8b 4f 


Register to memory mapping:

RAX=0x0000000021d53fb0 is an unknown value
RBX=0x0000000021d53be0 is an unknown value
RCX=0x0000000000fe0150 is an unknown value
RDX=0x0000000000000000 is an unknown value
RSP=0x0000000021bbdec0 is pointing into the stack for thread: 0x0000000020927000
RBP=0x0000000000000000 is an unknown value
RSI=0x0000000000000006 is an unknown value
RDI=0x0000000021d53e10 is an unknown value
R8 =0x0000000021bbdb68 is pointing into the stack for thread: 0x0000000020927000
R9 =0x0000000000008000 is an unknown value
R10=0x0000000000000000 is an unknown value
R11=0x0000000021bbddb0 is pointing into the stack for thread: 0x0000000020927000
R12=0x0000000000000000 is an unknown value
R13={method} {0x000000001b8e8b98} 'jniStopSignal' '()Z' in 'KinectPV2/Device'
R14=0x0000000021bbdfb0 is pointing into the stack for thread: 0x0000000020927000
R15=0x0000000020927000 is a thread


Stack: [0x0000000021ac0000,0x0000000021bc0000],  sp=0x0000000021bbdec0,  free space=1015k
Native frames: (J=compiled Java code, j=interpreted, Vv=VM code, C=native code)

Java frames: (J=compiled Java code, j=interpreted, Vv=VM code)
j  KinectPV2.Device.jniStopSignal()Z+0
j  KinectPV2.Device.cleanDevice()Z+1
j  KinectPV2.KinectPV2.dispose()V+10
v  ~StubRoutines::call_stub
j  sun.reflect.NativeMethodAccessorImpl.invoke0(Ljava/lang/reflect/Method;Ljava/lang/Object;[Ljava/lang/Object;)Ljava/lang/Object;+0
j  sun.reflect.NativeMethodAccessorImpl.invoke(Ljava/lang/Object;[Ljava/lang/Object;)Ljava/lang/Object;+100
j  sun.reflect.DelegatingMethodAccessorImpl.invoke(Ljava/lang/Object;[Ljava/lang/Object;)Ljava/lang/Object;+6
j  java.lang.reflect.Method.invoke(Ljava/lang/Object;[Ljava/lang/Object;)Ljava/lang/Object;+56
j  processing.core.PApplet$RegisteredMethods.handle([Ljava/lang/Object;)V+18
J 988 C1 processing.core.PApplet.handleMethods(Ljava/lang/String;)V (21 bytes) @ 0x000000000333fe1c [0x000000000333fb60+0x2bc]
j  processing.core.PApplet.dispose()V+35
J 1787 C1 processing.opengl.PSurfaceJOGL$DrawListener.display(Lcom/jogamp/opengl/GLAutoDrawable;)V (220 bytes) @ 0x00000000035c3f04 [0x00000000035c33a0+0xb64]
J 1725 C1 jogamp.opengl.GLDrawableHelper.displayImpl(Lcom/jogamp/opengl/GLAutoDrawable;)V (86 bytes) @ 0x0000000003587bc4 [0x0000000003587280+0x944]
J 1723 C1 jogamp.opengl.GLAutoDrawableBase$2.run()V (73 bytes) @ 0x000000000358e1fc [0x000000000358de20+0x3dc]
J 1721 C1 jogamp.opengl.GLDrawableHelper.invokeGLImpl(Lcom/jogamp/opengl/GLDrawable;Lcom/jogamp/opengl/GLContext;Ljava/lang/Runnable;Ljava/lang/Runnable;)V (579 bytes) @ 0x0000000003589fac [0x0000000003589160+0xe4c]
J 1639 C1 jogamp.opengl.GLDrawableHelper.invokeGL(Lcom/jogamp/opengl/GLDrawable;Lcom/jogamp/opengl/GLContext;Ljava/lang/Runnable;Ljava/lang/Runnable;)V (76 bytes) @ 0x0000000003527c44 [0x0000000003527b80+0xc4]
J 1717 C1 com.jogamp.newt.opengl.GLWindow.display()V (144 bytes) @ 0x000000000357f2c4 [0x000000000357e9c0+0x904]
J 1716 C1 com.jogamp.opengl.util.AWTAnimatorImpl.display(Ljava/util/ArrayList;ZZ)V (170 bytes) @ 0x0000000003576dac [0x00000000035766c0+0x6ec]
J 1714 C1 com.jogamp.opengl.util.FPSAnimator$MainTask.run()V (805 bytes) @ 0x000000000357a584 [0x0000000003579840+0xd44]
j  java.util.TimerThread.mainLoop()V+221
j  java.util.TimerThread.run()V+1
v  ~StubRoutines::call_stub

---------------  P R O C E S S  ---------------

Java Threads: ( => current thread )
  0x000000001a096800 JavaThread "Thread-5" [_thread_blocked, id=12056, stack(0x0000000030170000,0x0000000030270000)]
  0x0000000002f5e800 JavaThread "DestroyJavaVM" [_thread_blocked, id=12736, stack(0x0000000002c50000,0x0000000002d50000)]
=>0x0000000020927000 JavaThread "main-FPSAWTAnimator#00-Timer0" [_thread_in_native, id=6720, stack(0x0000000021ac0000,0x0000000021bc0000)]
  0x000000001a081800 JavaThread "HighResTimerThread" daemon [_thread_blocked, id=6396, stack(0x00000000218c0000,0x00000000219c0000)]
  0x000000001a214800 JavaThread "main-SharedResourceRunner" daemon [_thread_blocked, id=12924, stack(0x000000001b910000,0x000000001ba10000)]
  0x000000001a04f000 JavaThread "main-Display-.windows_nil-1-EDT-1" daemon [_thread_blocked, id=13916, stack(0x000000001b410000,0x000000001b510000)]
  0x0000000019d49000 JavaThread "AWT-Windows" daemon [_thread_in_native, id=10520, stack(0x000000001a670000,0x000000001a770000)]
  0x0000000019cfb800 JavaThread "Java2D Disposer" daemon [_thread_blocked, id=11084, stack(0x000000001a470000,0x000000001a570000)]
  0x000000001968e800 JavaThread "Monitor Ctrl-Break" daemon [_thread_in_native, id=4296, stack(0x0000000019a20000,0x0000000019b20000)]
  0x0000000019458800 JavaThread "Service Thread" daemon [_thread_blocked, id=14180, stack(0x0000000019820000,0x0000000019920000)]
  0x0000000017abc000 JavaThread "C1 CompilerThread2" daemon [_thread_blocked, id=6224, stack(0x0000000019320000,0x0000000019420000)]
  0x0000000017ab3000 JavaThread "C2 CompilerThread1" daemon [_thread_blocked, id=1744, stack(0x0000000019220000,0x0000000019320000)]
  0x0000000017aae800 JavaThread "C2 CompilerThread0" daemon [_thread_blocked, id=4284, stack(0x0000000019120000,0x0000000019220000)]
  0x0000000017aad000 JavaThread "Attach Listener" daemon [_thread_blocked, id=13768, stack(0x0000000019020000,0x0000000019120000)]
  0x0000000017aac000 JavaThread "Signal Dispatcher" daemon [_thread_blocked, id=13196, stack(0x0000000018f20000,0x0000000019020000)]
  0x0000000002e9d800 JavaThread "Finalizer" daemon [_thread_blocked, id=12268, stack(0x0000000018d10000,0x0000000018e10000)]
  0x0000000002e92000 JavaThread "Reference Handler" daemon [_thread_blocked, id=12180, stack(0x0000000018c10000,0x0000000018d10000)]

Other Threads:
  0x0000000017a77000 VMThread [stack: 0x0000000018b10000,0x0000000018c10000] [id=1828]
  0x0000000019475800 WatcherThread [stack: 0x0000000019920000,0x0000000019a20000] [id=7800]

VM state:not at safepoint (normal execution)

VM Mutex/Monitor currently owned by a thread: None

Heap:
 PSYoungGen      total 588288K, used 68090K [0x00000000d5d80000, 0x00000000fcf00000, 0x0000000100000000)
  eden space 577024K, 11% used [0x00000000d5d80000,0x00000000d9fe6a28,0x00000000f9100000)
  from space 11264K, 0% used [0x00000000fc400000,0x00000000fc418000,0x00000000fcf00000)
  to   space 31744K, 0% used [0x00000000f9100000,0x00000000f9100000,0x00000000fb000000)
 ParOldGen       total 131584K, used 69371K [0x0000000081800000, 0x0000000089880000, 0x00000000d5d80000)
  object space 131584K, 52% used [0x0000000081800000,0x0000000085bbee40,0x0000000089880000)
 Metaspace       used 17530K, capacity 17704K, committed 18048K, reserved 1064960K
  class space    used 1576K, capacity 1622K, committed 1664K, reserved 1048576K

Card table byte_map: [0x0000000012320000,0x0000000012720000] byte_map_base: 0x0000000011f14000

Marking Bits: (ParMarkBitMap*) 0x00000000763eb6d0
 Begin Bits: [0x0000000012dd0000, 0x0000000014d70000)
 End Bits:   [0x0000000014d70000, 0x0000000016d10000)

Polling page: 0x0000000002d50000

CodeCache: size=245760Kb used=6946Kb max_used=6957Kb free=238813Kb
 bounds [0x0000000002f60000, 0x0000000003640000, 0x0000000011f60000]
 total_blobs=2763 nmethods=1886 adapters=790
 compilation: enabled

Compilation events (10 events):
Event: 24.368 Thread 0x0000000017ab3000 1882       4       java.nio.DirectIntBufferU::put (18 bytes)
Event: 24.369 Thread 0x0000000017ab3000 nmethod 1882 0x0000000003618350 code [0x0000000003618480, 0x0000000003618538]
Event: 24.418 Thread 0x0000000017aae800 1883   !   4       jogamp.common.util.locks.RecursiveLockImpl01Unfairish::lock (124 bytes)
Event: 24.421 Thread 0x0000000017aae800 nmethod 1883 0x000000000362c990 code [0x000000000362cae0, 0x000000000362ce88]
Event: 24.436 Thread 0x0000000017ab3000 1884   !   4       jogamp.common.util.locks.RecursiveLockImpl01Unfairish::unlock (196 bytes)
Event: 24.440 Thread 0x0000000017ab3000 nmethod 1884 0x00000000036271d0 code [0x0000000003627340, 0x0000000003627ac8]
Event: 24.554 Thread 0x0000000017aae800 1885       4       processing.opengl.PGraphicsOpenGL$TessGeometry::clear (112 bytes)
Event: 24.555 Thread 0x0000000017aae800 nmethod 1885 0x000000000362c610 code [0x000000000362c740, 0x000000000362c838]
Event: 24.570 Thread 0x0000000017ab3000 1886       4       processing.opengl.PGraphicsOpenGL::report (75 bytes)
Event: 24.572 Thread 0x0000000017ab3000 nmethod 1886 0x0000000003617dd0 code [0x0000000003617f20, 0x00000000036180a8]

GC Heap History (10 events):
Event: 10.230 GC heap before
{Heap before GC invocations=11 (full 1):
 PSYoungGen      total 267264K, used 230239K [0x00000000d5d80000, 0x00000000eef80000, 0x0000000100000000)
  eden space 228864K, 100% used [0x00000000d5d80000,0x00000000e3d00000,0x00000000e3d00000)
  from space 38400K, 3% used [0x00000000e3d00000,0x00000000e3e57f70,0x00000000e6280000)
  to   space 37376K, 0% used [0x00000000ecb00000,0x00000000ecb00000,0x00000000eef80000)
 ParOldGen       total 131584K, used 67932K [0x0000000081800000, 0x0000000089880000, 0x00000000d5d80000)
  object space 131584K, 51% used [0x0000000081800000,0x0000000085a57238,0x0000000089880000)
 Metaspace       used 17459K, capacity 17640K, committed 17792K, reserved 1064960K
  class space    used 1576K, capacity 1622K, committed 1664K, reserved 1048576K
Event: 10.232 GC heap after
Heap after GC invocations=11 (full 1):
 PSYoungGen      total 358912K, used 128K [0x00000000d5d80000, 0x00000000ee780000, 0x0000000100000000)
  eden space 329728K, 0% used [0x00000000d5d80000,0x00000000d5d80000,0x00000000e9f80000)
  from space 29184K, 0% used [0x00000000ecb00000,0x00000000ecb20000,0x00000000ee780000)
  to   space 36864K, 0% used [0x00000000e9f80000,0x00000000e9f80000,0x00000000ec380000)
 ParOldGen       total 131584K, used 69275K [0x0000000081800000, 0x0000000089880000, 0x00000000d5d80000)
  object space 131584K, 52% used [0x0000000081800000,0x0000000085ba6e40,0x0000000089880000)
 Metaspace       used 17459K, capacity 17640K, committed 17792K, reserved 1064960K
  class space    used 1576K, capacity 1622K, committed 1664K, reserved 1048576K
}
Event: 13.444 GC heap before
{Heap before GC invocations=12 (full 1):
 PSYoungGen      total 358912K, used 329133K [0x00000000d5d80000, 0x00000000ee780000, 0x0000000100000000)
  eden space 329728K, 99% used [0x00000000d5d80000,0x00000000e9ecb7e8,0x00000000e9f80000)
  from space 29184K, 0% used [0x00000000ecb00000,0x00000000ecb20000,0x00000000ee780000)
  to   space 36864K, 0% used [0x00000000e9f80000,0x00000000e9f80000,0x00000000ec380000)
 ParOldGen       total 131584K, used 69275K [0x0000000081800000, 0x0000000089880000, 0x00000000d5d80000)
  object space 131584K, 52% used [0x0000000081800000,0x0000000085ba6e40,0x0000000089880000)
 Metaspace       used 17523K, capacity 17704K, committed 18048K, reserved 1064960K
  class space    used 1576K, capacity 1622K, committed 1664K, reserved 1048576K
Event: 13.446 GC heap after
Heap after GC invocations=12 (full 1):
 PSYoungGen      total 366592K, used 64K [0x00000000d5d80000, 0x00000000f6800000, 0x0000000100000000)
  eden space 329728K, 0% used [0x00000000d5d80000,0x00000000d5d80000,0x00000000e9f80000)
  from space 36864K, 0% used [0x00000000e9f80000,0x00000000e9f90000,0x00000000ec380000)
  to   space 35840K, 0% used [0x00000000f4500000,0x00000000f4500000,0x00000000f6800000)
 ParOldGen       total 131584K, used 69307K [0x0000000081800000, 0x0000000089880000, 0x00000000d5d80000)
  object space 131584K, 52% used [0x0000000081800000,0x0000000085baee40,0x0000000089880000)
 Metaspace       used 17523K, capacity 17704K, committed 18048K, reserved 1064960K
  class space    used 1576K, capacity 1622K, committed 1664K, reserved 1048576K
}
Event: 16.591 GC heap before
{Heap before GC invocations=13 (full 1):
 PSYoungGen      total 366592K, used 329239K [0x00000000d5d80000, 0x00000000f6800000, 0x0000000100000000)
  eden space 329728K, 99% used [0x00000000d5d80000,0x00000000e9ef5fb0,0x00000000e9f80000)
  from space 36864K, 0% used [0x00000000e9f80000,0x00000000e9f90000,0x00000000ec380000)
  to   space 35840K, 0% used [0x00000000f4500000,0x00000000f4500000,0x00000000f6800000)
 ParOldGen       total 131584K, used 69307K [0x0000000081800000, 0x0000000089880000, 0x00000000d5d80000)
  object space 131584K, 52% used [0x0000000081800000,0x0000000085baee40,0x0000000089880000)
 Metaspace       used 17529K, capacity 17704K, committed 18048K, reserved 1064960K
  class space    used 1576K, capacity 1622K, committed 1664K, reserved 1048576K
Event: 16.592 GC heap after
Heap after GC invocations=13 (full 1):
 PSYoungGen      total 470528K, used 32K [0x00000000d5d80000, 0x00000000f5880000, 0x0000000100000000)
  eden space 450560K, 0% used [0x00000000d5d80000,0x00000000d5d80000,0x00000000f1580000)
  from space 19968K, 0% used [0x00000000f4500000,0x00000000f4508000,0x00000000f5880000)
  to   space 34304K, 0% used [0x00000000f1580000,0x00000000f1580000,0x00000000f3700000)
 ParOldGen       total 131584K, used 69323K [0x0000000081800000, 0x0000000089880000, 0x00000000d5d80000)
  object space 131584K, 52% used [0x0000000081800000,0x0000000085bb2e40,0x0000000089880000)
 Metaspace       used 17529K, capacity 17704K, committed 18048K, reserved 1064960K
  class space    used 1576K, capacity 1622K, committed 1664K, reserved 1048576K
}
Event: 20.972 GC heap before
{Heap before GC invocations=14 (full 1):
 PSYoungGen      total 470528K, used 450014K [0x00000000d5d80000, 0x00000000f5880000, 0x0000000100000000)
  eden space 450560K, 99% used [0x00000000d5d80000,0x00000000f14ef860,0x00000000f1580000)
  from space 19968K, 0% used [0x00000000f4500000,0x00000000f4508000,0x00000000f5880000)
  to   space 34304K, 0% used [0x00000000f1580000,0x00000000f1580000,0x00000000f3700000)
 ParOldGen       total 131584K, used 69323K [0x0000000081800000, 0x0000000089880000, 0x00000000d5d80000)
  object space 131584K, 52% used [0x0000000081800000,0x0000000085bb2e40,0x0000000089880000)
 Metaspace       used 17529K, capacity 17704K, committed 18048K, reserved 1064960K
  class space    used 1576K, capacity 1622K, committed 1664K, reserved 1048576K
Event: 20.973 GC heap after
Heap after GC invocations=14 (full 1):
 PSYoungGen      total 484864K, used 32K [0x00000000d5d80000, 0x00000000fe480000, 0x0000000100000000)
  eden space 450560K, 0% used [0x00000000d5d80000,0x00000000d5d80000,0x00000000f1580000)
  from space 34304K, 0% used [0x00000000f1580000,0x00000000f1588000,0x00000000f3700000)
  to   space 33280K, 0% used [0x00000000fc400000,0x00000000fc400000,0x00000000fe480000)
 ParOldGen       total 131584K, used 69347K [0x0000000081800000, 0x0000000089880000, 0x00000000d5d80000)
  object space 131584K, 52% used [0x0000000081800000,0x0000000085bb8e40,0x0000000089880000)
 Metaspace       used 17529K, capacity 17704K, committed 18048K, reserved 1064960K
  class space    used 1576K, capacity 1622K, committed 1664K, reserved 1048576K
}
Event: 25.318 GC heap before
{Heap before GC invocations=15 (full 1):
 PSYoungGen      total 484864K, used 450537K [0x00000000d5d80000, 0x00000000fe480000, 0x0000000100000000)
  eden space 450560K, 99% used [0x00000000d5d80000,0x00000000f1572648,0x00000000f1580000)
  from space 34304K, 0% used [0x00000000f1580000,0x00000000f1588000,0x00000000f3700000)
  to   space 33280K, 0% used [0x00000000fc400000,0x00000000fc400000,0x00000000fe480000)
 ParOldGen       total 131584K, used 69347K [0x0000000081800000, 0x0000000089880000, 0x00000000d5d80000)
  object space 131584K, 52% used [0x0000000081800000,0x0000000085bb8e40,0x0000000089880000)
 Metaspace       used 17529K, capacity 17704K, committed 18048K, reserved 1064960K
  class space    used 1576K, capacity 1622K, committed 1664K, reserved 1048576K
Event: 25.319 GC heap after
Heap after GC invocations=15 (full 1):
 PSYoungGen      total 588288K, used 96K [0x00000000d5d80000, 0x00000000fcf00000, 0x0000000100000000)
  eden space 577024K, 0% used [0x00000000d5d80000,0x00000000d5d80000,0x00000000f9100000)
  from space 11264K, 0% used [0x00000000fc400000,0x00000000fc418000,0x00000000fcf00000)
  to   space 31744K, 0% used [0x00000000f9100000,0x00000000f9100000,0x00000000fb000000)
 ParOldGen       total 131584K, used 69371K [0x0000000081800000, 0x0000000089880000, 0x00000000d5d80000)
  object space 131584K, 52% used [0x0000000081800000,0x0000000085bbee40,0x0000000089880000)
 Metaspace       used 17529K, capacity 17704K, committed 18048K, reserved 1064960K
  class space    used 1576K, capacity 1622K, committed 1664K, reserved 1048576K
}

Deoptimization events (10 events):
Event: 4.076 Thread 0x0000000020927000 Uncommon trap: reason=class_check action=maybe_recompile pc=0x00000000030ff328 method=java.lang.String.equals(Ljava/lang/Object;)Z @ 8
Event: 4.134 Thread 0x0000000020927000 Uncommon trap: reason=class_check action=maybe_recompile pc=0x0000000003306bb8 method=java.util.regex.Pattern.compile()V @ 246
Event: 4.134 Thread 0x0000000020927000 Uncommon trap: reason=class_check action=maybe_recompile pc=0x0000000003306bb8 method=java.util.regex.Pattern.compile()V @ 246
Event: 4.134 Thread 0x0000000020927000 Uncommon trap: reason=class_check action=maybe_recompile pc=0x0000000003306bb8 method=java.util.regex.Pattern.compile()V @ 246
Event: 4.134 Thread 0x0000000020927000 Uncommon trap: reason=class_check action=maybe_recompile pc=0x0000000003306bb8 method=java.util.regex.Pattern.compile()V @ 246
Event: 4.135 Thread 0x0000000020927000 Uncommon trap: reason=predicate action=maybe_recompile pc=0x00000000032fe5c8 method=java.util.regex.Pattern$Slice.match(Ljava/util/regex/Matcher;ILjava/lang/CharSequence;)Z @ 21
Event: 23.405 Thread 0x0000000020927000 Uncommon trap: reason=unstable_if action=reinterpret pc=0x00000000035fad70 method=processing.core.PFont.indexActual(C)I @ 13
Event: 23.405 Thread 0x0000000020927000 Uncommon trap: reason=unstable_if action=reinterpret pc=0x00000000035febc8 method=sun.font.FontDesignMetrics.charsWidth([CII)I @ 113
Event: 23.405 Thread 0x0000000020927000 Uncommon trap: reason=unstable_if action=reinterpret pc=0x00000000034aad80 method=processing.opengl.PGraphicsOpenGL.nonZero(F)Z @ 8
Event: 23.420 Thread 0x0000000020927000 Uncommon trap: reason=unstable_if action=reinterpret pc=0x00000000035f4538 method=processing.core.PFont.indexActual(C)I @ 13

Internal exceptions (10 events):
Event: 0.028 Thread 0x0000000002f5e800 Exception <a 'java/lang/NoSuchMethodError': Method sun.misc.Unsafe.prefetchRead(Ljava/lang/Object;J)V name or signature does not match> (0x00000000d5d87f90) thrown at [C:\re\workspace\8-2-build-windows-amd64-cygwin\jdk8u121\8372\hotspot\src\share\vm\prims
Event: 0.147 Thread 0x0000000002f5e800 Exception <a 'java/security/PrivilegedActionException'> (0x00000000d6064378) thrown at [C:\re\workspace\8-2-build-windows-amd64-cygwin\jdk8u121\8372\hotspot\src\share\vm\prims\jvm.cpp, line 1390]
Event: 0.147 Thread 0x0000000002f5e800 Exception <a 'java/security/PrivilegedActionException'> (0x00000000d6064588) thrown at [C:\re\workspace\8-2-build-windows-amd64-cygwin\jdk8u121\8372\hotspot\src\share\vm\prims\jvm.cpp, line 1390]
Event: 0.148 Thread 0x0000000002f5e800 Exception <a 'java/security/PrivilegedActionException'> (0x00000000d6068680) thrown at [C:\re\workspace\8-2-build-windows-amd64-cygwin\jdk8u121\8372\hotspot\src\share\vm\prims\jvm.cpp, line 1390]
Event: 0.148 Thread 0x0000000002f5e800 Exception <a 'java/security/PrivilegedActionException'> (0x00000000d6068890) thrown at [C:\re\workspace\8-2-build-windows-amd64-cygwin\jdk8u121\8372\hotspot\src\share\vm\prims\jvm.cpp, line 1390]
Event: 0.153 Thread 0x0000000002f5e800 Exception <a 'java/io/FileNotFoundException'> (0x00000000d60722b8) thrown at [C:\re\workspace\8-2-build-windows-amd64-cygwin\jdk8u121\8372\hotspot\src\share\vm\prims\jni.cpp, line 709]
Event: 0.183 Thread 0x0000000002f5e800 Exception <a 'java/lang/NoSuchFieldError': method resolution failed> (0x00000000d613f7e8) thrown at [C:\re\workspace\8-2-build-windows-amd64-cygwin\jdk8u121\8372\hotspot\src\share\vm\prims\methodHandles.cpp, line 1146]
Event: 0.185 Thread 0x0000000002f5e800 Exception <a 'java/lang/NoSuchFieldError': method resolution failed> (0x00000000d614cd20) thrown at [C:\re\workspace\8-2-build-windows-amd64-cygwin\jdk8u121\8372\hotspot\src\share\vm\prims\methodHandles.cpp, line 1146]
Event: 0.224 Thread 0x0000000002f5e800 Exception <a 'java/io/FileNotFoundException'> (0x00000000d61e95d8) thrown at [C:\re\workspace\8-2-build-windows-amd64-cygwin\jdk8u121\8372\hotspot\src\share\vm\prims\jni.cpp, line 709]
Event: 25.951 Thread 0x0000000020926800 Exception <a 'java/lang/InterruptedException'> (0x00000000d9d155b0) thrown at [C:\re\workspace\8-2-build-windows-amd64-cygwin\jdk8u121\8372\hotspot\src\share\vm\runtime\objectMonitor.cpp, line 1684]

Events (10 events):
Event: 23.405 Thread 0x0000000020927000 DEOPT UNPACKING pc=0x0000000002fa582a sp=0x0000000021bbe250 mode 2
Event: 23.405 Thread 0x0000000020927000 Uncommon trap: trap_request=0xffffff65 fr.pc=0x00000000034aad80
Event: 23.405 Thread 0x0000000020927000 DEOPT PACKING pc=0x00000000034aad80 sp=0x0000000021bbe6a0
Event: 23.405 Thread 0x0000000020927000 DEOPT UNPACKING pc=0x0000000002fa582a sp=0x0000000021bbe448 mode 2
Event: 23.420 Thread 0x0000000020927000 Uncommon trap: trap_request=0xffffff65 fr.pc=0x00000000035f4538
Event: 23.420 Thread 0x0000000020927000 DEOPT PACKING pc=0x00000000035f4538 sp=0x0000000021bbe280
Event: 23.420 Thread 0x0000000020927000 DEOPT UNPACKING pc=0x0000000002fa582a sp=0x0000000021bbe210 mode 2
Event: 25.318 Executing VM operation: ParallelGCFailedAllocation
Event: 25.320 Executing VM operation: ParallelGCFailedAllocation done
Event: 25.951 Thread 0x0000000020926800 Thread exited: 0x0000000020926800


Dynamic libraries:
0x00007ff62b090000 - 0x00007ff62b0c7000 	C:\Program Files\Java\jdk1.8.0_121\bin\java.exe
0x00007ffbb0fb0000 - 0x00007ffbb1182000 	C:\WINDOWS\SYSTEM32\ntdll.dll
0x00007ffbae570000 - 0x00007ffbae61c000 	C:\WINDOWS\System32\KERNEL32.DLL
0x00007ffbadd10000 - 0x00007ffbadf2d000 	C:\WINDOWS\System32\KERNELBASE.dll
0x00007ffbb0880000 - 0x00007ffbb0922000 	C:\WINDOWS\System32\ADVAPI32.dll
0x00007ffbb02f0000 - 0x00007ffbb038e000 	C:\WINDOWS\System32\msvcrt.dll
0x00007ffbb0660000 - 0x00007ffbb06b9000 	C:\WINDOWS\System32\sechost.dll
0x00007ffbae620000 - 0x00007ffbae741000 	C:\WINDOWS\System32\RPCRT4.dll
0x00007ffbb0060000 - 0x00007ffbb01c5000 	C:\WINDOWS\System32\USER32.dll
0x00007ffbae1f0000 - 0x00007ffbae20e000 	C:\WINDOWS\System32\win32u.dll
0x00007ffbb0390000 - 0x00007ffbb03c4000 	C:\WINDOWS\System32\GDI32.dll
0x00007ffbad4b0000 - 0x00007ffbad630000 	C:\WINDOWS\System32\gdi32full.dll
0x00007ffba7ca0000 - 0x00007ffba7f1a000 	C:\WINDOWS\WinSxS\amd64_microsoft.windows.common-controls_6595b64144ccf1df_6.0.14393.953_none_42151e83c686086b\COMCTL32.dll
0x00007ffbae7b0000 - 0x00007ffbaea78000 	C:\WINDOWS\System32\combase.dll
0x00007ffbae440000 - 0x00007ffbae535000 	C:\WINDOWS\System32\ucrtbase.dll
0x00007ffbadfe0000 - 0x00007ffbae04a000 	C:\WINDOWS\System32\bcryptPrimitives.dll
0x00007ffbae540000 - 0x00007ffbae56e000 	C:\WINDOWS\System32\IMM32.DLL
0x00000000756a0000 - 0x0000000075772000 	C:\Program Files\Java\jdk1.8.0_121\jre\bin\msvcr100.dll
0x0000000075bd0000 - 0x000000007646b000 	C:\Program Files\Java\jdk1.8.0_121\jre\bin\server\jvm.dll
0x00007ffbb0ea0000 - 0x00007ffbb0ea8000 	C:\WINDOWS\System32\PSAPI.DLL
0x00007ffbaa530000 - 0x00007ffbaa539000 	C:\WINDOWS\SYSTEM32\WSOCK32.dll
0x00007ffbb0280000 - 0x00007ffbb02ea000 	C:\WINDOWS\System32\WS2_32.dll
0x00007ffbab790000 - 0x00007ffbab7b3000 	C:\WINDOWS\SYSTEM32\WINMM.dll
0x00007ffba9850000 - 0x00007ffba985a000 	C:\WINDOWS\SYSTEM32\VERSION.dll
0x0000000002c00000 - 0x0000000002c2b000 	C:\WINDOWS\SYSTEM32\WINMMBASE.dll
0x00007ffbae100000 - 0x00007ffbae142000 	C:\WINDOWS\System32\cfgmgr32.dll
0x0000000075ae0000 - 0x0000000075aef000 	C:\Program Files\Java\jdk1.8.0_121\jre\bin\verify.dll
0x0000000075ab0000 - 0x0000000075ad9000 	C:\Program Files\Java\jdk1.8.0_121\jre\bin\java.dll
0x0000000075a90000 - 0x0000000075aa6000 	C:\Program Files\Java\jdk1.8.0_121\jre\bin\zip.dll
0x00007ffbaea90000 - 0x00007ffbaff98000 	C:\WINDOWS\System32\SHELL32.dll
0x00007ffbad630000 - 0x00007ffbadd0a000 	C:\WINDOWS\System32\windows.storage.dll
0x00007ffbad450000 - 0x00007ffbad49c000 	C:\WINDOWS\System32\powrprof.dll
0x00007ffbb0530000 - 0x00007ffbb0582000 	C:\WINDOWS\System32\shlwapi.dll
0x00007ffbad4a0000 - 0x00007ffbad4af000 	C:\WINDOWS\System32\kernel.appcore.dll
0x00007ffbadf30000 - 0x00007ffbadfd9000 	C:\WINDOWS\System32\shcore.dll
0x00007ffbad420000 - 0x00007ffbad434000 	C:\WINDOWS\System32\profapi.dll
0x00007ffba2ed0000 - 0x00007ffba2ee0000 	C:\Program Files (x86)\JetBrains\IntelliJ IDEA 2016.3.4\bin\breakgen64.dll
0x0000000075880000 - 0x000000007589a000 	C:\Program Files\Java\jdk1.8.0_121\jre\bin\net.dll
0x00007ffbaccf0000 - 0x00007ffbacd4c000 	C:\WINDOWS\system32\mswsock.dll
0x00000000758f0000 - 0x0000000075a88000 	C:\Program Files\Java\jdk1.8.0_121\jre\bin\awt.dll
0x00007ffbaffa0000 - 0x00007ffbb005f000 	C:\WINDOWS\System32\OLEAUT32.dll
0x00007ffbae150000 - 0x00007ffbae1ec000 	C:\WINDOWS\System32\msvcp_win.dll
0x00007ffbabac0000 - 0x00007ffbabb3a000 	C:\WINDOWS\SYSTEM32\apphelp.dll
0x00007ffbabc20000 - 0x00007ffbabcb5000 	C:\WINDOWS\system32\uxtheme.dll
0x00007ffbb03d0000 - 0x00007ffbb052a000 	C:\WINDOWS\System32\MSCTF.dll
0x00007ffbaa9c0000 - 0x00007ffbaa9e6000 	C:\WINDOWS\system32\dwmapi.dll
0x00007ffbb0d60000 - 0x00007ffbb0e98000 	C:\WINDOWS\System32\ole32.dll
0x00007ffb9d9f0000 - 0x00007ffb9db13000 	C:\WINDOWS\system32\opengl32.dll
0x00007ffb9e910000 - 0x00007ffb9ea07000 	C:\WINDOWS\SYSTEM32\DDRAW.dll
0x00007ffba2610000 - 0x00007ffba263d000 	C:\WINDOWS\SYSTEM32\GLU32.dll
0x00007ffba89d0000 - 0x00007ffba89d8000 	C:\WINDOWS\SYSTEM32\DCIMAN32.dll
0x00007ffbacea0000 - 0x00007ffbaceb7000 	C:\WINDOWS\SYSTEM32\CRYPTSP.dll
0x00007ffbac8f0000 - 0x00007ffbac923000 	C:\WINDOWS\system32\rsaenh.dll
0x00007ffbad360000 - 0x00007ffbad38b000 	C:\WINDOWS\SYSTEM32\bcrypt.dll
0x00007ffbacb70000 - 0x00007ffbacb8f000 	C:\WINDOWS\SYSTEM32\USERENV.dll
0x00007ffbace90000 - 0x00007ffbace9b000 	C:\WINDOWS\SYSTEM32\CRYPTBASE.dll
0x00007ffbaca70000 - 0x00007ffbacaa8000 	C:\WINDOWS\SYSTEM32\IPHLPAPI.DLL
0x00007ffbb0270000 - 0x00007ffbb0278000 	C:\WINDOWS\System32\NSI.dll
0x00007ffba3920000 - 0x00007ffba3936000 	C:\WINDOWS\SYSTEM32\dhcpcsvc6.DLL
0x00007ffba3f40000 - 0x00007ffba3f5a000 	C:\WINDOWS\SYSTEM32\dhcpcsvc.DLL
0x0000000075860000 - 0x0000000075871000 	C:\Program Files\Java\jdk1.8.0_121\jre\bin\nio.dll
0x00000000637c0000 - 0x00000000637cd000 	C:\Users\ricar\AppData\Local\Temp\jogamp_0000\file_cache\jln369807263906557847\jln6479660107230685067\natives\windows-amd64\gluegen-rt.dll
0x0000000075780000 - 0x0000000075787000 	C:\Program Files\Java\jdk1.8.0_121\jre\bin\jawt.dll
0x000000006a440000 - 0x000000006a44d000 	C:\Users\ricar\AppData\Local\Temp\jogamp_0000\file_cache\jln369807263906557847\jln6479660107230685067\natives\windows-amd64\nativewindow_awt.dll
0x000000006c100000 - 0x000000006c10f000 	C:\Users\ricar\AppData\Local\Temp\jogamp_0000\file_cache\jln369807263906557847\jln6479660107230685067\natives\windows-amd64\nativewindow_win32.dll
0x000000006cbc0000 - 0x000000006cbd3000 	C:\Users\ricar\AppData\Local\Temp\jogamp_0000\file_cache\jln369807263906557847\jln6479660107230685067\natives\windows-amd64\newt.dll
0x00007ffba8890000 - 0x00007ffba8921000 	C:\WINDOWS\SYSTEM32\mscms.dll
0x00007ffba1a00000 - 0x00007ffba1a42000 	C:\WINDOWS\SYSTEM32\icm32.dll
0x00007ffbb0930000 - 0x00007ffbb0d59000 	C:\WINDOWS\System32\setupapi.dll
0x00007ffbabf80000 - 0x00007ffbabfa8000 	C:\WINDOWS\SYSTEM32\DEVOBJ.dll
0x00007ffbae3e0000 - 0x00007ffbae435000 	C:\WINDOWS\System32\WINTRUST.dll
0x00007ffbad440000 - 0x00007ffbad450000 	C:\WINDOWS\System32\MSASN1.dll
0x00007ffbae210000 - 0x00007ffbae3d9000 	C:\WINDOWS\System32\CRYPT32.dll
0x0000000064500000 - 0x00000000645b1000 	C:\Users\ricar\AppData\Local\Temp\jogamp_0000\file_cache\jln369807263906557847\jln6479660107230685067\natives\windows-amd64\jogl_desktop.dll
0x0000000064340000 - 0x00000000643a2000 	C:\Users\ricar\AppData\Local\Temp\jogamp_0000\file_cache\jln369807263906557847\jln6479660107230685067\natives\windows-amd64\jogl_mobile.dll
0x00000000728f0000 - 0x0000000074a40000 	C:\WINDOWS\SYSTEM32\nvoglv64.DLL
0x00007ffbaa6e0000 - 0x00007ffbaa6f3000 	C:\WINDOWS\SYSTEM32\WTSAPI32.dll
0x00007ffbac7c0000 - 0x00007ffbac7f2000 	C:\WINDOWS\SYSTEM32\ntmarta.dll
0x00007ffbad300000 - 0x00007ffbad356000 	C:\WINDOWS\SYSTEM32\WINSTA.dll
0x00007ffb87bc0000 - 0x00007ffb87d5c000 	C:\Users\ricar\Desktop\MoveCode\KinectPV2-master\Build_libs\MoveOn\libs\kinectPV2\Kinect20.Face.dll
0x00007ffba0fe0000 - 0x00007ffba10b4000 	C:\WINDOWS\SYSTEM32\MSVCR110.dll
0x00007ffb984f0000 - 0x00007ffb98597000 	C:\WINDOWS\SYSTEM32\MSVCP110.dll
0x00007ffba2b90000 - 0x00007ffba2ba1000 	C:\Users\ricar\Desktop\MoveCode\KinectPV2-master\Build_libs\MoveOn\libs\kinectPV2\KinectPV2.dll
0x00007ffb85a80000 - 0x00007ffb85b3b000 	C:\WINDOWS\SYSTEM32\Kinect20.dll
0x00007ffba92b0000 - 0x00007ffba9418000 	C:\WINDOWS\SYSTEM32\MFPlat.DLL
0x00007ffbab900000 - 0x00007ffbab92e000 	C:\WINDOWS\SYSTEM32\RTWorkQ.DLL
0x00007ffbac3a0000 - 0x00007ffbac43f000 	C:\WINDOWS\system32\dxgi.dll
0x00007ffbaa9f0000 - 0x00007ffbaaca6000 	C:\WINDOWS\system32\d3d11.dll
0x00007ffb87d60000 - 0x00007ffb89491000 	C:\WINDOWS\System32\DriverStore\FileRepository\nvami.inf_amd64_11a67240324f74de\nvwgf2umx.dll
0x00007ffba78a0000 - 0x00007ffba7c9b000 	C:\WINDOWS\system32\nvapi64.dll
0x00000000758a0000 - 0x00000000758e7000 	C:\Program Files\Java\jdk1.8.0_121\jre\bin\fontmanager.dll
0x0000000075800000 - 0x0000000075842000 	C:\Program Files\Java\jdk1.8.0_121\jre\bin\t2k.dll
0x00007ffba9e30000 - 0x00007ffba9fc2000 	C:\WINDOWS\SYSTEM32\dbghelp.dll

VM Arguments:
jvm_args: -Djava.library.path=C:\Users\ricar\Desktop\MoveCode\KinectPV2-master\Build_libs\MoveOn\libs\kinectPV2 -Didea.launcher.port=7538 -Didea.launcher.bin.path=C:\Program Files (x86)\JetBrains\IntelliJ IDEA 2016.3.4\bin -Dfile.encoding=UTF-8 
java_command: com.intellij.rt.execution.application.AppMain SkeletonDepthTest
java_class_path (initial): C:\Program Files\Java\jdk1.8.0_121\jre\lib\charsets.jar;C:\Program Files\Java\jdk1.8.0_121\jre\lib\deploy.jar;C:\Program Files\Java\jdk1.8.0_121\jre\lib\ext\access-bridge-64.jar;C:\Program Files\Java\jdk1.8.0_121\jre\lib\ext\cldrdata.jar;C:\Program Files\Java\jdk1.8.0_121\jre\lib\ext\dnsns.jar;C:\Program Files\Java\jdk1.8.0_121\jre\lib\ext\jaccess.jar;C:\Program Files\Java\jdk1.8.0_121\jre\lib\ext\jfxrt.jar;C:\Program Files\Java\jdk1.8.0_121\jre\lib\ext\localedata.jar;C:\Program Files\Java\jdk1.8.0_121\jre\lib\ext\nashorn.jar;C:\Program Files\Java\jdk1.8.0_121\jre\lib\ext\sunec.jar;C:\Program Files\Java\jdk1.8.0_121\jre\lib\ext\sunjce_provider.jar;C:\Program Files\Java\jdk1.8.0_121\jre\lib\ext\sunmscapi.jar;C:\Program Files\Java\jdk1.8.0_121\jre\lib\ext\sunpkcs11.jar;C:\Program Files\Java\jdk1.8.0_121\jre\lib\ext\zipfs.jar;C:\Program Files\Java\jdk1.8.0_121\jre\lib\javaws.jar;C:\Program Files\Java\jdk1.8.0_121\jre\lib\jce.jar;C:\Program Files\Java\jdk1.8.0_121\jre\lib\jfr.jar;C:\Program Files\Java\jdk1.8.0_121\jre\lib\jfxswt.jar;C:\Program Files\Java\jdk1.8.0_121\jre\lib\jsse.jar;C:\Program Files\Java\jdk1.8.0_121\jre\lib\management-agent.jar;C:\Program Files\Java\jdk1.8.0_121\jre\lib\plugin.jar;C:\Program Files\Java\jdk1.8.0_121\jre\lib\resources.jar;C:\Program Files\Java\jdk1.8.0_121\jre\lib\rt.jar;C:\Users\ricar\Desktop\MoveCode\KinectPV2-master\Build_libs\MoveOn\out\production\MoveOn;C:\Users\ricar\Desktop\MoveCode\KinectPV2-master\Build_libs\MoveOn\libs\kinectPV2\KinectPV2.jar;C:\Users\ricar\Desktop\MoveCode\KinectPV2-master\Build_libs\MoveOn\libs\p3.01\core.jar;C:\Users\ricar\Desktop\MoveCode\KinectPV2-master\Build_libs\MoveOn\libs\p3.01\jogl-all.jar;C:\Users\ricar\Desktop\MoveCode\KinectPV2-master\Build_libs\MoveOn\libs\p3.01\gluegen-rt.jar;C:\Users\ricar\Desktop\MoveCode\KinectPV2-master\Build_libs\MoveOn\libs\p3.01\jogl-all-natives-linux-i586.jar;C:\Users\ricar\Desktop\MoveCode\KinectPV2-master\Build_libs\MoveOn\libs\p3.01\jogl-
Launcher Type: SUN_STANDARD

Environment Variables:
PATH=C:\ProgramData\Oracle\Java\javapath;C:\Program Files (x86)\Intel\iCLS Client\;C:\Program Files\Intel\iCLS Client\;C:\Windows\system32;C:\Windows;C:\Windows\System32\Wbem;C:\Windows\System32\WindowsPowerShell\v1.0\;C:\Program Files (x86)\NVIDIA Corporation\PhysX\Common;C:\Program Files (x86)\Intel\Intel(R) Management Engine Components\DAL;C:\Program Files\Intel\Intel(R) Management Engine Components\DAL;C:\Program Files (x86)\Intel\Intel(R) Management Engine Components\IPT;C:\Program Files\Intel\Intel(R) Management Engine Components\IPT;C:\WINDOWS\system32;C:\WINDOWS;C:\WINDOWS\System32\Wbem;C:\WINDOWS\System32\WindowsPowerShell\v1.0\;C:\Program Files\Git\cmd;C:\;C:\Users\ricar\AppData\Local\Microsoft\WindowsApps;C:\Users\ricar\AppData\Roaming\npm
USERNAME=ricar
OS=Windows_NT
PROCESSOR_IDENTIFIER=Intel64 Family 6 Model 94 Stepping 3, GenuineIntel



---------------  S Y S T E M  ---------------

OS: Windows 10.0 , 64 bit Build 14393 (10.0.14393.1198)

CPU:total 4 (4 cores per cpu, 1 threads per core) family 6 model 94 stepping 3, cmov, cx8, fxsr, mmx, sse, sse2, sse3, ssse3, sse4.1, sse4.2, popcnt, avx, avx2, aes, clmul, erms, rtm, 3dnowpref, lzcnt, tsc, tscinvbit, bmi1, bmi2, adx

Memory: 4k page, physical 8285044k(2957976k free), swap 18266080k(11071676k free)

vm_info: Java HotSpot(TM) 64-Bit Server VM (25.121-b13) for windows-amd64 JRE (1.8.0_121-b13), built on Dec 12 2016 18:21:36 by "java_re" with MS VC++ 10.0 (VS2010)

time: Mon Aug 21 18:52:19 2017
elapsed time: 25 seconds (0d 0h 0m 25s)

