#
# A fatal error has been detected by the Java Runtime Environment:
#
#  EXCEPTION_ACCESS_VIOLATION (0xc0000005) at pc=0x00007ffba1f85520, pid=4988, tid=0x0000000000002574
#
# JRE version: Java(TM) SE Runtime Environment (8.0_121-b13) (build 1.8.0_121-b13)
# Java VM: Java HotSpot(TM) 64-Bit Server VM (25.121-b13 mixed mode windows-amd64 compressed oops)
# Problematic frame:
# C  [KinectPV2.dll+0x5520]
#
# Failed to write core dump. Minidumps are not enabled by default on client versions of Windows
#
# If you would like to submit a bug report, please visit:
#   http://bugreport.java.com/bugreport/crash.jsp
# The crash happened outside the Java Virtual Machine in native code.
# See problematic frame for where to report the bug.
#

---------------  T H R E A D  ---------------

Current thread (0x000000001a249000):  JavaThread "main-FPSAWTAnimator#00-Timer0" [_thread_in_native, id=9588, stack(0x00000000218e0000,0x00000000219e0000)]

siginfo: ExceptionCode=0xc0000005, reading address 0xffffffffffffffff

Registers:
RAX=0x0000000000000001, RBX=0x0000000021b7eec0, RCX=0x73726573555c3a43, RDX=0x0000000000000000
RSP=0x00000000219ddcb0, RBP=0x0000000000000000, RSI=0x0000000000000006, RDI=0x0000000021b7f0f0
R8 =0x00000000219dd958, R9 =0x0000000000008000, R10=0x0000000000000000, R11=0x00000000219ddba0
R12=0x0000000000000000, R13=0x000000001b8c9590, R14=0x00000000219ddda0, R15=0x000000001a249000
RIP=0x00007ffba1f85520, EFLAGS=0x0000000000010202

Top of Stack: (sp=0x00000000219ddcb0)
0x00000000219ddcb0:   0000000021b7eec0 000000001b8c9590
0x00000000219ddcc0:   0000000000000000 0000000002e7fbf0
0x00000000219ddcd0:   0000000002e7fbf0 00007ffba1f8177a
0x00000000219ddce0:   00000000219ddda0 00000000219ddd80
0x00000000219ddcf0:   000000001a2491f8 000000001a249000
0x00000000219ddd00:   0000000002e9835d 0000000002ea7f74
0x00000000219ddd10:   000000001b8c9590 000000001a249000
0x00000000219ddd20:   000000001a249000 000000001a249000
0x00000000219ddd30:   00000000219dddf8 0000000002ea7ca2
0x00000000219ddd40:   00000000219ddd40 000000001b8c9590
0x00000000219ddd50:   00000000219ddda0 000000001b8cb228
0x00000000219ddd60:   0000000000000000 000000001b8c9590
0x00000000219ddd70:   0000000000000000 00000000219ddda0
0x00000000219ddd80:   00000000219ddde8 0000000002e97b30
0x00000000219ddd90:   0000000000000000 0000000002ea19c0
0x00000000219ddda0:   00000000849330f0 00000000219ddda8 

Instructions: (pc=0x00007ffba1f85520)
0x00007ffba1f85500:   89 6f d0 48 8b 0f 48 85 c9 74 09 48 8b 01 ff 50
0x00007ffba1f85510:   10 48 89 2f 48 8b 8f 90 00 00 00 48 85 c9 74 0d
0x00007ffba1f85520:   48 8b 01 ff 50 10 48 89 af 90 00 00 00 48 8b 4f
0x00007ffba1f85530:   30 48 85 c9 74 0a 48 8b 01 ff 50 10 48 89 6f 30 


Register to memory mapping:

RAX=0x0000000000000001 is an unknown value
RBX=0x0000000021b7eec0 is an unknown value
RCX=0x73726573555c3a43 is an unknown value
RDX=0x0000000000000000 is an unknown value
RSP=0x00000000219ddcb0 is pointing into the stack for thread: 0x000000001a249000
RBP=0x0000000000000000 is an unknown value
RSI=0x0000000000000006 is an unknown value
RDI=0x0000000021b7f0f0 is an unknown value
R8 =0x00000000219dd958 is pointing into the stack for thread: 0x000000001a249000
R9 =0x0000000000008000 is an unknown value
R10=0x0000000000000000 is an unknown value
R11=0x00000000219ddba0 is pointing into the stack for thread: 0x000000001a249000
R12=0x0000000000000000 is an unknown value
R13={method} {0x000000001b8c9598} 'jniStopSignal' '()Z' in 'KinectPV2/Device'
R14=0x00000000219ddda0 is pointing into the stack for thread: 0x000000001a249000
R15=0x000000001a249000 is a thread


Stack: [0x00000000218e0000,0x00000000219e0000],  sp=0x00000000219ddcb0,  free space=1015k
Native frames: (J=compiled Java code, j=interpreted, Vv=VM code, C=native code)

Java frames: (J=compiled Java code, j=interpreted, Vv=VM code)
j  KinectPV2.Device.jniStopSignal()Z+0
j  KinectPV2.Device.cleanDevice()Z+1
j  KinectPV2.KinectPV2.dispose()V+10
v  ~StubRoutines::call_stub
j  sun.reflect.NativeMethodAccessorImpl.invoke0(Ljava/lang/reflect/Method;Ljava/lang/Object;[Ljava/lang/Object;)Ljava/lang/Object;+0
j  sun.reflect.NativeMethodAccessorImpl.invoke(Ljava/lang/Object;[Ljava/lang/Object;)Ljava/lang/Object;+100
j  sun.reflect.DelegatingMethodAccessorImpl.invoke(Ljava/lang/Object;[Ljava/lang/Object;)Ljava/lang/Object;+6
j  java.lang.reflect.Method.invoke(Ljava/lang/Object;[Ljava/lang/Object;)Ljava/lang/Object;+56
j  processing.core.PApplet$RegisteredMethods.handle([Ljava/lang/Object;)V+18
J 988 C1 processing.core.PApplet.handleMethods(Ljava/lang/String;)V (21 bytes) @ 0x000000000327501c [0x0000000003274d60+0x2bc]
j  processing.core.PApplet.dispose()V+35
J 1766 C1 processing.opengl.PSurfaceJOGL$DrawListener.display(Lcom/jogamp/opengl/GLAutoDrawable;)V (220 bytes) @ 0x00000000034f08c4 [0x00000000034efd60+0xb64]
J 1701 C1 jogamp.opengl.GLDrawableHelper.displayImpl(Lcom/jogamp/opengl/GLAutoDrawable;)V (86 bytes) @ 0x00000000034a2b44 [0x00000000034a2200+0x944]
J 1699 C1 jogamp.opengl.GLAutoDrawableBase$2.run()V (73 bytes) @ 0x00000000034ad5fc [0x00000000034ad220+0x3dc]
J 1697 C1 jogamp.opengl.GLDrawableHelper.invokeGLImpl(Lcom/jogamp/opengl/GLDrawable;Lcom/jogamp/opengl/GLContext;Ljava/lang/Runnable;Ljava/lang/Runnable;)V (579 bytes) @ 0x00000000034a93ac [0x00000000034a8560+0xe4c]
J 1760 C1 jogamp.opengl.GLDrawableHelper.invokeGL(Lcom/jogamp/opengl/GLDrawable;Lcom/jogamp/opengl/GLContext;Ljava/lang/Runnable;Ljava/lang/Runnable;)V (76 bytes) @ 0x00000000034ef8c4 [0x00000000034ef800+0xc4]
J 1693 C1 com.jogamp.newt.opengl.GLWindow.display()V (144 bytes) @ 0x000000000349a244 [0x0000000003499940+0x904]
J 1692 C1 com.jogamp.opengl.util.AWTAnimatorImpl.display(Ljava/util/ArrayList;ZZ)V (170 bytes) @ 0x000000000349286c [0x0000000003492180+0x6ec]
J 1690 C1 com.jogamp.opengl.util.FPSAnimator$MainTask.run()V (805 bytes) @ 0x0000000003495504 [0x00000000034947c0+0xd44]
j  java.util.TimerThread.mainLoop()V+221
j  java.util.TimerThread.run()V+1
v  ~StubRoutines::call_stub

---------------  P R O C E S S  ---------------

Java Threads: ( => current thread )
  0x000000001a23c800 JavaThread "Thread-5" [_thread_blocked, id=6488, stack(0x000000002ff80000,0x0000000030080000)]
  0x0000000002d8e800 JavaThread "DestroyJavaVM" [_thread_blocked, id=616, stack(0x0000000002c00000,0x0000000002d00000)]
=>0x000000001a249000 JavaThread "main-FPSAWTAnimator#00-Timer0" [_thread_in_native, id=9588, stack(0x00000000218e0000,0x00000000219e0000)]
  0x000000001a1f9800 JavaThread "HighResTimerThread" daemon [_thread_blocked, id=11832, stack(0x00000000216e0000,0x00000000217e0000)]
  0x000000001a1a1800 JavaThread "main-SharedResourceRunner" daemon [_thread_blocked, id=12864, stack(0x000000001b8f0000,0x000000001b9f0000)]
  0x000000001a0bc000 JavaThread "main-Display-.windows_nil-1-EDT-1" daemon [_thread_blocked, id=12980, stack(0x000000001b3f0000,0x000000001b4f0000)]
  0x0000000019d28800 JavaThread "AWT-Windows" daemon [_thread_in_native, id=13412, stack(0x000000001a640000,0x000000001a740000)]
  0x0000000019d20000 JavaThread "Java2D Disposer" daemon [_thread_blocked, id=7740, stack(0x000000001a440000,0x000000001a540000)]
  0x00000000194fc000 JavaThread "Monitor Ctrl-Break" daemon [_thread_in_native, id=9984, stack(0x00000000199f0000,0x0000000019af0000)]
  0x000000001938a800 JavaThread "Service Thread" daemon [_thread_blocked, id=9392, stack(0x0000000019750000,0x0000000019850000)]
  0x00000000179f4800 JavaThread "C1 CompilerThread2" daemon [_thread_blocked, id=5260, stack(0x0000000019250000,0x0000000019350000)]
  0x00000000179e3800 JavaThread "C2 CompilerThread1" daemon [_thread_blocked, id=10572, stack(0x0000000019150000,0x0000000019250000)]
  0x00000000179e1000 JavaThread "C2 CompilerThread0" daemon [_thread_blocked, id=744, stack(0x0000000019050000,0x0000000019150000)]
  0x00000000179e0000 JavaThread "Attach Listener" daemon [_thread_blocked, id=11976, stack(0x0000000018f50000,0x0000000019050000)]
  0x00000000179dd000 JavaThread "Signal Dispatcher" daemon [_thread_blocked, id=10896, stack(0x0000000018e50000,0x0000000018f50000)]
  0x0000000002e8d000 JavaThread "Finalizer" daemon [_thread_blocked, id=13836, stack(0x0000000018c40000,0x0000000018d40000)]
  0x0000000002e82000 JavaThread "Reference Handler" daemon [_thread_blocked, id=10580, stack(0x0000000018b40000,0x0000000018c40000)]

Other Threads:
  0x00000000179a7000 VMThread [stack: 0x0000000018a40000,0x0000000018b40000] [id=8432]
  0x00000000193a8000 WatcherThread [stack: 0x0000000019850000,0x0000000019950000] [id=14032]

VM state:not at safepoint (normal execution)

VM Mutex/Monitor currently owned by a thread: None

Heap:
 PSYoungGen      total 499200K, used 309262K [0x00000000d5d80000, 0x00000000ffb80000, 0x0000000100000000)
  eden space 464384K, 66% used [0x00000000d5d80000,0x00000000e8b73810,0x00000000f2300000)
  from space 34816K, 0% used [0x00000000f2300000,0x00000000f2310000,0x00000000f4500000)
  to   space 33280K, 0% used [0x00000000fdb00000,0x00000000fdb00000,0x00000000ffb80000)
 ParOldGen       total 131584K, used 69199K [0x0000000081800000, 0x0000000089880000, 0x00000000d5d80000)
  object space 131584K, 52% used [0x0000000081800000,0x0000000085b93cb8,0x0000000089880000)
 Metaspace       used 17543K, capacity 17704K, committed 18048K, reserved 1064960K
  class space    used 1576K, capacity 1622K, committed 1664K, reserved 1048576K

Card table byte_map: [0x0000000012250000,0x0000000012650000] byte_map_base: 0x0000000011e44000

Marking Bits: (ParMarkBitMap*) 0x00000000763eb6d0
 Begin Bits: [0x0000000012d00000, 0x0000000014ca0000)
 End Bits:   [0x0000000014ca0000, 0x0000000016c40000)

Polling page: 0x0000000001070000

CodeCache: size=245760Kb used=6907Kb max_used=6918Kb free=238852Kb
 bounds [0x0000000002e90000, 0x0000000003560000, 0x0000000011e90000]
 total_blobs=2746 nmethods=1865 adapters=794
 compilation: enabled

Compilation events (10 events):
Event: 22.565 Thread 0x00000000179f4800 1861       1       java.util.TaskQueue::getMin (7 bytes)
Event: 22.565 Thread 0x00000000179f4800 nmethod 1861 0x000000000352dd90 code [0x000000000352dee0, 0x000000000352e010]
Event: 23.432 Thread 0x00000000179e1000 1862       4       processing.opengl.PShader::draw (42 bytes)
Event: 23.432 Thread 0x00000000179e3800 1863       4       processing.opengl.PJOGL::drawElementsImpl (16 bytes)
Event: 23.436 Thread 0x00000000179e3800 nmethod 1863 0x0000000003551690 code [0x0000000003551800, 0x0000000003551b28]
Event: 23.441 Thread 0x00000000179e1000 nmethod 1862 0x00000000035573d0 code [0x0000000003557660, 0x0000000003557f68]
Event: 23.513 Thread 0x00000000179f4800 1864       1       com.jogamp.newt.event.NEWTEvent::getEventType (5 bytes)
Event: 23.513 Thread 0x00000000179f4800 nmethod 1864 0x000000000352dad0 code [0x000000000352dc20, 0x000000000352dd30]
Event: 24.563 Thread 0x00000000179e3800 1865       4       java.util.Arrays::rangeCheck (74 bytes)
Event: 24.564 Thread 0x00000000179e3800 nmethod 1865 0x000000000352d7d0 code [0x000000000352d900, 0x000000000352d998]

GC Heap History (10 events):
Event: 8.444 GC heap before
{Heap before GC invocations=10 (full 1):
 PSYoungGen      total 266240K, used 234429K [0x00000000d5d80000, 0x00000000e8c00000, 0x0000000100000000)
  eden space 232960K, 99% used [0x00000000d5d80000,0x00000000e405b8e8,0x00000000e4100000)
  from space 33280K, 6% used [0x00000000e6b80000,0x00000000e6d93da0,0x00000000e8c00000)
  to   space 38400K, 0% used [0x00000000e4100000,0x00000000e4100000,0x00000000e6680000)
 ParOldGen       total 131584K, used 67049K [0x0000000081800000, 0x0000000089880000, 0x00000000d5d80000)
  object space 131584K, 50% used [0x0000000081800000,0x000000008597a688,0x0000000089880000)
 Metaspace       used 17383K, capacity 17576K, committed 17792K, reserved 1064960K
  class space    used 1576K, capacity 1622K, committed 1664K, reserved 1048576K
Event: 8.446 GC heap after
Heap after GC invocations=10 (full 1):
 PSYoungGen      total 271360K, used 1231K [0x00000000d5d80000, 0x00000000ef700000, 0x0000000100000000)
  eden space 232960K, 0% used [0x00000000d5d80000,0x00000000d5d80000,0x00000000e4100000)
  from space 38400K, 3% used [0x00000000e4100000,0x00000000e4233d80,0x00000000e6680000)
  to   space 37376K, 0% used [0x00000000ed280000,0x00000000ed280000,0x00000000ef700000)
 ParOldGen       total 131584K, used 67945K [0x0000000081800000, 0x0000000089880000, 0x00000000d5d80000)
  object space 131584K, 51% used [0x0000000081800000,0x0000000085a5a698,0x0000000089880000)
 Metaspace       used 17383K, capacity 17576K, committed 17792K, reserved 1064960K
  class space    used 1576K, capacity 1622K, committed 1664K, reserved 1048576K
}
Event: 10.708 GC heap before
{Heap before GC invocations=11 (full 1):
 PSYoungGen      total 271360K, used 233854K [0x00000000d5d80000, 0x00000000ef700000, 0x0000000100000000)
  eden space 232960K, 99% used [0x00000000d5d80000,0x00000000e40abab8,0x00000000e4100000)
  from space 38400K, 3% used [0x00000000e4100000,0x00000000e4233d80,0x00000000e6680000)
  to   space 37376K, 0% used [0x00000000ed280000,0x00000000ed280000,0x00000000ef700000)
 ParOldGen       total 131584K, used 67945K [0x0000000081800000, 0x0000000089880000, 0x00000000d5d80000)
  object space 131584K, 51% used [0x0000000081800000,0x0000000085a5a698,0x0000000089880000)
 Metaspace       used 17466K, capacity 17640K, committed 17792K, reserved 1064960K
  class space    used 1576K, capacity 1622K, committed 1664K, reserved 1048576K
Event: 10.709 GC heap after
Heap after GC invocations=11 (full 1):
 PSYoungGen      total 366592K, used 128K [0x00000000d5d80000, 0x00000000eef00000, 0x0000000100000000)
  eden space 337408K, 0% used [0x00000000d5d80000,0x00000000d5d80000,0x00000000ea700000)
  from space 29184K, 0% used [0x00000000ed280000,0x00000000ed2a0000,0x00000000eef00000)
  to   space 36864K, 0% used [0x00000000ea700000,0x00000000ea700000,0x00000000ecb00000)
 ParOldGen       total 131584K, used 69127K [0x0000000081800000, 0x0000000089880000, 0x00000000d5d80000)
  object space 131584K, 52% used [0x0000000081800000,0x0000000085b81cb8,0x0000000089880000)
 Metaspace       used 17466K, capacity 17640K, committed 17792K, reserved 1064960K
  class space    used 1576K, capacity 1622K, committed 1664K, reserved 1048576K
}
Event: 13.989 GC heap before
{Heap before GC invocations=12 (full 1):
 PSYoungGen      total 366592K, used 336860K [0x00000000d5d80000, 0x00000000eef00000, 0x0000000100000000)
  eden space 337408K, 99% used [0x00000000d5d80000,0x00000000ea657048,0x00000000ea700000)
  from space 29184K, 0% used [0x00000000ed280000,0x00000000ed2a0000,0x00000000eef00000)
  to   space 36864K, 0% used [0x00000000ea700000,0x00000000ea700000,0x00000000ecb00000)
 ParOldGen       total 131584K, used 69127K [0x0000000081800000, 0x0000000089880000, 0x00000000d5d80000)
  object space 131584K, 52% used [0x0000000081800000,0x0000000085b81cb8,0x0000000089880000)
 Metaspace       used 17538K, capacity 17704K, committed 18048K, reserved 1064960K
  class space    used 1576K, capacity 1622K, committed 1664K, reserved 1048576K
Event: 13.990 GC heap after
Heap after GC invocations=12 (full 1):
 PSYoungGen      total 374272K, used 96K [0x00000000d5d80000, 0x00000000f7580000, 0x0000000100000000)
  eden space 337408K, 0% used [0x00000000d5d80000,0x00000000d5d80000,0x00000000ea700000)
  from space 36864K, 0% used [0x00000000ea700000,0x00000000ea718000,0x00000000ecb00000)
  to   space 35840K, 0% used [0x00000000f5280000,0x00000000f5280000,0x00000000f7580000)
 ParOldGen       total 131584K, used 69159K [0x0000000081800000, 0x0000000089880000, 0x00000000d5d80000)
  object space 131584K, 52% used [0x0000000081800000,0x0000000085b89cb8,0x0000000089880000)
 Metaspace       used 17538K, capacity 17704K, committed 18048K, reserved 1064960K
  class space    used 1576K, capacity 1622K, committed 1664K, reserved 1048576K
}
Event: 17.203 GC heap before
{Heap before GC invocations=13 (full 1):
 PSYoungGen      total 374272K, used 336870K [0x00000000d5d80000, 0x00000000f7580000, 0x0000000100000000)
  eden space 337408K, 99% used [0x00000000d5d80000,0x00000000ea661838,0x00000000ea700000)
  from space 36864K, 0% used [0x00000000ea700000,0x00000000ea718000,0x00000000ecb00000)
  to   space 35840K, 0% used [0x00000000f5280000,0x00000000f5280000,0x00000000f7580000)
 ParOldGen       total 131584K, used 69159K [0x0000000081800000, 0x0000000089880000, 0x00000000d5d80000)
  object space 131584K, 52% used [0x0000000081800000,0x0000000085b89cb8,0x0000000089880000)
 Metaspace       used 17538K, capacity 17704K, committed 18048K, reserved 1064960K
  class space    used 1576K, capacity 1622K, committed 1664K, reserved 1048576K
Event: 17.204 GC heap after
Heap after GC invocations=13 (full 1):
 PSYoungGen      total 485376K, used 96K [0x00000000d5d80000, 0x00000000f6700000, 0x0000000100000000)
  eden space 464384K, 0% used [0x00000000d5d80000,0x00000000d5d80000,0x00000000f2300000)
  from space 20992K, 0% used [0x00000000f5280000,0x00000000f5298000,0x00000000f6700000)
  to   space 34816K, 0% used [0x00000000f2300000,0x00000000f2300000,0x00000000f4500000)
 ParOldGen       total 131584K, used 69183K [0x0000000081800000, 0x0000000089880000, 0x00000000d5d80000)
  object space 131584K, 52% used [0x0000000081800000,0x0000000085b8fcb8,0x0000000089880000)
 Metaspace       used 17538K, capacity 17704K, committed 18048K, reserved 1064960K
  class space    used 1576K, capacity 1622K, committed 1664K, reserved 1048576K
}
Event: 21.732 GC heap before
{Heap before GC invocations=14 (full 1):
 PSYoungGen      total 485376K, used 464234K [0x00000000d5d80000, 0x00000000f6700000, 0x0000000100000000)
  eden space 464384K, 99% used [0x00000000d5d80000,0x00000000f22c2810,0x00000000f2300000)
  from space 20992K, 0% used [0x00000000f5280000,0x00000000f5298000,0x00000000f6700000)
  to   space 34816K, 0% used [0x00000000f2300000,0x00000000f2300000,0x00000000f4500000)
 ParOldGen       total 131584K, used 69183K [0x0000000081800000, 0x0000000089880000, 0x00000000d5d80000)
  object space 131584K, 52% used [0x0000000081800000,0x0000000085b8fcb8,0x0000000089880000)
 Metaspace       used 17538K, capacity 17704K, committed 18048K, reserved 1064960K
  class space    used 1576K, capacity 1622K, committed 1664K, reserved 1048576K
Event: 21.733 GC heap after
Heap after GC invocations=14 (full 1):
 PSYoungGen      total 499200K, used 64K [0x00000000d5d80000, 0x00000000ffb80000, 0x0000000100000000)
  eden space 464384K, 0% used [0x00000000d5d80000,0x00000000d5d80000,0x00000000f2300000)
  from space 34816K, 0% used [0x00000000f2300000,0x00000000f2310000,0x00000000f4500000)
  to   space 33280K, 0% used [0x00000000fdb00000,0x00000000fdb00000,0x00000000ffb80000)
 ParOldGen       total 131584K, used 69199K [0x0000000081800000, 0x0000000089880000, 0x00000000d5d80000)
  object space 131584K, 52% used [0x0000000081800000,0x0000000085b93cb8,0x0000000089880000)
 Metaspace       used 17538K, capacity 17704K, committed 18048K, reserved 1064960K
  class space    used 1576K, capacity 1622K, committed 1664K, reserved 1048576K
}

Deoptimization events (10 events):
Event: 2.397 Thread 0x000000001a249000 Uncommon trap: reason=unstable_if action=reinterpret pc=0x0000000003203380 method=java.util.regex.Pattern$BitClass.isSatisfiedBy(I)Z @ 13
Event: 4.887 Thread 0x000000001a249000 Uncommon trap: reason=class_check action=maybe_recompile pc=0x0000000003028d28 method=java.lang.String.equals(Ljava/lang/Object;)Z @ 8
Event: 4.887 Thread 0x000000001a249000 Uncommon trap: reason=class_check action=maybe_recompile pc=0x0000000003028d28 method=java.lang.String.equals(Ljava/lang/Object;)Z @ 8
Event: 4.887 Thread 0x000000001a249000 Uncommon trap: reason=class_check action=maybe_recompile pc=0x0000000003028d28 method=java.lang.String.equals(Ljava/lang/Object;)Z @ 8
Event: 4.887 Thread 0x000000001a249000 Uncommon trap: reason=class_check action=maybe_recompile pc=0x0000000003028d28 method=java.lang.String.equals(Ljava/lang/Object;)Z @ 8
Event: 4.945 Thread 0x000000001a249000 Uncommon trap: reason=class_check action=maybe_recompile pc=0x000000000323dbf8 method=java.util.regex.Pattern.compile()V @ 246
Event: 4.945 Thread 0x000000001a249000 Uncommon trap: reason=class_check action=maybe_recompile pc=0x000000000323dbf8 method=java.util.regex.Pattern.compile()V @ 246
Event: 4.945 Thread 0x000000001a249000 Uncommon trap: reason=class_check action=maybe_recompile pc=0x000000000323dbf8 method=java.util.regex.Pattern.compile()V @ 246
Event: 4.945 Thread 0x000000001a249000 Uncommon trap: reason=class_check action=maybe_recompile pc=0x000000000323dbf8 method=java.util.regex.Pattern.compile()V @ 246
Event: 4.945 Thread 0x000000001a249000 Uncommon trap: reason=predicate action=maybe_recompile pc=0x0000000003232108 method=java.util.regex.Pattern$Slice.match(Ljava/util/regex/Matcher;ILjava/lang/CharSequence;)Z @ 21

Internal exceptions (10 events):
Event: 0.030 Thread 0x0000000002d8e800 Exception <a 'java/lang/NoSuchMethodError': Method sun.misc.Unsafe.prefetchRead(Ljava/lang/Object;J)V name or signature does not match> (0x00000000d5d87f90) thrown at [C:\re\workspace\8-2-build-windows-amd64-cygwin\jdk8u121\8372\hotspot\src\share\vm\prims
Event: 0.127 Thread 0x0000000002d8e800 Exception <a 'java/security/PrivilegedActionException'> (0x00000000d6066c50) thrown at [C:\re\workspace\8-2-build-windows-amd64-cygwin\jdk8u121\8372\hotspot\src\share\vm\prims\jvm.cpp, line 1390]
Event: 0.127 Thread 0x0000000002d8e800 Exception <a 'java/security/PrivilegedActionException'> (0x00000000d6066e60) thrown at [C:\re\workspace\8-2-build-windows-amd64-cygwin\jdk8u121\8372\hotspot\src\share\vm\prims\jvm.cpp, line 1390]
Event: 0.127 Thread 0x0000000002d8e800 Exception <a 'java/security/PrivilegedActionException'> (0x00000000d606af58) thrown at [C:\re\workspace\8-2-build-windows-amd64-cygwin\jdk8u121\8372\hotspot\src\share\vm\prims\jvm.cpp, line 1390]
Event: 0.127 Thread 0x0000000002d8e800 Exception <a 'java/security/PrivilegedActionException'> (0x00000000d606b168) thrown at [C:\re\workspace\8-2-build-windows-amd64-cygwin\jdk8u121\8372\hotspot\src\share\vm\prims\jvm.cpp, line 1390]
Event: 0.131 Thread 0x0000000002d8e800 Exception <a 'java/io/FileNotFoundException'> (0x00000000d6074b90) thrown at [C:\re\workspace\8-2-build-windows-amd64-cygwin\jdk8u121\8372\hotspot\src\share\vm\prims\jni.cpp, line 709]
Event: 0.162 Thread 0x0000000002d8e800 Exception <a 'java/lang/NoSuchFieldError': method resolution failed> (0x00000000d6141dd0) thrown at [C:\re\workspace\8-2-build-windows-amd64-cygwin\jdk8u121\8372\hotspot\src\share\vm\prims\methodHandles.cpp, line 1146]
Event: 0.163 Thread 0x0000000002d8e800 Exception <a 'java/lang/NoSuchFieldError': method resolution failed> (0x00000000d614f308) thrown at [C:\re\workspace\8-2-build-windows-amd64-cygwin\jdk8u121\8372\hotspot\src\share\vm\prims\methodHandles.cpp, line 1146]
Event: 0.200 Thread 0x0000000002d8e800 Exception <a 'java/io/FileNotFoundException'> (0x00000000d61ebfd8) thrown at [C:\re\workspace\8-2-build-windows-amd64-cygwin\jdk8u121\8372\hotspot\src\share\vm\prims\jni.cpp, line 709]
Event: 24.697 Thread 0x000000001a1fa000 Exception <a 'java/lang/InterruptedException'> (0x00000000e892f060) thrown at [C:\re\workspace\8-2-build-windows-amd64-cygwin\jdk8u121\8372\hotspot\src\share\vm\runtime\objectMonitor.cpp, line 1684]

Events (10 events):
Event: 8.446 Executing VM operation: ParallelGCFailedAllocation done
Event: 10.708 Executing VM operation: ParallelGCFailedAllocation
Event: 10.709 Executing VM operation: ParallelGCFailedAllocation done
Event: 13.989 Executing VM operation: ParallelGCFailedAllocation
Event: 13.990 Executing VM operation: ParallelGCFailedAllocation done
Event: 17.203 Executing VM operation: ParallelGCFailedAllocation
Event: 17.204 Executing VM operation: ParallelGCFailedAllocation done
Event: 21.732 Executing VM operation: ParallelGCFailedAllocation
Event: 21.733 Executing VM operation: ParallelGCFailedAllocation done
Event: 24.697 Thread 0x000000001a1fa000 Thread exited: 0x000000001a1fa000


Dynamic libraries:
0x00007ff63e1d0000 - 0x00007ff63e207000 	C:\Program Files\Java\jdk1.8.0_121\bin\java.exe
0x00007ffbb0fb0000 - 0x00007ffbb1182000 	C:\WINDOWS\SYSTEM32\ntdll.dll
0x00007ffbae570000 - 0x00007ffbae61c000 	C:\WINDOWS\System32\KERNEL32.DLL
0x00007ffbadd10000 - 0x00007ffbadf2d000 	C:\WINDOWS\System32\KERNELBASE.dll
0x00007ffbb0880000 - 0x00007ffbb0922000 	C:\WINDOWS\System32\ADVAPI32.dll
0x00007ffbb02f0000 - 0x00007ffbb038e000 	C:\WINDOWS\System32\msvcrt.dll
0x00007ffbb0660000 - 0x00007ffbb06b9000 	C:\WINDOWS\System32\sechost.dll
0x00007ffbae620000 - 0x00007ffbae741000 	C:\WINDOWS\System32\RPCRT4.dll
0x00007ffbb0060000 - 0x00007ffbb01c5000 	C:\WINDOWS\System32\USER32.dll
0x00007ffbae1f0000 - 0x00007ffbae20e000 	C:\WINDOWS\System32\win32u.dll
0x00007ffbb0390000 - 0x00007ffbb03c4000 	C:\WINDOWS\System32\GDI32.dll
0x00007ffbad4b0000 - 0x00007ffbad630000 	C:\WINDOWS\System32\gdi32full.dll
0x00007ffba7ca0000 - 0x00007ffba7f1a000 	C:\WINDOWS\WinSxS\amd64_microsoft.windows.common-controls_6595b64144ccf1df_6.0.14393.953_none_42151e83c686086b\COMCTL32.dll
0x00007ffbae7b0000 - 0x00007ffbaea78000 	C:\WINDOWS\System32\combase.dll
0x00007ffbae440000 - 0x00007ffbae535000 	C:\WINDOWS\System32\ucrtbase.dll
0x00007ffbadfe0000 - 0x00007ffbae04a000 	C:\WINDOWS\System32\bcryptPrimitives.dll
0x00007ffbae540000 - 0x00007ffbae56e000 	C:\WINDOWS\System32\IMM32.DLL
0x0000000075660000 - 0x0000000075732000 	C:\Program Files\Java\jdk1.8.0_121\jre\bin\msvcr100.dll
0x0000000075bd0000 - 0x000000007646b000 	C:\Program Files\Java\jdk1.8.0_121\jre\bin\server\jvm.dll
0x00007ffbb0ea0000 - 0x00007ffbb0ea8000 	C:\WINDOWS\System32\PSAPI.DLL
0x00007ffbaa530000 - 0x00007ffbaa539000 	C:\WINDOWS\SYSTEM32\WSOCK32.dll
0x00007ffbab790000 - 0x00007ffbab7b3000 	C:\WINDOWS\SYSTEM32\WINMM.dll
0x00007ffbb0280000 - 0x00007ffbb02ea000 	C:\WINDOWS\System32\WS2_32.dll
0x00007ffba9850000 - 0x00007ffba985a000 	C:\WINDOWS\SYSTEM32\VERSION.dll
0x00007ffbab6d0000 - 0x00007ffbab6fb000 	C:\WINDOWS\SYSTEM32\WINMMBASE.dll
0x00007ffbae100000 - 0x00007ffbae142000 	C:\WINDOWS\System32\cfgmgr32.dll
0x0000000075ae0000 - 0x0000000075aef000 	C:\Program Files\Java\jdk1.8.0_121\jre\bin\verify.dll
0x0000000075ab0000 - 0x0000000075ad9000 	C:\Program Files\Java\jdk1.8.0_121\jre\bin\java.dll
0x0000000075a90000 - 0x0000000075aa6000 	C:\Program Files\Java\jdk1.8.0_121\jre\bin\zip.dll
0x00007ffbaea90000 - 0x00007ffbaff98000 	C:\WINDOWS\System32\SHELL32.dll
0x00007ffbad630000 - 0x00007ffbadd0a000 	C:\WINDOWS\System32\windows.storage.dll
0x00007ffbad450000 - 0x00007ffbad49c000 	C:\WINDOWS\System32\powrprof.dll
0x00007ffbb0530000 - 0x00007ffbb0582000 	C:\WINDOWS\System32\shlwapi.dll
0x00007ffbad4a0000 - 0x00007ffbad4af000 	C:\WINDOWS\System32\kernel.appcore.dll
0x00007ffbadf30000 - 0x00007ffbadfd9000 	C:\WINDOWS\System32\shcore.dll
0x00007ffbad420000 - 0x00007ffbad434000 	C:\WINDOWS\System32\profapi.dll
0x00007ffbaa750000 - 0x00007ffbaa760000 	C:\Program Files (x86)\JetBrains\IntelliJ IDEA 2016.3.4\bin\breakgen64.dll
0x0000000075880000 - 0x000000007589a000 	C:\Program Files\Java\jdk1.8.0_121\jre\bin\net.dll
0x00007ffbaccf0000 - 0x00007ffbacd4c000 	C:\WINDOWS\system32\mswsock.dll
0x00000000758f0000 - 0x0000000075a88000 	C:\Program Files\Java\jdk1.8.0_121\jre\bin\awt.dll
0x00007ffbaffa0000 - 0x00007ffbb005f000 	C:\WINDOWS\System32\OLEAUT32.dll
0x00007ffbae150000 - 0x00007ffbae1ec000 	C:\WINDOWS\System32\msvcp_win.dll
0x00007ffbabac0000 - 0x00007ffbabb3a000 	C:\WINDOWS\SYSTEM32\apphelp.dll
0x00007ffbabc20000 - 0x00007ffbabcb5000 	C:\WINDOWS\system32\uxtheme.dll
0x00007ffbb03d0000 - 0x00007ffbb052a000 	C:\WINDOWS\System32\MSCTF.dll
0x00007ffbaa9c0000 - 0x00007ffbaa9e6000 	C:\WINDOWS\system32\dwmapi.dll
0x00007ffbb0d60000 - 0x00007ffbb0e98000 	C:\WINDOWS\System32\ole32.dll
0x00007ffb9d9f0000 - 0x00007ffb9db13000 	C:\WINDOWS\system32\opengl32.dll
0x00007ffba7fa0000 - 0x00007ffba7fcd000 	C:\WINDOWS\SYSTEM32\GLU32.dll
0x00007ffb9d5f0000 - 0x00007ffb9d6e7000 	C:\WINDOWS\SYSTEM32\DDRAW.dll
0x00007ffbaaf40000 - 0x00007ffbaaf48000 	C:\WINDOWS\SYSTEM32\DCIMAN32.dll
0x00007ffbacea0000 - 0x00007ffbaceb7000 	C:\WINDOWS\SYSTEM32\CRYPTSP.dll
0x00007ffbac8f0000 - 0x00007ffbac923000 	C:\WINDOWS\system32\rsaenh.dll
0x00007ffbad360000 - 0x00007ffbad38b000 	C:\WINDOWS\SYSTEM32\bcrypt.dll
0x00007ffbacb70000 - 0x00007ffbacb8f000 	C:\WINDOWS\SYSTEM32\USERENV.dll
0x00007ffbace90000 - 0x00007ffbace9b000 	C:\WINDOWS\SYSTEM32\CRYPTBASE.dll
0x00007ffbaca70000 - 0x00007ffbacaa8000 	C:\WINDOWS\SYSTEM32\IPHLPAPI.DLL
0x00007ffbb0270000 - 0x00007ffbb0278000 	C:\WINDOWS\System32\NSI.dll
0x00007ffba3920000 - 0x00007ffba3936000 	C:\WINDOWS\SYSTEM32\dhcpcsvc6.DLL
0x00007ffba3f40000 - 0x00007ffba3f5a000 	C:\WINDOWS\SYSTEM32\dhcpcsvc.DLL
0x0000000075860000 - 0x0000000075871000 	C:\Program Files\Java\jdk1.8.0_121\jre\bin\nio.dll
0x00000000637c0000 - 0x00000000637cd000 	C:\Users\ricar\AppData\Local\Temp\jogamp_0000\file_cache\jln6493809387355609075\jln1779470401060836227\natives\windows-amd64\gluegen-rt.dll
0x0000000075770000 - 0x0000000075777000 	C:\Program Files\Java\jdk1.8.0_121\jre\bin\jawt.dll
0x000000006a440000 - 0x000000006a44d000 	C:\Users\ricar\AppData\Local\Temp\jogamp_0000\file_cache\jln6493809387355609075\jln1779470401060836227\natives\windows-amd64\nativewindow_awt.dll
0x000000006c100000 - 0x000000006c10f000 	C:\Users\ricar\AppData\Local\Temp\jogamp_0000\file_cache\jln6493809387355609075\jln1779470401060836227\natives\windows-amd64\nativewindow_win32.dll
0x000000006cbc0000 - 0x000000006cbd3000 	C:\Users\ricar\AppData\Local\Temp\jogamp_0000\file_cache\jln6493809387355609075\jln1779470401060836227\natives\windows-amd64\newt.dll
0x00007ffba9380000 - 0x00007ffba9411000 	C:\WINDOWS\SYSTEM32\mscms.dll
0x00007ffb987d0000 - 0x00007ffb98812000 	C:\WINDOWS\SYSTEM32\icm32.dll
0x00007ffbb0930000 - 0x00007ffbb0d59000 	C:\WINDOWS\System32\setupapi.dll
0x00007ffbabf80000 - 0x00007ffbabfa8000 	C:\WINDOWS\SYSTEM32\DEVOBJ.dll
0x00007ffbae3e0000 - 0x00007ffbae435000 	C:\WINDOWS\System32\WINTRUST.dll
0x00007ffbad440000 - 0x00007ffbad450000 	C:\WINDOWS\System32\MSASN1.dll
0x00007ffbae210000 - 0x00007ffbae3d9000 	C:\WINDOWS\System32\CRYPT32.dll
0x0000000064500000 - 0x00000000645b1000 	C:\Users\ricar\AppData\Local\Temp\jogamp_0000\file_cache\jln6493809387355609075\jln1779470401060836227\natives\windows-amd64\jogl_desktop.dll
0x0000000064340000 - 0x00000000643a2000 	C:\Users\ricar\AppData\Local\Temp\jogamp_0000\file_cache\jln6493809387355609075\jln1779470401060836227\natives\windows-amd64\jogl_mobile.dll
0x00000000728b0000 - 0x0000000074a00000 	C:\WINDOWS\SYSTEM32\nvoglv64.DLL
0x00007ffbaa6e0000 - 0x00007ffbaa6f3000 	C:\WINDOWS\SYSTEM32\WTSAPI32.dll
0x00007ffbac7c0000 - 0x00007ffbac7f2000 	C:\WINDOWS\SYSTEM32\ntmarta.dll
0x00007ffbad300000 - 0x00007ffbad356000 	C:\WINDOWS\SYSTEM32\WINSTA.dll
0x00007ffb922d0000 - 0x00007ffb9246c000 	C:\Users\ricar\Desktop\MoveCode\KinectPV2-master\Build_libs\MoveOn\libs\kinectPV2\Kinect20.Face.dll
0x00007ffb9d2c0000 - 0x00007ffb9d367000 	C:\WINDOWS\SYSTEM32\MSVCP110.dll
0x00007ffba0fe0000 - 0x00007ffba10b4000 	C:\WINDOWS\SYSTEM32\MSVCR110.dll
0x00007ffba1f80000 - 0x00007ffba1f91000 	C:\Users\ricar\Desktop\MoveCode\KinectPV2-master\Build_libs\MoveOn\libs\kinectPV2\KinectPV2.dll
0x00007ffb97630000 - 0x00007ffb976eb000 	C:\WINDOWS\SYSTEM32\Kinect20.dll
0x00007ffba2bf0000 - 0x00007ffba2d58000 	C:\WINDOWS\SYSTEM32\MFPlat.DLL
0x00007ffbab920000 - 0x00007ffbab94e000 	C:\WINDOWS\SYSTEM32\RTWorkQ.DLL
0x00007ffbac3a0000 - 0x00007ffbac43f000 	C:\WINDOWS\system32\dxgi.dll
0x00007ffbaa9f0000 - 0x00007ffbaaca6000 	C:\WINDOWS\system32\d3d11.dll
0x00007ffb799e0000 - 0x00007ffb7b111000 	C:\WINDOWS\System32\DriverStore\FileRepository\nvami.inf_amd64_11a67240324f74de\nvwgf2umx.dll
0x00007ffba78a0000 - 0x00007ffba7c9b000 	C:\WINDOWS\system32\nvapi64.dll
0x00000000758a0000 - 0x00000000758e7000 	C:\Program Files\Java\jdk1.8.0_121\jre\bin\fontmanager.dll
0x0000000075790000 - 0x00000000757d2000 	C:\Program Files\Java\jdk1.8.0_121\jre\bin\t2k.dll
0x00007ffba9e30000 - 0x00007ffba9fc2000 	C:\WINDOWS\SYSTEM32\dbghelp.dll

VM Arguments:
jvm_args: -Djava.library.path=C:\Users\ricar\Desktop\MoveCode\KinectPV2-master\Build_libs\MoveOn\libs\kinectPV2 -Didea.launcher.port=7537 -Didea.launcher.bin.path=C:\Program Files (x86)\JetBrains\IntelliJ IDEA 2016.3.4\bin -Dfile.encoding=UTF-8 
java_command: com.intellij.rt.execution.application.AppMain SkeletonDepthTest
java_class_path (initial): C:\Program Files\Java\jdk1.8.0_121\jre\lib\charsets.jar;C:\Program Files\Java\jdk1.8.0_121\jre\lib\deploy.jar;C:\Program Files\Java\jdk1.8.0_121\jre\lib\ext\access-bridge-64.jar;C:\Program Files\Java\jdk1.8.0_121\jre\lib\ext\cldrdata.jar;C:\Program Files\Java\jdk1.8.0_121\jre\lib\ext\dnsns.jar;C:\Program Files\Java\jdk1.8.0_121\jre\lib\ext\jaccess.jar;C:\Program Files\Java\jdk1.8.0_121\jre\lib\ext\jfxrt.jar;C:\Program Files\Java\jdk1.8.0_121\jre\lib\ext\localedata.jar;C:\Program Files\Java\jdk1.8.0_121\jre\lib\ext\nashorn.jar;C:\Program Files\Java\jdk1.8.0_121\jre\lib\ext\sunec.jar;C:\Program Files\Java\jdk1.8.0_121\jre\lib\ext\sunjce_provider.jar;C:\Program Files\Java\jdk1.8.0_121\jre\lib\ext\sunmscapi.jar;C:\Program Files\Java\jdk1.8.0_121\jre\lib\ext\sunpkcs11.jar;C:\Program Files\Java\jdk1.8.0_121\jre\lib\ext\zipfs.jar;C:\Program Files\Java\jdk1.8.0_121\jre\lib\javaws.jar;C:\Program Files\Java\jdk1.8.0_121\jre\lib\jce.jar;C:\Program Files\Java\jdk1.8.0_121\jre\lib\jfr.jar;C:\Program Files\Java\jdk1.8.0_121\jre\lib\jfxswt.jar;C:\Program Files\Java\jdk1.8.0_121\jre\lib\jsse.jar;C:\Program Files\Java\jdk1.8.0_121\jre\lib\management-agent.jar;C:\Program Files\Java\jdk1.8.0_121\jre\lib\plugin.jar;C:\Program Files\Java\jdk1.8.0_121\jre\lib\resources.jar;C:\Program Files\Java\jdk1.8.0_121\jre\lib\rt.jar;C:\Users\ricar\Desktop\MoveCode\KinectPV2-master\Build_libs\MoveOn\out\production\MoveOn;C:\Users\ricar\Desktop\MoveCode\KinectPV2-master\Build_libs\MoveOn\libs\kinectPV2\KinectPV2.jar;C:\Users\ricar\Desktop\MoveCode\KinectPV2-master\Build_libs\MoveOn\libs\p3.01\core.jar;C:\Users\ricar\Desktop\MoveCode\KinectPV2-master\Build_libs\MoveOn\libs\p3.01\jogl-all.jar;C:\Users\ricar\Desktop\MoveCode\KinectPV2-master\Build_libs\MoveOn\libs\p3.01\gluegen-rt.jar;C:\Users\ricar\Desktop\MoveCode\KinectPV2-master\Build_libs\MoveOn\libs\p3.01\jogl-all-natives-linux-i586.jar;C:\Users\ricar\Desktop\MoveCode\KinectPV2-master\Build_libs\MoveOn\libs\p3.01\jogl-
Launcher Type: SUN_STANDARD

Environment Variables:
PATH=C:\ProgramData\Oracle\Java\javapath;C:\Program Files (x86)\Intel\iCLS Client\;C:\Program Files\Intel\iCLS Client\;C:\Windows\system32;C:\Windows;C:\Windows\System32\Wbem;C:\Windows\System32\WindowsPowerShell\v1.0\;C:\Program Files (x86)\NVIDIA Corporation\PhysX\Common;C:\Program Files (x86)\Intel\Intel(R) Management Engine Components\DAL;C:\Program Files\Intel\Intel(R) Management Engine Components\DAL;C:\Program Files (x86)\Intel\Intel(R) Management Engine Components\IPT;C:\Program Files\Intel\Intel(R) Management Engine Components\IPT;C:\WINDOWS\system32;C:\WINDOWS;C:\WINDOWS\System32\Wbem;C:\WINDOWS\System32\WindowsPowerShell\v1.0\;C:\Program Files\Git\cmd;C:\;C:\Users\ricar\AppData\Local\Microsoft\WindowsApps;C:\Users\ricar\AppData\Roaming\npm
USERNAME=ricar
OS=Windows_NT
PROCESSOR_IDENTIFIER=Intel64 Family 6 Model 94 Stepping 3, GenuineIntel



---------------  S Y S T E M  ---------------

OS: Windows 10.0 , 64 bit Build 14393 (10.0.14393.1198)

CPU:total 4 (4 cores per cpu, 1 threads per core) family 6 model 94 stepping 3, cmov, cx8, fxsr, mmx, sse, sse2, sse3, ssse3, sse4.1, sse4.2, popcnt, avx, avx2, aes, clmul, erms, rtm, 3dnowpref, lzcnt, tsc, tscinvbit, bmi1, bmi2, adx

Memory: 4k page, physical 8285044k(3277776k free), swap 18266080k(11652832k free)

vm_info: Java HotSpot(TM) 64-Bit Server VM (25.121-b13) for windows-amd64 JRE (1.8.0_121-b13), built on Dec 12 2016 18:21:36 by "java_re" with MS VC++ 10.0 (VS2010)

time: Thu Aug 24 17:26:40 2017
elapsed time: 24 seconds (0d 0h 0m 24s)

