#
# A fatal error has been detected by the Java Runtime Environment:
#
#  EXCEPTION_ACCESS_VIOLATION (0xc0000005) at pc=0x00007ffba2b45520, pid=1928, tid=0x0000000000001838
#
# JRE version: Java(TM) SE Runtime Environment (8.0_121-b13) (build 1.8.0_121-b13)
# Java VM: Java HotSpot(TM) 64-Bit Server VM (25.121-b13 mixed mode windows-amd64 compressed oops)
# Problematic frame:
# C  [KinectPV2.dll+0x5520]
#
# Failed to write core dump. Minidumps are not enabled by default on client versions of Windows
#
# If you would like to submit a bug report, please visit:
#   http://bugreport.java.com/bugreport/crash.jsp
# The crash happened outside the Java Virtual Machine in native code.
# See problematic frame for where to report the bug.
#

---------------  T H R E A D  ---------------

Current thread (0x000000001986d000):  JavaThread "main-FPSAWTAnimator#00-Timer0" [_thread_in_native, id=6200, stack(0x0000000021200000,0x0000000021300000)]

siginfo: ExceptionCode=0xc0000005, reading address 0x0000000003800000

Registers:
RAX=0x0000000000000001, RBX=0x0000000021484200, RCX=0x0000000003800000, RDX=0x0000000000000000
RSP=0x00000000212fe4a0, RBP=0x0000000000000000, RSI=0x0000000000000006, RDI=0x0000000021484430
R8 =0x00000000212fe148, R9 =0x0000000000008000, R10=0x0000000000000000, R11=0x00000000212fe390
R12=0x0000000000000000, R13=0x000000001b028f48, R14=0x00000000212fe590, R15=0x000000001986d000
RIP=0x00007ffba2b45520, EFLAGS=0x0000000000010206

Top of Stack: (sp=0x00000000212fe4a0)
0x00000000212fe4a0:   0000000021484200 000000001b028f48
0x00000000212fe4b0:   0000000000000000 000000001933b2e0
0x00000000212fe4c0:   000000001933b2e0 00007ffba2b4177a
0x00000000212fe4d0:   00000000212fe590 00000000212fe570
0x00000000212fe4e0:   000000001986d1f8 000000001986d000
0x00000000212fe4f0:   00000000025c835d 00000000025d7f74
0x00000000212fe500:   000000001b028f48 000000001986d000
0x00000000212fe510:   000000001986d000 000000001986d000
0x00000000212fe520:   00000000212fe5e8 00000000025d7ca2
0x00000000212fe530:   00000000212fe530 000000001b028f48
0x00000000212fe540:   00000000212fe590 000000001b02abe0
0x00000000212fe550:   0000000000000000 000000001b028f48
0x00000000212fe560:   0000000000000000 00000000212fe590
0x00000000212fe570:   00000000212fe5d8 00000000025c7b30
0x00000000212fe580:   0000000000000000 00000000025d19c0
0x00000000212fe590:   00000000849308f0 00000000212fe598 

Instructions: (pc=0x00007ffba2b45520)
0x00007ffba2b45500:   89 6f d0 48 8b 0f 48 85 c9 74 09 48 8b 01 ff 50
0x00007ffba2b45510:   10 48 89 2f 48 8b 8f 90 00 00 00 48 85 c9 74 0d
0x00007ffba2b45520:   48 8b 01 ff 50 10 48 89 af 90 00 00 00 48 8b 4f
0x00007ffba2b45530:   30 48 85 c9 74 0a 48 8b 01 ff 50 10 48 89 6f 30 


Register to memory mapping:

RAX=0x0000000000000001 is an unknown value
RBX=0x0000000021484200 is an unknown value
RCX=0x0000000003800000 is an unknown value
RDX=0x0000000000000000 is an unknown value
RSP=0x00000000212fe4a0 is pointing into the stack for thread: 0x000000001986d000
RBP=0x0000000000000000 is an unknown value
RSI=0x0000000000000006 is an unknown value
RDI=0x0000000021484430 is an unknown value
R8 =0x00000000212fe148 is pointing into the stack for thread: 0x000000001986d000
R9 =0x0000000000008000 is an unknown value
R10=0x0000000000000000 is an unknown value
R11=0x00000000212fe390 is pointing into the stack for thread: 0x000000001986d000
R12=0x0000000000000000 is an unknown value
R13={method} {0x000000001b028f50} 'jniStopSignal' '()Z' in 'KinectPV2/Device'
R14=0x00000000212fe590 is pointing into the stack for thread: 0x000000001986d000
R15=0x000000001986d000 is a thread


Stack: [0x0000000021200000,0x0000000021300000],  sp=0x00000000212fe4a0,  free space=1017k
Native frames: (J=compiled Java code, j=interpreted, Vv=VM code, C=native code)

Java frames: (J=compiled Java code, j=interpreted, Vv=VM code)
j  KinectPV2.Device.jniStopSignal()Z+0
j  KinectPV2.Device.cleanDevice()Z+1
j  KinectPV2.KinectPV2.dispose()V+10
v  ~StubRoutines::call_stub
j  sun.reflect.NativeMethodAccessorImpl.invoke0(Ljava/lang/reflect/Method;Ljava/lang/Object;[Ljava/lang/Object;)Ljava/lang/Object;+0
j  sun.reflect.NativeMethodAccessorImpl.invoke(Ljava/lang/Object;[Ljava/lang/Object;)Ljava/lang/Object;+100
j  sun.reflect.DelegatingMethodAccessorImpl.invoke(Ljava/lang/Object;[Ljava/lang/Object;)Ljava/lang/Object;+6
j  java.lang.reflect.Method.invoke(Ljava/lang/Object;[Ljava/lang/Object;)Ljava/lang/Object;+56
j  processing.core.PApplet$RegisteredMethods.handle([Ljava/lang/Object;)V+18
J 994 C1 processing.core.PApplet.handleMethods(Ljava/lang/String;)V (21 bytes) @ 0x00000000029a615c [0x00000000029a5ea0+0x2bc]
j  processing.core.PApplet.dispose()V+35
J 1654 C1 processing.opengl.PSurfaceJOGL$DrawListener.display(Lcom/jogamp/opengl/GLAutoDrawable;)V (220 bytes) @ 0x0000000002bb4724 [0x0000000002bb3ba0+0xb84]
J 1653 C1 jogamp.opengl.GLDrawableHelper.displayImpl(Lcom/jogamp/opengl/GLAutoDrawable;)V (86 bytes) @ 0x0000000002bb2734 [0x0000000002bb1e20+0x914]
J 1211 C1 jogamp.opengl.GLAutoDrawableBase$2.run()V (73 bytes) @ 0x0000000002a4dabc [0x0000000002a4d6e0+0x3dc]
J 1209 C1 jogamp.opengl.GLDrawableHelper.invokeGLImpl(Lcom/jogamp/opengl/GLDrawable;Lcom/jogamp/opengl/GLContext;Ljava/lang/Runnable;Ljava/lang/Runnable;)V (579 bytes) @ 0x0000000002a4852c [0x0000000002a476e0+0xe4c]
J 1140 C1 jogamp.opengl.GLDrawableHelper.invokeGL(Lcom/jogamp/opengl/GLDrawable;Lcom/jogamp/opengl/GLContext;Ljava/lang/Runnable;Ljava/lang/Runnable;)V (76 bytes) @ 0x0000000002a04604 [0x0000000002a04540+0xc4]
J 1205 C1 com.jogamp.newt.opengl.GLWindow.display()V (144 bytes) @ 0x0000000002a3fa84 [0x0000000002a3f180+0x904]
J 1204 C1 com.jogamp.opengl.util.AWTAnimatorImpl.display(Ljava/util/ArrayList;ZZ)V (170 bytes) @ 0x0000000002a314ec [0x0000000002a30e00+0x6ec]
J 1202 C1 com.jogamp.opengl.util.FPSAnimator$MainTask.run()V (805 bytes) @ 0x0000000002a3ad44 [0x0000000002a3a000+0xd44]
j  java.util.TimerThread.mainLoop()V+221
j  java.util.TimerThread.run()V+1
v  ~StubRoutines::call_stub

---------------  P R O C E S S  ---------------

Java Threads: ( => current thread )
  0x000000001986e800 JavaThread "Thread-5" [_thread_blocked, id=12108, stack(0x000000002f8c0000,0x000000002f9c0000)]
  0x00000000025be800 JavaThread "DestroyJavaVM" [_thread_blocked, id=12036, stack(0x0000000000b60000,0x0000000000c60000)]
=>0x000000001986d000 JavaThread "main-FPSAWTAnimator#00-Timer0" [_thread_in_native, id=6200, stack(0x0000000021200000,0x0000000021300000)]
  0x000000001986b800 JavaThread "HighResTimerThread" daemon [_thread_blocked, id=8856, stack(0x0000000021000000,0x0000000021100000)]
  0x00000000197ac800 JavaThread "main-SharedResourceRunner" daemon [_thread_blocked, id=4440, stack(0x000000001b050000,0x000000001b150000)]
  0x000000001973d000 JavaThread "main-Display-.windows_nil-1-EDT-1" daemon [_thread_blocked, id=9104, stack(0x000000001ab50000,0x000000001ac50000)]
  0x0000000019396800 JavaThread "AWT-Windows" daemon [_thread_in_native, id=2608, stack(0x0000000019cd0000,0x0000000019dd0000)]
  0x0000000019394000 JavaThread "Java2D Disposer" daemon [_thread_blocked, id=312, stack(0x0000000019ad0000,0x0000000019bd0000)]
  0x0000000018b5b800 JavaThread "Monitor Ctrl-Break" daemon [_thread_in_native, id=8452, stack(0x0000000019080000,0x0000000019180000)]
  0x0000000018ab8800 JavaThread "Service Thread" daemon [_thread_blocked, id=12104, stack(0x0000000018e80000,0x0000000018f80000)]
  0x0000000017118800 JavaThread "C1 CompilerThread2" daemon [_thread_blocked, id=9580, stack(0x0000000018980000,0x0000000018a80000)]
  0x0000000017113000 JavaThread "C2 CompilerThread1" daemon [_thread_blocked, id=13280, stack(0x0000000018880000,0x0000000018980000)]
  0x0000000017110800 JavaThread "C2 CompilerThread0" daemon [_thread_blocked, id=6324, stack(0x0000000018780000,0x0000000018880000)]
  0x000000001710f000 JavaThread "Attach Listener" daemon [_thread_blocked, id=3404, stack(0x0000000018680000,0x0000000018780000)]
  0x000000001710e000 JavaThread "Signal Dispatcher" daemon [_thread_blocked, id=2452, stack(0x0000000018580000,0x0000000018680000)]
  0x00000000170f9000 JavaThread "Finalizer" daemon [_thread_blocked, id=11040, stack(0x0000000018370000,0x0000000018470000)]
  0x00000000024f2000 JavaThread "Reference Handler" daemon [_thread_blocked, id=3952, stack(0x0000000018270000,0x0000000018370000)]

Other Threads:
  0x00000000170d7000 VMThread [stack: 0x0000000018170000,0x0000000018270000] [id=4128]
  0x0000000018ada000 WatcherThread [stack: 0x0000000018f80000,0x0000000019080000] [id=1432]

VM state:not at safepoint (normal execution)

VM Mutex/Monitor currently owned by a thread: None

Heap:
 PSYoungGen      total 465408K, used 34439K [0x00000000d5d80000, 0x00000000fc280000, 0x0000000100000000)
  eden space 431104K, 7% used [0x00000000d5d80000,0x00000000d7f09f10,0x00000000f0280000)
  from space 34304K, 0% used [0x00000000f0280000,0x00000000f0298000,0x00000000f2400000)
  to   space 33280K, 0% used [0x00000000fa200000,0x00000000fa200000,0x00000000fc280000)
 ParOldGen       total 131584K, used 69672K [0x0000000081800000, 0x0000000089880000, 0x00000000d5d80000)
  object space 131584K, 52% used [0x0000000081800000,0x0000000085c0a268,0x0000000089880000)
 Metaspace       used 17526K, capacity 17712K, committed 18048K, reserved 1064960K
  class space    used 1581K, capacity 1630K, committed 1664K, reserved 1048576K

Card table byte_map: [0x0000000011980000,0x0000000011d80000] byte_map_base: 0x0000000011574000

Marking Bits: (ParMarkBitMap*) 0x00000000763eb6d0
 Begin Bits: [0x0000000012430000, 0x00000000143d0000)
 End Bits:   [0x00000000143d0000, 0x0000000016370000)

Polling page: 0x0000000000c60000

CodeCache: size=245760Kb used=6716Kb max_used=6720Kb free=239043Kb
 bounds [0x00000000025c0000, 0x0000000002c60000, 0x00000000115c0000]
 total_blobs=2708 nmethods=1831 adapters=790
 compilation: enabled

Compilation events (10 events):
Event: 35.224 Thread 0x0000000017118800 1828       3       processing.opengl.PGraphicsOpenGL::orthoProjection (135 bytes)
Event: 35.224 Thread 0x0000000017118800 nmethod 1828 0x0000000002c4c1d0 code [0x0000000002c4c440, 0x0000000002c4d870]
Event: 35.224 Thread 0x0000000017118800 1829       3       processing.opengl.PJOGL::uniform3f (15 bytes)
Event: 35.225 Thread 0x0000000017118800 nmethod 1829 0x0000000002c4dc90 code [0x0000000002c4de00, 0x0000000002c4e028]
Event: 35.225 Thread 0x0000000017118800 1830       3       jogamp.opengl.gl4.GL4bcImpl::glUniform3f (51 bytes)
Event: 35.225 Thread 0x0000000017118800 nmethod 1830 0x0000000002c4e110 code [0x0000000002c4e360, 0x0000000002c4f0a8]
Event: 37.052 Thread 0x0000000017110800 1831  s    4       jogamp.opengl.GLBufferObjectTracker::createBufferStorage (457 bytes)
Event: 37.065 Thread 0x0000000017110800 nmethod 1831 0x0000000002c532d0 code [0x0000000002c534a0, 0x0000000002c54130]
Event: 37.764 Thread 0x0000000017118800 1832       3       processing.opengl.PGraphicsOpenGL$InGeometry::addEllipse (319 bytes)
Event: 37.766 Thread 0x0000000017118800 nmethod 1832 0x0000000002c50bd0 code [0x0000000002c50ec0, 0x0000000002c52378]

GC Heap History (10 events):
Event: 13.929 GC heap before
{Heap before GC invocations=10 (full 1):
 PSYoungGen      total 258560K, used 227040K [0x00000000d5d80000, 0x00000000e8580000, 0x0000000100000000)
  eden space 225280K, 100% used [0x00000000d5d80000,0x00000000e3980000,0x00000000e3980000)
  from space 33280K, 5% used [0x00000000e6500000,0x00000000e66b8020,0x00000000e8580000)
  to   space 38912K, 0% used [0x00000000e3980000,0x00000000e3980000,0x00000000e5f80000)
 ParOldGen       total 131584K, used 66216K [0x0000000081800000, 0x0000000089880000, 0x00000000d5d80000)
  object space 131584K, 50% used [0x0000000081800000,0x00000000858aa0a8,0x0000000089880000)
 Metaspace       used 16050K, capacity 16268K, committed 16384K, reserved 1064960K
  class space    used 1471K, capacity 1534K, committed 1536K, reserved 1048576K
Event: 13.930 GC heap after
Heap after GC invocations=10 (full 1):
 PSYoungGen      total 264192K, used 96K [0x00000000d5d80000, 0x00000000ee800000, 0x0000000100000000)
  eden space 225280K, 0% used [0x00000000d5d80000,0x00000000d5d80000,0x00000000e3980000)
  from space 38912K, 0% used [0x00000000e3980000,0x00000000e3998000,0x00000000e5f80000)
  to   space 37888K, 0% used [0x00000000ec300000,0x00000000ec300000,0x00000000ee800000)
 ParOldGen       total 131584K, used 67928K [0x0000000081800000, 0x0000000089880000, 0x00000000d5d80000)
  object space 131584K, 51% used [0x0000000081800000,0x0000000085a560c8,0x0000000089880000)
 Metaspace       used 16050K, capacity 16268K, committed 16384K, reserved 1064960K
  class space    used 1471K, capacity 1534K, committed 1536K, reserved 1048576K
}
Event: 18.266 GC heap before
{Heap before GC invocations=11 (full 1):
 PSYoungGen      total 264192K, used 224990K [0x00000000d5d80000, 0x00000000ee800000, 0x0000000100000000)
  eden space 225280K, 99% used [0x00000000d5d80000,0x00000000e391f9b0,0x00000000e3980000)
  from space 38912K, 0% used [0x00000000e3980000,0x00000000e3998000,0x00000000e5f80000)
  to   space 37888K, 0% used [0x00000000ec300000,0x00000000ec300000,0x00000000ee800000)
 ParOldGen       total 131584K, used 67928K [0x0000000081800000, 0x0000000089880000, 0x00000000d5d80000)
  object space 131584K, 51% used [0x0000000081800000,0x0000000085a560c8,0x0000000089880000)
 Metaspace       used 17331K, capacity 17516K, committed 17792K, reserved 1064960K
  class space    used 1581K, capacity 1630K, committed 1664K, reserved 1048576K
Event: 18.268 GC heap after
Heap after GC invocations=11 (full 1):
 PSYoungGen      total 348672K, used 1776K [0x00000000d5d80000, 0x00000000ede80000, 0x0000000100000000)
  eden space 320512K, 0% used [0x00000000d5d80000,0x00000000d5d80000,0x00000000e9680000)
  from space 28160K, 6% used [0x00000000ec300000,0x00000000ec4bc050,0x00000000ede80000)
  to   space 36864K, 0% used [0x00000000e9680000,0x00000000e9680000,0x00000000eba80000)
 ParOldGen       total 131584K, used 67968K [0x0000000081800000, 0x0000000089880000, 0x00000000d5d80000)
  object space 131584K, 51% used [0x0000000081800000,0x0000000085a600c8,0x0000000089880000)
 Metaspace       used 17331K, capacity 17516K, committed 17792K, reserved 1064960K
  class space    used 1581K, capacity 1630K, committed 1664K, reserved 1048576K
}
Event: 24.606 GC heap before
{Heap before GC invocations=12 (full 1):
 PSYoungGen      total 348672K, used 321682K [0x00000000d5d80000, 0x00000000ede80000, 0x0000000100000000)
  eden space 320512K, 99% used [0x00000000d5d80000,0x00000000e95e8900,0x00000000e9680000)
  from space 28160K, 6% used [0x00000000ec300000,0x00000000ec4bc050,0x00000000ede80000)
  to   space 36864K, 0% used [0x00000000e9680000,0x00000000e9680000,0x00000000eba80000)
 ParOldGen       total 131584K, used 67968K [0x0000000081800000, 0x0000000089880000, 0x00000000d5d80000)
  object space 131584K, 51% used [0x0000000081800000,0x0000000085a600c8,0x0000000089880000)
 Metaspace       used 17473K, capacity 17712K, committed 18048K, reserved 1064960K
  class space    used 1581K, capacity 1630K, committed 1664K, reserved 1048576K
Event: 24.609 GC heap after
Heap after GC invocations=12 (full 1):
 PSYoungGen      total 357376K, used 96K [0x00000000d5d80000, 0x00000000f5500000, 0x0000000100000000)
  eden space 320512K, 0% used [0x00000000d5d80000,0x00000000d5d80000,0x00000000e9680000)
  from space 36864K, 0% used [0x00000000e9680000,0x00000000e9698000,0x00000000eba80000)
  to   space 35840K, 0% used [0x00000000f3200000,0x00000000f3200000,0x00000000f5500000)
 ParOldGen       total 131584K, used 69616K [0x0000000081800000, 0x0000000089880000, 0x00000000d5d80000)
  object space 131584K, 52% used [0x0000000081800000,0x0000000085bfc268,0x0000000089880000)
 Metaspace       used 17473K, capacity 17712K, committed 18048K, reserved 1064960K
  class space    used 1581K, capacity 1630K, committed 1664K, reserved 1048576K
}
Event: 30.948 GC heap before
{Heap before GC invocations=13 (full 1):
 PSYoungGen      total 357376K, used 319801K [0x00000000d5d80000, 0x00000000f5500000, 0x0000000100000000)
  eden space 320512K, 99% used [0x00000000d5d80000,0x00000000e95b6530,0x00000000e9680000)
  from space 36864K, 0% used [0x00000000e9680000,0x00000000e9698000,0x00000000eba80000)
  to   space 35840K, 0% used [0x00000000f3200000,0x00000000f3200000,0x00000000f5500000)
 ParOldGen       total 131584K, used 69616K [0x0000000081800000, 0x0000000089880000, 0x00000000d5d80000)
  object space 131584K, 52% used [0x0000000081800000,0x0000000085bfc268,0x0000000089880000)
 Metaspace       used 17521K, capacity 17712K, committed 18048K, reserved 1064960K
  class space    used 1581K, capacity 1630K, committed 1664K, reserved 1048576K
Event: 30.949 GC heap after
Heap after GC invocations=13 (full 1):
 PSYoungGen      total 451072K, used 96K [0x00000000d5d80000, 0x00000000f4580000, 0x0000000100000000)
  eden space 431104K, 0% used [0x00000000d5d80000,0x00000000d5d80000,0x00000000f0280000)
  from space 19968K, 0% used [0x00000000f3200000,0x00000000f3218000,0x00000000f4580000)
  to   space 34304K, 0% used [0x00000000f0280000,0x00000000f0280000,0x00000000f2400000)
 ParOldGen       total 131584K, used 69648K [0x0000000081800000, 0x0000000089880000, 0x00000000d5d80000)
  object space 131584K, 52% used [0x0000000081800000,0x0000000085c04268,0x0000000089880000)
 Metaspace       used 17521K, capacity 17712K, committed 18048K, reserved 1064960K
  class space    used 1581K, capacity 1630K, committed 1664K, reserved 1048576K
}
Event: 39.321 GC heap before
{Heap before GC invocations=14 (full 1):
 PSYoungGen      total 451072K, used 430999K [0x00000000d5d80000, 0x00000000f4580000, 0x0000000100000000)
  eden space 431104K, 99% used [0x00000000d5d80000,0x00000000f024dc18,0x00000000f0280000)
  from space 19968K, 0% used [0x00000000f3200000,0x00000000f3218000,0x00000000f4580000)
  to   space 34304K, 0% used [0x00000000f0280000,0x00000000f0280000,0x00000000f2400000)
 ParOldGen       total 131584K, used 69648K [0x0000000081800000, 0x0000000089880000, 0x00000000d5d80000)
  object space 131584K, 52% used [0x0000000081800000,0x0000000085c04268,0x0000000089880000)
 Metaspace       used 17525K, capacity 17712K, committed 18048K, reserved 1064960K
  class space    used 1581K, capacity 1630K, committed 1664K, reserved 1048576K
Event: 39.322 GC heap after
Heap after GC invocations=14 (full 1):
 PSYoungGen      total 465408K, used 96K [0x00000000d5d80000, 0x00000000fc280000, 0x0000000100000000)
  eden space 431104K, 0% used [0x00000000d5d80000,0x00000000d5d80000,0x00000000f0280000)
  from space 34304K, 0% used [0x00000000f0280000,0x00000000f0298000,0x00000000f2400000)
  to   space 33280K, 0% used [0x00000000fa200000,0x00000000fa200000,0x00000000fc280000)
 ParOldGen       total 131584K, used 69672K [0x0000000081800000, 0x0000000089880000, 0x00000000d5d80000)
  object space 131584K, 52% used [0x0000000081800000,0x0000000085c0a268,0x0000000089880000)
 Metaspace       used 17525K, capacity 17712K, committed 18048K, reserved 1064960K
  class space    used 1581K, capacity 1630K, committed 1664K, reserved 1048576K
}

Deoptimization events (10 events):
Event: 17.866 Thread 0x000000001986d000 Uncommon trap: reason=class_check action=maybe_recompile pc=0x000000000275e8a8 method=java.lang.String.equals(Ljava/lang/Object;)Z @ 8
Event: 17.866 Thread 0x000000001986d000 Uncommon trap: reason=class_check action=maybe_recompile pc=0x000000000275e8a8 method=java.lang.String.equals(Ljava/lang/Object;)Z @ 8
Event: 17.866 Thread 0x000000001986d000 Uncommon trap: reason=class_check action=maybe_recompile pc=0x000000000275e8a8 method=java.lang.String.equals(Ljava/lang/Object;)Z @ 8
Event: 17.866 Thread 0x000000001986d000 Uncommon trap: reason=class_check action=maybe_recompile pc=0x000000000275e8a8 method=java.lang.String.equals(Ljava/lang/Object;)Z @ 8
Event: 17.914 Thread 0x000000001986d000 Uncommon trap: reason=class_check action=maybe_recompile pc=0x000000000296c378 method=java.util.regex.Pattern.compile()V @ 246
Event: 17.914 Thread 0x000000001986d000 Uncommon trap: reason=class_check action=maybe_recompile pc=0x000000000296c378 method=java.util.regex.Pattern.compile()V @ 246
Event: 17.914 Thread 0x000000001986d000 Uncommon trap: reason=class_check action=maybe_recompile pc=0x000000000296c378 method=java.util.regex.Pattern.compile()V @ 246
Event: 17.914 Thread 0x000000001986d000 Uncommon trap: reason=class_check action=maybe_recompile pc=0x000000000296c378 method=java.util.regex.Pattern.compile()V @ 246
Event: 17.914 Thread 0x000000001986d000 Uncommon trap: reason=predicate action=maybe_recompile pc=0x0000000002962008 method=java.util.regex.Pattern$Slice.match(Ljava/util/regex/Matcher;ILjava/lang/CharSequence;)Z @ 21
Event: 37.730 Thread 0x000000001986d000 Uncommon trap: reason=unstable_if action=reinterpret pc=0x0000000002b94940 method=processing.opengl.PGraphicsOpenGL.nonZero(F)Z @ 8

Internal exceptions (10 events):
Event: 0.028 Thread 0x00000000025be800 Exception <a 'java/lang/NoSuchMethodError': Method sun.misc.Unsafe.prefetchRead(Ljava/lang/Object;J)V name or signature does not match> (0x00000000d5d87f90) thrown at [C:\re\workspace\8-2-build-windows-amd64-cygwin\jdk8u121\8372\hotspot\src\share\vm\prims
Event: 0.152 Thread 0x00000000025be800 Exception <a 'java/security/PrivilegedActionException'> (0x00000000d5fc0790) thrown at [C:\re\workspace\8-2-build-windows-amd64-cygwin\jdk8u121\8372\hotspot\src\share\vm\prims\jvm.cpp, line 1390]
Event: 0.152 Thread 0x00000000025be800 Exception <a 'java/security/PrivilegedActionException'> (0x00000000d5fc09a0) thrown at [C:\re\workspace\8-2-build-windows-amd64-cygwin\jdk8u121\8372\hotspot\src\share\vm\prims\jvm.cpp, line 1390]
Event: 0.152 Thread 0x00000000025be800 Exception <a 'java/security/PrivilegedActionException'> (0x00000000d5fc4a98) thrown at [C:\re\workspace\8-2-build-windows-amd64-cygwin\jdk8u121\8372\hotspot\src\share\vm\prims\jvm.cpp, line 1390]
Event: 0.152 Thread 0x00000000025be800 Exception <a 'java/security/PrivilegedActionException'> (0x00000000d5fc4ca8) thrown at [C:\re\workspace\8-2-build-windows-amd64-cygwin\jdk8u121\8372\hotspot\src\share\vm\prims\jvm.cpp, line 1390]
Event: 0.157 Thread 0x00000000025be800 Exception <a 'java/io/FileNotFoundException'> (0x00000000d5fce6d0) thrown at [C:\re\workspace\8-2-build-windows-amd64-cygwin\jdk8u121\8372\hotspot\src\share\vm\prims\jni.cpp, line 709]
Event: 0.210 Thread 0x00000000025be800 Exception <a 'java/lang/NoSuchFieldError': method resolution failed> (0x00000000d6141fd8) thrown at [C:\re\workspace\8-2-build-windows-amd64-cygwin\jdk8u121\8372\hotspot\src\share\vm\prims\methodHandles.cpp, line 1146]
Event: 0.212 Thread 0x00000000025be800 Exception <a 'java/lang/NoSuchFieldError': method resolution failed> (0x00000000d614f510) thrown at [C:\re\workspace\8-2-build-windows-amd64-cygwin\jdk8u121\8372\hotspot\src\share\vm\prims\methodHandles.cpp, line 1146]
Event: 0.327 Thread 0x00000000025be800 Exception <a 'java/io/FileNotFoundException'> (0x00000000d61ec2e8) thrown at [C:\re\workspace\8-2-build-windows-amd64-cygwin\jdk8u121\8372\hotspot\src\share\vm\prims\jni.cpp, line 709]
Event: 39.932 Thread 0x000000001986c000 Exception <a 'java/lang/InterruptedException'> (0x00000000d7cef0f8) thrown at [C:\re\workspace\8-2-build-windows-amd64-cygwin\jdk8u121\8372\hotspot\src\share\vm\runtime\objectMonitor.cpp, line 1684]

Events (10 events):
Event: 24.606 Executing VM operation: ParallelGCFailedAllocation
Event: 24.609 Executing VM operation: ParallelGCFailedAllocation done
Event: 30.948 Executing VM operation: ParallelGCFailedAllocation
Event: 30.949 Executing VM operation: ParallelGCFailedAllocation done
Event: 37.730 Thread 0x000000001986d000 Uncommon trap: trap_request=0xffffff65 fr.pc=0x0000000002b94940
Event: 37.730 Thread 0x000000001986d000 DEOPT PACKING pc=0x0000000002b94940 sp=0x00000000212fec00
Event: 37.730 Thread 0x000000001986d000 DEOPT UNPACKING pc=0x000000000260582a sp=0x00000000212fe9a8 mode 2
Event: 39.321 Executing VM operation: ParallelGCFailedAllocation
Event: 39.322 Executing VM operation: ParallelGCFailedAllocation done
Event: 39.932 Thread 0x000000001986c000 Thread exited: 0x000000001986c000


Dynamic libraries:
0x00007ff63e1d0000 - 0x00007ff63e207000 	C:\Program Files\Java\jdk1.8.0_121\bin\java.exe
0x00007ffbb0fb0000 - 0x00007ffbb1182000 	C:\WINDOWS\SYSTEM32\ntdll.dll
0x00007ffbae570000 - 0x00007ffbae61c000 	C:\WINDOWS\System32\KERNEL32.DLL
0x00007ffbadd10000 - 0x00007ffbadf2d000 	C:\WINDOWS\System32\KERNELBASE.dll
0x00007ffbb0880000 - 0x00007ffbb0922000 	C:\WINDOWS\System32\ADVAPI32.dll
0x00007ffbb02f0000 - 0x00007ffbb038e000 	C:\WINDOWS\System32\msvcrt.dll
0x00007ffbb0660000 - 0x00007ffbb06b9000 	C:\WINDOWS\System32\sechost.dll
0x00007ffbae620000 - 0x00007ffbae741000 	C:\WINDOWS\System32\RPCRT4.dll
0x00007ffbb0060000 - 0x00007ffbb01c5000 	C:\WINDOWS\System32\USER32.dll
0x00007ffbae1f0000 - 0x00007ffbae20e000 	C:\WINDOWS\System32\win32u.dll
0x00007ffbb0390000 - 0x00007ffbb03c4000 	C:\WINDOWS\System32\GDI32.dll
0x00007ffbad4b0000 - 0x00007ffbad630000 	C:\WINDOWS\System32\gdi32full.dll
0x00007ffba7ca0000 - 0x00007ffba7f1a000 	C:\WINDOWS\WinSxS\amd64_microsoft.windows.common-controls_6595b64144ccf1df_6.0.14393.953_none_42151e83c686086b\COMCTL32.dll
0x00007ffbae7b0000 - 0x00007ffbaea78000 	C:\WINDOWS\System32\combase.dll
0x00007ffbae440000 - 0x00007ffbae535000 	C:\WINDOWS\System32\ucrtbase.dll
0x00007ffbadfe0000 - 0x00007ffbae04a000 	C:\WINDOWS\System32\bcryptPrimitives.dll
0x00007ffbae540000 - 0x00007ffbae56e000 	C:\WINDOWS\System32\IMM32.DLL
0x0000000075660000 - 0x0000000075732000 	C:\Program Files\Java\jdk1.8.0_121\jre\bin\msvcr100.dll
0x0000000075bd0000 - 0x000000007646b000 	C:\Program Files\Java\jdk1.8.0_121\jre\bin\server\jvm.dll
0x00007ffbb0ea0000 - 0x00007ffbb0ea8000 	C:\WINDOWS\System32\PSAPI.DLL
0x00007ffbaa530000 - 0x00007ffbaa539000 	C:\WINDOWS\SYSTEM32\WSOCK32.dll
0x00007ffbb0280000 - 0x00007ffbb02ea000 	C:\WINDOWS\System32\WS2_32.dll
0x00007ffbab790000 - 0x00007ffbab7b3000 	C:\WINDOWS\SYSTEM32\WINMM.dll
0x00007ffba9850000 - 0x00007ffba985a000 	C:\WINDOWS\SYSTEM32\VERSION.dll
0x00007ffbab6d0000 - 0x00007ffbab6fb000 	C:\WINDOWS\SYSTEM32\WINMMBASE.dll
0x00007ffbae100000 - 0x00007ffbae142000 	C:\WINDOWS\System32\cfgmgr32.dll
0x0000000075ae0000 - 0x0000000075aef000 	C:\Program Files\Java\jdk1.8.0_121\jre\bin\verify.dll
0x0000000075ab0000 - 0x0000000075ad9000 	C:\Program Files\Java\jdk1.8.0_121\jre\bin\java.dll
0x0000000075a90000 - 0x0000000075aa6000 	C:\Program Files\Java\jdk1.8.0_121\jre\bin\zip.dll
0x00007ffbaea90000 - 0x00007ffbaff98000 	C:\WINDOWS\System32\SHELL32.dll
0x00007ffbad630000 - 0x00007ffbadd0a000 	C:\WINDOWS\System32\windows.storage.dll
0x00007ffbad450000 - 0x00007ffbad49c000 	C:\WINDOWS\System32\powrprof.dll
0x00007ffbb0530000 - 0x00007ffbb0582000 	C:\WINDOWS\System32\shlwapi.dll
0x00007ffbad4a0000 - 0x00007ffbad4af000 	C:\WINDOWS\System32\kernel.appcore.dll
0x00007ffbadf30000 - 0x00007ffbadfd9000 	C:\WINDOWS\System32\shcore.dll
0x00007ffbad420000 - 0x00007ffbad434000 	C:\WINDOWS\System32\profapi.dll
0x00007ffbaa750000 - 0x00007ffbaa760000 	C:\Program Files (x86)\JetBrains\IntelliJ IDEA 2016.3.4\bin\breakgen64.dll
0x0000000075880000 - 0x000000007589a000 	C:\Program Files\Java\jdk1.8.0_121\jre\bin\net.dll
0x00007ffbaccf0000 - 0x00007ffbacd4c000 	C:\WINDOWS\system32\mswsock.dll
0x00000000758f0000 - 0x0000000075a88000 	C:\Program Files\Java\jdk1.8.0_121\jre\bin\awt.dll
0x00007ffbaffa0000 - 0x00007ffbb005f000 	C:\WINDOWS\System32\OLEAUT32.dll
0x00007ffbae150000 - 0x00007ffbae1ec000 	C:\WINDOWS\System32\msvcp_win.dll
0x00007ffbabac0000 - 0x00007ffbabb3a000 	C:\WINDOWS\SYSTEM32\apphelp.dll
0x00007ffbabc20000 - 0x00007ffbabcb5000 	C:\WINDOWS\system32\uxtheme.dll
0x00007ffbb03d0000 - 0x00007ffbb052a000 	C:\WINDOWS\System32\MSCTF.dll
0x00007ffbaa9c0000 - 0x00007ffbaa9e6000 	C:\WINDOWS\system32\dwmapi.dll
0x00007ffbb0d60000 - 0x00007ffbb0e98000 	C:\WINDOWS\System32\ole32.dll
0x00007ffb9d9f0000 - 0x00007ffb9db13000 	C:\WINDOWS\system32\opengl32.dll
0x00007ffba7fa0000 - 0x00007ffba7fcd000 	C:\WINDOWS\SYSTEM32\GLU32.dll
0x00007ffb9d5f0000 - 0x00007ffb9d6e7000 	C:\WINDOWS\SYSTEM32\DDRAW.dll
0x00007ffbaaf40000 - 0x00007ffbaaf48000 	C:\WINDOWS\SYSTEM32\DCIMAN32.dll
0x00007ffbacea0000 - 0x00007ffbaceb7000 	C:\WINDOWS\SYSTEM32\CRYPTSP.dll
0x00007ffbac8f0000 - 0x00007ffbac923000 	C:\WINDOWS\system32\rsaenh.dll
0x00007ffbad360000 - 0x00007ffbad38b000 	C:\WINDOWS\SYSTEM32\bcrypt.dll
0x00007ffbacb70000 - 0x00007ffbacb8f000 	C:\WINDOWS\SYSTEM32\USERENV.dll
0x00007ffbace90000 - 0x00007ffbace9b000 	C:\WINDOWS\SYSTEM32\CRYPTBASE.dll
0x00007ffbaca70000 - 0x00007ffbacaa8000 	C:\WINDOWS\SYSTEM32\IPHLPAPI.DLL
0x00007ffbb0270000 - 0x00007ffbb0278000 	C:\WINDOWS\System32\NSI.dll
0x00007ffba3920000 - 0x00007ffba3936000 	C:\WINDOWS\SYSTEM32\dhcpcsvc6.DLL
0x00007ffba3f40000 - 0x00007ffba3f5a000 	C:\WINDOWS\SYSTEM32\dhcpcsvc.DLL
0x0000000075860000 - 0x0000000075871000 	C:\Program Files\Java\jdk1.8.0_121\jre\bin\nio.dll
0x00000000637c0000 - 0x00000000637cd000 	C:\Users\ricar\AppData\Local\Temp\jogamp_0000\file_cache\jln8766814500139136497\jln1824050396943263996\natives\windows-amd64\gluegen-rt.dll
0x0000000075770000 - 0x0000000075777000 	C:\Program Files\Java\jdk1.8.0_121\jre\bin\jawt.dll
0x000000006a440000 - 0x000000006a44d000 	C:\Users\ricar\AppData\Local\Temp\jogamp_0000\file_cache\jln8766814500139136497\jln1824050396943263996\natives\windows-amd64\nativewindow_awt.dll
0x000000006c100000 - 0x000000006c10f000 	C:\Users\ricar\AppData\Local\Temp\jogamp_0000\file_cache\jln8766814500139136497\jln1824050396943263996\natives\windows-amd64\nativewindow_win32.dll
0x000000006cbc0000 - 0x000000006cbd3000 	C:\Users\ricar\AppData\Local\Temp\jogamp_0000\file_cache\jln8766814500139136497\jln1824050396943263996\natives\windows-amd64\newt.dll
0x00007ffba9380000 - 0x00007ffba9411000 	C:\WINDOWS\SYSTEM32\mscms.dll
0x00007ffba1f70000 - 0x00007ffba1fb2000 	C:\WINDOWS\SYSTEM32\icm32.dll
0x00007ffbb0930000 - 0x00007ffbb0d59000 	C:\WINDOWS\System32\setupapi.dll
0x00007ffbabf80000 - 0x00007ffbabfa8000 	C:\WINDOWS\SYSTEM32\DEVOBJ.dll
0x00007ffbae3e0000 - 0x00007ffbae435000 	C:\WINDOWS\System32\WINTRUST.dll
0x00007ffbad440000 - 0x00007ffbad450000 	C:\WINDOWS\System32\MSASN1.dll
0x00007ffbae210000 - 0x00007ffbae3d9000 	C:\WINDOWS\System32\CRYPT32.dll
0x0000000064500000 - 0x00000000645b1000 	C:\Users\ricar\AppData\Local\Temp\jogamp_0000\file_cache\jln8766814500139136497\jln1824050396943263996\natives\windows-amd64\jogl_desktop.dll
0x0000000064340000 - 0x00000000643a2000 	C:\Users\ricar\AppData\Local\Temp\jogamp_0000\file_cache\jln8766814500139136497\jln1824050396943263996\natives\windows-amd64\jogl_mobile.dll
0x0000000073510000 - 0x0000000075660000 	C:\WINDOWS\SYSTEM32\nvoglv64.DLL
0x00007ffbaa6e0000 - 0x00007ffbaa6f3000 	C:\WINDOWS\SYSTEM32\WTSAPI32.dll
0x00007ffbac7c0000 - 0x00007ffbac7f2000 	C:\WINDOWS\SYSTEM32\ntmarta.dll
0x00007ffbad300000 - 0x00007ffbad356000 	C:\WINDOWS\SYSTEM32\WINSTA.dll
0x00007ffb922d0000 - 0x00007ffb9246c000 	C:\Users\ricar\Desktop\MoveCode\KinectPV2-master\Build_libs\MoveOn\libs\kinectPV2\Kinect20.Face.dll
0x00007ffba0fe0000 - 0x00007ffba10b4000 	C:\WINDOWS\SYSTEM32\MSVCR110.dll
0x00007ffb9d2c0000 - 0x00007ffb9d367000 	C:\WINDOWS\SYSTEM32\MSVCP110.dll
0x00007ffba2b40000 - 0x00007ffba2b51000 	C:\Users\ricar\Desktop\MoveCode\KinectPV2-master\Build_libs\MoveOn\libs\kinectPV2\KinectPV2.dll
0x00007ffb96180000 - 0x00007ffb9623b000 	C:\WINDOWS\SYSTEM32\Kinect20.dll
0x00007ffba2bf0000 - 0x00007ffba2d58000 	C:\WINDOWS\SYSTEM32\MFPlat.DLL
0x00007ffbab920000 - 0x00007ffbab94e000 	C:\WINDOWS\SYSTEM32\RTWorkQ.DLL
0x00007ffbac3a0000 - 0x00007ffbac43f000 	C:\WINDOWS\system32\dxgi.dll
0x00007ffbaa9f0000 - 0x00007ffbaaca6000 	C:\WINDOWS\system32\d3d11.dll
0x00007ffb799e0000 - 0x00007ffb7b111000 	C:\WINDOWS\System32\DriverStore\FileRepository\nvami.inf_amd64_11a67240324f74de\nvwgf2umx.dll
0x00007ffba78a0000 - 0x00007ffba7c9b000 	C:\WINDOWS\system32\nvapi64.dll
0x00000000758a0000 - 0x00000000758e7000 	C:\Program Files\Java\jdk1.8.0_121\jre\bin\fontmanager.dll
0x0000000075790000 - 0x00000000757d2000 	C:\Program Files\Java\jdk1.8.0_121\jre\bin\t2k.dll
0x00007ffba9e30000 - 0x00007ffba9fc2000 	C:\WINDOWS\SYSTEM32\dbghelp.dll

VM Arguments:
jvm_args: -Djava.library.path=C:\Users\ricar\Desktop\MoveCode\KinectPV2-master\Build_libs\MoveOn\libs\kinectPV2 -Didea.launcher.port=7537 -Didea.launcher.bin.path=C:\Program Files (x86)\JetBrains\IntelliJ IDEA 2016.3.4\bin -Dfile.encoding=UTF-8 
java_command: com.intellij.rt.execution.application.AppMain SkeletonDepthTest
java_class_path (initial): C:\Program Files\Java\jdk1.8.0_121\jre\lib\charsets.jar;C:\Program Files\Java\jdk1.8.0_121\jre\lib\deploy.jar;C:\Program Files\Java\jdk1.8.0_121\jre\lib\ext\access-bridge-64.jar;C:\Program Files\Java\jdk1.8.0_121\jre\lib\ext\cldrdata.jar;C:\Program Files\Java\jdk1.8.0_121\jre\lib\ext\dnsns.jar;C:\Program Files\Java\jdk1.8.0_121\jre\lib\ext\jaccess.jar;C:\Program Files\Java\jdk1.8.0_121\jre\lib\ext\jfxrt.jar;C:\Program Files\Java\jdk1.8.0_121\jre\lib\ext\localedata.jar;C:\Program Files\Java\jdk1.8.0_121\jre\lib\ext\nashorn.jar;C:\Program Files\Java\jdk1.8.0_121\jre\lib\ext\sunec.jar;C:\Program Files\Java\jdk1.8.0_121\jre\lib\ext\sunjce_provider.jar;C:\Program Files\Java\jdk1.8.0_121\jre\lib\ext\sunmscapi.jar;C:\Program Files\Java\jdk1.8.0_121\jre\lib\ext\sunpkcs11.jar;C:\Program Files\Java\jdk1.8.0_121\jre\lib\ext\zipfs.jar;C:\Program Files\Java\jdk1.8.0_121\jre\lib\javaws.jar;C:\Program Files\Java\jdk1.8.0_121\jre\lib\jce.jar;C:\Program Files\Java\jdk1.8.0_121\jre\lib\jfr.jar;C:\Program Files\Java\jdk1.8.0_121\jre\lib\jfxswt.jar;C:\Program Files\Java\jdk1.8.0_121\jre\lib\jsse.jar;C:\Program Files\Java\jdk1.8.0_121\jre\lib\management-agent.jar;C:\Program Files\Java\jdk1.8.0_121\jre\lib\plugin.jar;C:\Program Files\Java\jdk1.8.0_121\jre\lib\resources.jar;C:\Program Files\Java\jdk1.8.0_121\jre\lib\rt.jar;C:\Users\ricar\Desktop\MoveCode\KinectPV2-master\Build_libs\MoveOn\out\production\MoveOn;C:\Users\ricar\Desktop\MoveCode\KinectPV2-master\Build_libs\MoveOn\libs\kinectPV2\KinectPV2.jar;C:\Users\ricar\Desktop\MoveCode\KinectPV2-master\Build_libs\MoveOn\libs\p3.01\core.jar;C:\Users\ricar\Desktop\MoveCode\KinectPV2-master\Build_libs\MoveOn\libs\p3.01\jogl-all.jar;C:\Users\ricar\Desktop\MoveCode\KinectPV2-master\Build_libs\MoveOn\libs\p3.01\gluegen-rt.jar;C:\Users\ricar\Desktop\MoveCode\KinectPV2-master\Build_libs\MoveOn\libs\p3.01\jogl-all-natives-linux-i586.jar;C:\Users\ricar\Desktop\MoveCode\KinectPV2-master\Build_libs\MoveOn\libs\p3.01\jogl-
Launcher Type: SUN_STANDARD

Environment Variables:
PATH=C:\ProgramData\Oracle\Java\javapath;C:\Program Files (x86)\Intel\iCLS Client\;C:\Program Files\Intel\iCLS Client\;C:\Windows\system32;C:\Windows;C:\Windows\System32\Wbem;C:\Windows\System32\WindowsPowerShell\v1.0\;C:\Program Files (x86)\NVIDIA Corporation\PhysX\Common;C:\Program Files (x86)\Intel\Intel(R) Management Engine Components\DAL;C:\Program Files\Intel\Intel(R) Management Engine Components\DAL;C:\Program Files (x86)\Intel\Intel(R) Management Engine Components\IPT;C:\Program Files\Intel\Intel(R) Management Engine Components\IPT;C:\WINDOWS\system32;C:\WINDOWS;C:\WINDOWS\System32\Wbem;C:\WINDOWS\System32\WindowsPowerShell\v1.0\;C:\Program Files\Git\cmd;C:\;C:\Users\ricar\AppData\Local\Microsoft\WindowsApps;C:\Users\ricar\AppData\Roaming\npm
USERNAME=ricar
OS=Windows_NT
PROCESSOR_IDENTIFIER=Intel64 Family 6 Model 94 Stepping 3, GenuineIntel



---------------  S Y S T E M  ---------------

OS: Windows 10.0 , 64 bit Build 14393 (10.0.14393.1198)

CPU:total 4 (4 cores per cpu, 1 threads per core) family 6 model 94 stepping 3, cmov, cx8, fxsr, mmx, sse, sse2, sse3, ssse3, sse4.1, sse4.2, popcnt, avx, avx2, aes, clmul, erms, rtm, 3dnowpref, lzcnt, tsc, tscinvbit, bmi1, bmi2, adx

Memory: 4k page, physical 8285044k(3784188k free), swap 18266080k(12239204k free)

vm_info: Java HotSpot(TM) 64-Bit Server VM (25.121-b13) for windows-amd64 JRE (1.8.0_121-b13), built on Dec 12 2016 18:21:36 by "java_re" with MS VC++ 10.0 (VS2010)

time: Thu Aug 24 16:27:29 2017
elapsed time: 39 seconds (0d 0h 0m 39s)

