#
# A fatal error has been detected by the Java Runtime Environment:
#
#  EXCEPTION_ACCESS_VIOLATION (0xc0000005) at pc=0x000000000000001f, pid=9756, tid=0x0000000000001fb0
#
# JRE version: Java(TM) SE Runtime Environment (8.0_121-b13) (build 1.8.0_121-b13)
# Java VM: Java HotSpot(TM) 64-Bit Server VM (25.121-b13 mixed mode windows-amd64 compressed oops)
# Problematic frame:
# C  0x000000000000001f
#
# Failed to write core dump. Minidumps are not enabled by default on client versions of Windows
#
# If you would like to submit a bug report, please visit:
#   http://bugreport.java.com/bugreport/crash.jsp
# The crash happened outside the Java Virtual Machine in native code.
# See problematic frame for where to report the bug.
#

---------------  T H R E A D  ---------------

Current thread (0x000000001a05d800):  JavaThread "main-FPSAWTAnimator#00-Timer0" [_thread_in_native, id=8112, stack(0x00000000214a0000,0x00000000215a0000)]

siginfo: ExceptionCode=0xc0000005, ExceptionInformation=0x0000000000000008 0x000000000000001f

Registers:
RAX=0x0000000000cabc50, RBX=0x0000000021727440, RCX=0x000000002172dbd0, RDX=0x0000000000000000
RSP=0x000000002159dfb8, RBP=0x0000000000000000, RSI=0x0000000000000006, RDI=0x0000000021727670
R8 =0x000000002159dc68, R9 =0x0000000000008000, R10=0x0000000000000000, R11=0x000000002159deb0
R12=0x0000000000000000, R13=0x000000001b488b20, R14=0x000000002159e0b0, R15=0x000000001a05d800
RIP=0x000000000000001f, EFLAGS=0x0000000000010202

Top of Stack: (sp=0x000000002159dfb8)
0x000000002159dfb8:   00007ffba2b45526 0000000021727440
0x000000002159dfc8:   000000001b488b20 0000000000000000
0x000000002159dfd8:   0000000019911a20 0000000019911a20
0x000000002159dfe8:   00007ffba2b4177a 000000002159e0b0
0x000000002159dff8:   000000002159e090 000000001a05d9f8
0x000000002159e008:   000000001a05d800 0000000002a9835d
0x000000002159e018:   0000000002aa7f74 000000001b488b20
0x000000002159e028:   000000001a05d800 000000001a05d800
0x000000002159e038:   000000001a05d800 000000002159e108
0x000000002159e048:   0000000002aa7ca2 000000002159e050
0x000000002159e058:   000000001b488b20 000000002159e0b0
0x000000002159e068:   000000001b48a7b8 0000000000000000
0x000000002159e078:   000000001b488b20 0000000000000000
0x000000002159e088:   000000002159e0b0 000000002159e0f8
0x000000002159e098:   0000000002a97b30 0000000000000000
0x000000002159e0a8:   0000000002aa19c0 0000000084958cd0 

Instructions: (pc=0x000000000000001f)
0xffffffffffffffff:   


Register to memory mapping:

RAX=0x0000000000cabc50 is an unknown value
RBX=0x0000000021727440 is an unknown value
RCX=0x000000002172dbd0 is an unknown value
RDX=0x0000000000000000 is an unknown value
RSP=0x000000002159dfb8 is pointing into the stack for thread: 0x000000001a05d800
RBP=0x0000000000000000 is an unknown value
RSI=0x0000000000000006 is an unknown value
RDI=0x0000000021727670 is an unknown value
R8 =0x000000002159dc68 is pointing into the stack for thread: 0x000000001a05d800
R9 =0x0000000000008000 is an unknown value
R10=0x0000000000000000 is an unknown value
R11=0x000000002159deb0 is pointing into the stack for thread: 0x000000001a05d800
R12=0x0000000000000000 is an unknown value
R13={method} {0x000000001b488b28} 'jniStopSignal' '()Z' in 'KinectPV2/Device'
R14=0x000000002159e0b0 is pointing into the stack for thread: 0x000000001a05d800
R15=0x000000001a05d800 is a thread


Stack: [0x00000000214a0000,0x00000000215a0000],  sp=0x000000002159dfb8,  free space=1015k
Native frames: (J=compiled Java code, j=interpreted, Vv=VM code, C=native code)

Java frames: (J=compiled Java code, j=interpreted, Vv=VM code)
j  KinectPV2.Device.jniStopSignal()Z+0
j  KinectPV2.Device.cleanDevice()Z+1
j  KinectPV2.KinectPV2.dispose()V+10
v  ~StubRoutines::call_stub
j  sun.reflect.NativeMethodAccessorImpl.invoke0(Ljava/lang/reflect/Method;Ljava/lang/Object;[Ljava/lang/Object;)Ljava/lang/Object;+0
j  sun.reflect.NativeMethodAccessorImpl.invoke(Ljava/lang/Object;[Ljava/lang/Object;)Ljava/lang/Object;+100
j  sun.reflect.DelegatingMethodAccessorImpl.invoke(Ljava/lang/Object;[Ljava/lang/Object;)Ljava/lang/Object;+6
j  java.lang.reflect.Method.invoke(Ljava/lang/Object;[Ljava/lang/Object;)Ljava/lang/Object;+56
j  processing.core.PApplet$RegisteredMethods.handle([Ljava/lang/Object;)V+18
J 992 C1 processing.core.PApplet.handleMethods(Ljava/lang/String;)V (21 bytes) @ 0x0000000002e74fdc [0x0000000002e74d20+0x2bc]
j  processing.core.PApplet.dispose()V+35
J 1724 C1 processing.opengl.PSurfaceJOGL$DrawListener.display(Lcom/jogamp/opengl/GLAutoDrawable;)V (220 bytes) @ 0x00000000030bdc44 [0x00000000030bd0e0+0xb64]
J 1683 C1 jogamp.opengl.GLDrawableHelper.displayImpl(Lcom/jogamp/opengl/GLAutoDrawable;)V (86 bytes) @ 0x000000000308d904 [0x000000000308cfc0+0x944]
J 1682 C1 jogamp.opengl.GLDrawableHelper.display(Lcom/jogamp/opengl/GLAutoDrawable;)V (26 bytes) @ 0x0000000003094774 [0x00000000030946e0+0x94]
j  jogamp.opengl.GLAutoDrawableBase$2.run()V+59
j  jogamp.opengl.GLDrawableHelper.invokeGLImpl(Lcom/jogamp/opengl/GLDrawable;Lcom/jogamp/opengl/GLContext;Ljava/lang/Runnable;Ljava/lang/Runnable;)V+203
J 1923 C2 com.jogamp.opengl.util.FPSAnimator$MainTask.run()V (805 bytes) @ 0x0000000002f3d0bc [0x0000000002f3cc40+0x47c]
j  java.util.TimerThread.mainLoop()V+221
j  java.util.TimerThread.run()V+1
v  ~StubRoutines::call_stub

---------------  P R O C E S S  ---------------

Java Threads: ( => current thread )
  0x000000001904e800 JavaThread "Thread-5" [_thread_blocked, id=4024, stack(0x000000002fb30000,0x000000002fc30000)]
  0x00000000028ce800 JavaThread "DestroyJavaVM" [_thread_blocked, id=11720, stack(0x00000000027c0000,0x00000000028c0000)]
=>0x000000001a05d800 JavaThread "main-FPSAWTAnimator#00-Timer0" [_thread_in_native, id=8112, stack(0x00000000214a0000,0x00000000215a0000)]
  0x0000000019d9a800 JavaThread "HighResTimerThread" daemon [_thread_blocked, id=12908, stack(0x00000000212a0000,0x00000000213a0000)]
  0x0000000019ebd800 JavaThread "main-SharedResourceRunner" daemon [_thread_blocked, id=9056, stack(0x000000001b4b0000,0x000000001b5b0000)]
  0x0000000019d92800 JavaThread "main-Display-.windows_nil-1-EDT-1" daemon [_thread_blocked, id=13756, stack(0x000000001afb0000,0x000000001b0b0000)]
  0x00000000191ff800 JavaThread "AWT-Windows" daemon [_thread_in_native, id=11436, stack(0x000000001a280000,0x000000001a380000)]
  0x00000000198ce800 JavaThread "Java2D Disposer" daemon [_thread_blocked, id=10104, stack(0x000000001a080000,0x000000001a180000)]
  0x00000000191df800 JavaThread "Monitor Ctrl-Break" daemon [_thread_in_native, id=7200, stack(0x0000000019570000,0x0000000019670000)]
  0x000000001763e000 JavaThread "Service Thread" daemon [_thread_blocked, id=1808, stack(0x0000000019370000,0x0000000019470000)]
  0x00000000175f2800 JavaThread "C1 CompilerThread2" daemon [_thread_blocked, id=8204, stack(0x0000000018e70000,0x0000000018f70000)]
  0x00000000175e1800 JavaThread "C2 CompilerThread1" daemon [_thread_blocked, id=13220, stack(0x0000000018d70000,0x0000000018e70000)]
  0x00000000175de800 JavaThread "C2 CompilerThread0" daemon [_thread_blocked, id=4212, stack(0x0000000018c70000,0x0000000018d70000)]
  0x00000000175dd000 JavaThread "Attach Listener" daemon [_thread_blocked, id=13564, stack(0x0000000018b70000,0x0000000018c70000)]
  0x00000000175dc000 JavaThread "Signal Dispatcher" daemon [_thread_blocked, id=9692, stack(0x0000000018a70000,0x0000000018b70000)]
  0x0000000002a8d000 JavaThread "Finalizer" daemon [_thread_blocked, id=2444, stack(0x0000000018860000,0x0000000018960000)]
  0x0000000002a82000 JavaThread "Reference Handler" daemon [_thread_blocked, id=9760, stack(0x0000000018760000,0x0000000018860000)]

Other Threads:
  0x00000000175a7000 VMThread [stack: 0x0000000018660000,0x0000000018760000] [id=2472]
  0x0000000018fc8000 WatcherThread [stack: 0x0000000019470000,0x0000000019570000] [id=9808]

VM state:not at safepoint (normal execution)

VM Mutex/Monitor currently owned by a thread: None

Heap:
 PSYoungGen      total 129536K, used 7551K [0x00000000d5d80000, 0x00000000f2600000, 0x0000000100000000)
  eden space 129024K, 5% used [0x00000000d5d80000,0x00000000d64cfe08,0x00000000ddb80000)
  from space 512K, 12% used [0x00000000f2580000,0x00000000f2590000,0x00000000f2600000)
  to   space 2560K, 0% used [0x00000000f2100000,0x00000000f2100000,0x00000000f2380000)
 ParOldGen       total 131584K, used 69783K [0x0000000081800000, 0x0000000089880000, 0x00000000d5d80000)
  object space 131584K, 53% used [0x0000000081800000,0x0000000085c25d00,0x0000000089880000)
 Metaspace       used 17387K, capacity 17576K, committed 17792K, reserved 1064960K
  class space    used 1570K, capacity 1622K, committed 1664K, reserved 1048576K

Card table byte_map: [0x0000000011e50000,0x0000000012250000] byte_map_base: 0x0000000011a44000

Marking Bits: (ParMarkBitMap*) 0x00000000763eb6d0
 Begin Bits: [0x0000000012900000, 0x00000000148a0000)
 End Bits:   [0x00000000148a0000, 0x0000000016840000)

Polling page: 0x0000000000c20000

CodeCache: size=245760Kb used=6569Kb max_used=6811Kb free=239190Kb
 bounds [0x0000000002a90000, 0x0000000003170000, 0x0000000011a90000]
 total_blobs=2637 nmethods=1758 adapters=792
 compilation: enabled

Compilation events (10 events):
Event: 230.340 Thread 0x00000000175e1800 nmethod 1946 0x0000000002e93ad0 code [0x0000000002e93c20, 0x0000000002e93d28]
Event: 230.341 Thread 0x00000000175e1800 1947       4       jogamp.opengl.gl4.GL4bcImpl::glFrontFace (43 bytes)
Event: 230.342 Thread 0x00000000175e1800 nmethod 1947 0x0000000002ed7d10 code [0x0000000002ed7e60, 0x0000000002ed7f28]
Event: 230.343 Thread 0x00000000175e1800 1948       4       processing.opengl.PGL::clearDepthStencil (90 bytes)
Event: 230.343 Thread 0x00000000175e1800 nmethod 1948 0x0000000002eead10 code [0x0000000002eeae40, 0x0000000002eeaed8]
Event: 230.359 Thread 0x00000000175de800 nmethod 1945 0x0000000002ddd310 code [0x0000000002ddd5c0, 0x0000000002dde788]
Event: 232.088 Thread 0x00000000175e1800 1949       4       processing.core.PGraphics::backgroundFromCalc (123 bytes)
Event: 232.095 Thread 0x00000000175e1800 nmethod 1949 0x0000000002f4e2d0 code [0x0000000002f4e4c0, 0x0000000002f4ea80]
Event: 293.827 Thread 0x00000000175f2800 1950       1       com.jogamp.newt.event.NEWTEvent::getEventType (5 bytes)
Event: 293.828 Thread 0x00000000175f2800 nmethod 1950 0x0000000002db3cd0 code [0x0000000002db3e20, 0x0000000002db3f30]

GC Heap History (10 events):
Event: 285.303 GC heap before
{Heap before GC invocations=49 (full 1):
 PSYoungGen      total 160768K, used 156365K [0x00000000d5d80000, 0x00000000f2d80000, 0x0000000100000000)
  eden space 156672K, 99% used [0x00000000d5d80000,0x00000000df62b668,0x00000000df680000)
  from space 4096K, 0% used [0x00000000f2580000,0x00000000f2588000,0x00000000f2980000)
  to   space 3584K, 0% used [0x00000000f2a00000,0x00000000f2a00000,0x00000000f2d80000)
 ParOldGen       total 131584K, used 69775K [0x0000000081800000, 0x0000000089880000, 0x00000000d5d80000)
  object space 131584K, 53% used [0x0000000081800000,0x0000000085c23d00,0x0000000089880000)
 Metaspace       used 17382K, capacity 17576K, committed 17792K, reserved 1064960K
  class space    used 1570K, capacity 1622K, committed 1664K, reserved 1048576K
Event: 285.305 GC heap after
Heap after GC invocations=49 (full 1):
 PSYoungGen      total 151040K, used 32K [0x00000000d5d80000, 0x00000000f2a80000, 0x0000000100000000)
  eden space 150528K, 0% used [0x00000000d5d80000,0x00000000d5d80000,0x00000000df080000)
  from space 512K, 6% used [0x00000000f2a00000,0x00000000f2a08000,0x00000000f2a80000)
  to   space 3584K, 0% used [0x00000000f2380000,0x00000000f2380000,0x00000000f2700000)
 ParOldGen       total 131584K, used 69775K [0x0000000081800000, 0x0000000089880000, 0x00000000d5d80000)
  object space 131584K, 53% used [0x0000000081800000,0x0000000085c23d00,0x0000000089880000)
 Metaspace       used 17382K, capacity 17576K, committed 17792K, reserved 1064960K
  class space    used 1570K, capacity 1622K, committed 1664K, reserved 1048576K
}
Event: 288.276 GC heap before
{Heap before GC invocations=50 (full 1):
 PSYoungGen      total 151040K, used 150188K [0x00000000d5d80000, 0x00000000f2a80000, 0x0000000100000000)
  eden space 150528K, 99% used [0x00000000d5d80000,0x00000000df0232d0,0x00000000df080000)
  from space 512K, 6% used [0x00000000f2a00000,0x00000000f2a08000,0x00000000f2a80000)
  to   space 3584K, 0% used [0x00000000f2380000,0x00000000f2380000,0x00000000f2700000)
 ParOldGen       total 131584K, used 69775K [0x0000000081800000, 0x0000000089880000, 0x00000000d5d80000)
  object space 131584K, 53% used [0x0000000081800000,0x0000000085c23d00,0x0000000089880000)
 Metaspace       used 17382K, capacity 17576K, committed 17792K, reserved 1064960K
  class space    used 1570K, capacity 1622K, committed 1664K, reserved 1048576K
Event: 288.278 GC heap after
Heap after GC invocations=50 (full 1):
 PSYoungGen      total 148480K, used 64K [0x00000000d5d80000, 0x00000000f2a80000, 0x0000000100000000)
  eden space 144896K, 0% used [0x00000000d5d80000,0x00000000d5d80000,0x00000000deb00000)
  from space 3584K, 1% used [0x00000000f2380000,0x00000000f2390000,0x00000000f2700000)
  to   space 3072K, 0% used [0x00000000f2780000,0x00000000f2780000,0x00000000f2a80000)
 ParOldGen       total 131584K, used 69783K [0x0000000081800000, 0x0000000089880000, 0x00000000d5d80000)
  object space 131584K, 53% used [0x0000000081800000,0x0000000085c25d00,0x0000000089880000)
 Metaspace       used 17382K, capacity 17576K, committed 17792K, reserved 1064960K
  class space    used 1570K, capacity 1622K, committed 1664K, reserved 1048576K
}
Event: 291.145 GC heap before
{Heap before GC invocations=51 (full 1):
 PSYoungGen      total 148480K, used 144913K [0x00000000d5d80000, 0x00000000f2a80000, 0x0000000100000000)
  eden space 144896K, 99% used [0x00000000d5d80000,0x00000000deaf45d0,0x00000000deb00000)
  from space 3584K, 1% used [0x00000000f2380000,0x00000000f2390000,0x00000000f2700000)
  to   space 3072K, 0% used [0x00000000f2780000,0x00000000f2780000,0x00000000f2a80000)
 ParOldGen       total 131584K, used 69783K [0x0000000081800000, 0x0000000089880000, 0x00000000d5d80000)
  object space 131584K, 53% used [0x0000000081800000,0x0000000085c25d00,0x0000000089880000)
 Metaspace       used 17382K, capacity 17576K, committed 17792K, reserved 1064960K
  class space    used 1570K, capacity 1622K, committed 1664K, reserved 1048576K
Event: 291.146 GC heap after
Heap after GC invocations=51 (full 1):
 PSYoungGen      total 139776K, used 64K [0x00000000d5d80000, 0x00000000f2800000, 0x0000000100000000)
  eden space 139264K, 0% used [0x00000000d5d80000,0x00000000d5d80000,0x00000000de580000)
  from space 512K, 12% used [0x00000000f2780000,0x00000000f2790000,0x00000000f2800000)
  to   space 3072K, 0% used [0x00000000f2200000,0x00000000f2200000,0x00000000f2500000)
 ParOldGen       total 131584K, used 69783K [0x0000000081800000, 0x0000000089880000, 0x00000000d5d80000)
  object space 131584K, 53% used [0x0000000081800000,0x0000000085c25d00,0x0000000089880000)
 Metaspace       used 17382K, capacity 17576K, committed 17792K, reserved 1064960K
  class space    used 1570K, capacity 1622K, committed 1664K, reserved 1048576K
}
Event: 293.878 GC heap before
{Heap before GC invocations=52 (full 1):
 PSYoungGen      total 139776K, used 138732K [0x00000000d5d80000, 0x00000000f2800000, 0x0000000100000000)
  eden space 139264K, 99% used [0x00000000d5d80000,0x00000000de4eb160,0x00000000de580000)
  from space 512K, 12% used [0x00000000f2780000,0x00000000f2790000,0x00000000f2800000)
  to   space 3072K, 0% used [0x00000000f2200000,0x00000000f2200000,0x00000000f2500000)
 ParOldGen       total 131584K, used 69783K [0x0000000081800000, 0x0000000089880000, 0x00000000d5d80000)
  object space 131584K, 53% used [0x0000000081800000,0x0000000085c25d00,0x0000000089880000)
 Metaspace       used 17386K, capacity 17576K, committed 17792K, reserved 1064960K
  class space    used 1570K, capacity 1622K, committed 1664K, reserved 1048576K
Event: 293.879 GC heap after
Heap after GC invocations=52 (full 1):
 PSYoungGen      total 137216K, used 96K [0x00000000d5d80000, 0x00000000f2800000, 0x0000000100000000)
  eden space 134144K, 0% used [0x00000000d5d80000,0x00000000d5d80000,0x00000000de080000)
  from space 3072K, 3% used [0x00000000f2200000,0x00000000f2218000,0x00000000f2500000)
  to   space 2560K, 0% used [0x00000000f2580000,0x00000000f2580000,0x00000000f2800000)
 ParOldGen       total 131584K, used 69783K [0x0000000081800000, 0x0000000089880000, 0x00000000d5d80000)
  object space 131584K, 53% used [0x0000000081800000,0x0000000085c25d00,0x0000000089880000)
 Metaspace       used 17386K, capacity 17576K, committed 17792K, reserved 1064960K
  class space    used 1570K, capacity 1622K, committed 1664K, reserved 1048576K
}
Event: 296.514 GC heap before
{Heap before GC invocations=53 (full 1):
 PSYoungGen      total 137216K, used 134011K [0x00000000d5d80000, 0x00000000f2800000, 0x0000000100000000)
  eden space 134144K, 99% used [0x00000000d5d80000,0x00000000de046c80,0x00000000de080000)
  from space 3072K, 3% used [0x00000000f2200000,0x00000000f2218000,0x00000000f2500000)
  to   space 2560K, 0% used [0x00000000f2580000,0x00000000f2580000,0x00000000f2800000)
 ParOldGen       total 131584K, used 69783K [0x0000000081800000, 0x0000000089880000, 0x00000000d5d80000)
  object space 131584K, 53% used [0x0000000081800000,0x0000000085c25d00,0x0000000089880000)
 Metaspace       used 17386K, capacity 17576K, committed 17792K, reserved 1064960K
  class space    used 1570K, capacity 1622K, committed 1664K, reserved 1048576K
Event: 296.515 GC heap after
Heap after GC invocations=53 (full 1):
 PSYoungGen      total 129536K, used 64K [0x00000000d5d80000, 0x00000000f2600000, 0x0000000100000000)
  eden space 129024K, 0% used [0x00000000d5d80000,0x00000000d5d80000,0x00000000ddb80000)
  from space 512K, 12% used [0x00000000f2580000,0x00000000f2590000,0x00000000f2600000)
  to   space 2560K, 0% used [0x00000000f2100000,0x00000000f2100000,0x00000000f2380000)
 ParOldGen       total 131584K, used 69783K [0x0000000081800000, 0x0000000089880000, 0x00000000d5d80000)
  object space 131584K, 53% used [0x0000000081800000,0x0000000085c25d00,0x0000000089880000)
 Metaspace       used 17386K, capacity 17576K, committed 17792K, reserved 1064960K
  class space    used 1570K, capacity 1622K, committed 1664K, reserved 1048576K
}

Deoptimization events (10 events):
Event: 5.437 Thread 0x000000001a05d800 Uncommon trap: reason=class_check action=maybe_recompile pc=0x0000000002c26d28 method=java.lang.String.equals(Ljava/lang/Object;)Z @ 8
Event: 5.437 Thread 0x000000001a05d800 Uncommon trap: reason=class_check action=maybe_recompile pc=0x0000000002c26d28 method=java.lang.String.equals(Ljava/lang/Object;)Z @ 8
Event: 5.437 Thread 0x000000001a05d800 Uncommon trap: reason=class_check action=maybe_recompile pc=0x0000000002c26d28 method=java.lang.String.equals(Ljava/lang/Object;)Z @ 8
Event: 15.777 Thread 0x000000001a05d800 Uncommon trap: reason=unstable_if action=reinterpret pc=0x0000000002f95278 method=processing.opengl.PGraphicsOpenGL.nonZero(F)Z @ 8
Event: 121.284 Thread 0x000000001a05d800 Uncommon trap: reason=unstable_if action=reinterpret pc=0x000000000302653c method=processing.opengl.PGraphicsOpenGL$TessGeometry.polyVertexCheck(I)V @ 15
Event: 121.285 Thread 0x000000001a05d800 Uncommon trap: reason=unstable_if action=reinterpret pc=0x0000000002f9ca10 method=processing.opengl.PGraphicsOpenGL$TessGeometry.lineVertexCheck(I)V @ 15
Event: 196.884 Thread 0x000000001a05d800 Uncommon trap: reason=unstable_if action=reinterpret pc=0x000000000314631c method=KinectPV2.KSkeleton.getIndexColor()I @ 112
Event: 293.240 Thread 0x000000001a05d800 Uncommon trap: reason=unstable_if action=reinterpret pc=0x000000000315c6d0 method=processing.core.PApplet$InternalEventQueue.available()Z @ 4
Event: 293.274 Thread 0x000000001a05d800 Uncommon trap: reason=unstable_if action=reinterpret pc=0x0000000002d03cdc method=processing.core.PApplet$InternalEventQueue.available()Z @ 4
Event: 293.307 Thread 0x000000001a05d800 Uncommon trap: reason=unstable_if action=reinterpret pc=0x0000000002e36274 method=processing.core.PApplet$InternalEventQueue.available()Z @ 4

Internal exceptions (10 events):
Event: 0.031 Thread 0x00000000028ce800 Exception <a 'java/lang/NoSuchMethodError': Method sun.misc.Unsafe.prefetchRead(Ljava/lang/Object;J)V name or signature does not match> (0x00000000d5d87f90) thrown at [C:\re\workspace\8-2-build-windows-amd64-cygwin\jdk8u121\8372\hotspot\src\share\vm\prims
Event: 0.127 Thread 0x00000000028ce800 Exception <a 'java/security/PrivilegedActionException'> (0x00000000d60645a8) thrown at [C:\re\workspace\8-2-build-windows-amd64-cygwin\jdk8u121\8372\hotspot\src\share\vm\prims\jvm.cpp, line 1390]
Event: 0.127 Thread 0x00000000028ce800 Exception <a 'java/security/PrivilegedActionException'> (0x00000000d60647b8) thrown at [C:\re\workspace\8-2-build-windows-amd64-cygwin\jdk8u121\8372\hotspot\src\share\vm\prims\jvm.cpp, line 1390]
Event: 0.127 Thread 0x00000000028ce800 Exception <a 'java/security/PrivilegedActionException'> (0x00000000d60688b0) thrown at [C:\re\workspace\8-2-build-windows-amd64-cygwin\jdk8u121\8372\hotspot\src\share\vm\prims\jvm.cpp, line 1390]
Event: 0.127 Thread 0x00000000028ce800 Exception <a 'java/security/PrivilegedActionException'> (0x00000000d6068ac0) thrown at [C:\re\workspace\8-2-build-windows-amd64-cygwin\jdk8u121\8372\hotspot\src\share\vm\prims\jvm.cpp, line 1390]
Event: 0.131 Thread 0x00000000028ce800 Exception <a 'java/io/FileNotFoundException'> (0x00000000d60724e8) thrown at [C:\re\workspace\8-2-build-windows-amd64-cygwin\jdk8u121\8372\hotspot\src\share\vm\prims\jni.cpp, line 709]
Event: 0.161 Thread 0x00000000028ce800 Exception <a 'java/lang/NoSuchFieldError': method resolution failed> (0x00000000d613f9a8) thrown at [C:\re\workspace\8-2-build-windows-amd64-cygwin\jdk8u121\8372\hotspot\src\share\vm\prims\methodHandles.cpp, line 1146]
Event: 0.162 Thread 0x00000000028ce800 Exception <a 'java/lang/NoSuchFieldError': method resolution failed> (0x00000000d614cee0) thrown at [C:\re\workspace\8-2-build-windows-amd64-cygwin\jdk8u121\8372\hotspot\src\share\vm\prims\methodHandles.cpp, line 1146]
Event: 0.199 Thread 0x00000000028ce800 Exception <a 'java/io/FileNotFoundException'> (0x00000000d61e97a0) thrown at [C:\re\workspace\8-2-build-windows-amd64-cygwin\jdk8u121\8372\hotspot\src\share\vm\prims\jni.cpp, line 709]
Event: 296.648 Thread 0x000000001a05c800 Exception <a 'java/lang/InterruptedException'> (0x00000000d642e978) thrown at [C:\re\workspace\8-2-build-windows-amd64-cygwin\jdk8u121\8372\hotspot\src\share\vm\runtime\objectMonitor.cpp, line 1684]

Events (10 events):
Event: 293.274 Thread 0x000000001a05d800 DEOPT UNPACKING pc=0x0000000002ad582a sp=0x000000002159e9c8 mode 2
Event: 293.307 Thread 0x000000001a05d800 Uncommon trap: trap_request=0xffffff65 fr.pc=0x0000000002e36274
Event: 293.307 Thread 0x000000001a05d800 DEOPT PACKING pc=0x0000000002e36274 sp=0x000000002159e9b0
Event: 293.307 Thread 0x000000001a05d800 DEOPT UNPACKING pc=0x0000000002ad582a sp=0x000000002159e920 mode 2
Event: 293.828 Thread 0x00000000175f2800 flushing nmethod 0x0000000002bb27d0
Event: 293.878 Executing VM operation: ParallelGCFailedAllocation
Event: 293.879 Executing VM operation: ParallelGCFailedAllocation done
Event: 296.514 Executing VM operation: ParallelGCFailedAllocation
Event: 296.516 Executing VM operation: ParallelGCFailedAllocation done
Event: 296.648 Thread 0x000000001a05c800 Thread exited: 0x000000001a05c800


Dynamic libraries:
0x00007ff63e1d0000 - 0x00007ff63e207000 	C:\Program Files\Java\jdk1.8.0_121\bin\java.exe
0x00007ffbb0fb0000 - 0x00007ffbb1182000 	C:\WINDOWS\SYSTEM32\ntdll.dll
0x00007ffbae570000 - 0x00007ffbae61c000 	C:\WINDOWS\System32\KERNEL32.DLL
0x00007ffbadd10000 - 0x00007ffbadf2d000 	C:\WINDOWS\System32\KERNELBASE.dll
0x00007ffbb0880000 - 0x00007ffbb0922000 	C:\WINDOWS\System32\ADVAPI32.dll
0x00007ffbb02f0000 - 0x00007ffbb038e000 	C:\WINDOWS\System32\msvcrt.dll
0x00007ffbb0660000 - 0x00007ffbb06b9000 	C:\WINDOWS\System32\sechost.dll
0x00007ffbae620000 - 0x00007ffbae741000 	C:\WINDOWS\System32\RPCRT4.dll
0x00007ffbb0060000 - 0x00007ffbb01c5000 	C:\WINDOWS\System32\USER32.dll
0x00007ffbae1f0000 - 0x00007ffbae20e000 	C:\WINDOWS\System32\win32u.dll
0x00007ffbb0390000 - 0x00007ffbb03c4000 	C:\WINDOWS\System32\GDI32.dll
0x00007ffbad4b0000 - 0x00007ffbad630000 	C:\WINDOWS\System32\gdi32full.dll
0x00007ffba7ca0000 - 0x00007ffba7f1a000 	C:\WINDOWS\WinSxS\amd64_microsoft.windows.common-controls_6595b64144ccf1df_6.0.14393.953_none_42151e83c686086b\COMCTL32.dll
0x00007ffbae7b0000 - 0x00007ffbaea78000 	C:\WINDOWS\System32\combase.dll
0x00007ffbae440000 - 0x00007ffbae535000 	C:\WINDOWS\System32\ucrtbase.dll
0x00007ffbadfe0000 - 0x00007ffbae04a000 	C:\WINDOWS\System32\bcryptPrimitives.dll
0x00007ffbae540000 - 0x00007ffbae56e000 	C:\WINDOWS\System32\IMM32.DLL
0x0000000072880000 - 0x0000000072952000 	C:\Program Files\Java\jdk1.8.0_121\jre\bin\msvcr100.dll
0x0000000075bd0000 - 0x000000007646b000 	C:\Program Files\Java\jdk1.8.0_121\jre\bin\server\jvm.dll
0x00007ffbb0ea0000 - 0x00007ffbb0ea8000 	C:\WINDOWS\System32\PSAPI.DLL
0x00007ffbaa530000 - 0x00007ffbaa539000 	C:\WINDOWS\SYSTEM32\WSOCK32.dll
0x00007ffbab790000 - 0x00007ffbab7b3000 	C:\WINDOWS\SYSTEM32\WINMM.dll
0x00007ffbb0280000 - 0x00007ffbb02ea000 	C:\WINDOWS\System32\WS2_32.dll
0x00007ffba9850000 - 0x00007ffba985a000 	C:\WINDOWS\SYSTEM32\VERSION.dll
0x00007ffbab6d0000 - 0x00007ffbab6fb000 	C:\WINDOWS\SYSTEM32\WINMMBASE.dll
0x00007ffbae100000 - 0x00007ffbae142000 	C:\WINDOWS\System32\cfgmgr32.dll
0x0000000075ae0000 - 0x0000000075aef000 	C:\Program Files\Java\jdk1.8.0_121\jre\bin\verify.dll
0x0000000075ab0000 - 0x0000000075ad9000 	C:\Program Files\Java\jdk1.8.0_121\jre\bin\java.dll
0x0000000075a90000 - 0x0000000075aa6000 	C:\Program Files\Java\jdk1.8.0_121\jre\bin\zip.dll
0x00007ffbaea90000 - 0x00007ffbaff98000 	C:\WINDOWS\System32\SHELL32.dll
0x00007ffbad630000 - 0x00007ffbadd0a000 	C:\WINDOWS\System32\windows.storage.dll
0x00007ffbad450000 - 0x00007ffbad49c000 	C:\WINDOWS\System32\powrprof.dll
0x00007ffbb0530000 - 0x00007ffbb0582000 	C:\WINDOWS\System32\shlwapi.dll
0x00007ffbad4a0000 - 0x00007ffbad4af000 	C:\WINDOWS\System32\kernel.appcore.dll
0x00007ffbadf30000 - 0x00007ffbadfd9000 	C:\WINDOWS\System32\shcore.dll
0x00007ffbad420000 - 0x00007ffbad434000 	C:\WINDOWS\System32\profapi.dll
0x00007ffbaa750000 - 0x00007ffbaa760000 	C:\Program Files (x86)\JetBrains\IntelliJ IDEA 2016.3.4\bin\breakgen64.dll
0x0000000075880000 - 0x000000007589a000 	C:\Program Files\Java\jdk1.8.0_121\jre\bin\net.dll
0x00007ffbaccf0000 - 0x00007ffbacd4c000 	C:\WINDOWS\system32\mswsock.dll
0x00000000758f0000 - 0x0000000075a88000 	C:\Program Files\Java\jdk1.8.0_121\jre\bin\awt.dll
0x00007ffbaffa0000 - 0x00007ffbb005f000 	C:\WINDOWS\System32\OLEAUT32.dll
0x00007ffbae150000 - 0x00007ffbae1ec000 	C:\WINDOWS\System32\msvcp_win.dll
0x00007ffbabac0000 - 0x00007ffbabb3a000 	C:\WINDOWS\SYSTEM32\apphelp.dll
0x00007ffbabc20000 - 0x00007ffbabcb5000 	C:\WINDOWS\system32\uxtheme.dll
0x00007ffbb03d0000 - 0x00007ffbb052a000 	C:\WINDOWS\System32\MSCTF.dll
0x00007ffbaa9c0000 - 0x00007ffbaa9e6000 	C:\WINDOWS\system32\dwmapi.dll
0x00007ffbb0d60000 - 0x00007ffbb0e98000 	C:\WINDOWS\System32\ole32.dll
0x00007ffb9d9f0000 - 0x00007ffb9db13000 	C:\WINDOWS\system32\opengl32.dll
0x00007ffba7fa0000 - 0x00007ffba7fcd000 	C:\WINDOWS\SYSTEM32\GLU32.dll
0x00007ffb9d5f0000 - 0x00007ffb9d6e7000 	C:\WINDOWS\SYSTEM32\DDRAW.dll
0x00007ffbaaf40000 - 0x00007ffbaaf48000 	C:\WINDOWS\SYSTEM32\DCIMAN32.dll
0x00007ffbacea0000 - 0x00007ffbaceb7000 	C:\WINDOWS\SYSTEM32\CRYPTSP.dll
0x00007ffbac8f0000 - 0x00007ffbac923000 	C:\WINDOWS\system32\rsaenh.dll
0x00007ffbad360000 - 0x00007ffbad38b000 	C:\WINDOWS\SYSTEM32\bcrypt.dll
0x00007ffbacb70000 - 0x00007ffbacb8f000 	C:\WINDOWS\SYSTEM32\USERENV.dll
0x00007ffbace90000 - 0x00007ffbace9b000 	C:\WINDOWS\SYSTEM32\CRYPTBASE.dll
0x00007ffbaca70000 - 0x00007ffbacaa8000 	C:\WINDOWS\SYSTEM32\IPHLPAPI.DLL
0x00007ffbb0270000 - 0x00007ffbb0278000 	C:\WINDOWS\System32\NSI.dll
0x00007ffba3920000 - 0x00007ffba3936000 	C:\WINDOWS\SYSTEM32\dhcpcsvc6.DLL
0x00007ffba3f40000 - 0x00007ffba3f5a000 	C:\WINDOWS\SYSTEM32\dhcpcsvc.DLL
0x0000000075860000 - 0x0000000075871000 	C:\Program Files\Java\jdk1.8.0_121\jre\bin\nio.dll
0x00000000637c0000 - 0x00000000637cd000 	C:\Users\ricar\AppData\Local\Temp\jogamp_0000\file_cache\jln5312899769846182358\jln8423188533550941871\natives\windows-amd64\gluegen-rt.dll
0x0000000075770000 - 0x0000000075777000 	C:\Program Files\Java\jdk1.8.0_121\jre\bin\jawt.dll
0x000000006a440000 - 0x000000006a44d000 	C:\Users\ricar\AppData\Local\Temp\jogamp_0000\file_cache\jln5312899769846182358\jln8423188533550941871\natives\windows-amd64\nativewindow_awt.dll
0x000000006c100000 - 0x000000006c10f000 	C:\Users\ricar\AppData\Local\Temp\jogamp_0000\file_cache\jln5312899769846182358\jln8423188533550941871\natives\windows-amd64\nativewindow_win32.dll
0x000000006cbc0000 - 0x000000006cbd3000 	C:\Users\ricar\AppData\Local\Temp\jogamp_0000\file_cache\jln5312899769846182358\jln8423188533550941871\natives\windows-amd64\newt.dll
0x00007ffba9380000 - 0x00007ffba9411000 	C:\WINDOWS\SYSTEM32\mscms.dll
0x00007ffb98890000 - 0x00007ffb988d2000 	C:\WINDOWS\SYSTEM32\icm32.dll
0x00007ffbb0930000 - 0x00007ffbb0d59000 	C:\WINDOWS\System32\setupapi.dll
0x00007ffbabf80000 - 0x00007ffbabfa8000 	C:\WINDOWS\SYSTEM32\DEVOBJ.dll
0x00007ffbae3e0000 - 0x00007ffbae435000 	C:\WINDOWS\System32\WINTRUST.dll
0x00007ffbad440000 - 0x00007ffbad450000 	C:\WINDOWS\System32\MSASN1.dll
0x00007ffbae210000 - 0x00007ffbae3d9000 	C:\WINDOWS\System32\CRYPT32.dll
0x0000000064500000 - 0x00000000645b1000 	C:\Users\ricar\AppData\Local\Temp\jogamp_0000\file_cache\jln5312899769846182358\jln8423188533550941871\natives\windows-amd64\jogl_desktop.dll
0x0000000064340000 - 0x00000000643a2000 	C:\Users\ricar\AppData\Local\Temp\jogamp_0000\file_cache\jln5312899769846182358\jln8423188533550941871\natives\windows-amd64\jogl_mobile.dll
0x0000000072990000 - 0x0000000074ae0000 	C:\WINDOWS\SYSTEM32\nvoglv64.DLL
0x00007ffbaa6e0000 - 0x00007ffbaa6f3000 	C:\WINDOWS\SYSTEM32\WTSAPI32.dll
0x00007ffbac7c0000 - 0x00007ffbac7f2000 	C:\WINDOWS\SYSTEM32\ntmarta.dll
0x00007ffbad300000 - 0x00007ffbad356000 	C:\WINDOWS\SYSTEM32\WINSTA.dll
0x00007ffb95910000 - 0x00007ffb95aac000 	C:\Users\ricar\Desktop\MoveCode\KinectPV2-master\Build_libs\MoveOn\libs\kinectPV2\Kinect20.Face.dll
0x00007ffb9d2c0000 - 0x00007ffb9d367000 	C:\WINDOWS\SYSTEM32\MSVCP110.dll
0x00007ffba0fe0000 - 0x00007ffba10b4000 	C:\WINDOWS\SYSTEM32\MSVCR110.dll
0x00007ffba2b40000 - 0x00007ffba2b51000 	C:\Users\ricar\Desktop\MoveCode\KinectPV2-master\Build_libs\MoveOn\libs\kinectPV2\KinectPV2.dll
0x00007ffb97840000 - 0x00007ffb978fb000 	C:\WINDOWS\SYSTEM32\Kinect20.dll
0x00007ffba2bf0000 - 0x00007ffba2d58000 	C:\WINDOWS\SYSTEM32\MFPlat.DLL
0x00007ffbab920000 - 0x00007ffbab94e000 	C:\WINDOWS\SYSTEM32\RTWorkQ.DLL
0x00007ffbac3a0000 - 0x00007ffbac43f000 	C:\WINDOWS\system32\dxgi.dll
0x00007ffbaa9f0000 - 0x00007ffbaaca6000 	C:\WINDOWS\system32\d3d11.dll
0x00007ffb799e0000 - 0x00007ffb7b111000 	C:\WINDOWS\System32\DriverStore\FileRepository\nvami.inf_amd64_11a67240324f74de\nvwgf2umx.dll
0x00007ffba78a0000 - 0x00007ffba7c9b000 	C:\WINDOWS\system32\nvapi64.dll
0x00000000758a0000 - 0x00000000758e7000 	C:\Program Files\Java\jdk1.8.0_121\jre\bin\fontmanager.dll
0x0000000075790000 - 0x00000000757d2000 	C:\Program Files\Java\jdk1.8.0_121\jre\bin\t2k.dll
0x00007ffba9e30000 - 0x00007ffba9fc2000 	C:\WINDOWS\SYSTEM32\dbghelp.dll

VM Arguments:
jvm_args: -Djava.library.path=C:\Users\ricar\Desktop\MoveCode\KinectPV2-master\Build_libs\MoveOn\libs\kinectPV2 -Didea.launcher.port=7539 -Didea.launcher.bin.path=C:\Program Files (x86)\JetBrains\IntelliJ IDEA 2016.3.4\bin -Dfile.encoding=UTF-8 
java_command: com.intellij.rt.execution.application.AppMain SkeletonDepthTest
java_class_path (initial): C:\Program Files\Java\jdk1.8.0_121\jre\lib\charsets.jar;C:\Program Files\Java\jdk1.8.0_121\jre\lib\deploy.jar;C:\Program Files\Java\jdk1.8.0_121\jre\lib\ext\access-bridge-64.jar;C:\Program Files\Java\jdk1.8.0_121\jre\lib\ext\cldrdata.jar;C:\Program Files\Java\jdk1.8.0_121\jre\lib\ext\dnsns.jar;C:\Program Files\Java\jdk1.8.0_121\jre\lib\ext\jaccess.jar;C:\Program Files\Java\jdk1.8.0_121\jre\lib\ext\jfxrt.jar;C:\Program Files\Java\jdk1.8.0_121\jre\lib\ext\localedata.jar;C:\Program Files\Java\jdk1.8.0_121\jre\lib\ext\nashorn.jar;C:\Program Files\Java\jdk1.8.0_121\jre\lib\ext\sunec.jar;C:\Program Files\Java\jdk1.8.0_121\jre\lib\ext\sunjce_provider.jar;C:\Program Files\Java\jdk1.8.0_121\jre\lib\ext\sunmscapi.jar;C:\Program Files\Java\jdk1.8.0_121\jre\lib\ext\sunpkcs11.jar;C:\Program Files\Java\jdk1.8.0_121\jre\lib\ext\zipfs.jar;C:\Program Files\Java\jdk1.8.0_121\jre\lib\javaws.jar;C:\Program Files\Java\jdk1.8.0_121\jre\lib\jce.jar;C:\Program Files\Java\jdk1.8.0_121\jre\lib\jfr.jar;C:\Program Files\Java\jdk1.8.0_121\jre\lib\jfxswt.jar;C:\Program Files\Java\jdk1.8.0_121\jre\lib\jsse.jar;C:\Program Files\Java\jdk1.8.0_121\jre\lib\management-agent.jar;C:\Program Files\Java\jdk1.8.0_121\jre\lib\plugin.jar;C:\Program Files\Java\jdk1.8.0_121\jre\lib\resources.jar;C:\Program Files\Java\jdk1.8.0_121\jre\lib\rt.jar;C:\Users\ricar\Desktop\MoveCode\KinectPV2-master\Build_libs\MoveOn\out\production\MoveOn;C:\Users\ricar\Desktop\MoveCode\KinectPV2-master\Build_libs\MoveOn\libs\kinectPV2\KinectPV2.jar;C:\Users\ricar\Desktop\MoveCode\KinectPV2-master\Build_libs\MoveOn\libs\p3.01\core.jar;C:\Users\ricar\Desktop\MoveCode\KinectPV2-master\Build_libs\MoveOn\libs\p3.01\jogl-all.jar;C:\Users\ricar\Desktop\MoveCode\KinectPV2-master\Build_libs\MoveOn\libs\p3.01\gluegen-rt.jar;C:\Users\ricar\Desktop\MoveCode\KinectPV2-master\Build_libs\MoveOn\libs\p3.01\jogl-all-natives-linux-i586.jar;C:\Users\ricar\Desktop\MoveCode\KinectPV2-master\Build_libs\MoveOn\libs\p3.01\jogl-
Launcher Type: SUN_STANDARD

Environment Variables:
PATH=C:\ProgramData\Oracle\Java\javapath;C:\Program Files (x86)\Intel\iCLS Client\;C:\Program Files\Intel\iCLS Client\;C:\Windows\system32;C:\Windows;C:\Windows\System32\Wbem;C:\Windows\System32\WindowsPowerShell\v1.0\;C:\Program Files (x86)\NVIDIA Corporation\PhysX\Common;C:\Program Files (x86)\Intel\Intel(R) Management Engine Components\DAL;C:\Program Files\Intel\Intel(R) Management Engine Components\DAL;C:\Program Files (x86)\Intel\Intel(R) Management Engine Components\IPT;C:\Program Files\Intel\Intel(R) Management Engine Components\IPT;C:\WINDOWS\system32;C:\WINDOWS;C:\WINDOWS\System32\Wbem;C:\WINDOWS\System32\WindowsPowerShell\v1.0\;C:\Program Files\Git\cmd;C:\;C:\Users\ricar\AppData\Local\Microsoft\WindowsApps;C:\Users\ricar\AppData\Roaming\npm
USERNAME=ricar
OS=Windows_NT
PROCESSOR_IDENTIFIER=Intel64 Family 6 Model 94 Stepping 3, GenuineIntel



---------------  S Y S T E M  ---------------

OS: Windows 10.0 , 64 bit Build 14393 (10.0.14393.1198)

CPU:total 4 (4 cores per cpu, 1 threads per core) family 6 model 94 stepping 3, cmov, cx8, fxsr, mmx, sse, sse2, sse3, ssse3, sse4.1, sse4.2, popcnt, avx, avx2, aes, clmul, erms, rtm, 3dnowpref, lzcnt, tsc, tscinvbit, bmi1, bmi2, adx

Memory: 4k page, physical 8285044k(3694216k free), swap 18266080k(12060928k free)

vm_info: Java HotSpot(TM) 64-Bit Server VM (25.121-b13) for windows-amd64 JRE (1.8.0_121-b13), built on Dec 12 2016 18:21:36 by "java_re" with MS VC++ 10.0 (VS2010)

time: Thu Aug 24 16:08:15 2017
elapsed time: 296 seconds (0d 0h 4m 56s)

