#
# A fatal error has been detected by the Java Runtime Environment:
#
#  EXCEPTION_ACCESS_VIOLATION (0xc0000005) at pc=0x0000000000000000, pid=8356, tid=0x0000000000001cc4
#
# JRE version: Java(TM) SE Runtime Environment (8.0_121-b13) (build 1.8.0_121-b13)
# Java VM: Java HotSpot(TM) 64-Bit Server VM (25.121-b13 mixed mode windows-amd64 compressed oops)
# Problematic frame:
# C  0x0000000000000000
#
# Failed to write core dump. Minidumps are not enabled by default on client versions of Windows
#
# If you would like to submit a bug report, please visit:
#   http://bugreport.java.com/bugreport/crash.jsp
# The crash happened outside the Java Virtual Machine in native code.
# See problematic frame for where to report the bug.
#

---------------  T H R E A D  ---------------

Current thread (0x000000001a01b000):  JavaThread "main-FPSAWTAnimator#00-Timer0" [_thread_in_native, id=7364, stack(0x0000000021620000,0x0000000021720000)]

siginfo: ExceptionCode=0xc0000005, ExceptionInformation=0x0000000000000008 0x0000000000000000

Registers:
RAX=0x0000000021ffab70, RBX=0x00000000218b3d20, RCX=0x0000000000ea0150, RDX=0x0000000000000000
RSP=0x000000002171e268, RBP=0x0000000000000000, RSI=0x0000000000000006, RDI=0x00000000218b3f50
R8 =0x000000002171df18, R9 =0x0000000000008000, R10=0x0000000000000000, R11=0x000000002171e160
R12=0x0000000000000000, R13=0x000000001b608b20, R14=0x000000002171e360, R15=0x000000001a01b000
RIP=0x0000000000000000, EFLAGS=0x0000000000010206

Top of Stack: (sp=0x000000002171e268)
0x000000002171e268:   00007ffba2b95526 00000000218b3d20
0x000000002171e278:   000000001b608b20 0000000000000000
0x000000002171e288:   0000000019a47660 0000000019a47660
0x000000002171e298:   00007ffba2b9177a 000000002171e360
0x000000002171e2a8:   000000002171e340 000000001a01b1f8
0x000000002171e2b8:   000000001a01b000 0000000002c4835d
0x000000002171e2c8:   0000000002c57f74 000000001b608b20
0x000000002171e2d8:   000000001a01b000 000000001a01b000
0x000000002171e2e8:   000000001a01b000 000000002171e3b8
0x000000002171e2f8:   0000000002c57ca2 000000002171e300
0x000000002171e308:   000000001b608b20 000000002171e360
0x000000002171e318:   000000001b60a7b8 0000000000000000
0x000000002171e328:   000000001b608b20 0000000000000000
0x000000002171e338:   000000002171e360 000000002171e3a8
0x000000002171e348:   0000000002c47b30 0000000000000000
0x000000002171e358:   0000000002c519c0 000000008493cc58 

Instructions: (pc=0x0000000000000000)
0xffffffffffffffe0:   


Register to memory mapping:

RAX=0x0000000021ffab70 is an unknown value
RBX=0x00000000218b3d20 is an unknown value
RCX=0x0000000000ea0150 is an unknown value
RDX=0x0000000000000000 is an unknown value
RSP=0x000000002171e268 is pointing into the stack for thread: 0x000000001a01b000
RBP=0x0000000000000000 is an unknown value
RSI=0x0000000000000006 is an unknown value
RDI=0x00000000218b3f50 is an unknown value
R8 =0x000000002171df18 is pointing into the stack for thread: 0x000000001a01b000
R9 =0x0000000000008000 is an unknown value
R10=0x0000000000000000 is an unknown value
R11=0x000000002171e160 is pointing into the stack for thread: 0x000000001a01b000
R12=0x0000000000000000 is an unknown value
R13={method} {0x000000001b608b28} 'jniStopSignal' '()Z' in 'KinectPV2/Device'
R14=0x000000002171e360 is pointing into the stack for thread: 0x000000001a01b000
R15=0x000000001a01b000 is a thread


Stack: [0x0000000021620000,0x0000000021720000],  sp=0x000000002171e268,  free space=1016k
Native frames: (J=compiled Java code, j=interpreted, Vv=VM code, C=native code)

Java frames: (J=compiled Java code, j=interpreted, Vv=VM code)
j  KinectPV2.Device.jniStopSignal()Z+0
j  KinectPV2.Device.cleanDevice()Z+1
j  KinectPV2.KinectPV2.dispose()V+10
v  ~StubRoutines::call_stub
j  sun.reflect.NativeMethodAccessorImpl.invoke0(Ljava/lang/reflect/Method;Ljava/lang/Object;[Ljava/lang/Object;)Ljava/lang/Object;+0
j  sun.reflect.NativeMethodAccessorImpl.invoke(Ljava/lang/Object;[Ljava/lang/Object;)Ljava/lang/Object;+100
j  sun.reflect.DelegatingMethodAccessorImpl.invoke(Ljava/lang/Object;[Ljava/lang/Object;)Ljava/lang/Object;+6
j  java.lang.reflect.Method.invoke(Ljava/lang/Object;[Ljava/lang/Object;)Ljava/lang/Object;+56
j  processing.core.PApplet$RegisteredMethods.handle([Ljava/lang/Object;)V+18
J 988 C1 processing.core.PApplet.handleMethods(Ljava/lang/String;)V (21 bytes) @ 0x000000000301bd9c [0x000000000301bae0+0x2bc]
j  processing.core.PApplet.dispose()V+35
J 1765 C1 processing.opengl.PSurfaceJOGL$DrawListener.display(Lcom/jogamp/opengl/GLAutoDrawable;)V (220 bytes) @ 0x000000000327dd84 [0x000000000327d220+0xb64]
J 1704 C1 jogamp.opengl.GLDrawableHelper.displayImpl(Lcom/jogamp/opengl/GLAutoDrawable;)V (86 bytes) @ 0x0000000003243884 [0x0000000003242f40+0x944]
J 1702 C1 jogamp.opengl.GLAutoDrawableBase$2.run()V (73 bytes) @ 0x000000000324e33c [0x000000000324df60+0x3dc]
J 1700 C1 jogamp.opengl.GLDrawableHelper.invokeGLImpl(Lcom/jogamp/opengl/GLDrawable;Lcom/jogamp/opengl/GLContext;Ljava/lang/Runnable;Ljava/lang/Runnable;)V (579 bytes) @ 0x0000000003245c6c [0x0000000003244e20+0xe4c]
J 1759 C1 jogamp.opengl.GLDrawableHelper.invokeGL(Lcom/jogamp/opengl/GLDrawable;Lcom/jogamp/opengl/GLContext;Ljava/lang/Runnable;Ljava/lang/Runnable;)V (76 bytes) @ 0x0000000003279844 [0x0000000003279780+0xc4]
J 1695 C1 com.jogamp.newt.opengl.GLWindow.display()V (144 bytes) @ 0x0000000003235944 [0x0000000003235040+0x904]
J 1694 C1 com.jogamp.opengl.util.AWTAnimatorImpl.display(Ljava/util/ArrayList;ZZ)V (170 bytes) @ 0x000000000322d86c [0x000000000322d180+0x6ec]
J 1692 C1 com.jogamp.opengl.util.FPSAnimator$MainTask.run()V (805 bytes) @ 0x0000000003230c04 [0x000000000322fec0+0xd44]
j  java.util.TimerThread.mainLoop()V+221
j  java.util.TimerThread.run()V+1
v  ~StubRoutines::call_stub

---------------  P R O C E S S  ---------------

Java Threads: ( => current thread )
  0x000000001a10b000 JavaThread "Thread-5" [_thread_blocked, id=9156, stack(0x000000002fce0000,0x000000002fde0000)]
  0x00000000009ae800 JavaThread "DestroyJavaVM" [_thread_blocked, id=6356, stack(0x00000000012a0000,0x00000000013a0000)]
=>0x000000001a01b000 JavaThread "main-FPSAWTAnimator#00-Timer0" [_thread_in_native, id=7364, stack(0x0000000021620000,0x0000000021720000)]
  0x000000001a01f000 JavaThread "HighResTimerThread" daemon [_thread_blocked, id=4912, stack(0x0000000021420000,0x0000000021520000)]
  0x000000001a14e800 JavaThread "main-SharedResourceRunner" daemon [_thread_blocked, id=3772, stack(0x000000001b630000,0x000000001b730000)]
  0x0000000019ea5800 JavaThread "main-Display-.windows_nil-1-EDT-1" daemon [_thread_blocked, id=2808, stack(0x000000001b130000,0x000000001b230000)]
  0x0000000019a9d800 JavaThread "AWT-Windows" daemon [_thread_in_native, id=4316, stack(0x000000001a3c0000,0x000000001a4c0000)]
  0x0000000019a99000 JavaThread "Java2D Disposer" daemon [_thread_blocked, id=1704, stack(0x000000001a1c0000,0x000000001a2c0000)]
  0x000000001926c800 JavaThread "Monitor Ctrl-Break" daemon [_thread_in_native, id=6992, stack(0x0000000019770000,0x0000000019870000)]
  0x0000000019121800 JavaThread "Service Thread" daemon [_thread_blocked, id=5576, stack(0x00000000194f0000,0x00000000195f0000)]
  0x000000001779c800 JavaThread "C1 CompilerThread2" daemon [_thread_blocked, id=3412, stack(0x0000000018ff0000,0x00000000190f0000)]
  0x0000000017792000 JavaThread "C2 CompilerThread1" daemon [_thread_blocked, id=13212, stack(0x0000000018ef0000,0x0000000018ff0000)]
  0x000000001778f800 JavaThread "C2 CompilerThread0" daemon [_thread_blocked, id=4192, stack(0x0000000018df0000,0x0000000018ef0000)]
  0x000000001778e000 JavaThread "Attach Listener" daemon [_thread_blocked, id=13084, stack(0x0000000018cf0000,0x0000000018df0000)]
  0x000000001778c800 JavaThread "Signal Dispatcher" daemon [_thread_blocked, id=13056, stack(0x0000000018bf0000,0x0000000018cf0000)]
  0x0000000002c3d800 JavaThread "Finalizer" daemon [_thread_blocked, id=7576, stack(0x00000000189e0000,0x0000000018ae0000)]
  0x0000000002c32000 JavaThread "Reference Handler" daemon [_thread_blocked, id=6196, stack(0x00000000188e0000,0x00000000189e0000)]

Other Threads:
  0x0000000017757000 VMThread [stack: 0x00000000187e0000,0x00000000188e0000] [id=5940]
  0x0000000019140800 WatcherThread [stack: 0x00000000195f0000,0x00000000196f0000] [id=3672]

VM state:not at safepoint (normal execution)

VM Mutex/Monitor currently owned by a thread: None

Heap:
 PSYoungGen      total 605696K, used 418736K [0x00000000d5d80000, 0x0000000100000000, 0x0000000100000000)
  eden space 573952K, 72% used [0x00000000d5d80000,0x00000000ef654058,0x00000000f8e00000)
  from space 31744K, 0% used [0x00000000f8e00000,0x00000000f8e18000,0x00000000fad00000)
  to   space 30208K, 0% used [0x00000000fe280000,0x00000000fe280000,0x0000000100000000)
 ParOldGen       total 131584K, used 69353K [0x0000000081800000, 0x0000000089880000, 0x00000000d5d80000)
  object space 131584K, 52% used [0x0000000081800000,0x0000000085bba620,0x0000000089880000)
 Metaspace       used 17539K, capacity 17768K, committed 18048K, reserved 1064960K
  class space    used 1576K, capacity 1622K, committed 1664K, reserved 1048576K

Card table byte_map: [0x0000000012000000,0x0000000012400000] byte_map_base: 0x0000000011bf4000

Marking Bits: (ParMarkBitMap*) 0x00000000763eb6d0
 Begin Bits: [0x0000000012ab0000, 0x0000000014a50000)
 End Bits:   [0x0000000014a50000, 0x00000000169f0000)

Polling page: 0x0000000000e00000

CodeCache: size=245760Kb used=7030Kb max_used=7044Kb free=238729Kb
 bounds [0x0000000002c40000, 0x0000000003330000, 0x0000000011c40000]
 total_blobs=2781 nmethods=1900 adapters=794
 compilation: enabled

Compilation events (10 events):
Event: 32.577 Thread 0x000000001779c800 1897       1       jogamp.newt.WindowImpl::getSurfaceHeight (5 bytes)
Event: 32.577 Thread 0x000000001779c800 nmethod 1897 0x00000000032e2b90 code [0x00000000032e2ce0, 0x00000000032e2df0]
Event: 33.114 Thread 0x000000001778f800 1898       4       processing.opengl.PGraphicsOpenGL::flush (310 bytes)
Event: 33.209 Thread 0x000000001778f800 nmethod 1898 0x000000000331a990 code [0x000000000331b0e0, 0x000000000331fb48]
Event: 33.481 Thread 0x0000000017792000 1899       4       processing.opengl.PGraphicsOpenGL$TexCache::clear (24 bytes)
Event: 33.483 Thread 0x0000000017792000 nmethod 1899 0x00000000032e27d0 code [0x00000000032e2920, 0x00000000032e2a38]
Event: 34.432 Thread 0x000000001778f800 1900       4       processing.opengl.PGraphicsOpenGL::updateProjmodelview (23 bytes)
Event: 34.434 Thread 0x000000001778f800 nmethod 1900 0x000000000331a4d0 code [0x000000000331a620, 0x000000000331a848]
Event: 34.963 Thread 0x0000000017792000 1901       4       com.jogamp.opengl.util.GLBuffers::sizeof (495 bytes)
Event: 34.971 Thread 0x0000000017792000 nmethod 1901 0x0000000003316310 code [0x00000000033164a0, 0x0000000003316e38]

GC Heap History (10 events):
Event: 13.795 GC heap before
{Heap before GC invocations=12 (full 1):
 PSYoungGen      total 357888K, used 327993K [0x00000000d5d80000, 0x00000000ee680000, 0x0000000100000000)
  eden space 328704K, 99% used [0x00000000d5d80000,0x00000000e9db6548,0x00000000e9e80000)
  from space 29184K, 0% used [0x00000000eca00000,0x00000000eca18000,0x00000000ee680000)
  to   space 36864K, 0% used [0x00000000e9e80000,0x00000000e9e80000,0x00000000ec280000)
 ParOldGen       total 131584K, used 69257K [0x0000000081800000, 0x0000000089880000, 0x00000000d5d80000)
  object space 131584K, 52% used [0x0000000081800000,0x0000000085ba2620,0x0000000089880000)
 Metaspace       used 17516K, capacity 17704K, committed 18048K, reserved 1064960K
  class space    used 1576K, capacity 1622K, committed 1664K, reserved 1048576K
Event: 13.796 GC heap after
Heap after GC invocations=12 (full 1):
 PSYoungGen      total 365568K, used 128K [0x00000000d5d80000, 0x00000000f6600000, 0x0000000100000000)
  eden space 328704K, 0% used [0x00000000d5d80000,0x00000000d5d80000,0x00000000e9e80000)
  from space 36864K, 0% used [0x00000000e9e80000,0x00000000e9ea0000,0x00000000ec280000)
  to   space 35840K, 0% used [0x00000000f4300000,0x00000000f4300000,0x00000000f6600000)
 ParOldGen       total 131584K, used 69297K [0x0000000081800000, 0x0000000089880000, 0x00000000d5d80000)
  object space 131584K, 52% used [0x0000000081800000,0x0000000085bac620,0x0000000089880000)
 Metaspace       used 17516K, capacity 17704K, committed 18048K, reserved 1064960K
  class space    used 1576K, capacity 1622K, committed 1664K, reserved 1048576K
}
Event: 16.942 GC heap before
{Heap before GC invocations=13 (full 1):
 PSYoungGen      total 365568K, used 328829K [0x00000000d5d80000, 0x00000000f6600000, 0x0000000100000000)
  eden space 328704K, 99% used [0x00000000d5d80000,0x00000000e9e7f6d8,0x00000000e9e80000)
  from space 36864K, 0% used [0x00000000e9e80000,0x00000000e9ea0000,0x00000000ec280000)
  to   space 35840K, 0% used [0x00000000f4300000,0x00000000f4300000,0x00000000f6600000)
 ParOldGen       total 131584K, used 69297K [0x0000000081800000, 0x0000000089880000, 0x00000000d5d80000)
  object space 131584K, 52% used [0x0000000081800000,0x0000000085bac620,0x0000000089880000)
 Metaspace       used 17535K, capacity 17768K, committed 18048K, reserved 1064960K
  class space    used 1576K, capacity 1622K, committed 1664K, reserved 1048576K
Event: 16.943 GC heap after
Heap after GC invocations=13 (full 1):
 PSYoungGen      total 468480K, used 64K [0x00000000d5d80000, 0x00000000f5680000, 0x0000000100000000)
  eden space 448512K, 0% used [0x00000000d5d80000,0x00000000d5d80000,0x00000000f1380000)
  from space 19968K, 0% used [0x00000000f4300000,0x00000000f4310000,0x00000000f5680000)
  to   space 34304K, 0% used [0x00000000f1380000,0x00000000f1380000,0x00000000f3500000)
 ParOldGen       total 131584K, used 69313K [0x0000000081800000, 0x0000000089880000, 0x00000000d5d80000)
  object space 131584K, 52% used [0x0000000081800000,0x0000000085bb0620,0x0000000089880000)
 Metaspace       used 17535K, capacity 17768K, committed 18048K, reserved 1064960K
  class space    used 1576K, capacity 1622K, committed 1664K, reserved 1048576K
}
Event: 21.290 GC heap before
{Heap before GC invocations=14 (full 1):
 PSYoungGen      total 468480K, used 447863K [0x00000000d5d80000, 0x00000000f5680000, 0x0000000100000000)
  eden space 448512K, 99% used [0x00000000d5d80000,0x00000000f12cdcf8,0x00000000f1380000)
  from space 19968K, 0% used [0x00000000f4300000,0x00000000f4310000,0x00000000f5680000)
  to   space 34304K, 0% used [0x00000000f1380000,0x00000000f1380000,0x00000000f3500000)
 ParOldGen       total 131584K, used 69313K [0x0000000081800000, 0x0000000089880000, 0x00000000d5d80000)
  object space 131584K, 52% used [0x0000000081800000,0x0000000085bb0620,0x0000000089880000)
 Metaspace       used 17535K, capacity 17768K, committed 18048K, reserved 1064960K
  class space    used 1576K, capacity 1622K, committed 1664K, reserved 1048576K
Event: 21.292 GC heap after
Heap after GC invocations=14 (full 1):
 PSYoungGen      total 482816K, used 96K [0x00000000d5d80000, 0x00000000fe180000, 0x0000000100000000)
  eden space 448512K, 0% used [0x00000000d5d80000,0x00000000d5d80000,0x00000000f1380000)
  from space 34304K, 0% used [0x00000000f1380000,0x00000000f1398000,0x00000000f3500000)
  to   space 33280K, 0% used [0x00000000fc100000,0x00000000fc100000,0x00000000fe180000)
 ParOldGen       total 131584K, used 69337K [0x0000000081800000, 0x0000000089880000, 0x00000000d5d80000)
  object space 131584K, 52% used [0x0000000081800000,0x0000000085bb6620,0x0000000089880000)
 Metaspace       used 17535K, capacity 17768K, committed 18048K, reserved 1064960K
  class space    used 1576K, capacity 1622K, committed 1664K, reserved 1048576K
}
Event: 25.571 GC heap before
{Heap before GC invocations=15 (full 1):
 PSYoungGen      total 482816K, used 448608K [0x00000000d5d80000, 0x00000000fe180000, 0x0000000100000000)
  eden space 448512K, 100% used [0x00000000d5d80000,0x00000000f1380000,0x00000000f1380000)
  from space 34304K, 0% used [0x00000000f1380000,0x00000000f1398000,0x00000000f3500000)
  to   space 33280K, 0% used [0x00000000fc100000,0x00000000fc100000,0x00000000fe180000)
 ParOldGen       total 131584K, used 69337K [0x0000000081800000, 0x0000000089880000, 0x00000000d5d80000)
  object space 131584K, 52% used [0x0000000081800000,0x0000000085bb6620,0x0000000089880000)
 Metaspace       used 17535K, capacity 17768K, committed 18048K, reserved 1064960K
  class space    used 1576K, capacity 1622K, committed 1664K, reserved 1048576K
Event: 25.572 GC heap after
Heap after GC invocations=15 (full 1):
 PSYoungGen      total 585216K, used 64K [0x00000000d5d80000, 0x00000000fcc00000, 0x0000000100000000)
  eden space 573952K, 0% used [0x00000000d5d80000,0x00000000d5d80000,0x00000000f8e00000)
  from space 11264K, 0% used [0x00000000fc100000,0x00000000fc110000,0x00000000fcc00000)
  to   space 31744K, 0% used [0x00000000f8e00000,0x00000000f8e00000,0x00000000fad00000)
 ParOldGen       total 131584K, used 69353K [0x0000000081800000, 0x0000000089880000, 0x00000000d5d80000)
  object space 131584K, 52% used [0x0000000081800000,0x0000000085bba620,0x0000000089880000)
 Metaspace       used 17535K, capacity 17768K, committed 18048K, reserved 1064960K
  class space    used 1576K, capacity 1622K, committed 1664K, reserved 1048576K
}
Event: 31.149 GC heap before
{Heap before GC invocations=16 (full 1):
 PSYoungGen      total 585216K, used 573840K [0x00000000d5d80000, 0x00000000fcc00000, 0x0000000100000000)
  eden space 573952K, 99% used [0x00000000d5d80000,0x00000000f8dd4208,0x00000000f8e00000)
  from space 11264K, 0% used [0x00000000fc100000,0x00000000fc110000,0x00000000fcc00000)
  to   space 31744K, 0% used [0x00000000f8e00000,0x00000000f8e00000,0x00000000fad00000)
 ParOldGen       total 131584K, used 69353K [0x0000000081800000, 0x0000000089880000, 0x00000000d5d80000)
  object space 131584K, 52% used [0x0000000081800000,0x0000000085bba620,0x0000000089880000)
 Metaspace       used 17535K, capacity 17768K, committed 18048K, reserved 1064960K
  class space    used 1576K, capacity 1622K, committed 1664K, reserved 1048576K
Event: 31.150 GC heap after
Heap after GC invocations=16 (full 1):
 PSYoungGen      total 605696K, used 96K [0x00000000d5d80000, 0x0000000100000000, 0x0000000100000000)
  eden space 573952K, 0% used [0x00000000d5d80000,0x00000000d5d80000,0x00000000f8e00000)
  from space 31744K, 0% used [0x00000000f8e00000,0x00000000f8e18000,0x00000000fad00000)
  to   space 30208K, 0% used [0x00000000fe280000,0x00000000fe280000,0x0000000100000000)
 ParOldGen       total 131584K, used 69353K [0x0000000081800000, 0x0000000089880000, 0x00000000d5d80000)
  object space 131584K, 52% used [0x0000000081800000,0x0000000085bba620,0x0000000089880000)
 Metaspace       used 17535K, capacity 17768K, committed 18048K, reserved 1064960K
  class space    used 1576K, capacity 1622K, committed 1664K, reserved 1048576K
}

Deoptimization events (10 events):
Event: 5.330 Thread 0x000000001a01b000 Uncommon trap: reason=class_check action=maybe_recompile pc=0x0000000002dd6328 method=java.lang.String.equals(Ljava/lang/Object;)Z @ 8
Event: 5.330 Thread 0x000000001a01b000 Uncommon trap: reason=class_check action=maybe_recompile pc=0x0000000002dd6328 method=java.lang.String.equals(Ljava/lang/Object;)Z @ 8
Event: 5.330 Thread 0x000000001a01b000 Uncommon trap: reason=class_check action=maybe_recompile pc=0x0000000002dd6328 method=java.lang.String.equals(Ljava/lang/Object;)Z @ 8
Event: 5.330 Thread 0x000000001a01b000 Uncommon trap: reason=class_check action=maybe_recompile pc=0x0000000002dd6328 method=java.lang.String.equals(Ljava/lang/Object;)Z @ 8
Event: 5.386 Thread 0x000000001a01b000 Uncommon trap: reason=class_check action=maybe_recompile pc=0x0000000002fe2eb8 method=java.util.regex.Pattern.compile()V @ 246
Event: 5.386 Thread 0x000000001a01b000 Uncommon trap: reason=class_check action=maybe_recompile pc=0x0000000002fe2eb8 method=java.util.regex.Pattern.compile()V @ 246
Event: 5.386 Thread 0x000000001a01b000 Uncommon trap: reason=class_check action=maybe_recompile pc=0x0000000002fe2eb8 method=java.util.regex.Pattern.compile()V @ 246
Event: 5.386 Thread 0x000000001a01b000 Uncommon trap: reason=class_check action=maybe_recompile pc=0x0000000002fe2eb8 method=java.util.regex.Pattern.compile()V @ 246
Event: 5.397 Thread 0x000000001a01b000 Uncommon trap: reason=predicate action=maybe_recompile pc=0x0000000003109548 method=java.util.regex.Pattern$Slice.match(Ljava/util/regex/Matcher;ILjava/lang/CharSequence;)Z @ 21
Event: 30.450 Thread 0x000000001a01b000 Uncommon trap: reason=unstable_if action=reinterpret pc=0x00000000032dc16c method=sun.misc.FloatingDecimal$BinaryToASCIIBuffer.dtoa(IJIZ)V @ 1494

Internal exceptions (10 events):
Event: 0.027 Thread 0x00000000009ae800 Exception <a 'java/lang/NoSuchMethodError': Method sun.misc.Unsafe.prefetchRead(Ljava/lang/Object;J)V name or signature does not match> (0x00000000d5d87f90) thrown at [C:\re\workspace\8-2-build-windows-amd64-cygwin\jdk8u121\8372\hotspot\src\share\vm\prims
Event: 0.125 Thread 0x00000000009ae800 Exception <a 'java/security/PrivilegedActionException'> (0x00000000d60644f0) thrown at [C:\re\workspace\8-2-build-windows-amd64-cygwin\jdk8u121\8372\hotspot\src\share\vm\prims\jvm.cpp, line 1390]
Event: 0.125 Thread 0x00000000009ae800 Exception <a 'java/security/PrivilegedActionException'> (0x00000000d6064700) thrown at [C:\re\workspace\8-2-build-windows-amd64-cygwin\jdk8u121\8372\hotspot\src\share\vm\prims\jvm.cpp, line 1390]
Event: 0.125 Thread 0x00000000009ae800 Exception <a 'java/security/PrivilegedActionException'> (0x00000000d60687f8) thrown at [C:\re\workspace\8-2-build-windows-amd64-cygwin\jdk8u121\8372\hotspot\src\share\vm\prims\jvm.cpp, line 1390]
Event: 0.125 Thread 0x00000000009ae800 Exception <a 'java/security/PrivilegedActionException'> (0x00000000d6068a08) thrown at [C:\re\workspace\8-2-build-windows-amd64-cygwin\jdk8u121\8372\hotspot\src\share\vm\prims\jvm.cpp, line 1390]
Event: 0.130 Thread 0x00000000009ae800 Exception <a 'java/io/FileNotFoundException'> (0x00000000d6072430) thrown at [C:\re\workspace\8-2-build-windows-amd64-cygwin\jdk8u121\8372\hotspot\src\share\vm\prims\jni.cpp, line 709]
Event: 0.162 Thread 0x00000000009ae800 Exception <a 'java/lang/NoSuchFieldError': method resolution failed> (0x00000000d613f958) thrown at [C:\re\workspace\8-2-build-windows-amd64-cygwin\jdk8u121\8372\hotspot\src\share\vm\prims\methodHandles.cpp, line 1146]
Event: 0.163 Thread 0x00000000009ae800 Exception <a 'java/lang/NoSuchFieldError': method resolution failed> (0x00000000d614ce90) thrown at [C:\re\workspace\8-2-build-windows-amd64-cygwin\jdk8u121\8372\hotspot\src\share\vm\prims\methodHandles.cpp, line 1146]
Event: 0.202 Thread 0x00000000009ae800 Exception <a 'java/io/FileNotFoundException'> (0x00000000d61e9750) thrown at [C:\re\workspace\8-2-build-windows-amd64-cygwin\jdk8u121\8372\hotspot\src\share\vm\prims\jni.cpp, line 709]
Event: 35.145 Thread 0x000000001a01a800 Exception <a 'java/lang/InterruptedException'> (0x00000000ef386950) thrown at [C:\re\workspace\8-2-build-windows-amd64-cygwin\jdk8u121\8372\hotspot\src\share\vm\runtime\objectMonitor.cpp, line 1684]

Events (10 events):
Event: 21.290 Executing VM operation: ParallelGCFailedAllocation
Event: 21.292 Executing VM operation: ParallelGCFailedAllocation done
Event: 25.571 Executing VM operation: ParallelGCFailedAllocation
Event: 25.572 Executing VM operation: ParallelGCFailedAllocation done
Event: 30.450 Thread 0x000000001a01b000 Uncommon trap: trap_request=0xffffff65 fr.pc=0x00000000032dc16c
Event: 30.450 Thread 0x000000001a01b000 DEOPT PACKING pc=0x00000000032dc16c sp=0x000000002171e5f0
Event: 30.450 Thread 0x000000001a01b000 DEOPT UNPACKING pc=0x0000000002c8582a sp=0x000000002171e4c0 mode 2
Event: 31.148 Executing VM operation: ParallelGCFailedAllocation
Event: 31.150 Executing VM operation: ParallelGCFailedAllocation done
Event: 35.145 Thread 0x000000001a01a800 Thread exited: 0x000000001a01a800


Dynamic libraries:
0x00007ff62b090000 - 0x00007ff62b0c7000 	C:\Program Files\Java\jdk1.8.0_121\bin\java.exe
0x00007ffbb0fb0000 - 0x00007ffbb1182000 	C:\WINDOWS\SYSTEM32\ntdll.dll
0x00007ffbae570000 - 0x00007ffbae61c000 	C:\WINDOWS\System32\KERNEL32.DLL
0x00007ffbadd10000 - 0x00007ffbadf2d000 	C:\WINDOWS\System32\KERNELBASE.dll
0x00007ffbb0880000 - 0x00007ffbb0922000 	C:\WINDOWS\System32\ADVAPI32.dll
0x00007ffbb02f0000 - 0x00007ffbb038e000 	C:\WINDOWS\System32\msvcrt.dll
0x00007ffbb0660000 - 0x00007ffbb06b9000 	C:\WINDOWS\System32\sechost.dll
0x00007ffbae620000 - 0x00007ffbae741000 	C:\WINDOWS\System32\RPCRT4.dll
0x00007ffbb0060000 - 0x00007ffbb01c5000 	C:\WINDOWS\System32\USER32.dll
0x00007ffbae1f0000 - 0x00007ffbae20e000 	C:\WINDOWS\System32\win32u.dll
0x00007ffbb0390000 - 0x00007ffbb03c4000 	C:\WINDOWS\System32\GDI32.dll
0x00007ffbad4b0000 - 0x00007ffbad630000 	C:\WINDOWS\System32\gdi32full.dll
0x00007ffba7ca0000 - 0x00007ffba7f1a000 	C:\WINDOWS\WinSxS\amd64_microsoft.windows.common-controls_6595b64144ccf1df_6.0.14393.953_none_42151e83c686086b\COMCTL32.dll
0x00007ffbae7b0000 - 0x00007ffbaea78000 	C:\WINDOWS\System32\combase.dll
0x00007ffbae440000 - 0x00007ffbae535000 	C:\WINDOWS\System32\ucrtbase.dll
0x00007ffbadfe0000 - 0x00007ffbae04a000 	C:\WINDOWS\System32\bcryptPrimitives.dll
0x00007ffbae540000 - 0x00007ffbae56e000 	C:\WINDOWS\System32\IMM32.DLL
0x00000000756a0000 - 0x0000000075772000 	C:\Program Files\Java\jdk1.8.0_121\jre\bin\msvcr100.dll
0x0000000075bd0000 - 0x000000007646b000 	C:\Program Files\Java\jdk1.8.0_121\jre\bin\server\jvm.dll
0x00007ffbb0ea0000 - 0x00007ffbb0ea8000 	C:\WINDOWS\System32\PSAPI.DLL
0x00007ffbaa530000 - 0x00007ffbaa539000 	C:\WINDOWS\SYSTEM32\WSOCK32.dll
0x00007ffbab790000 - 0x00007ffbab7b3000 	C:\WINDOWS\SYSTEM32\WINMM.dll
0x00007ffbb0280000 - 0x00007ffbb02ea000 	C:\WINDOWS\System32\WS2_32.dll
0x00007ffba9850000 - 0x00007ffba985a000 	C:\WINDOWS\SYSTEM32\VERSION.dll
0x00007ffbab6d0000 - 0x00007ffbab6fb000 	C:\WINDOWS\SYSTEM32\WINMMBASE.dll
0x00007ffbae100000 - 0x00007ffbae142000 	C:\WINDOWS\System32\cfgmgr32.dll
0x0000000075ae0000 - 0x0000000075aef000 	C:\Program Files\Java\jdk1.8.0_121\jre\bin\verify.dll
0x0000000075ab0000 - 0x0000000075ad9000 	C:\Program Files\Java\jdk1.8.0_121\jre\bin\java.dll
0x0000000075a90000 - 0x0000000075aa6000 	C:\Program Files\Java\jdk1.8.0_121\jre\bin\zip.dll
0x00007ffbaea90000 - 0x00007ffbaff98000 	C:\WINDOWS\System32\SHELL32.dll
0x00007ffbad630000 - 0x00007ffbadd0a000 	C:\WINDOWS\System32\windows.storage.dll
0x00007ffbad450000 - 0x00007ffbad49c000 	C:\WINDOWS\System32\powrprof.dll
0x00007ffbb0530000 - 0x00007ffbb0582000 	C:\WINDOWS\System32\shlwapi.dll
0x00007ffbad4a0000 - 0x00007ffbad4af000 	C:\WINDOWS\System32\kernel.appcore.dll
0x00007ffbadf30000 - 0x00007ffbadfd9000 	C:\WINDOWS\System32\shcore.dll
0x00007ffbad420000 - 0x00007ffbad434000 	C:\WINDOWS\System32\profapi.dll
0x00007ffba2ed0000 - 0x00007ffba2ee0000 	C:\Program Files (x86)\JetBrains\IntelliJ IDEA 2016.3.4\bin\breakgen64.dll
0x0000000075880000 - 0x000000007589a000 	C:\Program Files\Java\jdk1.8.0_121\jre\bin\net.dll
0x00007ffbaccf0000 - 0x00007ffbacd4c000 	C:\WINDOWS\system32\mswsock.dll
0x00000000758f0000 - 0x0000000075a88000 	C:\Program Files\Java\jdk1.8.0_121\jre\bin\awt.dll
0x00007ffbaffa0000 - 0x00007ffbb005f000 	C:\WINDOWS\System32\OLEAUT32.dll
0x00007ffbae150000 - 0x00007ffbae1ec000 	C:\WINDOWS\System32\msvcp_win.dll
0x00007ffbabac0000 - 0x00007ffbabb3a000 	C:\WINDOWS\SYSTEM32\apphelp.dll
0x00007ffbabc20000 - 0x00007ffbabcb5000 	C:\WINDOWS\system32\uxtheme.dll
0x00007ffbb03d0000 - 0x00007ffbb052a000 	C:\WINDOWS\System32\MSCTF.dll
0x00007ffbaa9c0000 - 0x00007ffbaa9e6000 	C:\WINDOWS\system32\dwmapi.dll
0x00007ffbb0d60000 - 0x00007ffbb0e98000 	C:\WINDOWS\System32\ole32.dll
0x00007ffb9d9f0000 - 0x00007ffb9db13000 	C:\WINDOWS\system32\opengl32.dll
0x00007ffba2610000 - 0x00007ffba263d000 	C:\WINDOWS\SYSTEM32\GLU32.dll
0x00007ffb9e910000 - 0x00007ffb9ea07000 	C:\WINDOWS\SYSTEM32\DDRAW.dll
0x00007ffba89d0000 - 0x00007ffba89d8000 	C:\WINDOWS\SYSTEM32\DCIMAN32.dll
0x00007ffbacea0000 - 0x00007ffbaceb7000 	C:\WINDOWS\SYSTEM32\CRYPTSP.dll
0x00007ffbac8f0000 - 0x00007ffbac923000 	C:\WINDOWS\system32\rsaenh.dll
0x00007ffbad360000 - 0x00007ffbad38b000 	C:\WINDOWS\SYSTEM32\bcrypt.dll
0x00007ffbacb70000 - 0x00007ffbacb8f000 	C:\WINDOWS\SYSTEM32\USERENV.dll
0x00007ffbace90000 - 0x00007ffbace9b000 	C:\WINDOWS\SYSTEM32\CRYPTBASE.dll
0x00007ffbaca70000 - 0x00007ffbacaa8000 	C:\WINDOWS\SYSTEM32\IPHLPAPI.DLL
0x00007ffbb0270000 - 0x00007ffbb0278000 	C:\WINDOWS\System32\NSI.dll
0x00007ffba3920000 - 0x00007ffba3936000 	C:\WINDOWS\SYSTEM32\dhcpcsvc6.DLL
0x00007ffba3f40000 - 0x00007ffba3f5a000 	C:\WINDOWS\SYSTEM32\dhcpcsvc.DLL
0x0000000075860000 - 0x0000000075871000 	C:\Program Files\Java\jdk1.8.0_121\jre\bin\nio.dll
0x00000000637c0000 - 0x00000000637cd000 	C:\Users\ricar\AppData\Local\Temp\jogamp_0000\file_cache\jln595991597537373849\jln6325485395246351503\natives\windows-amd64\gluegen-rt.dll
0x0000000075780000 - 0x0000000075787000 	C:\Program Files\Java\jdk1.8.0_121\jre\bin\jawt.dll
0x000000006a440000 - 0x000000006a44d000 	C:\Users\ricar\AppData\Local\Temp\jogamp_0000\file_cache\jln595991597537373849\jln6325485395246351503\natives\windows-amd64\nativewindow_awt.dll
0x000000006c100000 - 0x000000006c10f000 	C:\Users\ricar\AppData\Local\Temp\jogamp_0000\file_cache\jln595991597537373849\jln6325485395246351503\natives\windows-amd64\nativewindow_win32.dll
0x000000006cbc0000 - 0x000000006cbd3000 	C:\Users\ricar\AppData\Local\Temp\jogamp_0000\file_cache\jln595991597537373849\jln6325485395246351503\natives\windows-amd64\newt.dll
0x00007ffba8890000 - 0x00007ffba8921000 	C:\WINDOWS\SYSTEM32\mscms.dll
0x00007ffba1a00000 - 0x00007ffba1a42000 	C:\WINDOWS\SYSTEM32\icm32.dll
0x00007ffbb0930000 - 0x00007ffbb0d59000 	C:\WINDOWS\System32\setupapi.dll
0x00007ffbabf80000 - 0x00007ffbabfa8000 	C:\WINDOWS\SYSTEM32\DEVOBJ.dll
0x00007ffbae3e0000 - 0x00007ffbae435000 	C:\WINDOWS\System32\WINTRUST.dll
0x00007ffbad440000 - 0x00007ffbad450000 	C:\WINDOWS\System32\MSASN1.dll
0x00007ffbae210000 - 0x00007ffbae3d9000 	C:\WINDOWS\System32\CRYPT32.dll
0x0000000064500000 - 0x00000000645b1000 	C:\Users\ricar\AppData\Local\Temp\jogamp_0000\file_cache\jln595991597537373849\jln6325485395246351503\natives\windows-amd64\jogl_desktop.dll
0x0000000064340000 - 0x00000000643a2000 	C:\Users\ricar\AppData\Local\Temp\jogamp_0000\file_cache\jln595991597537373849\jln6325485395246351503\natives\windows-amd64\jogl_mobile.dll
0x00000000728f0000 - 0x0000000074a40000 	C:\WINDOWS\SYSTEM32\nvoglv64.DLL
0x00007ffbaa6e0000 - 0x00007ffbaa6f3000 	C:\WINDOWS\SYSTEM32\WTSAPI32.dll
0x00007ffbac7c0000 - 0x00007ffbac7f2000 	C:\WINDOWS\SYSTEM32\ntmarta.dll
0x00007ffbad300000 - 0x00007ffbad356000 	C:\WINDOWS\SYSTEM32\WINSTA.dll
0x00007ffb8b5d0000 - 0x00007ffb8b76c000 	C:\Users\ricar\Desktop\MoveCode\KinectPV2-master\Build_libs\MoveOn\libs\kinectPV2\Kinect20.Face.dll
0x00007ffba0fe0000 - 0x00007ffba10b4000 	C:\WINDOWS\SYSTEM32\MSVCR110.dll
0x00007ffb984f0000 - 0x00007ffb98597000 	C:\WINDOWS\SYSTEM32\MSVCP110.dll
0x00007ffba2b90000 - 0x00007ffba2ba1000 	C:\Users\ricar\Desktop\MoveCode\KinectPV2-master\Build_libs\MoveOn\libs\kinectPV2\KinectPV2.dll
0x00007ffb87ca0000 - 0x00007ffb87d5b000 	C:\WINDOWS\SYSTEM32\Kinect20.dll
0x00007ffba92b0000 - 0x00007ffba9418000 	C:\WINDOWS\SYSTEM32\MFPlat.DLL
0x00007ffbab900000 - 0x00007ffbab92e000 	C:\WINDOWS\SYSTEM32\RTWorkQ.DLL
0x00007ffbac3a0000 - 0x00007ffbac43f000 	C:\WINDOWS\system32\dxgi.dll
0x00007ffbaa9f0000 - 0x00007ffbaaca6000 	C:\WINDOWS\system32\d3d11.dll
0x00007ffb87d60000 - 0x00007ffb89491000 	C:\WINDOWS\System32\DriverStore\FileRepository\nvami.inf_amd64_11a67240324f74de\nvwgf2umx.dll
0x00007ffba78a0000 - 0x00007ffba7c9b000 	C:\WINDOWS\system32\nvapi64.dll
0x00000000758a0000 - 0x00000000758e7000 	C:\Program Files\Java\jdk1.8.0_121\jre\bin\fontmanager.dll
0x0000000075800000 - 0x0000000075842000 	C:\Program Files\Java\jdk1.8.0_121\jre\bin\t2k.dll
0x00007ffba9e30000 - 0x00007ffba9fc2000 	C:\WINDOWS\SYSTEM32\dbghelp.dll

VM Arguments:
jvm_args: -Djava.library.path=C:\Users\ricar\Desktop\MoveCode\KinectPV2-master\Build_libs\MoveOn\libs\kinectPV2 -Didea.launcher.port=7533 -Didea.launcher.bin.path=C:\Program Files (x86)\JetBrains\IntelliJ IDEA 2016.3.4\bin -Dfile.encoding=UTF-8 
java_command: com.intellij.rt.execution.application.AppMain SkeletonDepthTest
java_class_path (initial): C:\Program Files\Java\jdk1.8.0_121\jre\lib\charsets.jar;C:\Program Files\Java\jdk1.8.0_121\jre\lib\deploy.jar;C:\Program Files\Java\jdk1.8.0_121\jre\lib\ext\access-bridge-64.jar;C:\Program Files\Java\jdk1.8.0_121\jre\lib\ext\cldrdata.jar;C:\Program Files\Java\jdk1.8.0_121\jre\lib\ext\dnsns.jar;C:\Program Files\Java\jdk1.8.0_121\jre\lib\ext\jaccess.jar;C:\Program Files\Java\jdk1.8.0_121\jre\lib\ext\jfxrt.jar;C:\Program Files\Java\jdk1.8.0_121\jre\lib\ext\localedata.jar;C:\Program Files\Java\jdk1.8.0_121\jre\lib\ext\nashorn.jar;C:\Program Files\Java\jdk1.8.0_121\jre\lib\ext\sunec.jar;C:\Program Files\Java\jdk1.8.0_121\jre\lib\ext\sunjce_provider.jar;C:\Program Files\Java\jdk1.8.0_121\jre\lib\ext\sunmscapi.jar;C:\Program Files\Java\jdk1.8.0_121\jre\lib\ext\sunpkcs11.jar;C:\Program Files\Java\jdk1.8.0_121\jre\lib\ext\zipfs.jar;C:\Program Files\Java\jdk1.8.0_121\jre\lib\javaws.jar;C:\Program Files\Java\jdk1.8.0_121\jre\lib\jce.jar;C:\Program Files\Java\jdk1.8.0_121\jre\lib\jfr.jar;C:\Program Files\Java\jdk1.8.0_121\jre\lib\jfxswt.jar;C:\Program Files\Java\jdk1.8.0_121\jre\lib\jsse.jar;C:\Program Files\Java\jdk1.8.0_121\jre\lib\management-agent.jar;C:\Program Files\Java\jdk1.8.0_121\jre\lib\plugin.jar;C:\Program Files\Java\jdk1.8.0_121\jre\lib\resources.jar;C:\Program Files\Java\jdk1.8.0_121\jre\lib\rt.jar;C:\Users\ricar\Desktop\MoveCode\KinectPV2-master\Build_libs\MoveOn\out\production\MoveOn;C:\Users\ricar\Desktop\MoveCode\KinectPV2-master\Build_libs\MoveOn\libs\kinectPV2\KinectPV2.jar;C:\Users\ricar\Desktop\MoveCode\KinectPV2-master\Build_libs\MoveOn\libs\p3.01\core.jar;C:\Users\ricar\Desktop\MoveCode\KinectPV2-master\Build_libs\MoveOn\libs\p3.01\jogl-all.jar;C:\Users\ricar\Desktop\MoveCode\KinectPV2-master\Build_libs\MoveOn\libs\p3.01\gluegen-rt.jar;C:\Users\ricar\Desktop\MoveCode\KinectPV2-master\Build_libs\MoveOn\libs\p3.01\jogl-all-natives-linux-i586.jar;C:\Users\ricar\Desktop\MoveCode\KinectPV2-master\Build_libs\MoveOn\libs\p3.01\jogl-
Launcher Type: SUN_STANDARD

Environment Variables:
PATH=C:\ProgramData\Oracle\Java\javapath;C:\Program Files (x86)\Intel\iCLS Client\;C:\Program Files\Intel\iCLS Client\;C:\Windows\system32;C:\Windows;C:\Windows\System32\Wbem;C:\Windows\System32\WindowsPowerShell\v1.0\;C:\Program Files (x86)\NVIDIA Corporation\PhysX\Common;C:\Program Files (x86)\Intel\Intel(R) Management Engine Components\DAL;C:\Program Files\Intel\Intel(R) Management Engine Components\DAL;C:\Program Files (x86)\Intel\Intel(R) Management Engine Components\IPT;C:\Program Files\Intel\Intel(R) Management Engine Components\IPT;C:\WINDOWS\system32;C:\WINDOWS;C:\WINDOWS\System32\Wbem;C:\WINDOWS\System32\WindowsPowerShell\v1.0\;C:\Program Files\Git\cmd;C:\;C:\Users\ricar\AppData\Local\Microsoft\WindowsApps;C:\Users\ricar\AppData\Roaming\npm
USERNAME=ricar
OS=Windows_NT
PROCESSOR_IDENTIFIER=Intel64 Family 6 Model 94 Stepping 3, GenuineIntel



---------------  S Y S T E M  ---------------

OS: Windows 10.0 , 64 bit Build 14393 (10.0.14393.1198)

CPU:total 4 (4 cores per cpu, 1 threads per core) family 6 model 94 stepping 3, cmov, cx8, fxsr, mmx, sse, sse2, sse3, ssse3, sse4.1, sse4.2, popcnt, avx, avx2, aes, clmul, erms, rtm, 3dnowpref, lzcnt, tsc, tscinvbit, bmi1, bmi2, adx

Memory: 4k page, physical 8285044k(2771888k free), swap 18266080k(11033340k free)

vm_info: Java HotSpot(TM) 64-Bit Server VM (25.121-b13) for windows-amd64 JRE (1.8.0_121-b13), built on Dec 12 2016 18:21:36 by "java_re" with MS VC++ 10.0 (VS2010)

time: Mon Aug 21 18:41:10 2017
elapsed time: 35 seconds (0d 0h 0m 35s)

