#
# A fatal error has been detected by the Java Runtime Environment:
#
#  EXCEPTION_ACCESS_VIOLATION (0xc0000005) at pc=0x0000000000000000, pid=7864, tid=0x0000000000000574
#
# JRE version: Java(TM) SE Runtime Environment (8.0_121-b13) (build 1.8.0_121-b13)
# Java VM: Java HotSpot(TM) 64-Bit Server VM (25.121-b13 mixed mode windows-amd64 compressed oops)
# Problematic frame:
# C  0x0000000000000000
#
# Failed to write core dump. Minidumps are not enabled by default on client versions of Windows
#
# If you would like to submit a bug report, please visit:
#   http://bugreport.java.com/bugreport/crash.jsp
# The crash happened outside the Java Virtual Machine in native code.
# See problematic frame for where to report the bug.
#

---------------  T H R E A D  ---------------

Current thread (0x000000001a1c9000):  JavaThread "main-FPSAWTAnimator#00-Timer0" [_thread_in_native, id=1396, stack(0x00000000219b0000,0x0000000021ab0000)]

siginfo: ExceptionCode=0xc0000005, ExceptionInformation=0x0000000000000008 0x0000000000000000

Registers:
RAX=0x0000000021cb1a90, RBX=0x0000000021cf08a0, RCX=0x0000000021cfaa90, RDX=0x0000000000000000
RSP=0x0000000021aae1d8, RBP=0x0000000000000000, RSI=0x0000000000000006, RDI=0x0000000021cf0ad0
R8 =0x0000000021aade88, R9 =0x0000000000008000, R10=0x0000000000000000, R11=0x0000000021aae0d0
R12=0x0000000000000000, R13=0x000000001bab9590, R14=0x0000000021aae2d0, R15=0x000000001a1c9000
RIP=0x0000000000000000, EFLAGS=0x0000000000010206

Top of Stack: (sp=0x0000000021aae1d8)
0x0000000021aae1d8:   00007ffba1f85526 0000000021cf08a0
0x0000000021aae1e8:   000000001bab9590 0000000000000000
0x0000000021aae1f8:   0000000017b99ca0 0000000017b99ca0
0x0000000021aae208:   00007ffba1f8177a 0000000021aae2d0
0x0000000021aae218:   0000000021aae2b0 000000001a1c91f8
0x0000000021aae228:   000000001a1c9000 000000000305835d
0x0000000021aae238:   0000000003067f74 000000001bab9590
0x0000000021aae248:   000000001a1c9000 000000001a1c9000
0x0000000021aae258:   000000001a1c9000 0000000021aae328
0x0000000021aae268:   0000000003067ca2 0000000021aae270
0x0000000021aae278:   000000001bab9590 0000000021aae2d0
0x0000000021aae288:   000000001babb228 0000000000000000
0x0000000021aae298:   000000001bab9590 0000000000000000
0x0000000021aae2a8:   0000000021aae2d0 0000000021aae318
0x0000000021aae2b8:   0000000003057b30 0000000000000000
0x0000000021aae2c8:   00000000030619c0 000000008491aee0 

Instructions: (pc=0x0000000000000000)
0xffffffffffffffe0:   


Register to memory mapping:

RAX=0x0000000021cb1a90 is an unknown value
RBX=0x0000000021cf08a0 is an unknown value
RCX=0x0000000021cfaa90 is an unknown value
RDX=0x0000000000000000 is an unknown value
RSP=0x0000000021aae1d8 is pointing into the stack for thread: 0x000000001a1c9000
RBP=0x0000000000000000 is an unknown value
RSI=0x0000000000000006 is an unknown value
RDI=0x0000000021cf0ad0 is an unknown value
R8 =0x0000000021aade88 is pointing into the stack for thread: 0x000000001a1c9000
R9 =0x0000000000008000 is an unknown value
R10=0x0000000000000000 is an unknown value
R11=0x0000000021aae0d0 is pointing into the stack for thread: 0x000000001a1c9000
R12=0x0000000000000000 is an unknown value
R13={method} {0x000000001bab9598} 'jniStopSignal' '()Z' in 'KinectPV2/Device'
R14=0x0000000021aae2d0 is pointing into the stack for thread: 0x000000001a1c9000
R15=0x000000001a1c9000 is a thread


Stack: [0x00000000219b0000,0x0000000021ab0000],  sp=0x0000000021aae1d8,  free space=1016k
Native frames: (J=compiled Java code, j=interpreted, Vv=VM code, C=native code)

Java frames: (J=compiled Java code, j=interpreted, Vv=VM code)
j  KinectPV2.Device.jniStopSignal()Z+0
j  KinectPV2.Device.cleanDevice()Z+1
j  KinectPV2.KinectPV2.dispose()V+10
v  ~StubRoutines::call_stub
j  sun.reflect.NativeMethodAccessorImpl.invoke0(Ljava/lang/reflect/Method;Ljava/lang/Object;[Ljava/lang/Object;)Ljava/lang/Object;+0
j  sun.reflect.NativeMethodAccessorImpl.invoke(Ljava/lang/Object;[Ljava/lang/Object;)Ljava/lang/Object;+100
j  sun.reflect.DelegatingMethodAccessorImpl.invoke(Ljava/lang/Object;[Ljava/lang/Object;)Ljava/lang/Object;+6
j  java.lang.reflect.Method.invoke(Ljava/lang/Object;[Ljava/lang/Object;)Ljava/lang/Object;+56
j  processing.core.PApplet$RegisteredMethods.handle([Ljava/lang/Object;)V+18
J 984 C1 processing.core.PApplet.handleMethods(Ljava/lang/String;)V (21 bytes) @ 0x000000000342a81c [0x000000000342a560+0x2bc]
j  processing.core.PApplet.dispose()V+35
J 1768 C1 processing.opengl.PSurfaceJOGL$DrawListener.display(Lcom/jogamp/opengl/GLAutoDrawable;)V (220 bytes) @ 0x00000000036a94c4 [0x00000000036a8960+0xb64]
J 1716 C1 jogamp.opengl.GLDrawableHelper.displayImpl(Lcom/jogamp/opengl/GLAutoDrawable;)V (86 bytes) @ 0x0000000003677744 [0x0000000003676e00+0x944]
J 1714 C1 jogamp.opengl.GLAutoDrawableBase$2.run()V (73 bytes) @ 0x0000000003680ebc [0x0000000003680ae0+0x3dc]
J 1712 C1 jogamp.opengl.GLDrawableHelper.invokeGLImpl(Lcom/jogamp/opengl/GLDrawable;Lcom/jogamp/opengl/GLContext;Ljava/lang/Runnable;Ljava/lang/Runnable;)V (579 bytes) @ 0x0000000003679b2c [0x0000000003678ce0+0xe4c]
J 1619 C1 jogamp.opengl.GLDrawableHelper.invokeGL(Lcom/jogamp/opengl/GLDrawable;Lcom/jogamp/opengl/GLContext;Ljava/lang/Runnable;Ljava/lang/Runnable;)V (76 bytes) @ 0x0000000003612484 [0x00000000036123c0+0xc4]
J 1707 C1 com.jogamp.newt.opengl.GLWindow.display()V (144 bytes) @ 0x000000000366ec04 [0x000000000366e300+0x904]
J 1706 C1 com.jogamp.opengl.util.AWTAnimatorImpl.display(Ljava/util/ArrayList;ZZ)V (170 bytes) @ 0x000000000366722c [0x0000000003666b40+0x6ec]
J 1704 C1 com.jogamp.opengl.util.FPSAnimator$MainTask.run()V (805 bytes) @ 0x0000000003669ec4 [0x0000000003669180+0xd44]
j  java.util.TimerThread.mainLoop()V+221
j  java.util.TimerThread.run()V+1
v  ~StubRoutines::call_stub

---------------  P R O C E S S  ---------------

Java Threads: ( => current thread )
  0x000000001a1c9800 JavaThread "Thread-5" [_thread_blocked, id=8236, stack(0x0000000030120000,0x0000000030220000)]
  0x0000000002f4e800 JavaThread "DestroyJavaVM" [_thread_blocked, id=12844, stack(0x0000000002e30000,0x0000000002f30000)]
=>0x000000001a1c9000 JavaThread "main-FPSAWTAnimator#00-Timer0" [_thread_in_native, id=1396, stack(0x00000000219b0000,0x0000000021ab0000)]
  0x000000001a2d6800 JavaThread "HighResTimerThread" daemon [_thread_blocked, id=5880, stack(0x00000000217b0000,0x00000000218b0000)]
  0x000000001a258000 JavaThread "main-SharedResourceRunner" daemon [_thread_blocked, id=12760, stack(0x000000001bae0000,0x000000001bbe0000)]
  0x000000001a217800 JavaThread "main-Display-.windows_nil-1-EDT-1" daemon [_thread_blocked, id=8712, stack(0x000000001b5e0000,0x000000001b6e0000)]
  0x0000000019edc800 JavaThread "AWT-Windows" daemon [_thread_in_native, id=13220, stack(0x000000001a7d0000,0x000000001a8d0000)]
  0x0000000019ed8800 JavaThread "Java2D Disposer" daemon [_thread_blocked, id=5312, stack(0x000000001a5d0000,0x000000001a6d0000)]
  0x0000000019711000 JavaThread "Monitor Ctrl-Break" daemon [_thread_in_native, id=2620, stack(0x0000000019b50000,0x0000000019c50000)]
  0x0000000019560800 JavaThread "Service Thread" daemon [_thread_blocked, id=6448, stack(0x0000000019930000,0x0000000019a30000)]
  0x0000000017bdb000 JavaThread "C1 CompilerThread2" daemon [_thread_blocked, id=436, stack(0x0000000019430000,0x0000000019530000)]
  0x0000000017bd3000 JavaThread "C2 CompilerThread1" daemon [_thread_blocked, id=1452, stack(0x0000000019330000,0x0000000019430000)]
  0x0000000017bd0800 JavaThread "C2 CompilerThread0" daemon [_thread_blocked, id=2404, stack(0x0000000019230000,0x0000000019330000)]
  0x0000000017bcf000 JavaThread "Attach Listener" daemon [_thread_blocked, id=11868, stack(0x0000000019130000,0x0000000019230000)]
  0x0000000017bce000 JavaThread "Signal Dispatcher" daemon [_thread_blocked, id=5840, stack(0x0000000019030000,0x0000000019130000)]
  0x000000000304d000 JavaThread "Finalizer" daemon [_thread_blocked, id=2688, stack(0x0000000018e20000,0x0000000018f20000)]
  0x0000000003042000 JavaThread "Reference Handler" daemon [_thread_blocked, id=9168, stack(0x0000000018d20000,0x0000000018e20000)]

Other Threads:
  0x0000000017b97800 VMThread [stack: 0x0000000018c20000,0x0000000018d20000] [id=7736]
  0x000000001957c800 WatcherThread [stack: 0x0000000019a30000,0x0000000019b30000] [id=12908]

VM state:not at safepoint (normal execution)

VM Mutex/Monitor currently owned by a thread: None

Heap:
 PSYoungGen      total 520192K, used 216333K [0x00000000d5d80000, 0x00000000fb880000, 0x0000000100000000)
  eden space 499712K, 43% used [0x00000000d5d80000,0x00000000e30a34e0,0x00000000f4580000)
  from space 20480K, 0% used [0x00000000f9080000,0x00000000f90a0000,0x00000000fa480000)
  to   space 19456K, 0% used [0x00000000fa580000,0x00000000fa580000,0x00000000fb880000)
 ParOldGen       total 131584K, used 69198K [0x0000000081800000, 0x0000000089880000, 0x00000000d5d80000)
  object space 131584K, 52% used [0x0000000081800000,0x0000000085b93808,0x0000000089880000)
 Metaspace       used 17540K, capacity 17704K, committed 18048K, reserved 1064960K
  class space    used 1576K, capacity 1622K, committed 1664K, reserved 1048576K

Card table byte_map: [0x0000000012410000,0x0000000012810000] byte_map_base: 0x0000000012004000

Marking Bits: (ParMarkBitMap*) 0x00000000763eb6d0
 Begin Bits: [0x0000000012ec0000, 0x0000000014e60000)
 End Bits:   [0x0000000014e60000, 0x0000000016e00000)

Polling page: 0x0000000001660000

CodeCache: size=245760Kb used=7117Kb max_used=7147Kb free=238642Kb
 bounds [0x0000000003050000, 0x0000000003760000, 0x0000000012050000]
 total_blobs=2793 nmethods=1912 adapters=794
 compilation: enabled

Compilation events (10 events):
Event: 63.377 Thread 0x0000000017bd0800 1936       4       java.nio.DirectShortBufferU::put (157 bytes)
Event: 63.380 Thread 0x0000000017bd0800 nmethod 1936 0x0000000003167d90 code [0x0000000003167ee0, 0x0000000003168138]
Event: 63.626 Thread 0x0000000017bd3000 1937       4       processing.opengl.PGL::updateIntBuffer (41 bytes)
Event: 63.631 Thread 0x0000000017bd3000 nmethod 1937 0x0000000003209d50 code [0x0000000003209ea0, 0x000000000320a1f8]
Event: 68.040 Thread 0x0000000017bd0800 1938       4       processing.opengl.PGraphicsOpenGL$InGeometry::addEllipse (319 bytes)
Event: 68.058 Thread 0x0000000017bd0800 nmethod 1938 0x000000000315c910 code [0x000000000315cb00, 0x000000000315d688]
Event: 68.106 Thread 0x0000000017bd3000 1939       4       java.text.DecimalFormat::fastFormat (124 bytes)
Event: 68.107 Thread 0x0000000017bd3000 nmethod 1939 0x000000000373ef50 code [0x000000000373f080, 0x000000000373f118]
Event: 69.405 Thread 0x0000000017bd0800 1940       4       java.text.DecimalFormat::subformat (1238 bytes)
Event: 69.500 Thread 0x0000000017bd0800 nmethod 1940 0x00000000037546d0 code [0x0000000003754900, 0x0000000003759418]

GC Heap History (10 events):
Event: 55.049 GC heap before
{Heap before GC invocations=20 (full 1):
 PSYoungGen      total 657408K, used 633663K [0x00000000d5d80000, 0x00000000ffb80000, 0x0000000100000000)
  eden space 633856K, 99% used [0x00000000d5d80000,0x00000000fc837f30,0x00000000fc880000)
  from space 23552K, 0% used [0x00000000fe480000,0x00000000fe498000,0x00000000ffb80000)
  to   space 26112K, 0% used [0x00000000fc880000,0x00000000fc880000,0x00000000fe200000)
 ParOldGen       total 131584K, used 69198K [0x0000000081800000, 0x0000000089880000, 0x00000000d5d80000)
  object space 131584K, 52% used [0x0000000081800000,0x0000000085b93808,0x0000000089880000)
 Metaspace       used 17535K, capacity 17704K, committed 18048K, reserved 1064960K
  class space    used 1576K, capacity 1622K, committed 1664K, reserved 1048576K
Event: 55.050 GC heap after
Heap after GC invocations=20 (full 1):
 PSYoungGen      total 604672K, used 64K [0x00000000d5d80000, 0x00000000fe500000, 0x0000000100000000)
  eden space 604160K, 0% used [0x00000000d5d80000,0x00000000d5d80000,0x00000000fab80000)
  from space 512K, 12% used [0x00000000fc880000,0x00000000fc890000,0x00000000fc900000)
  to   space 24576K, 0% used [0x00000000fcd00000,0x00000000fcd00000,0x00000000fe500000)
 ParOldGen       total 131584K, used 69198K [0x0000000081800000, 0x0000000089880000, 0x00000000d5d80000)
  object space 131584K, 52% used [0x0000000081800000,0x0000000085b93808,0x0000000089880000)
 Metaspace       used 17535K, capacity 17704K, committed 18048K, reserved 1064960K
  class space    used 1576K, capacity 1622K, committed 1664K, reserved 1048576K
}
Event: 60.911 GC heap before
{Heap before GC invocations=21 (full 1):
 PSYoungGen      total 604672K, used 603548K [0x00000000d5d80000, 0x00000000fe500000, 0x0000000100000000)
  eden space 604160K, 99% used [0x00000000d5d80000,0x00000000faad7058,0x00000000fab80000)
  from space 512K, 12% used [0x00000000fc880000,0x00000000fc890000,0x00000000fc900000)
  to   space 24576K, 0% used [0x00000000fcd00000,0x00000000fcd00000,0x00000000fe500000)
 ParOldGen       total 131584K, used 69198K [0x0000000081800000, 0x0000000089880000, 0x00000000d5d80000)
  object space 131584K, 52% used [0x0000000081800000,0x0000000085b93808,0x0000000089880000)
 Metaspace       used 17539K, capacity 17704K, committed 18048K, reserved 1064960K
  class space    used 1576K, capacity 1622K, committed 1664K, reserved 1048576K
Event: 60.912 GC heap after
Heap after GC invocations=21 (full 1):
 PSYoungGen      total 576512K, used 128K [0x00000000d5d80000, 0x00000000fcd80000, 0x0000000100000000)
  eden space 576000K, 0% used [0x00000000d5d80000,0x00000000d5d80000,0x00000000f9000000)
  from space 512K, 25% used [0x00000000fcd00000,0x00000000fcd20000,0x00000000fcd80000)
  to   space 23040K, 0% used [0x00000000fa080000,0x00000000fa080000,0x00000000fb700000)
 ParOldGen       total 131584K, used 69198K [0x0000000081800000, 0x0000000089880000, 0x00000000d5d80000)
  object space 131584K, 52% used [0x0000000081800000,0x0000000085b93808,0x0000000089880000)
 Metaspace       used 17539K, capacity 17704K, committed 18048K, reserved 1064960K
  class space    used 1576K, capacity 1622K, committed 1664K, reserved 1048576K
}
Event: 66.491 GC heap before
{Heap before GC invocations=22 (full 1):
 PSYoungGen      total 576512K, used 575586K [0x00000000d5d80000, 0x00000000fcd80000, 0x0000000100000000)
  eden space 576000K, 99% used [0x00000000d5d80000,0x00000000f8f78918,0x00000000f9000000)
  from space 512K, 25% used [0x00000000fcd00000,0x00000000fcd20000,0x00000000fcd80000)
  to   space 23040K, 0% used [0x00000000fa080000,0x00000000fa080000,0x00000000fb700000)
 ParOldGen       total 131584K, used 69198K [0x0000000081800000, 0x0000000089880000, 0x00000000d5d80000)
  object space 131584K, 52% used [0x0000000081800000,0x0000000085b93808,0x0000000089880000)
 Metaspace       used 17539K, capacity 17704K, committed 18048K, reserved 1064960K
  class space    used 1576K, capacity 1622K, committed 1664K, reserved 1048576K
Event: 66.492 GC heap after
Heap after GC invocations=22 (full 1):
 PSYoungGen      total 572416K, used 128K [0x00000000d5d80000, 0x00000000fcd80000, 0x0000000100000000)
  eden space 549376K, 0% used [0x00000000d5d80000,0x00000000d5d80000,0x00000000f7600000)
  from space 23040K, 0% used [0x00000000fa080000,0x00000000fa0a0000,0x00000000fb700000)
  to   space 22016K, 0% used [0x00000000fb800000,0x00000000fb800000,0x00000000fcd80000)
 ParOldGen       total 131584K, used 69198K [0x0000000081800000, 0x0000000089880000, 0x00000000d5d80000)
  object space 131584K, 52% used [0x0000000081800000,0x0000000085b93808,0x0000000089880000)
 Metaspace       used 17539K, capacity 17704K, committed 18048K, reserved 1064960K
  class space    used 1576K, capacity 1622K, committed 1664K, reserved 1048576K
}
Event: 71.852 GC heap before
{Heap before GC invocations=23 (full 1):
 PSYoungGen      total 572416K, used 549261K [0x00000000d5d80000, 0x00000000fcd80000, 0x0000000100000000)
  eden space 549376K, 99% used [0x00000000d5d80000,0x00000000f75c3438,0x00000000f7600000)
  from space 23040K, 0% used [0x00000000fa080000,0x00000000fa0a0000,0x00000000fb700000)
  to   space 22016K, 0% used [0x00000000fb800000,0x00000000fb800000,0x00000000fcd80000)
 ParOldGen       total 131584K, used 69198K [0x0000000081800000, 0x0000000089880000, 0x00000000d5d80000)
  object space 131584K, 52% used [0x0000000081800000,0x0000000085b93808,0x0000000089880000)
 Metaspace       used 17539K, capacity 17704K, committed 18048K, reserved 1064960K
  class space    used 1576K, capacity 1622K, committed 1664K, reserved 1048576K
Event: 71.855 GC heap after
Heap after GC invocations=23 (full 1):
 PSYoungGen      total 524288K, used 128K [0x00000000d5d80000, 0x00000000fb880000, 0x0000000100000000)
  eden space 523776K, 0% used [0x00000000d5d80000,0x00000000d5d80000,0x00000000f5d00000)
  from space 512K, 25% used [0x00000000fb800000,0x00000000fb820000,0x00000000fb880000)
  to   space 20480K, 0% used [0x00000000f9080000,0x00000000f9080000,0x00000000fa480000)
 ParOldGen       total 131584K, used 69198K [0x0000000081800000, 0x0000000089880000, 0x00000000d5d80000)
  object space 131584K, 52% used [0x0000000081800000,0x0000000085b93808,0x0000000089880000)
 Metaspace       used 17539K, capacity 17704K, committed 18048K, reserved 1064960K
  class space    used 1576K, capacity 1622K, committed 1664K, reserved 1048576K
}
Event: 76.899 GC heap before
{Heap before GC invocations=24 (full 1):
 PSYoungGen      total 524288K, used 523904K [0x00000000d5d80000, 0x00000000fb880000, 0x0000000100000000)
  eden space 523776K, 100% used [0x00000000d5d80000,0x00000000f5d00000,0x00000000f5d00000)
  from space 512K, 25% used [0x00000000fb800000,0x00000000fb820000,0x00000000fb880000)
  to   space 20480K, 0% used [0x00000000f9080000,0x00000000f9080000,0x00000000fa480000)
 ParOldGen       total 131584K, used 69198K [0x0000000081800000, 0x0000000089880000, 0x00000000d5d80000)
  object space 131584K, 52% used [0x0000000081800000,0x0000000085b93808,0x0000000089880000)
 Metaspace       used 17539K, capacity 17704K, committed 18048K, reserved 1064960K
  class space    used 1576K, capacity 1622K, committed 1664K, reserved 1048576K
Event: 76.900 GC heap after
Heap after GC invocations=24 (full 1):
 PSYoungGen      total 520192K, used 128K [0x00000000d5d80000, 0x00000000fb880000, 0x0000000100000000)
  eden space 499712K, 0% used [0x00000000d5d80000,0x00000000d5d80000,0x00000000f4580000)
  from space 20480K, 0% used [0x00000000f9080000,0x00000000f90a0000,0x00000000fa480000)
  to   space 19456K, 0% used [0x00000000fa580000,0x00000000fa580000,0x00000000fb880000)
 ParOldGen       total 131584K, used 69198K [0x0000000081800000, 0x0000000089880000, 0x00000000d5d80000)
  object space 131584K, 52% used [0x0000000081800000,0x0000000085b93808,0x0000000089880000)
 Metaspace       used 17539K, capacity 17704K, committed 18048K, reserved 1064960K
  class space    used 1576K, capacity 1622K, committed 1664K, reserved 1048576K
}

Deoptimization events (8 events):
Event: 0.316 Thread 0x0000000002f4e800 Uncommon trap: reason=unstable_if action=reinterpret pc=0x000000000320a2e4 method=java.lang.String.indexOf([CII[CIII)I @ 3
Event: 2.180 Thread 0x0000000002f4e800 Uncommon trap: reason=unstable_if action=reinterpret pc=0x00000000033835b4 method=java.lang.reflect.AccessibleObject.setAccessible0(Ljava/lang/reflect/AccessibleObject;Z)V @ 4
Event: 4.682 Thread 0x000000001a1c9000 Uncommon trap: reason=class_check action=maybe_recompile pc=0x00000000031e63a8 method=java.lang.String.equals(Ljava/lang/Object;)Z @ 8
Event: 4.682 Thread 0x000000001a1c9000 Uncommon trap: reason=class_check action=maybe_recompile pc=0x00000000031e63a8 method=java.lang.String.equals(Ljava/lang/Object;)Z @ 8
Event: 4.682 Thread 0x000000001a1c9000 Uncommon trap: reason=class_check action=maybe_recompile pc=0x00000000031e63a8 method=java.lang.String.equals(Ljava/lang/Object;)Z @ 8
Event: 4.682 Thread 0x000000001a1c9000 Uncommon trap: reason=class_check action=maybe_recompile pc=0x00000000031e63a8 method=java.lang.String.equals(Ljava/lang/Object;)Z @ 8
Event: 4.743 Thread 0x000000001a1c9000 Uncommon trap: reason=predicate action=maybe_recompile pc=0x0000000003501348 method=java.util.regex.Pattern$Slice.match(Ljava/util/regex/Matcher;ILjava/lang/CharSequence;)Z @ 21
Event: 57.614 Thread 0x000000001a1c9000 Uncommon trap: reason=unstable_if action=reinterpret pc=0x000000000358e340 method=processing.opengl.PGraphicsOpenGL.nonZero(F)Z @ 8

Internal exceptions (10 events):
Event: 0.027 Thread 0x0000000002f4e800 Exception <a 'java/lang/NoSuchMethodError': Method sun.misc.Unsafe.prefetchRead(Ljava/lang/Object;J)V name or signature does not match> (0x00000000d5d87f90) thrown at [C:\re\workspace\8-2-build-windows-amd64-cygwin\jdk8u121\8372\hotspot\src\share\vm\prims
Event: 0.124 Thread 0x0000000002f4e800 Exception <a 'java/security/PrivilegedActionException'> (0x00000000d6066c48) thrown at [C:\re\workspace\8-2-build-windows-amd64-cygwin\jdk8u121\8372\hotspot\src\share\vm\prims\jvm.cpp, line 1390]
Event: 0.124 Thread 0x0000000002f4e800 Exception <a 'java/security/PrivilegedActionException'> (0x00000000d6066e58) thrown at [C:\re\workspace\8-2-build-windows-amd64-cygwin\jdk8u121\8372\hotspot\src\share\vm\prims\jvm.cpp, line 1390]
Event: 0.124 Thread 0x0000000002f4e800 Exception <a 'java/security/PrivilegedActionException'> (0x00000000d606af50) thrown at [C:\re\workspace\8-2-build-windows-amd64-cygwin\jdk8u121\8372\hotspot\src\share\vm\prims\jvm.cpp, line 1390]
Event: 0.124 Thread 0x0000000002f4e800 Exception <a 'java/security/PrivilegedActionException'> (0x00000000d606b160) thrown at [C:\re\workspace\8-2-build-windows-amd64-cygwin\jdk8u121\8372\hotspot\src\share\vm\prims\jvm.cpp, line 1390]
Event: 0.129 Thread 0x0000000002f4e800 Exception <a 'java/io/FileNotFoundException'> (0x00000000d6074b88) thrown at [C:\re\workspace\8-2-build-windows-amd64-cygwin\jdk8u121\8372\hotspot\src\share\vm\prims\jni.cpp, line 709]
Event: 0.158 Thread 0x0000000002f4e800 Exception <a 'java/lang/NoSuchFieldError': method resolution failed> (0x00000000d6141dc8) thrown at [C:\re\workspace\8-2-build-windows-amd64-cygwin\jdk8u121\8372\hotspot\src\share\vm\prims\methodHandles.cpp, line 1146]
Event: 0.159 Thread 0x0000000002f4e800 Exception <a 'java/lang/NoSuchFieldError': method resolution failed> (0x00000000d614f300) thrown at [C:\re\workspace\8-2-build-windows-amd64-cygwin\jdk8u121\8372\hotspot\src\share\vm\prims\methodHandles.cpp, line 1146]
Event: 0.199 Thread 0x0000000002f4e800 Exception <a 'java/io/FileNotFoundException'> (0x00000000d61ec338) thrown at [C:\re\workspace\8-2-build-windows-amd64-cygwin\jdk8u121\8372\hotspot\src\share\vm\prims\jni.cpp, line 709]
Event: 78.980 Thread 0x000000001a1c8000 Exception <a 'java/lang/InterruptedException'> (0x00000000e2e32aa0) thrown at [C:\re\workspace\8-2-build-windows-amd64-cygwin\jdk8u121\8372\hotspot\src\share\vm\runtime\objectMonitor.cpp, line 1684]

Events (10 events):
Event: 57.614 Thread 0x000000001a1c9000 DEOPT UNPACKING pc=0x000000000309582a sp=0x0000000021aae6d8 mode 2
Event: 60.911 Executing VM operation: ParallelGCFailedAllocation
Event: 60.912 Executing VM operation: ParallelGCFailedAllocation done
Event: 66.491 Executing VM operation: ParallelGCFailedAllocation
Event: 66.492 Executing VM operation: ParallelGCFailedAllocation done
Event: 71.852 Executing VM operation: ParallelGCFailedAllocation
Event: 71.855 Executing VM operation: ParallelGCFailedAllocation done
Event: 76.899 Executing VM operation: ParallelGCFailedAllocation
Event: 76.900 Executing VM operation: ParallelGCFailedAllocation done
Event: 78.980 Thread 0x000000001a1c8000 Thread exited: 0x000000001a1c8000


Dynamic libraries:
0x00007ff63e1d0000 - 0x00007ff63e207000 	C:\Program Files\Java\jdk1.8.0_121\bin\java.exe
0x00007ffbb0fb0000 - 0x00007ffbb1182000 	C:\WINDOWS\SYSTEM32\ntdll.dll
0x00007ffbae570000 - 0x00007ffbae61c000 	C:\WINDOWS\System32\KERNEL32.DLL
0x00007ffbadd10000 - 0x00007ffbadf2d000 	C:\WINDOWS\System32\KERNELBASE.dll
0x00007ffbb0880000 - 0x00007ffbb0922000 	C:\WINDOWS\System32\ADVAPI32.dll
0x00007ffbb02f0000 - 0x00007ffbb038e000 	C:\WINDOWS\System32\msvcrt.dll
0x00007ffbb0660000 - 0x00007ffbb06b9000 	C:\WINDOWS\System32\sechost.dll
0x00007ffbae620000 - 0x00007ffbae741000 	C:\WINDOWS\System32\RPCRT4.dll
0x00007ffbb0060000 - 0x00007ffbb01c5000 	C:\WINDOWS\System32\USER32.dll
0x00007ffbae1f0000 - 0x00007ffbae20e000 	C:\WINDOWS\System32\win32u.dll
0x00007ffbb0390000 - 0x00007ffbb03c4000 	C:\WINDOWS\System32\GDI32.dll
0x00007ffbad4b0000 - 0x00007ffbad630000 	C:\WINDOWS\System32\gdi32full.dll
0x00007ffba7ca0000 - 0x00007ffba7f1a000 	C:\WINDOWS\WinSxS\amd64_microsoft.windows.common-controls_6595b64144ccf1df_6.0.14393.953_none_42151e83c686086b\COMCTL32.dll
0x00007ffbae7b0000 - 0x00007ffbaea78000 	C:\WINDOWS\System32\combase.dll
0x00007ffbae440000 - 0x00007ffbae535000 	C:\WINDOWS\System32\ucrtbase.dll
0x00007ffbadfe0000 - 0x00007ffbae04a000 	C:\WINDOWS\System32\bcryptPrimitives.dll
0x00007ffbae540000 - 0x00007ffbae56e000 	C:\WINDOWS\System32\IMM32.DLL
0x0000000075660000 - 0x0000000075732000 	C:\Program Files\Java\jdk1.8.0_121\jre\bin\msvcr100.dll
0x0000000075bd0000 - 0x000000007646b000 	C:\Program Files\Java\jdk1.8.0_121\jre\bin\server\jvm.dll
0x00007ffbb0ea0000 - 0x00007ffbb0ea8000 	C:\WINDOWS\System32\PSAPI.DLL
0x00007ffbaa530000 - 0x00007ffbaa539000 	C:\WINDOWS\SYSTEM32\WSOCK32.dll
0x00007ffbb0280000 - 0x00007ffbb02ea000 	C:\WINDOWS\System32\WS2_32.dll
0x00007ffbab790000 - 0x00007ffbab7b3000 	C:\WINDOWS\SYSTEM32\WINMM.dll
0x00007ffba9850000 - 0x00007ffba985a000 	C:\WINDOWS\SYSTEM32\VERSION.dll
0x00007ffbab6d0000 - 0x00007ffbab6fb000 	C:\WINDOWS\SYSTEM32\WINMMBASE.dll
0x00007ffbae100000 - 0x00007ffbae142000 	C:\WINDOWS\System32\cfgmgr32.dll
0x0000000075ae0000 - 0x0000000075aef000 	C:\Program Files\Java\jdk1.8.0_121\jre\bin\verify.dll
0x0000000075ab0000 - 0x0000000075ad9000 	C:\Program Files\Java\jdk1.8.0_121\jre\bin\java.dll
0x0000000075a90000 - 0x0000000075aa6000 	C:\Program Files\Java\jdk1.8.0_121\jre\bin\zip.dll
0x00007ffbaea90000 - 0x00007ffbaff98000 	C:\WINDOWS\System32\SHELL32.dll
0x00007ffbad630000 - 0x00007ffbadd0a000 	C:\WINDOWS\System32\windows.storage.dll
0x00007ffbad450000 - 0x00007ffbad49c000 	C:\WINDOWS\System32\powrprof.dll
0x00007ffbb0530000 - 0x00007ffbb0582000 	C:\WINDOWS\System32\shlwapi.dll
0x00007ffbad4a0000 - 0x00007ffbad4af000 	C:\WINDOWS\System32\kernel.appcore.dll
0x00007ffbadf30000 - 0x00007ffbadfd9000 	C:\WINDOWS\System32\shcore.dll
0x00007ffbad420000 - 0x00007ffbad434000 	C:\WINDOWS\System32\profapi.dll
0x00007ffbaa750000 - 0x00007ffbaa760000 	C:\Program Files (x86)\JetBrains\IntelliJ IDEA 2016.3.4\bin\breakgen64.dll
0x0000000075880000 - 0x000000007589a000 	C:\Program Files\Java\jdk1.8.0_121\jre\bin\net.dll
0x00007ffbaccf0000 - 0x00007ffbacd4c000 	C:\WINDOWS\system32\mswsock.dll
0x00000000758f0000 - 0x0000000075a88000 	C:\Program Files\Java\jdk1.8.0_121\jre\bin\awt.dll
0x00007ffbaffa0000 - 0x00007ffbb005f000 	C:\WINDOWS\System32\OLEAUT32.dll
0x00007ffbae150000 - 0x00007ffbae1ec000 	C:\WINDOWS\System32\msvcp_win.dll
0x00007ffbabac0000 - 0x00007ffbabb3a000 	C:\WINDOWS\SYSTEM32\apphelp.dll
0x00007ffbabc20000 - 0x00007ffbabcb5000 	C:\WINDOWS\system32\uxtheme.dll
0x00007ffbb03d0000 - 0x00007ffbb052a000 	C:\WINDOWS\System32\MSCTF.dll
0x00007ffbaa9c0000 - 0x00007ffbaa9e6000 	C:\WINDOWS\system32\dwmapi.dll
0x00007ffbb0d60000 - 0x00007ffbb0e98000 	C:\WINDOWS\System32\ole32.dll
0x00007ffb9d9f0000 - 0x00007ffb9db13000 	C:\WINDOWS\system32\opengl32.dll
0x00007ffba7fa0000 - 0x00007ffba7fcd000 	C:\WINDOWS\SYSTEM32\GLU32.dll
0x00007ffb9d5f0000 - 0x00007ffb9d6e7000 	C:\WINDOWS\SYSTEM32\DDRAW.dll
0x00007ffbaaf40000 - 0x00007ffbaaf48000 	C:\WINDOWS\SYSTEM32\DCIMAN32.dll
0x00007ffbacea0000 - 0x00007ffbaceb7000 	C:\WINDOWS\SYSTEM32\CRYPTSP.dll
0x00007ffbac8f0000 - 0x00007ffbac923000 	C:\WINDOWS\system32\rsaenh.dll
0x00007ffbad360000 - 0x00007ffbad38b000 	C:\WINDOWS\SYSTEM32\bcrypt.dll
0x00007ffbacb70000 - 0x00007ffbacb8f000 	C:\WINDOWS\SYSTEM32\USERENV.dll
0x00007ffbace90000 - 0x00007ffbace9b000 	C:\WINDOWS\SYSTEM32\CRYPTBASE.dll
0x00007ffbaca70000 - 0x00007ffbacaa8000 	C:\WINDOWS\SYSTEM32\IPHLPAPI.DLL
0x00007ffbb0270000 - 0x00007ffbb0278000 	C:\WINDOWS\System32\NSI.dll
0x00007ffba3920000 - 0x00007ffba3936000 	C:\WINDOWS\SYSTEM32\dhcpcsvc6.DLL
0x00007ffba3f40000 - 0x00007ffba3f5a000 	C:\WINDOWS\SYSTEM32\dhcpcsvc.DLL
0x0000000075860000 - 0x0000000075871000 	C:\Program Files\Java\jdk1.8.0_121\jre\bin\nio.dll
0x00000000637c0000 - 0x00000000637cd000 	C:\Users\ricar\AppData\Local\Temp\jogamp_0000\file_cache\jln4732036069832809891\jln3300724146580150429\natives\windows-amd64\gluegen-rt.dll
0x0000000075770000 - 0x0000000075777000 	C:\Program Files\Java\jdk1.8.0_121\jre\bin\jawt.dll
0x000000006a440000 - 0x000000006a44d000 	C:\Users\ricar\AppData\Local\Temp\jogamp_0000\file_cache\jln4732036069832809891\jln3300724146580150429\natives\windows-amd64\nativewindow_awt.dll
0x000000006c100000 - 0x000000006c10f000 	C:\Users\ricar\AppData\Local\Temp\jogamp_0000\file_cache\jln4732036069832809891\jln3300724146580150429\natives\windows-amd64\nativewindow_win32.dll
0x000000006cbc0000 - 0x000000006cbd3000 	C:\Users\ricar\AppData\Local\Temp\jogamp_0000\file_cache\jln4732036069832809891\jln3300724146580150429\natives\windows-amd64\newt.dll
0x00007ffba9380000 - 0x00007ffba9411000 	C:\WINDOWS\SYSTEM32\mscms.dll
0x00007ffb987d0000 - 0x00007ffb98812000 	C:\WINDOWS\SYSTEM32\icm32.dll
0x00007ffbb0930000 - 0x00007ffbb0d59000 	C:\WINDOWS\System32\setupapi.dll
0x00007ffbabf80000 - 0x00007ffbabfa8000 	C:\WINDOWS\SYSTEM32\DEVOBJ.dll
0x00007ffbae3e0000 - 0x00007ffbae435000 	C:\WINDOWS\System32\WINTRUST.dll
0x00007ffbad440000 - 0x00007ffbad450000 	C:\WINDOWS\System32\MSASN1.dll
0x00007ffbae210000 - 0x00007ffbae3d9000 	C:\WINDOWS\System32\CRYPT32.dll
0x0000000064500000 - 0x00000000645b1000 	C:\Users\ricar\AppData\Local\Temp\jogamp_0000\file_cache\jln4732036069832809891\jln3300724146580150429\natives\windows-amd64\jogl_desktop.dll
0x0000000064340000 - 0x00000000643a2000 	C:\Users\ricar\AppData\Local\Temp\jogamp_0000\file_cache\jln4732036069832809891\jln3300724146580150429\natives\windows-amd64\jogl_mobile.dll
0x00000000728b0000 - 0x0000000074a00000 	C:\WINDOWS\SYSTEM32\nvoglv64.DLL
0x00007ffbaa6e0000 - 0x00007ffbaa6f3000 	C:\WINDOWS\SYSTEM32\WTSAPI32.dll
0x00007ffbac7c0000 - 0x00007ffbac7f2000 	C:\WINDOWS\SYSTEM32\ntmarta.dll
0x00007ffbad300000 - 0x00007ffbad356000 	C:\WINDOWS\SYSTEM32\WINSTA.dll
0x00007ffb922d0000 - 0x00007ffb9246c000 	C:\Users\ricar\Desktop\MoveCode\KinectPV2-master\Build_libs\MoveOn\libs\kinectPV2\Kinect20.Face.dll
0x00007ffb9d2c0000 - 0x00007ffb9d367000 	C:\WINDOWS\SYSTEM32\MSVCP110.dll
0x00007ffba0fe0000 - 0x00007ffba10b4000 	C:\WINDOWS\SYSTEM32\MSVCR110.dll
0x00007ffba1f80000 - 0x00007ffba1f91000 	C:\Users\ricar\Desktop\MoveCode\KinectPV2-master\Build_libs\MoveOn\libs\kinectPV2\KinectPV2.dll
0x00007ffb97630000 - 0x00007ffb976eb000 	C:\WINDOWS\SYSTEM32\Kinect20.dll
0x00007ffba2bf0000 - 0x00007ffba2d58000 	C:\WINDOWS\SYSTEM32\MFPlat.DLL
0x00007ffbab920000 - 0x00007ffbab94e000 	C:\WINDOWS\SYSTEM32\RTWorkQ.DLL
0x00007ffbac3a0000 - 0x00007ffbac43f000 	C:\WINDOWS\system32\dxgi.dll
0x00007ffbaa9f0000 - 0x00007ffbaaca6000 	C:\WINDOWS\system32\d3d11.dll
0x00007ffb799e0000 - 0x00007ffb7b111000 	C:\WINDOWS\System32\DriverStore\FileRepository\nvami.inf_amd64_11a67240324f74de\nvwgf2umx.dll
0x00007ffba78a0000 - 0x00007ffba7c9b000 	C:\WINDOWS\system32\nvapi64.dll
0x00000000758a0000 - 0x00000000758e7000 	C:\Program Files\Java\jdk1.8.0_121\jre\bin\fontmanager.dll
0x0000000075790000 - 0x00000000757d2000 	C:\Program Files\Java\jdk1.8.0_121\jre\bin\t2k.dll
0x00007ffba9e30000 - 0x00007ffba9fc2000 	C:\WINDOWS\SYSTEM32\dbghelp.dll

VM Arguments:
jvm_args: -Djava.library.path=C:\Users\ricar\Desktop\MoveCode\KinectPV2-master\Build_libs\MoveOn\libs\kinectPV2 -Didea.launcher.port=7534 -Didea.launcher.bin.path=C:\Program Files (x86)\JetBrains\IntelliJ IDEA 2016.3.4\bin -Dfile.encoding=UTF-8 
java_command: com.intellij.rt.execution.application.AppMain SkeletonDepthTest
java_class_path (initial): C:\Program Files\Java\jdk1.8.0_121\jre\lib\charsets.jar;C:\Program Files\Java\jdk1.8.0_121\jre\lib\deploy.jar;C:\Program Files\Java\jdk1.8.0_121\jre\lib\ext\access-bridge-64.jar;C:\Program Files\Java\jdk1.8.0_121\jre\lib\ext\cldrdata.jar;C:\Program Files\Java\jdk1.8.0_121\jre\lib\ext\dnsns.jar;C:\Program Files\Java\jdk1.8.0_121\jre\lib\ext\jaccess.jar;C:\Program Files\Java\jdk1.8.0_121\jre\lib\ext\jfxrt.jar;C:\Program Files\Java\jdk1.8.0_121\jre\lib\ext\localedata.jar;C:\Program Files\Java\jdk1.8.0_121\jre\lib\ext\nashorn.jar;C:\Program Files\Java\jdk1.8.0_121\jre\lib\ext\sunec.jar;C:\Program Files\Java\jdk1.8.0_121\jre\lib\ext\sunjce_provider.jar;C:\Program Files\Java\jdk1.8.0_121\jre\lib\ext\sunmscapi.jar;C:\Program Files\Java\jdk1.8.0_121\jre\lib\ext\sunpkcs11.jar;C:\Program Files\Java\jdk1.8.0_121\jre\lib\ext\zipfs.jar;C:\Program Files\Java\jdk1.8.0_121\jre\lib\javaws.jar;C:\Program Files\Java\jdk1.8.0_121\jre\lib\jce.jar;C:\Program Files\Java\jdk1.8.0_121\jre\lib\jfr.jar;C:\Program Files\Java\jdk1.8.0_121\jre\lib\jfxswt.jar;C:\Program Files\Java\jdk1.8.0_121\jre\lib\jsse.jar;C:\Program Files\Java\jdk1.8.0_121\jre\lib\management-agent.jar;C:\Program Files\Java\jdk1.8.0_121\jre\lib\plugin.jar;C:\Program Files\Java\jdk1.8.0_121\jre\lib\resources.jar;C:\Program Files\Java\jdk1.8.0_121\jre\lib\rt.jar;C:\Users\ricar\Desktop\MoveCode\KinectPV2-master\Build_libs\MoveOn\out\production\MoveOn;C:\Users\ricar\Desktop\MoveCode\KinectPV2-master\Build_libs\MoveOn\libs\kinectPV2\KinectPV2.jar;C:\Users\ricar\Desktop\MoveCode\KinectPV2-master\Build_libs\MoveOn\libs\p3.01\core.jar;C:\Users\ricar\Desktop\MoveCode\KinectPV2-master\Build_libs\MoveOn\libs\p3.01\jogl-all.jar;C:\Users\ricar\Desktop\MoveCode\KinectPV2-master\Build_libs\MoveOn\libs\p3.01\gluegen-rt.jar;C:\Users\ricar\Desktop\MoveCode\KinectPV2-master\Build_libs\MoveOn\libs\p3.01\jogl-all-natives-linux-i586.jar;C:\Users\ricar\Desktop\MoveCode\KinectPV2-master\Build_libs\MoveOn\libs\p3.01\jogl-
Launcher Type: SUN_STANDARD

Environment Variables:
PATH=C:\ProgramData\Oracle\Java\javapath;C:\Program Files (x86)\Intel\iCLS Client\;C:\Program Files\Intel\iCLS Client\;C:\Windows\system32;C:\Windows;C:\Windows\System32\Wbem;C:\Windows\System32\WindowsPowerShell\v1.0\;C:\Program Files (x86)\NVIDIA Corporation\PhysX\Common;C:\Program Files (x86)\Intel\Intel(R) Management Engine Components\DAL;C:\Program Files\Intel\Intel(R) Management Engine Components\DAL;C:\Program Files (x86)\Intel\Intel(R) Management Engine Components\IPT;C:\Program Files\Intel\Intel(R) Management Engine Components\IPT;C:\WINDOWS\system32;C:\WINDOWS;C:\WINDOWS\System32\Wbem;C:\WINDOWS\System32\WindowsPowerShell\v1.0\;C:\Program Files\Git\cmd;C:\;C:\Users\ricar\AppData\Local\Microsoft\WindowsApps;C:\Users\ricar\AppData\Roaming\npm
USERNAME=ricar
OS=Windows_NT
PROCESSOR_IDENTIFIER=Intel64 Family 6 Model 94 Stepping 3, GenuineIntel



---------------  S Y S T E M  ---------------

OS: Windows 10.0 , 64 bit Build 14393 (10.0.14393.1198)

CPU:total 4 (4 cores per cpu, 1 threads per core) family 6 model 94 stepping 3, cmov, cx8, fxsr, mmx, sse, sse2, sse3, ssse3, sse4.1, sse4.2, popcnt, avx, avx2, aes, clmul, erms, rtm, 3dnowpref, lzcnt, tsc, tscinvbit, bmi1, bmi2, adx

Memory: 4k page, physical 8285044k(3150744k free), swap 18266080k(11733708k free)

vm_info: Java HotSpot(TM) 64-Bit Server VM (25.121-b13) for windows-amd64 JRE (1.8.0_121-b13), built on Dec 12 2016 18:21:36 by "java_re" with MS VC++ 10.0 (VS2010)

time: Thu Aug 24 17:29:53 2017
elapsed time: 78 seconds (0d 0h 1m 18s)

