#
# A fatal error has been detected by the Java Runtime Environment:
#
#  EXCEPTION_ACCESS_VIOLATION (0xc0000005) at pc=0x0000000000000000, pid=8796, tid=0x0000000000003068
#
# JRE version: Java(TM) SE Runtime Environment (8.0_121-b13) (build 1.8.0_121-b13)
# Java VM: Java HotSpot(TM) 64-Bit Server VM (25.121-b13 mixed mode windows-amd64 compressed oops)
# Problematic frame:
# C  0x0000000000000000
#
# Failed to write core dump. Minidumps are not enabled by default on client versions of Windows
#
# If you would like to submit a bug report, please visit:
#   http://bugreport.java.com/bugreport/crash.jsp
# The crash happened outside the Java Virtual Machine in native code.
# See problematic frame for where to report the bug.
#

---------------  T H R E A D  ---------------

Current thread (0x0000000019fa5800):  JavaThread "main-FPSAWTAnimator#00-Timer0" [_thread_in_native, id=12392, stack(0x0000000021460000,0x0000000021560000)]

siginfo: ExceptionCode=0xc0000005, ExceptionInformation=0x0000000000000008 0x0000000000000000

Registers:
RAX=0x00000000216e4390, RBX=0x00000000216e7c00, RCX=0x000000001ddc39e0, RDX=0x0000000000000000
RSP=0x000000002155e198, RBP=0x0000000000000000, RSI=0x0000000000000006, RDI=0x00000000216e7e30
R8 =0x000000002155de48, R9 =0x0000000000008000, R10=0x0000000000000000, R11=0x000000002155e090
R12=0x0000000000000000, R13=0x000000001b538f48, R14=0x000000002155e290, R15=0x0000000019fa5800
RIP=0x0000000000000000, EFLAGS=0x0000000000010202

Top of Stack: (sp=0x000000002155e198)
0x000000002155e198:   00007ffba2b45526 00000000216e7c00
0x000000002155e1a8:   000000001b538f48 0000000000000000
0x000000002155e1b8:   0000000019aac6f0 0000000019aac6f0
0x000000002155e1c8:   00007ffba2b4177a 000000002155e290
0x000000002155e1d8:   000000002155e270 0000000019fa59f8
0x000000002155e1e8:   0000000019fa5800 0000000002ba835d
0x000000002155e1f8:   0000000002bb7f74 000000001b538f48
0x000000002155e208:   0000000019fa5800 0000000019fa5800
0x000000002155e218:   0000000019fa5800 000000002155e2e8
0x000000002155e228:   0000000002bb7ca2 000000002155e230
0x000000002155e238:   000000001b538f48 000000002155e290
0x000000002155e248:   000000001b53abe0 0000000000000000
0x000000002155e258:   000000001b538f48 0000000000000000
0x000000002155e268:   000000002155e290 000000002155e2d8
0x000000002155e278:   0000000002ba7b30 0000000000000000
0x000000002155e288:   0000000002bb19c0 0000000084962638 

Instructions: (pc=0x0000000000000000)
0xffffffffffffffe0:   


Register to memory mapping:

RAX=0x00000000216e4390 is an unknown value
RBX=0x00000000216e7c00 is an unknown value
RCX=0x000000001ddc39e0 is an unknown value
RDX=0x0000000000000000 is an unknown value
RSP=0x000000002155e198 is pointing into the stack for thread: 0x0000000019fa5800
RBP=0x0000000000000000 is an unknown value
RSI=0x0000000000000006 is an unknown value
RDI=0x00000000216e7e30 is an unknown value
R8 =0x000000002155de48 is pointing into the stack for thread: 0x0000000019fa5800
R9 =0x0000000000008000 is an unknown value
R10=0x0000000000000000 is an unknown value
R11=0x000000002155e090 is pointing into the stack for thread: 0x0000000019fa5800
R12=0x0000000000000000 is an unknown value
R13={method} {0x000000001b538f50} 'jniStopSignal' '()Z' in 'KinectPV2/Device'
R14=0x000000002155e290 is pointing into the stack for thread: 0x0000000019fa5800
R15=0x0000000019fa5800 is a thread


Stack: [0x0000000021460000,0x0000000021560000],  sp=0x000000002155e198,  free space=1016k
Native frames: (J=compiled Java code, j=interpreted, Vv=VM code, C=native code)

Java frames: (J=compiled Java code, j=interpreted, Vv=VM code)
j  KinectPV2.Device.jniStopSignal()Z+0
j  KinectPV2.Device.cleanDevice()Z+1
j  KinectPV2.KinectPV2.dispose()V+10
v  ~StubRoutines::call_stub
j  sun.reflect.NativeMethodAccessorImpl.invoke0(Ljava/lang/reflect/Method;Ljava/lang/Object;[Ljava/lang/Object;)Ljava/lang/Object;+0
j  sun.reflect.NativeMethodAccessorImpl.invoke(Ljava/lang/Object;[Ljava/lang/Object;)Ljava/lang/Object;+100
j  sun.reflect.DelegatingMethodAccessorImpl.invoke(Ljava/lang/Object;[Ljava/lang/Object;)Ljava/lang/Object;+6
j  java.lang.reflect.Method.invoke(Ljava/lang/Object;[Ljava/lang/Object;)Ljava/lang/Object;+56
j  processing.core.PApplet$RegisteredMethods.handle([Ljava/lang/Object;)V+18
J 984 C1 processing.core.PApplet.handleMethods(Ljava/lang/String;)V (21 bytes) @ 0x0000000002f7b0dc [0x0000000002f7ae20+0x2bc]
j  processing.core.PApplet.dispose()V+35
j  processing.opengl.PSurfaceJOGL$DrawListener.display(Lcom/jogamp/opengl/GLAutoDrawable;)V+206
j  jogamp.opengl.GLDrawableHelper.displayImpl(Lcom/jogamp/opengl/GLAutoDrawable;)V+62
J 1200 C1 jogamp.opengl.GLAutoDrawableBase$2.run()V (73 bytes) @ 0x000000000301e63c [0x000000000301e260+0x3dc]
J 1198 C1 jogamp.opengl.GLDrawableHelper.invokeGLImpl(Lcom/jogamp/opengl/GLDrawable;Lcom/jogamp/opengl/GLContext;Ljava/lang/Runnable;Ljava/lang/Runnable;)V (579 bytes) @ 0x00000000030190ac [0x0000000003018260+0xe4c]
J 1197 C1 jogamp.opengl.GLDrawableHelper.invokeGL(Lcom/jogamp/opengl/GLDrawable;Lcom/jogamp/opengl/GLContext;Ljava/lang/Runnable;Ljava/lang/Runnable;)V (76 bytes) @ 0x0000000003017c84 [0x0000000003017bc0+0xc4]
j  com.jogamp.newt.opengl.GLWindow.display()V+90
J 1193 C1 com.jogamp.opengl.util.AWTAnimatorImpl.display(Ljava/util/ArrayList;ZZ)V (170 bytes) @ 0x000000000300992c [0x0000000003009240+0x6ec]
J 1191 C1 com.jogamp.opengl.util.FPSAnimator$MainTask.run()V (805 bytes) @ 0x000000000300d804 [0x000000000300cac0+0xd44]
j  java.util.TimerThread.mainLoop()V+221
j  java.util.TimerThread.run()V+1
v  ~StubRoutines::call_stub

---------------  P R O C E S S  ---------------

Java Threads: ( => current thread )
  0x000000001911e000 JavaThread "Thread-5" [_thread_blocked, id=12544, stack(0x000000002fb10000,0x000000002fc10000)]
  0x00000000028ce800 JavaThread "DestroyJavaVM" [_thread_blocked, id=5524, stack(0x00000000029a0000,0x0000000002aa0000)]
=>0x0000000019fa5800 JavaThread "main-FPSAWTAnimator#00-Timer0" [_thread_in_native, id=12392, stack(0x0000000021460000,0x0000000021560000)]
  0x000000001a10d800 JavaThread "HighResTimerThread" daemon [_thread_blocked, id=9704, stack(0x0000000021260000,0x0000000021360000)]
  0x0000000019f19800 JavaThread "main-SharedResourceRunner" daemon [_thread_blocked, id=9192, stack(0x000000001b560000,0x000000001b660000)]
  0x0000000019e98800 JavaThread "main-Display-.windows_nil-1-EDT-1" daemon [_thread_blocked, id=1364, stack(0x000000001b060000,0x000000001b160000)]
  0x0000000019a1a800 JavaThread "AWT-Windows" daemon [_thread_in_native, id=5448, stack(0x000000001a380000,0x000000001a480000)]
  0x0000000019a17000 JavaThread "Java2D Disposer" daemon [_thread_blocked, id=12780, stack(0x000000001a180000,0x000000001a280000)]
  0x0000000019214800 JavaThread "Monitor Ctrl-Break" daemon [_thread_in_native, id=9288, stack(0x0000000019730000,0x0000000019830000)]
  0x000000001774e000 JavaThread "Service Thread" daemon [_thread_blocked, id=7536, stack(0x0000000019450000,0x0000000019550000)]
  0x00000000176fe000 JavaThread "C1 CompilerThread2" daemon [_thread_blocked, id=9752, stack(0x0000000018f50000,0x0000000019050000)]
  0x00000000176f3000 JavaThread "C2 CompilerThread1" daemon [_thread_blocked, id=1212, stack(0x0000000018e50000,0x0000000018f50000)]
  0x00000000176ee800 JavaThread "C2 CompilerThread0" daemon [_thread_blocked, id=5308, stack(0x0000000018d50000,0x0000000018e50000)]
  0x00000000176ed000 JavaThread "Attach Listener" daemon [_thread_blocked, id=11224, stack(0x0000000018c50000,0x0000000018d50000)]
  0x00000000176ec000 JavaThread "Signal Dispatcher" daemon [_thread_blocked, id=8276, stack(0x0000000018b50000,0x0000000018c50000)]
  0x0000000002b9d000 JavaThread "Finalizer" daemon [_thread_blocked, id=11980, stack(0x0000000018940000,0x0000000018a40000)]
  0x0000000002b92000 JavaThread "Reference Handler" daemon [_thread_blocked, id=7516, stack(0x0000000018840000,0x0000000018940000)]

Other Threads:
  0x00000000176b7000 VMThread [stack: 0x0000000018740000,0x0000000018840000] [id=11276]
  0x00000000190ae800 WatcherThread [stack: 0x0000000019550000,0x0000000019650000] [id=13624]

VM state:not at safepoint (normal execution)

VM Mutex/Monitor currently owned by a thread: None

Heap:
 PSYoungGen      total 269824K, used 46723K [0x00000000d5d80000, 0x00000000ef400000, 0x0000000100000000)
  eden space 230912K, 20% used [0x00000000d5d80000,0x00000000d8b00c20,0x00000000e3f00000)
  from space 38912K, 0% used [0x00000000e3f00000,0x00000000e3f20000,0x00000000e6500000)
  to   space 37888K, 0% used [0x00000000ecf00000,0x00000000ecf00000,0x00000000ef400000)
 ParOldGen       total 131584K, used 67932K [0x0000000081800000, 0x0000000089880000, 0x00000000d5d80000)
  object space 131584K, 51% used [0x0000000081800000,0x0000000085a571b0,0x0000000089880000)
 Metaspace       used 16100K, capacity 16324K, committed 16640K, reserved 1064960K
  class space    used 1467K, capacity 1526K, committed 1536K, reserved 1048576K

Card table byte_map: [0x0000000011f60000,0x0000000012360000] byte_map_base: 0x0000000011b54000

Marking Bits: (ParMarkBitMap*) 0x00000000763eb6d0
 Begin Bits: [0x0000000012a10000, 0x00000000149b0000)
 End Bits:   [0x00000000149b0000, 0x0000000016950000)

Polling page: 0x00000000010c0000

CodeCache: size=245760Kb used=4723Kb max_used=4723Kb free=241036Kb
 bounds [0x0000000002ba0000, 0x0000000003040000, 0x0000000011ba0000]
 total_blobs=2048 nmethods=1222 adapters=739
 compilation: enabled

Compilation events (10 events):
Event: 15.305 Thread 0x00000000176fe000 1221       3       processing.opengl.Texture::currentSampling (114 bytes)
Event: 15.305 Thread 0x00000000176fe000 nmethod 1221 0x0000000003037890 code [0x0000000003037a20, 0x0000000003037eb0]
Event: 15.305 Thread 0x00000000176fe000 1222       3       processing.opengl.PShader::loadAttributes (165 bytes)
Event: 15.306 Thread 0x00000000176fe000 nmethod 1222 0x0000000003037f50 code [0x0000000003038300, 0x0000000003039978]
Event: 15.306 Thread 0x00000000176fe000 1223       3       processing.opengl.PShader::loadUniforms (310 bytes)
Event: 15.307 Thread 0x00000000176fe000 nmethod 1223 0x000000000303a3d0 code [0x000000000303a980, 0x000000000303d1f8]
Event: 15.307 Thread 0x00000000176fe000 1206       3       KinectPV2.Device::getBodyTrackImage (40 bytes)
Event: 15.308 Thread 0x00000000176fe000 nmethod 1206 0x000000000303e4d0 code [0x000000000303e680, 0x000000000303ebe8]
Event: 15.308 Thread 0x00000000176fe000 1209       3       KinectPV2.Device::getDepthMaskImage (40 bytes)
Event: 15.308 Thread 0x00000000176fe000 nmethod 1209 0x000000000303ee90 code [0x000000000303f040, 0x000000000303f5a8]

GC Heap History (10 events):
Event: 3.660 GC heap before
{Heap before GC invocations=6 (full 1):
 PSYoungGen      total 70144K, used 70105K [0x00000000d5d80000, 0x00000000da880000, 0x0000000100000000)
  eden space 65024K, 99% used [0x00000000d5d80000,0x00000000d9cf8428,0x00000000d9d00000)
  from space 5120K, 99% used [0x00000000da380000,0x00000000da87e070,0x00000000da880000)
  to   space 5120K, 0% used [0x00000000d9e80000,0x00000000d9e80000,0x00000000da380000)
 ParOldGen       total 131584K, used 61127K [0x0000000081800000, 0x0000000089880000, 0x00000000d5d80000)
  object space 131584K, 46% used [0x0000000081800000,0x00000000853b1c00,0x0000000089880000)
 Metaspace       used 15765K, capacity 16004K, committed 16128K, reserved 1064960K
  class space    used 1467K, capacity 1526K, committed 1536K, reserved 1048576K
Event: 3.663 GC heap after
Heap after GC invocations=6 (full 1):
 PSYoungGen      total 71680K, used 5112K [0x00000000d5d80000, 0x00000000e2a80000, 0x0000000100000000)
  eden space 66560K, 0% used [0x00000000d5d80000,0x00000000d5d80000,0x00000000d9e80000)
  from space 5120K, 99% used [0x00000000d9e80000,0x00000000da37e070,0x00000000da380000)
  to   space 42496K, 0% used [0x00000000e0100000,0x00000000e0100000,0x00000000e2a80000)
 ParOldGen       total 131584K, used 62831K [0x0000000081800000, 0x0000000089880000, 0x00000000d5d80000)
  object space 131584K, 47% used [0x0000000081800000,0x000000008555bc20,0x0000000089880000)
 Metaspace       used 15765K, capacity 16004K, committed 16128K, reserved 1064960K
  class space    used 1467K, capacity 1526K, committed 1536K, reserved 1048576K
}
Event: 4.936 GC heap before
{Heap before GC invocations=7 (full 1):
 PSYoungGen      total 71680K, used 71132K [0x00000000d5d80000, 0x00000000e2a80000, 0x0000000100000000)
  eden space 66560K, 99% used [0x00000000d5d80000,0x00000000d9df9040,0x00000000d9e80000)
  from space 5120K, 99% used [0x00000000d9e80000,0x00000000da37e070,0x00000000da380000)
  to   space 42496K, 0% used [0x00000000e0100000,0x00000000e0100000,0x00000000e2a80000)
 ParOldGen       total 131584K, used 62831K [0x0000000081800000, 0x0000000089880000, 0x00000000d5d80000)
  object space 131584K, 47% used [0x0000000081800000,0x000000008555bc20,0x0000000089880000)
 Metaspace       used 15805K, capacity 16004K, committed 16128K, reserved 1064960K
  class space    used 1467K, capacity 1526K, committed 1536K, reserved 1048576K
Event: 4.938 GC heap after
Heap after GC invocations=7 (full 1):
 PSYoungGen      total 167936K, used 5112K [0x00000000d5d80000, 0x00000000e2a00000, 0x0000000100000000)
  eden space 125952K, 0% used [0x00000000d5d80000,0x00000000d5d80000,0x00000000dd880000)
  from space 41984K, 12% used [0x00000000e0100000,0x00000000e05fe070,0x00000000e2a00000)
  to   space 41472K, 0% used [0x00000000dd880000,0x00000000dd880000,0x00000000e0100000)
 ParOldGen       total 131584K, used 62839K [0x0000000081800000, 0x0000000089880000, 0x00000000d5d80000)
  object space 131584K, 47% used [0x0000000081800000,0x000000008555dc20,0x0000000089880000)
 Metaspace       used 15805K, capacity 16004K, committed 16128K, reserved 1064960K
  class space    used 1467K, capacity 1526K, committed 1536K, reserved 1048576K
}
Event: 7.403 GC heap before
{Heap before GC invocations=8 (full 1):
 PSYoungGen      total 167936K, used 130623K [0x00000000d5d80000, 0x00000000e2a00000, 0x0000000100000000)
  eden space 125952K, 99% used [0x00000000d5d80000,0x00000000dd811ba0,0x00000000dd880000)
  from space 41984K, 12% used [0x00000000e0100000,0x00000000e05fe070,0x00000000e2a00000)
  to   space 41472K, 0% used [0x00000000dd880000,0x00000000dd880000,0x00000000e0100000)
 ParOldGen       total 131584K, used 62839K [0x0000000081800000, 0x0000000089880000, 0x00000000d5d80000)
  object space 131584K, 47% used [0x0000000081800000,0x000000008555dc20,0x0000000089880000)
 Metaspace       used 15884K, capacity 16132K, committed 16384K, reserved 1064960K
  class space    used 1467K, capacity 1526K, committed 1536K, reserved 1048576K
Event: 7.405 GC heap after
Heap after GC invocations=8 (full 1):
 PSYoungGen      total 167424K, used 5144K [0x00000000d5d80000, 0x00000000e9080000, 0x0000000100000000)
  eden space 125952K, 0% used [0x00000000d5d80000,0x00000000d5d80000,0x00000000dd880000)
  from space 41472K, 12% used [0x00000000dd880000,0x00000000ddd86070,0x00000000e0100000)
  to   space 39424K, 0% used [0x00000000e6a00000,0x00000000e6a00000,0x00000000e9080000)
 ParOldGen       total 131584K, used 62847K [0x0000000081800000, 0x0000000089880000, 0x00000000d5d80000)
  object space 131584K, 47% used [0x0000000081800000,0x000000008555fc20,0x0000000089880000)
 Metaspace       used 15884K, capacity 16132K, committed 16384K, reserved 1064960K
  class space    used 1467K, capacity 1526K, committed 1536K, reserved 1048576K
}
Event: 9.873 GC heap before
{Heap before GC invocations=9 (full 1):
 PSYoungGen      total 167424K, used 130973K [0x00000000d5d80000, 0x00000000e9080000, 0x0000000100000000)
  eden space 125952K, 99% used [0x00000000d5d80000,0x00000000dd861690,0x00000000dd880000)
  from space 41472K, 12% used [0x00000000dd880000,0x00000000ddd86070,0x00000000e0100000)
  to   space 39424K, 0% used [0x00000000e6a00000,0x00000000e6a00000,0x00000000e9080000)
 ParOldGen       total 131584K, used 62847K [0x0000000081800000, 0x0000000089880000, 0x00000000d5d80000)
  object space 131584K, 47% used [0x0000000081800000,0x000000008555fc20,0x0000000089880000)
 Metaspace       used 15902K, capacity 16132K, committed 16384K, reserved 1064960K
  class space    used 1467K, capacity 1526K, committed 1536K, reserved 1048576K
Event: 9.875 GC heap after
Heap after GC invocations=9 (full 1):
 PSYoungGen      total 264704K, used 1792K [0x00000000d5d80000, 0x00000000e8b00000, 0x0000000100000000)
  eden space 230912K, 0% used [0x00000000d5d80000,0x00000000d5d80000,0x00000000e3f00000)
  from space 33792K, 5% used [0x00000000e6a00000,0x00000000e6bc0020,0x00000000e8b00000)
  to   space 38912K, 0% used [0x00000000e3f00000,0x00000000e3f00000,0x00000000e6500000)
 ParOldGen       total 131584K, used 66212K [0x0000000081800000, 0x0000000089880000, 0x00000000d5d80000)
  object space 131584K, 50% used [0x0000000081800000,0x00000000858a9190,0x0000000089880000)
 Metaspace       used 15902K, capacity 16132K, committed 16384K, reserved 1064960K
  class space    used 1467K, capacity 1526K, committed 1536K, reserved 1048576K
}
Event: 14.416 GC heap before
{Heap before GC invocations=10 (full 1):
 PSYoungGen      total 264704K, used 232704K [0x00000000d5d80000, 0x00000000e8b00000, 0x0000000100000000)
  eden space 230912K, 100% used [0x00000000d5d80000,0x00000000e3f00000,0x00000000e3f00000)
  from space 33792K, 5% used [0x00000000e6a00000,0x00000000e6bc0020,0x00000000e8b00000)
  to   space 38912K, 0% used [0x00000000e3f00000,0x00000000e3f00000,0x00000000e6500000)
 ParOldGen       total 131584K, used 66212K [0x0000000081800000, 0x0000000089880000, 0x00000000d5d80000)
  object space 131584K, 50% used [0x0000000081800000,0x00000000858a9190,0x0000000089880000)
 Metaspace       used 16044K, capacity 16260K, committed 16384K, reserved 1064960K
  class space    used 1467K, capacity 1526K, committed 1536K, reserved 1048576K
Event: 14.418 GC heap after
Heap after GC invocations=10 (full 1):
 PSYoungGen      total 269824K, used 128K [0x00000000d5d80000, 0x00000000ef400000, 0x0000000100000000)
  eden space 230912K, 0% used [0x00000000d5d80000,0x00000000d5d80000,0x00000000e3f00000)
  from space 38912K, 0% used [0x00000000e3f00000,0x00000000e3f20000,0x00000000e6500000)
  to   space 37888K, 0% used [0x00000000ecf00000,0x00000000ecf00000,0x00000000ef400000)
 ParOldGen       total 131584K, used 67932K [0x0000000081800000, 0x0000000089880000, 0x00000000d5d80000)
  object space 131584K, 51% used [0x0000000081800000,0x0000000085a571b0,0x0000000089880000)
 Metaspace       used 16044K, capacity 16260K, committed 16384K, reserved 1064960K
  class space    used 1467K, capacity 1526K, committed 1536K, reserved 1048576K
}

Deoptimization events (5 events):
Event: 0.313 Thread 0x00000000028ce800 Uncommon trap: reason=unstable_if action=reinterpret pc=0x0000000002d58864 method=java.lang.String.indexOf([CII[CIII)I @ 3
Event: 0.816 Thread 0x00000000028ce800 Uncommon trap: reason=unstable_if action=reinterpret pc=0x0000000002e3bd54 method=com.jogamp.opengl.util.PNGPixelRect.read(Ljava/io/InputStream;Lcom/jogamp/nativewindow/util/PixelFormat;ZIZ)Lcom/jogamp/opengl/util/PNGPixelRect; @ 967
Event: 2.185 Thread 0x00000000028ce800 Uncommon trap: reason=unstable_if action=reinterpret pc=0x0000000002ecbff4 method=java.lang.reflect.AccessibleObject.setAccessible0(Ljava/lang/reflect/AccessibleObject;Z)V @ 4
Event: 2.188 Thread 0x00000000028ce800 Uncommon trap: reason=unstable_if action=reinterpret pc=0x0000000002ecd4cc method=java.util.HashMap.containsKey(Ljava/lang/Object;)Z @ 9
Event: 2.362 Thread 0x0000000019fa5800 Uncommon trap: reason=unstable_if action=reinterpret pc=0x0000000002f07200 method=java.util.regex.Pattern$BitClass.isSatisfiedBy(I)Z @ 13

Internal exceptions (10 events):
Event: 0.029 Thread 0x00000000028ce800 Exception <a 'java/lang/NoSuchMethodError': Method sun.misc.Unsafe.prefetchRead(Ljava/lang/Object;J)V name or signature does not match> (0x00000000d5d87f90) thrown at [C:\re\workspace\8-2-build-windows-amd64-cygwin\jdk8u121\8372\hotspot\src\share\vm\prims
Event: 0.125 Thread 0x00000000028ce800 Exception <a 'java/security/PrivilegedActionException'> (0x00000000d6066460) thrown at [C:\re\workspace\8-2-build-windows-amd64-cygwin\jdk8u121\8372\hotspot\src\share\vm\prims\jvm.cpp, line 1390]
Event: 0.125 Thread 0x00000000028ce800 Exception <a 'java/security/PrivilegedActionException'> (0x00000000d6066670) thrown at [C:\re\workspace\8-2-build-windows-amd64-cygwin\jdk8u121\8372\hotspot\src\share\vm\prims\jvm.cpp, line 1390]
Event: 0.125 Thread 0x00000000028ce800 Exception <a 'java/security/PrivilegedActionException'> (0x00000000d606a768) thrown at [C:\re\workspace\8-2-build-windows-amd64-cygwin\jdk8u121\8372\hotspot\src\share\vm\prims\jvm.cpp, line 1390]
Event: 0.125 Thread 0x00000000028ce800 Exception <a 'java/security/PrivilegedActionException'> (0x00000000d606a978) thrown at [C:\re\workspace\8-2-build-windows-amd64-cygwin\jdk8u121\8372\hotspot\src\share\vm\prims\jvm.cpp, line 1390]
Event: 0.129 Thread 0x00000000028ce800 Exception <a 'java/io/FileNotFoundException'> (0x00000000d60743a0) thrown at [C:\re\workspace\8-2-build-windows-amd64-cygwin\jdk8u121\8372\hotspot\src\share\vm\prims\jni.cpp, line 709]
Event: 0.159 Thread 0x00000000028ce800 Exception <a 'java/lang/NoSuchFieldError': method resolution failed> (0x00000000d61415e8) thrown at [C:\re\workspace\8-2-build-windows-amd64-cygwin\jdk8u121\8372\hotspot\src\share\vm\prims\methodHandles.cpp, line 1146]
Event: 0.160 Thread 0x00000000028ce800 Exception <a 'java/lang/NoSuchFieldError': method resolution failed> (0x00000000d614eb20) thrown at [C:\re\workspace\8-2-build-windows-amd64-cygwin\jdk8u121\8372\hotspot\src\share\vm\prims\methodHandles.cpp, line 1146]
Event: 0.198 Thread 0x00000000028ce800 Exception <a 'java/io/FileNotFoundException'> (0x00000000d61eb3e8) thrown at [C:\re\workspace\8-2-build-windows-amd64-cygwin\jdk8u121\8372\hotspot\src\share\vm\prims\jni.cpp, line 709]
Event: 15.328 Thread 0x0000000019fa4800 Exception <a 'java/lang/InterruptedException'> (0x00000000d89e01d0) thrown at [C:\re\workspace\8-2-build-windows-amd64-cygwin\jdk8u121\8372\hotspot\src\share\vm\runtime\objectMonitor.cpp, line 1684]

Events (10 events):
Event: 7.402 Executing VM operation: ParallelGCFailedAllocation
Event: 7.405 Executing VM operation: ParallelGCFailedAllocation done
Event: 8.668 Executing VM operation: RevokeBias
Event: 8.668 Executing VM operation: RevokeBias done
Event: 8.668 Thread 0x0000000019431000 Thread exited: 0x0000000019431000
Event: 9.873 Executing VM operation: ParallelGCFailedAllocation
Event: 9.875 Executing VM operation: ParallelGCFailedAllocation done
Event: 14.416 Executing VM operation: ParallelGCFailedAllocation
Event: 14.418 Executing VM operation: ParallelGCFailedAllocation done
Event: 15.328 Thread 0x0000000019fa4800 Thread exited: 0x0000000019fa4800


Dynamic libraries:
0x00007ff63e1d0000 - 0x00007ff63e207000 	C:\Program Files\Java\jdk1.8.0_121\bin\java.exe
0x00007ffbb0fb0000 - 0x00007ffbb1182000 	C:\WINDOWS\SYSTEM32\ntdll.dll
0x00007ffbae570000 - 0x00007ffbae61c000 	C:\WINDOWS\System32\KERNEL32.DLL
0x00007ffbadd10000 - 0x00007ffbadf2d000 	C:\WINDOWS\System32\KERNELBASE.dll
0x00007ffbb0880000 - 0x00007ffbb0922000 	C:\WINDOWS\System32\ADVAPI32.dll
0x00007ffbb02f0000 - 0x00007ffbb038e000 	C:\WINDOWS\System32\msvcrt.dll
0x00007ffbb0660000 - 0x00007ffbb06b9000 	C:\WINDOWS\System32\sechost.dll
0x00007ffbae620000 - 0x00007ffbae741000 	C:\WINDOWS\System32\RPCRT4.dll
0x00007ffbb0060000 - 0x00007ffbb01c5000 	C:\WINDOWS\System32\USER32.dll
0x00007ffbae1f0000 - 0x00007ffbae20e000 	C:\WINDOWS\System32\win32u.dll
0x00007ffbb0390000 - 0x00007ffbb03c4000 	C:\WINDOWS\System32\GDI32.dll
0x00007ffbad4b0000 - 0x00007ffbad630000 	C:\WINDOWS\System32\gdi32full.dll
0x00007ffba7ca0000 - 0x00007ffba7f1a000 	C:\WINDOWS\WinSxS\amd64_microsoft.windows.common-controls_6595b64144ccf1df_6.0.14393.953_none_42151e83c686086b\COMCTL32.dll
0x00007ffbae7b0000 - 0x00007ffbaea78000 	C:\WINDOWS\System32\combase.dll
0x00007ffbae440000 - 0x00007ffbae535000 	C:\WINDOWS\System32\ucrtbase.dll
0x00007ffbadfe0000 - 0x00007ffbae04a000 	C:\WINDOWS\System32\bcryptPrimitives.dll
0x00007ffbae540000 - 0x00007ffbae56e000 	C:\WINDOWS\System32\IMM32.DLL
0x0000000075660000 - 0x0000000075732000 	C:\Program Files\Java\jdk1.8.0_121\jre\bin\msvcr100.dll
0x0000000075bd0000 - 0x000000007646b000 	C:\Program Files\Java\jdk1.8.0_121\jre\bin\server\jvm.dll
0x00007ffbb0ea0000 - 0x00007ffbb0ea8000 	C:\WINDOWS\System32\PSAPI.DLL
0x00007ffbaa530000 - 0x00007ffbaa539000 	C:\WINDOWS\SYSTEM32\WSOCK32.dll
0x00007ffbb0280000 - 0x00007ffbb02ea000 	C:\WINDOWS\System32\WS2_32.dll
0x00007ffbab790000 - 0x00007ffbab7b3000 	C:\WINDOWS\SYSTEM32\WINMM.dll
0x00007ffba9850000 - 0x00007ffba985a000 	C:\WINDOWS\SYSTEM32\VERSION.dll
0x00007ffbab6d0000 - 0x00007ffbab6fb000 	C:\WINDOWS\SYSTEM32\WINMMBASE.dll
0x00007ffbae100000 - 0x00007ffbae142000 	C:\WINDOWS\System32\cfgmgr32.dll
0x0000000075ae0000 - 0x0000000075aef000 	C:\Program Files\Java\jdk1.8.0_121\jre\bin\verify.dll
0x0000000075ab0000 - 0x0000000075ad9000 	C:\Program Files\Java\jdk1.8.0_121\jre\bin\java.dll
0x0000000075a90000 - 0x0000000075aa6000 	C:\Program Files\Java\jdk1.8.0_121\jre\bin\zip.dll
0x00007ffbaea90000 - 0x00007ffbaff98000 	C:\WINDOWS\System32\SHELL32.dll
0x00007ffbad630000 - 0x00007ffbadd0a000 	C:\WINDOWS\System32\windows.storage.dll
0x00007ffbad450000 - 0x00007ffbad49c000 	C:\WINDOWS\System32\powrprof.dll
0x00007ffbb0530000 - 0x00007ffbb0582000 	C:\WINDOWS\System32\shlwapi.dll
0x00007ffbad4a0000 - 0x00007ffbad4af000 	C:\WINDOWS\System32\kernel.appcore.dll
0x00007ffbadf30000 - 0x00007ffbadfd9000 	C:\WINDOWS\System32\shcore.dll
0x00007ffbad420000 - 0x00007ffbad434000 	C:\WINDOWS\System32\profapi.dll
0x00007ffbaa750000 - 0x00007ffbaa760000 	C:\Program Files (x86)\JetBrains\IntelliJ IDEA 2016.3.4\bin\breakgen64.dll
0x0000000075880000 - 0x000000007589a000 	C:\Program Files\Java\jdk1.8.0_121\jre\bin\net.dll
0x00007ffbaccf0000 - 0x00007ffbacd4c000 	C:\WINDOWS\system32\mswsock.dll
0x00000000758f0000 - 0x0000000075a88000 	C:\Program Files\Java\jdk1.8.0_121\jre\bin\awt.dll
0x00007ffbaffa0000 - 0x00007ffbb005f000 	C:\WINDOWS\System32\OLEAUT32.dll
0x00007ffbae150000 - 0x00007ffbae1ec000 	C:\WINDOWS\System32\msvcp_win.dll
0x00007ffbabac0000 - 0x00007ffbabb3a000 	C:\WINDOWS\SYSTEM32\apphelp.dll
0x00007ffbabc20000 - 0x00007ffbabcb5000 	C:\WINDOWS\system32\uxtheme.dll
0x00007ffbb03d0000 - 0x00007ffbb052a000 	C:\WINDOWS\System32\MSCTF.dll
0x00007ffbaa9c0000 - 0x00007ffbaa9e6000 	C:\WINDOWS\system32\dwmapi.dll
0x00007ffbb0d60000 - 0x00007ffbb0e98000 	C:\WINDOWS\System32\ole32.dll
0x00007ffb9d9f0000 - 0x00007ffb9db13000 	C:\WINDOWS\system32\opengl32.dll
0x00007ffba7fa0000 - 0x00007ffba7fcd000 	C:\WINDOWS\SYSTEM32\GLU32.dll
0x00007ffb9d5f0000 - 0x00007ffb9d6e7000 	C:\WINDOWS\SYSTEM32\DDRAW.dll
0x00007ffbaaf40000 - 0x00007ffbaaf48000 	C:\WINDOWS\SYSTEM32\DCIMAN32.dll
0x00007ffbacea0000 - 0x00007ffbaceb7000 	C:\WINDOWS\SYSTEM32\CRYPTSP.dll
0x00007ffbac8f0000 - 0x00007ffbac923000 	C:\WINDOWS\system32\rsaenh.dll
0x00007ffbad360000 - 0x00007ffbad38b000 	C:\WINDOWS\SYSTEM32\bcrypt.dll
0x00007ffbacb70000 - 0x00007ffbacb8f000 	C:\WINDOWS\SYSTEM32\USERENV.dll
0x00007ffbace90000 - 0x00007ffbace9b000 	C:\WINDOWS\SYSTEM32\CRYPTBASE.dll
0x00007ffbaca70000 - 0x00007ffbacaa8000 	C:\WINDOWS\SYSTEM32\IPHLPAPI.DLL
0x00007ffbb0270000 - 0x00007ffbb0278000 	C:\WINDOWS\System32\NSI.dll
0x00007ffba3920000 - 0x00007ffba3936000 	C:\WINDOWS\SYSTEM32\dhcpcsvc6.DLL
0x00007ffba3f40000 - 0x00007ffba3f5a000 	C:\WINDOWS\SYSTEM32\dhcpcsvc.DLL
0x0000000075860000 - 0x0000000075871000 	C:\Program Files\Java\jdk1.8.0_121\jre\bin\nio.dll
0x00000000637c0000 - 0x00000000637cd000 	C:\Users\ricar\AppData\Local\Temp\jogamp_0000\file_cache\jln2663339358692013575\jln8404184397921109816\natives\windows-amd64\gluegen-rt.dll
0x0000000075770000 - 0x0000000075777000 	C:\Program Files\Java\jdk1.8.0_121\jre\bin\jawt.dll
0x000000006a440000 - 0x000000006a44d000 	C:\Users\ricar\AppData\Local\Temp\jogamp_0000\file_cache\jln2663339358692013575\jln8404184397921109816\natives\windows-amd64\nativewindow_awt.dll
0x000000006c100000 - 0x000000006c10f000 	C:\Users\ricar\AppData\Local\Temp\jogamp_0000\file_cache\jln2663339358692013575\jln8404184397921109816\natives\windows-amd64\nativewindow_win32.dll
0x000000006cbc0000 - 0x000000006cbd3000 	C:\Users\ricar\AppData\Local\Temp\jogamp_0000\file_cache\jln2663339358692013575\jln8404184397921109816\natives\windows-amd64\newt.dll
0x00007ffba9380000 - 0x00007ffba9411000 	C:\WINDOWS\SYSTEM32\mscms.dll
0x00007ffba1f70000 - 0x00007ffba1fb2000 	C:\WINDOWS\SYSTEM32\icm32.dll
0x00007ffbb0930000 - 0x00007ffbb0d59000 	C:\WINDOWS\System32\setupapi.dll
0x00007ffbabf80000 - 0x00007ffbabfa8000 	C:\WINDOWS\SYSTEM32\DEVOBJ.dll
0x00007ffbae3e0000 - 0x00007ffbae435000 	C:\WINDOWS\System32\WINTRUST.dll
0x00007ffbad440000 - 0x00007ffbad450000 	C:\WINDOWS\System32\MSASN1.dll
0x00007ffbae210000 - 0x00007ffbae3d9000 	C:\WINDOWS\System32\CRYPT32.dll
0x0000000064500000 - 0x00000000645b1000 	C:\Users\ricar\AppData\Local\Temp\jogamp_0000\file_cache\jln2663339358692013575\jln8404184397921109816\natives\windows-amd64\jogl_desktop.dll
0x0000000064340000 - 0x00000000643a2000 	C:\Users\ricar\AppData\Local\Temp\jogamp_0000\file_cache\jln2663339358692013575\jln8404184397921109816\natives\windows-amd64\jogl_mobile.dll
0x0000000073510000 - 0x0000000075660000 	C:\WINDOWS\SYSTEM32\nvoglv64.DLL
0x00007ffbaa6e0000 - 0x00007ffbaa6f3000 	C:\WINDOWS\SYSTEM32\WTSAPI32.dll
0x00007ffbac7c0000 - 0x00007ffbac7f2000 	C:\WINDOWS\SYSTEM32\ntmarta.dll
0x00007ffbad300000 - 0x00007ffbad356000 	C:\WINDOWS\SYSTEM32\WINSTA.dll
0x00007ffb922d0000 - 0x00007ffb9246c000 	C:\Users\ricar\Desktop\MoveCode\KinectPV2-master\Build_libs\MoveOn\libs\kinectPV2\Kinect20.Face.dll
0x00007ffba0fe0000 - 0x00007ffba10b4000 	C:\WINDOWS\SYSTEM32\MSVCR110.dll
0x00007ffb9d2c0000 - 0x00007ffb9d367000 	C:\WINDOWS\SYSTEM32\MSVCP110.dll
0x00007ffba2b40000 - 0x00007ffba2b51000 	C:\Users\ricar\Desktop\MoveCode\KinectPV2-master\Build_libs\MoveOn\libs\kinectPV2\KinectPV2.dll
0x00007ffb96180000 - 0x00007ffb9623b000 	C:\WINDOWS\SYSTEM32\Kinect20.dll
0x00007ffba2bf0000 - 0x00007ffba2d58000 	C:\WINDOWS\SYSTEM32\MFPlat.DLL
0x00007ffbab920000 - 0x00007ffbab94e000 	C:\WINDOWS\SYSTEM32\RTWorkQ.DLL
0x00007ffbac3a0000 - 0x00007ffbac43f000 	C:\WINDOWS\system32\dxgi.dll
0x00007ffbaa9f0000 - 0x00007ffbaaca6000 	C:\WINDOWS\system32\d3d11.dll
0x00007ffb799e0000 - 0x00007ffb7b111000 	C:\WINDOWS\System32\DriverStore\FileRepository\nvami.inf_amd64_11a67240324f74de\nvwgf2umx.dll
0x00007ffba78a0000 - 0x00007ffba7c9b000 	C:\WINDOWS\system32\nvapi64.dll
0x00007ffba9e30000 - 0x00007ffba9fc2000 	C:\WINDOWS\SYSTEM32\dbghelp.dll

VM Arguments:
jvm_args: -Djava.library.path=C:\Users\ricar\Desktop\MoveCode\KinectPV2-master\Build_libs\MoveOn\libs\kinectPV2 -Didea.launcher.port=7536 -Didea.launcher.bin.path=C:\Program Files (x86)\JetBrains\IntelliJ IDEA 2016.3.4\bin -Dfile.encoding=UTF-8 
java_command: com.intellij.rt.execution.application.AppMain SkeletonDepthTest
java_class_path (initial): C:\Program Files\Java\jdk1.8.0_121\jre\lib\charsets.jar;C:\Program Files\Java\jdk1.8.0_121\jre\lib\deploy.jar;C:\Program Files\Java\jdk1.8.0_121\jre\lib\ext\access-bridge-64.jar;C:\Program Files\Java\jdk1.8.0_121\jre\lib\ext\cldrdata.jar;C:\Program Files\Java\jdk1.8.0_121\jre\lib\ext\dnsns.jar;C:\Program Files\Java\jdk1.8.0_121\jre\lib\ext\jaccess.jar;C:\Program Files\Java\jdk1.8.0_121\jre\lib\ext\jfxrt.jar;C:\Program Files\Java\jdk1.8.0_121\jre\lib\ext\localedata.jar;C:\Program Files\Java\jdk1.8.0_121\jre\lib\ext\nashorn.jar;C:\Program Files\Java\jdk1.8.0_121\jre\lib\ext\sunec.jar;C:\Program Files\Java\jdk1.8.0_121\jre\lib\ext\sunjce_provider.jar;C:\Program Files\Java\jdk1.8.0_121\jre\lib\ext\sunmscapi.jar;C:\Program Files\Java\jdk1.8.0_121\jre\lib\ext\sunpkcs11.jar;C:\Program Files\Java\jdk1.8.0_121\jre\lib\ext\zipfs.jar;C:\Program Files\Java\jdk1.8.0_121\jre\lib\javaws.jar;C:\Program Files\Java\jdk1.8.0_121\jre\lib\jce.jar;C:\Program Files\Java\jdk1.8.0_121\jre\lib\jfr.jar;C:\Program Files\Java\jdk1.8.0_121\jre\lib\jfxswt.jar;C:\Program Files\Java\jdk1.8.0_121\jre\lib\jsse.jar;C:\Program Files\Java\jdk1.8.0_121\jre\lib\management-agent.jar;C:\Program Files\Java\jdk1.8.0_121\jre\lib\plugin.jar;C:\Program Files\Java\jdk1.8.0_121\jre\lib\resources.jar;C:\Program Files\Java\jdk1.8.0_121\jre\lib\rt.jar;C:\Users\ricar\Desktop\MoveCode\KinectPV2-master\Build_libs\MoveOn\out\production\MoveOn;C:\Users\ricar\Desktop\MoveCode\KinectPV2-master\Build_libs\MoveOn\libs\kinectPV2\KinectPV2.jar;C:\Users\ricar\Desktop\MoveCode\KinectPV2-master\Build_libs\MoveOn\libs\p3.01\core.jar;C:\Users\ricar\Desktop\MoveCode\KinectPV2-master\Build_libs\MoveOn\libs\p3.01\jogl-all.jar;C:\Users\ricar\Desktop\MoveCode\KinectPV2-master\Build_libs\MoveOn\libs\p3.01\gluegen-rt.jar;C:\Users\ricar\Desktop\MoveCode\KinectPV2-master\Build_libs\MoveOn\libs\p3.01\jogl-all-natives-linux-i586.jar;C:\Users\ricar\Desktop\MoveCode\KinectPV2-master\Build_libs\MoveOn\libs\p3.01\jogl-
Launcher Type: SUN_STANDARD

Environment Variables:
PATH=C:\ProgramData\Oracle\Java\javapath;C:\Program Files (x86)\Intel\iCLS Client\;C:\Program Files\Intel\iCLS Client\;C:\Windows\system32;C:\Windows;C:\Windows\System32\Wbem;C:\Windows\System32\WindowsPowerShell\v1.0\;C:\Program Files (x86)\NVIDIA Corporation\PhysX\Common;C:\Program Files (x86)\Intel\Intel(R) Management Engine Components\DAL;C:\Program Files\Intel\Intel(R) Management Engine Components\DAL;C:\Program Files (x86)\Intel\Intel(R) Management Engine Components\IPT;C:\Program Files\Intel\Intel(R) Management Engine Components\IPT;C:\WINDOWS\system32;C:\WINDOWS;C:\WINDOWS\System32\Wbem;C:\WINDOWS\System32\WindowsPowerShell\v1.0\;C:\Program Files\Git\cmd;C:\;C:\Users\ricar\AppData\Local\Microsoft\WindowsApps;C:\Users\ricar\AppData\Roaming\npm
USERNAME=ricar
OS=Windows_NT
PROCESSOR_IDENTIFIER=Intel64 Family 6 Model 94 Stepping 3, GenuineIntel



---------------  S Y S T E M  ---------------

OS: Windows 10.0 , 64 bit Build 14393 (10.0.14393.1198)

CPU:total 4 (4 cores per cpu, 1 threads per core) family 6 model 94 stepping 3, cmov, cx8, fxsr, mmx, sse, sse2, sse3, ssse3, sse4.1, sse4.2, popcnt, avx, avx2, aes, clmul, erms, rtm, 3dnowpref, lzcnt, tsc, tscinvbit, bmi1, bmi2, adx

Memory: 4k page, physical 8285044k(3949692k free), swap 18266080k(12455096k free)

vm_info: Java HotSpot(TM) 64-Bit Server VM (25.121-b13) for windows-amd64 JRE (1.8.0_121-b13), built on Dec 12 2016 18:21:36 by "java_re" with MS VC++ 10.0 (VS2010)

time: Thu Aug 24 16:26:48 2017
elapsed time: 15 seconds (0d 0h 0m 15s)

