#
# A fatal error has been detected by the Java Runtime Environment:
#
#  EXCEPTION_ACCESS_VIOLATION (0xc0000005) at pc=0x00007ffba2b95520, pid=8992, tid=0x0000000000002a7c
#
# JRE version: Java(TM) SE Runtime Environment (8.0_121-b13) (build 1.8.0_121-b13)
# Java VM: Java HotSpot(TM) 64-Bit Server VM (25.121-b13 mixed mode windows-amd64 compressed oops)
# Problematic frame:
# C  [KinectPV2.dll+0x5520]
#
# Failed to write core dump. Minidumps are not enabled by default on client versions of Windows
#
# If you would like to submit a bug report, please visit:
#   http://bugreport.java.com/bugreport/crash.jsp
# The crash happened outside the Java Virtual Machine in native code.
# See problematic frame for where to report the bug.
#

---------------  T H R E A D  ---------------

Current thread (0x0000000019e9b800):  JavaThread "main-FPSAWTAnimator#00-Timer0" [_thread_in_native, id=10876, stack(0x0000000021570000,0x0000000021670000)]

siginfo: ExceptionCode=0xc0000005, reading address 0x0000000000000001

Registers:
RAX=0x0000000000000001, RBX=0x00000000217f6350, RCX=0x0000000000000001, RDX=0x0000000000000000
RSP=0x000000002166e450, RBP=0x0000000000000000, RSI=0x0000000000000006, RDI=0x00000000217f6580
R8 =0x000000002166e0f8, R9 =0x0000000000008000, R10=0x0000000000000000, R11=0x000000002166e340
R12=0x0000000000000000, R13=0x000000001b558b20, R14=0x000000002166e540, R15=0x0000000019e9b800
RIP=0x00007ffba2b95520, EFLAGS=0x0000000000010202

Top of Stack: (sp=0x000000002166e450)
0x000000002166e450:   00000000217f6350 000000001b558b20
0x000000002166e460:   0000000000000000 0000000019a27a50
0x000000002166e470:   0000000019a27a50 00007ffba2b9177a
0x000000002166e480:   000000002166e540 000000002166e520
0x000000002166e490:   0000000019e9b9f8 0000000019e9b800
0x000000002166e4a0:   0000000002ac835d 0000000002ad7f74
0x000000002166e4b0:   000000001b558b20 0000000019e9b800
0x000000002166e4c0:   0000000019e9b800 0000000019e9b800
0x000000002166e4d0:   000000002166e598 0000000002ad7ca2
0x000000002166e4e0:   000000002166e4e0 000000001b558b20
0x000000002166e4f0:   000000002166e540 000000001b55a7b8
0x000000002166e500:   0000000000000000 000000001b558b20
0x000000002166e510:   0000000000000000 000000002166e540
0x000000002166e520:   000000002166e588 0000000002ac7b30
0x000000002166e530:   0000000000000000 0000000002ad19c0
0x000000002166e540:   0000000084980f38 000000002166e548 

Instructions: (pc=0x00007ffba2b95520)
0x00007ffba2b95500:   89 6f d0 48 8b 0f 48 85 c9 74 09 48 8b 01 ff 50
0x00007ffba2b95510:   10 48 89 2f 48 8b 8f 90 00 00 00 48 85 c9 74 0d
0x00007ffba2b95520:   48 8b 01 ff 50 10 48 89 af 90 00 00 00 48 8b 4f
0x00007ffba2b95530:   30 48 85 c9 74 0a 48 8b 01 ff 50 10 48 89 6f 30 


Register to memory mapping:

RAX=0x0000000000000001 is an unknown value
RBX=0x00000000217f6350 is an unknown value
RCX=0x0000000000000001 is an unknown value
RDX=0x0000000000000000 is an unknown value
RSP=0x000000002166e450 is pointing into the stack for thread: 0x0000000019e9b800
RBP=0x0000000000000000 is an unknown value
RSI=0x0000000000000006 is an unknown value
RDI=0x00000000217f6580 is an unknown value
R8 =0x000000002166e0f8 is pointing into the stack for thread: 0x0000000019e9b800
R9 =0x0000000000008000 is an unknown value
R10=0x0000000000000000 is an unknown value
R11=0x000000002166e340 is pointing into the stack for thread: 0x0000000019e9b800
R12=0x0000000000000000 is an unknown value
R13={method} {0x000000001b558b28} 'jniStopSignal' '()Z' in 'KinectPV2/Device'
R14=0x000000002166e540 is pointing into the stack for thread: 0x0000000019e9b800
R15=0x0000000019e9b800 is a thread


Stack: [0x0000000021570000,0x0000000021670000],  sp=0x000000002166e450,  free space=1017k
Native frames: (J=compiled Java code, j=interpreted, Vv=VM code, C=native code)

Java frames: (J=compiled Java code, j=interpreted, Vv=VM code)
j  KinectPV2.Device.jniStopSignal()Z+0
j  KinectPV2.Device.cleanDevice()Z+1
j  KinectPV2.KinectPV2.dispose()V+10
v  ~StubRoutines::call_stub
j  sun.reflect.NativeMethodAccessorImpl.invoke0(Ljava/lang/reflect/Method;Ljava/lang/Object;[Ljava/lang/Object;)Ljava/lang/Object;+0
j  sun.reflect.NativeMethodAccessorImpl.invoke(Ljava/lang/Object;[Ljava/lang/Object;)Ljava/lang/Object;+100
j  sun.reflect.DelegatingMethodAccessorImpl.invoke(Ljava/lang/Object;[Ljava/lang/Object;)Ljava/lang/Object;+6
j  java.lang.reflect.Method.invoke(Ljava/lang/Object;[Ljava/lang/Object;)Ljava/lang/Object;+56
j  processing.core.PApplet$RegisteredMethods.handle([Ljava/lang/Object;)V+18
J 996 C1 processing.core.PApplet.handleMethods(Ljava/lang/String;)V (21 bytes) @ 0x0000000002ea4b1c [0x0000000002ea4860+0x2bc]
j  processing.core.PApplet.dispose()V+35
J 1783 C1 processing.opengl.PSurfaceJOGL$DrawListener.display(Lcom/jogamp/opengl/GLAutoDrawable;)V (220 bytes) @ 0x0000000003127fa4 [0x0000000003127420+0xb84]
J 1782 C1 jogamp.opengl.GLDrawableHelper.displayImpl(Lcom/jogamp/opengl/GLAutoDrawable;)V (86 bytes) @ 0x0000000003125fb4 [0x00000000031256a0+0x914]
J 1730 C1 jogamp.opengl.GLAutoDrawableBase$2.run()V (73 bytes) @ 0x00000000030e637c [0x00000000030e5fa0+0x3dc]
J 1728 C1 jogamp.opengl.GLDrawableHelper.invokeGLImpl(Lcom/jogamp/opengl/GLDrawable;Lcom/jogamp/opengl/GLContext;Ljava/lang/Runnable;Ljava/lang/Runnable;)V (579 bytes) @ 0x00000000030e212c [0x00000000030e12e0+0xe4c]
J 1775 C1 jogamp.opengl.GLDrawableHelper.invokeGL(Lcom/jogamp/opengl/GLDrawable;Lcom/jogamp/opengl/GLContext;Ljava/lang/Runnable;Ljava/lang/Runnable;)V (76 bytes) @ 0x0000000003125284 [0x00000000031251c0+0xc4]
J 1725 C1 com.jogamp.newt.opengl.GLWindow.display()V (144 bytes) @ 0x00000000030d9684 [0x00000000030d8d80+0x904]
J 1724 C1 com.jogamp.opengl.util.AWTAnimatorImpl.display(Ljava/util/ArrayList;ZZ)V (170 bytes) @ 0x00000000030d116c [0x00000000030d0a80+0x6ec]
J 1722 C1 com.jogamp.opengl.util.FPSAnimator$MainTask.run()V (805 bytes) @ 0x00000000030d4944 [0x00000000030d3c00+0xd44]
j  java.util.TimerThread.mainLoop()V+221
j  java.util.TimerThread.run()V+1
v  ~StubRoutines::call_stub

---------------  P R O C E S S  ---------------

Java Threads: ( => current thread )
  0x00000000203a0800 JavaThread "Thread-5" [_thread_blocked, id=7540, stack(0x000000002fbd0000,0x000000002fcd0000)]
  0x00000000029be800 JavaThread "DestroyJavaVM" [_thread_blocked, id=10028, stack(0x0000000000fb0000,0x00000000010b0000)]
=>0x0000000019e9b800 JavaThread "main-FPSAWTAnimator#00-Timer0" [_thread_in_native, id=10876, stack(0x0000000021570000,0x0000000021670000)]
  0x0000000019e91000 JavaThread "HighResTimerThread" daemon [_thread_blocked, id=14136, stack(0x0000000021370000,0x0000000021470000)]
  0x0000000019fc9800 JavaThread "main-SharedResourceRunner" daemon [_thread_blocked, id=4676, stack(0x000000001b580000,0x000000001b680000)]
  0x0000000019ea2800 JavaThread "main-Display-.windows_nil-1-EDT-1" daemon [_thread_blocked, id=3544, stack(0x000000001b080000,0x000000001b180000)]
  0x0000000019a8f800 JavaThread "AWT-Windows" daemon [_thread_in_native, id=5344, stack(0x000000001a3b0000,0x000000001a4b0000)]
  0x0000000019a87000 JavaThread "Java2D Disposer" daemon [_thread_blocked, id=13024, stack(0x000000001a1b0000,0x000000001a2b0000)]
  0x00000000192b5800 JavaThread "Monitor Ctrl-Break" daemon [_thread_in_native, id=364, stack(0x0000000019670000,0x0000000019770000)]
  0x000000001766e800 JavaThread "Service Thread" daemon [_thread_blocked, id=5148, stack(0x0000000019470000,0x0000000019570000)]
  0x000000001761c000 JavaThread "C1 CompilerThread2" daemon [_thread_blocked, id=11292, stack(0x0000000018f70000,0x0000000019070000)]
  0x0000000017614000 JavaThread "C2 CompilerThread1" daemon [_thread_blocked, id=12724, stack(0x0000000018e70000,0x0000000018f70000)]
  0x0000000017611000 JavaThread "C2 CompilerThread0" daemon [_thread_blocked, id=8384, stack(0x0000000018d70000,0x0000000018e70000)]
  0x0000000017610000 JavaThread "Attach Listener" daemon [_thread_blocked, id=7464, stack(0x0000000018c70000,0x0000000018d70000)]
  0x000000001760c800 JavaThread "Signal Dispatcher" daemon [_thread_blocked, id=4408, stack(0x0000000018b70000,0x0000000018c70000)]
  0x0000000002abc000 JavaThread "Finalizer" daemon [_thread_blocked, id=772, stack(0x0000000018860000,0x0000000018960000)]
  0x0000000002ab1000 JavaThread "Reference Handler" daemon [_thread_blocked, id=2932, stack(0x0000000018760000,0x0000000018860000)]

Other Threads:
  0x00000000175d7800 VMThread [stack: 0x0000000018660000,0x0000000018760000] [id=6300]
  0x00000000190b9800 WatcherThread [stack: 0x0000000019570000,0x0000000019670000] [id=10840]

VM state:not at safepoint (normal execution)

VM Mutex/Monitor currently owned by a thread: None

Heap:
 PSYoungGen      total 477184K, used 157676K [0x00000000d5d80000, 0x00000000fa600000, 0x0000000100000000)
  eden space 476672K, 33% used [0x00000000d5d80000,0x00000000df7632d8,0x00000000f2f00000)
  from space 512K, 18% used [0x00000000fa580000,0x00000000fa598000,0x00000000fa600000)
  to   space 18432K, 0% used [0x00000000f8200000,0x00000000f8200000,0x00000000f9400000)
 ParOldGen       total 131584K, used 69762K [0x0000000081800000, 0x0000000089880000, 0x00000000d5d80000)
  object space 131584K, 53% used [0x0000000081800000,0x0000000085c20840,0x0000000089880000)
 Metaspace       used 17529K, capacity 17704K, committed 18048K, reserved 1064960K
  class space    used 1578K, capacity 1622K, committed 1664K, reserved 1048576K

Card table byte_map: [0x0000000011e80000,0x0000000012280000] byte_map_base: 0x0000000011a74000

Marking Bits: (ParMarkBitMap*) 0x00000000763eb6d0
 Begin Bits: [0x0000000012930000, 0x00000000148d0000)
 End Bits:   [0x00000000148d0000, 0x0000000016870000)

Polling page: 0x0000000000d40000

CodeCache: size=245760Kb used=7172Kb max_used=7183Kb free=238587Kb
 bounds [0x0000000002ac0000, 0x00000000031e0000, 0x0000000011ac0000]
 total_blobs=2784 nmethods=1903 adapters=794
 compilation: enabled

Compilation events (10 events):
Event: 78.077 Thread 0x000000001761c000 1928       3       processing.core.PApplet::sq (4 bytes)
Event: 78.077 Thread 0x000000001761c000 nmethod 1928 0x0000000002c0b650 code [0x0000000002c0b7a0, 0x0000000002c0b8d0]
Event: 78.077 Thread 0x000000001761c000 1929       3       processing.opengl.PGraphicsOpenGL::screenX (8 bytes)
Event: 78.077 Thread 0x000000001761c000 nmethod 1929 0x00000000031b0410 code [0x00000000031b0580, 0x00000000031b0788]
Event: 78.077 Thread 0x000000001761c000 1927       3       processing.core.PApplet::dist (17 bytes)
Event: 78.077 Thread 0x000000001761c000 nmethod 1927 0x00000000031b8f90 code [0x00000000031b9100, 0x00000000031b9390]
Event: 78.391 Thread 0x0000000017614000 1930       4       processing.opengl.PGraphicsOpenGL$InGeometry::addEllipse (319 bytes)
Event: 78.403 Thread 0x0000000017614000 nmethod 1930 0x0000000002bfc910 code [0x0000000002bfcb40, 0x0000000002bfd770]
Event: 81.606 Thread 0x0000000017611000 1931       4       java.util.HashMap::remove (26 bytes)
Event: 81.608 Thread 0x0000000017611000 nmethod 1931 0x0000000002bc1250 code [0x0000000002bc13a0, 0x0000000002bc14c8]

GC Heap History (10 events):
Event: 60.920 GC heap before
{Heap before GC invocations=21 (full 1):
 PSYoungGen      total 604672K, used 603602K [0x00000000d5d80000, 0x00000000fe500000, 0x0000000100000000)
  eden space 604160K, 99% used [0x00000000d5d80000,0x00000000faadca28,0x00000000fab80000)
  from space 512K, 18% used [0x00000000fc880000,0x00000000fc898000,0x00000000fc900000)
  to   space 24576K, 0% used [0x00000000fcd00000,0x00000000fcd00000,0x00000000fe500000)
 ParOldGen       total 131584K, used 69762K [0x0000000081800000, 0x0000000089880000, 0x00000000d5d80000)
  object space 131584K, 53% used [0x0000000081800000,0x0000000085c20840,0x0000000089880000)
 Metaspace       used 17524K, capacity 17704K, committed 18048K, reserved 1064960K
  class space    used 1578K, capacity 1622K, committed 1664K, reserved 1048576K
Event: 60.921 GC heap after
Heap after GC invocations=21 (full 1):
 PSYoungGen      total 576512K, used 96K [0x00000000d5d80000, 0x00000000fcd80000, 0x0000000100000000)
  eden space 576000K, 0% used [0x00000000d5d80000,0x00000000d5d80000,0x00000000f9000000)
  from space 512K, 18% used [0x00000000fcd00000,0x00000000fcd18000,0x00000000fcd80000)
  to   space 23552K, 0% used [0x00000000f9f80000,0x00000000f9f80000,0x00000000fb680000)
 ParOldGen       total 131584K, used 69762K [0x0000000081800000, 0x0000000089880000, 0x00000000d5d80000)
  object space 131584K, 53% used [0x0000000081800000,0x0000000085c20840,0x0000000089880000)
 Metaspace       used 17524K, capacity 17704K, committed 18048K, reserved 1064960K
  class space    used 1578K, capacity 1622K, committed 1664K, reserved 1048576K
}
Event: 66.500 GC heap before
{Heap before GC invocations=22 (full 1):
 PSYoungGen      total 576512K, used 575555K [0x00000000d5d80000, 0x00000000fcd80000, 0x0000000100000000)
  eden space 576000K, 99% used [0x00000000d5d80000,0x00000000f8f78c28,0x00000000f9000000)
  from space 512K, 18% used [0x00000000fcd00000,0x00000000fcd18000,0x00000000fcd80000)
  to   space 23552K, 0% used [0x00000000f9f80000,0x00000000f9f80000,0x00000000fb680000)
 ParOldGen       total 131584K, used 69762K [0x0000000081800000, 0x0000000089880000, 0x00000000d5d80000)
  object space 131584K, 53% used [0x0000000081800000,0x0000000085c20840,0x0000000089880000)
 Metaspace       used 17524K, capacity 17704K, committed 18048K, reserved 1064960K
  class space    used 1578K, capacity 1622K, committed 1664K, reserved 1048576K
Event: 66.501 GC heap after
Heap after GC invocations=22 (full 1):
 PSYoungGen      total 572928K, used 96K [0x00000000d5d80000, 0x00000000fcd80000, 0x0000000100000000)
  eden space 549376K, 0% used [0x00000000d5d80000,0x00000000d5d80000,0x00000000f7600000)
  from space 23552K, 0% used [0x00000000f9f80000,0x00000000f9f98000,0x00000000fb680000)
  to   space 22016K, 0% used [0x00000000fb800000,0x00000000fb800000,0x00000000fcd80000)
 ParOldGen       total 131584K, used 69762K [0x0000000081800000, 0x0000000089880000, 0x00000000d5d80000)
  object space 131584K, 53% used [0x0000000081800000,0x0000000085c20840,0x0000000089880000)
 Metaspace       used 17524K, capacity 17704K, committed 18048K, reserved 1064960K
  class space    used 1578K, capacity 1622K, committed 1664K, reserved 1048576K
}
Event: 71.845 GC heap before
{Heap before GC invocations=23 (full 1):
 PSYoungGen      total 572928K, used 548688K [0x00000000d5d80000, 0x00000000fcd80000, 0x0000000100000000)
  eden space 549376K, 99% used [0x00000000d5d80000,0x00000000f753c3d8,0x00000000f7600000)
  from space 23552K, 0% used [0x00000000f9f80000,0x00000000f9f98000,0x00000000fb680000)
  to   space 22016K, 0% used [0x00000000fb800000,0x00000000fb800000,0x00000000fcd80000)
 ParOldGen       total 131584K, used 69762K [0x0000000081800000, 0x0000000089880000, 0x00000000d5d80000)
  object space 131584K, 53% used [0x0000000081800000,0x0000000085c20840,0x0000000089880000)
 Metaspace       used 17524K, capacity 17704K, committed 18048K, reserved 1064960K
  class space    used 1578K, capacity 1622K, committed 1664K, reserved 1048576K
Event: 71.847 GC heap after
Heap after GC invocations=23 (full 1):
 PSYoungGen      total 524288K, used 96K [0x00000000d5d80000, 0x00000000fb880000, 0x0000000100000000)
  eden space 523776K, 0% used [0x00000000d5d80000,0x00000000d5d80000,0x00000000f5d00000)
  from space 512K, 18% used [0x00000000fb800000,0x00000000fb818000,0x00000000fb880000)
  to   space 20480K, 0% used [0x00000000f9080000,0x00000000f9080000,0x00000000fa480000)
 ParOldGen       total 131584K, used 69762K [0x0000000081800000, 0x0000000089880000, 0x00000000d5d80000)
  object space 131584K, 53% used [0x0000000081800000,0x0000000085c20840,0x0000000089880000)
 Metaspace       used 17524K, capacity 17704K, committed 18048K, reserved 1064960K
  class space    used 1578K, capacity 1622K, committed 1664K, reserved 1048576K
}
Event: 76.891 GC heap before
{Heap before GC invocations=24 (full 1):
 PSYoungGen      total 524288K, used 523872K [0x00000000d5d80000, 0x00000000fb880000, 0x0000000100000000)
  eden space 523776K, 100% used [0x00000000d5d80000,0x00000000f5d00000,0x00000000f5d00000)
  from space 512K, 18% used [0x00000000fb800000,0x00000000fb818000,0x00000000fb880000)
  to   space 20480K, 0% used [0x00000000f9080000,0x00000000f9080000,0x00000000fa480000)
 ParOldGen       total 131584K, used 69762K [0x0000000081800000, 0x0000000089880000, 0x00000000d5d80000)
  object space 131584K, 53% used [0x0000000081800000,0x0000000085c20840,0x0000000089880000)
 Metaspace       used 17524K, capacity 17704K, committed 18048K, reserved 1064960K
  class space    used 1578K, capacity 1622K, committed 1664K, reserved 1048576K
Event: 76.892 GC heap after
Heap after GC invocations=24 (full 1):
 PSYoungGen      total 520192K, used 96K [0x00000000d5d80000, 0x00000000fb880000, 0x0000000100000000)
  eden space 499712K, 0% used [0x00000000d5d80000,0x00000000d5d80000,0x00000000f4580000)
  from space 20480K, 0% used [0x00000000f9080000,0x00000000f9098000,0x00000000fa480000)
  to   space 19456K, 0% used [0x00000000fa580000,0x00000000fa580000,0x00000000fb880000)
 ParOldGen       total 131584K, used 69762K [0x0000000081800000, 0x0000000089880000, 0x00000000d5d80000)
  object space 131584K, 53% used [0x0000000081800000,0x0000000085c20840,0x0000000089880000)
 Metaspace       used 17524K, capacity 17704K, committed 18048K, reserved 1064960K
  class space    used 1578K, capacity 1622K, committed 1664K, reserved 1048576K
}
Event: 81.754 GC heap before
{Heap before GC invocations=25 (full 1):
 PSYoungGen      total 520192K, used 499695K [0x00000000d5d80000, 0x00000000fb880000, 0x0000000100000000)
  eden space 499712K, 99% used [0x00000000d5d80000,0x00000000f4563ef8,0x00000000f4580000)
  from space 20480K, 0% used [0x00000000f9080000,0x00000000f9098000,0x00000000fa480000)
  to   space 19456K, 0% used [0x00000000fa580000,0x00000000fa580000,0x00000000fb880000)
 ParOldGen       total 131584K, used 69762K [0x0000000081800000, 0x0000000089880000, 0x00000000d5d80000)
  object space 131584K, 53% used [0x0000000081800000,0x0000000085c20840,0x0000000089880000)
 Metaspace       used 17528K, capacity 17704K, committed 18048K, reserved 1064960K
  class space    used 1578K, capacity 1622K, committed 1664K, reserved 1048576K
Event: 81.758 GC heap after
Heap after GC invocations=25 (full 1):
 PSYoungGen      total 477184K, used 96K [0x00000000d5d80000, 0x00000000fa600000, 0x0000000100000000)
  eden space 476672K, 0% used [0x00000000d5d80000,0x00000000d5d80000,0x00000000f2f00000)
  from space 512K, 18% used [0x00000000fa580000,0x00000000fa598000,0x00000000fa600000)
  to   space 18432K, 0% used [0x00000000f8200000,0x00000000f8200000,0x00000000f9400000)
 ParOldGen       total 131584K, used 69762K [0x0000000081800000, 0x0000000089880000, 0x00000000d5d80000)
  object space 131584K, 53% used [0x0000000081800000,0x0000000085c20840,0x0000000089880000)
 Metaspace       used 17528K, capacity 17704K, committed 18048K, reserved 1064960K
  class space    used 1578K, capacity 1622K, committed 1664K, reserved 1048576K
}

Deoptimization events (10 events):
Event: 4.167 Thread 0x0000000019e9b800 Uncommon trap: reason=class_check action=maybe_recompile pc=0x0000000002c5abe8 method=java.lang.String.equals(Ljava/lang/Object;)Z @ 8
Event: 4.222 Thread 0x0000000019e9b800 Uncommon trap: reason=class_check action=maybe_recompile pc=0x0000000002e69cb8 method=java.util.regex.Pattern.compile()V @ 246
Event: 4.222 Thread 0x0000000019e9b800 Uncommon trap: reason=class_check action=maybe_recompile pc=0x0000000002e69cb8 method=java.util.regex.Pattern.compile()V @ 246
Event: 4.222 Thread 0x0000000019e9b800 Uncommon trap: reason=class_check action=maybe_recompile pc=0x0000000002e69cb8 method=java.util.regex.Pattern.compile()V @ 246
Event: 4.222 Thread 0x0000000019e9b800 Uncommon trap: reason=class_check action=maybe_recompile pc=0x0000000002e69cb8 method=java.util.regex.Pattern.compile()V @ 246
Event: 4.222 Thread 0x0000000019e9b800 Uncommon trap: reason=predicate action=maybe_recompile pc=0x0000000002e66c08 method=java.util.regex.Pattern$Slice.match(Ljava/util/regex/Matcher;ILjava/lang/CharSequence;)Z @ 21
Event: 46.232 Thread 0x0000000019e9b800 Uncommon trap: reason=unstable_if action=reinterpret pc=0x0000000002ff1a00 method=processing.opengl.PGraphicsOpenGL.nonZero(F)Z @ 8
Event: 46.299 Thread 0x0000000019e9b800 Uncommon trap: reason=unstable_if action=reinterpret pc=0x00000000031966d0 method=processing.opengl.PGraphicsOpenGL.flush()V @ 117
Event: 69.598 Thread 0x0000000019e9b800 Uncommon trap: reason=unstable_if action=reinterpret pc=0x0000000003184db8 method=sun.misc.FloatingDecimal$BinaryToASCIIBuffer.dtoa(IJIZ)V @ 859
Event: 78.058 Thread 0x0000000019e9b800 Uncommon trap: reason=unstable_if action=reinterpret pc=0x00000000031b3364 method=processing.opengl.PGraphicsOpenGL$InGeometry.edgeCheck()V @ 9

Internal exceptions (10 events):
Event: 0.030 Thread 0x00000000029be800 Exception <a 'java/lang/NoSuchMethodError': Method sun.misc.Unsafe.prefetchRead(Ljava/lang/Object;J)V name or signature does not match> (0x00000000d5d87f90) thrown at [C:\re\workspace\8-2-build-windows-amd64-cygwin\jdk8u121\8372\hotspot\src\share\vm\prims
Event: 0.127 Thread 0x00000000029be800 Exception <a 'java/security/PrivilegedActionException'> (0x00000000d6064300) thrown at [C:\re\workspace\8-2-build-windows-amd64-cygwin\jdk8u121\8372\hotspot\src\share\vm\prims\jvm.cpp, line 1390]
Event: 0.127 Thread 0x00000000029be800 Exception <a 'java/security/PrivilegedActionException'> (0x00000000d6064510) thrown at [C:\re\workspace\8-2-build-windows-amd64-cygwin\jdk8u121\8372\hotspot\src\share\vm\prims\jvm.cpp, line 1390]
Event: 0.128 Thread 0x00000000029be800 Exception <a 'java/security/PrivilegedActionException'> (0x00000000d6068608) thrown at [C:\re\workspace\8-2-build-windows-amd64-cygwin\jdk8u121\8372\hotspot\src\share\vm\prims\jvm.cpp, line 1390]
Event: 0.128 Thread 0x00000000029be800 Exception <a 'java/security/PrivilegedActionException'> (0x00000000d6068818) thrown at [C:\re\workspace\8-2-build-windows-amd64-cygwin\jdk8u121\8372\hotspot\src\share\vm\prims\jvm.cpp, line 1390]
Event: 0.133 Thread 0x00000000029be800 Exception <a 'java/io/FileNotFoundException'> (0x00000000d6072240) thrown at [C:\re\workspace\8-2-build-windows-amd64-cygwin\jdk8u121\8372\hotspot\src\share\vm\prims\jni.cpp, line 709]
Event: 0.161 Thread 0x00000000029be800 Exception <a 'java/lang/NoSuchFieldError': method resolution failed> (0x00000000d613f488) thrown at [C:\re\workspace\8-2-build-windows-amd64-cygwin\jdk8u121\8372\hotspot\src\share\vm\prims\methodHandles.cpp, line 1146]
Event: 0.162 Thread 0x00000000029be800 Exception <a 'java/lang/NoSuchFieldError': method resolution failed> (0x00000000d614c9c0) thrown at [C:\re\workspace\8-2-build-windows-amd64-cygwin\jdk8u121\8372\hotspot\src\share\vm\prims\methodHandles.cpp, line 1146]
Event: 0.205 Thread 0x00000000029be800 Exception <a 'java/io/FileNotFoundException'> (0x00000000d61e92d0) thrown at [C:\re\workspace\8-2-build-windows-amd64-cygwin\jdk8u121\8372\hotspot\src\share\vm\prims\jni.cpp, line 709]
Event: 83.237 Thread 0x0000000019e9a800 Exception <a 'java/lang/InterruptedException'> (0x00000000df50f560) thrown at [C:\re\workspace\8-2-build-windows-amd64-cygwin\jdk8u121\8372\hotspot\src\share\vm\runtime\objectMonitor.cpp, line 1684]

Events (10 events):
Event: 78.224 Thread 0x0000000019e9b800 DEOPT UNPACKING pc=0x0000000002b0787f sp=0x000000002166e900 mode 0
Event: 78.274 Thread 0x0000000019e9b800 DEOPT PACKING pc=0x00000000031ba9df sp=0x000000002166ebd0
Event: 78.274 Thread 0x0000000019e9b800 DEOPT UNPACKING pc=0x0000000002b0787f sp=0x000000002166e900 mode 0
Event: 78.324 Thread 0x0000000019e9b800 DEOPT PACKING pc=0x00000000031ba9df sp=0x000000002166ebe0
Event: 78.324 Thread 0x0000000019e9b800 DEOPT UNPACKING pc=0x0000000002b0787f sp=0x000000002166e910 mode 0
Event: 78.391 Thread 0x0000000019e9b800 DEOPT PACKING pc=0x00000000031ba9df sp=0x000000002166ebd0
Event: 78.391 Thread 0x0000000019e9b800 DEOPT UNPACKING pc=0x0000000002b0787f sp=0x000000002166e900 mode 0
Event: 81.754 Executing VM operation: ParallelGCFailedAllocation
Event: 81.758 Executing VM operation: ParallelGCFailedAllocation done
Event: 83.237 Thread 0x0000000019e9a800 Thread exited: 0x0000000019e9a800


Dynamic libraries:
0x00007ff62b090000 - 0x00007ff62b0c7000 	C:\Program Files\Java\jdk1.8.0_121\bin\java.exe
0x00007ffbb0fb0000 - 0x00007ffbb1182000 	C:\WINDOWS\SYSTEM32\ntdll.dll
0x00007ffbae570000 - 0x00007ffbae61c000 	C:\WINDOWS\System32\KERNEL32.DLL
0x00007ffbadd10000 - 0x00007ffbadf2d000 	C:\WINDOWS\System32\KERNELBASE.dll
0x00007ffbb0880000 - 0x00007ffbb0922000 	C:\WINDOWS\System32\ADVAPI32.dll
0x00007ffbb02f0000 - 0x00007ffbb038e000 	C:\WINDOWS\System32\msvcrt.dll
0x00007ffbb0660000 - 0x00007ffbb06b9000 	C:\WINDOWS\System32\sechost.dll
0x00007ffbae620000 - 0x00007ffbae741000 	C:\WINDOWS\System32\RPCRT4.dll
0x00007ffbb0060000 - 0x00007ffbb01c5000 	C:\WINDOWS\System32\USER32.dll
0x00007ffbae1f0000 - 0x00007ffbae20e000 	C:\WINDOWS\System32\win32u.dll
0x00007ffbb0390000 - 0x00007ffbb03c4000 	C:\WINDOWS\System32\GDI32.dll
0x00007ffbad4b0000 - 0x00007ffbad630000 	C:\WINDOWS\System32\gdi32full.dll
0x00007ffba7ca0000 - 0x00007ffba7f1a000 	C:\WINDOWS\WinSxS\amd64_microsoft.windows.common-controls_6595b64144ccf1df_6.0.14393.953_none_42151e83c686086b\COMCTL32.dll
0x00007ffbae7b0000 - 0x00007ffbaea78000 	C:\WINDOWS\System32\combase.dll
0x00007ffbae440000 - 0x00007ffbae535000 	C:\WINDOWS\System32\ucrtbase.dll
0x00007ffbadfe0000 - 0x00007ffbae04a000 	C:\WINDOWS\System32\bcryptPrimitives.dll
0x00007ffbae540000 - 0x00007ffbae56e000 	C:\WINDOWS\System32\IMM32.DLL
0x00000000756a0000 - 0x0000000075772000 	C:\Program Files\Java\jdk1.8.0_121\jre\bin\msvcr100.dll
0x0000000075bd0000 - 0x000000007646b000 	C:\Program Files\Java\jdk1.8.0_121\jre\bin\server\jvm.dll
0x00007ffbb0ea0000 - 0x00007ffbb0ea8000 	C:\WINDOWS\System32\PSAPI.DLL
0x00007ffbaa530000 - 0x00007ffbaa539000 	C:\WINDOWS\SYSTEM32\WSOCK32.dll
0x00007ffbb0280000 - 0x00007ffbb02ea000 	C:\WINDOWS\System32\WS2_32.dll
0x00007ffbab790000 - 0x00007ffbab7b3000 	C:\WINDOWS\SYSTEM32\WINMM.dll
0x00007ffba9850000 - 0x00007ffba985a000 	C:\WINDOWS\SYSTEM32\VERSION.dll
0x00007ffbab6d0000 - 0x00007ffbab6fb000 	C:\WINDOWS\SYSTEM32\WINMMBASE.dll
0x00007ffbae100000 - 0x00007ffbae142000 	C:\WINDOWS\System32\cfgmgr32.dll
0x0000000075ae0000 - 0x0000000075aef000 	C:\Program Files\Java\jdk1.8.0_121\jre\bin\verify.dll
0x0000000075ab0000 - 0x0000000075ad9000 	C:\Program Files\Java\jdk1.8.0_121\jre\bin\java.dll
0x0000000075a90000 - 0x0000000075aa6000 	C:\Program Files\Java\jdk1.8.0_121\jre\bin\zip.dll
0x00007ffbaea90000 - 0x00007ffbaff98000 	C:\WINDOWS\System32\SHELL32.dll
0x00007ffbad630000 - 0x00007ffbadd0a000 	C:\WINDOWS\System32\windows.storage.dll
0x00007ffbad450000 - 0x00007ffbad49c000 	C:\WINDOWS\System32\powrprof.dll
0x00007ffbb0530000 - 0x00007ffbb0582000 	C:\WINDOWS\System32\shlwapi.dll
0x00007ffbad4a0000 - 0x00007ffbad4af000 	C:\WINDOWS\System32\kernel.appcore.dll
0x00007ffbadf30000 - 0x00007ffbadfd9000 	C:\WINDOWS\System32\shcore.dll
0x00007ffbad420000 - 0x00007ffbad434000 	C:\WINDOWS\System32\profapi.dll
0x00007ffba2ed0000 - 0x00007ffba2ee0000 	C:\Program Files (x86)\JetBrains\IntelliJ IDEA 2016.3.4\bin\breakgen64.dll
0x0000000075880000 - 0x000000007589a000 	C:\Program Files\Java\jdk1.8.0_121\jre\bin\net.dll
0x00007ffbaccf0000 - 0x00007ffbacd4c000 	C:\WINDOWS\system32\mswsock.dll
0x00000000758f0000 - 0x0000000075a88000 	C:\Program Files\Java\jdk1.8.0_121\jre\bin\awt.dll
0x00007ffbaffa0000 - 0x00007ffbb005f000 	C:\WINDOWS\System32\OLEAUT32.dll
0x00007ffbae150000 - 0x00007ffbae1ec000 	C:\WINDOWS\System32\msvcp_win.dll
0x00007ffbabac0000 - 0x00007ffbabb3a000 	C:\WINDOWS\SYSTEM32\apphelp.dll
0x00007ffbabc20000 - 0x00007ffbabcb5000 	C:\WINDOWS\system32\uxtheme.dll
0x00007ffbb03d0000 - 0x00007ffbb052a000 	C:\WINDOWS\System32\MSCTF.dll
0x00007ffbaa9c0000 - 0x00007ffbaa9e6000 	C:\WINDOWS\system32\dwmapi.dll
0x00007ffbb0d60000 - 0x00007ffbb0e98000 	C:\WINDOWS\System32\ole32.dll
0x00007ffb9d9f0000 - 0x00007ffb9db13000 	C:\WINDOWS\system32\opengl32.dll
0x00007ffba2610000 - 0x00007ffba263d000 	C:\WINDOWS\SYSTEM32\GLU32.dll
0x00007ffb9e910000 - 0x00007ffb9ea07000 	C:\WINDOWS\SYSTEM32\DDRAW.dll
0x00007ffba89d0000 - 0x00007ffba89d8000 	C:\WINDOWS\SYSTEM32\DCIMAN32.dll
0x00007ffbacea0000 - 0x00007ffbaceb7000 	C:\WINDOWS\SYSTEM32\CRYPTSP.dll
0x00007ffbac8f0000 - 0x00007ffbac923000 	C:\WINDOWS\system32\rsaenh.dll
0x00007ffbad360000 - 0x00007ffbad38b000 	C:\WINDOWS\SYSTEM32\bcrypt.dll
0x00007ffbacb70000 - 0x00007ffbacb8f000 	C:\WINDOWS\SYSTEM32\USERENV.dll
0x00007ffbace90000 - 0x00007ffbace9b000 	C:\WINDOWS\SYSTEM32\CRYPTBASE.dll
0x00007ffbaca70000 - 0x00007ffbacaa8000 	C:\WINDOWS\SYSTEM32\IPHLPAPI.DLL
0x00007ffbb0270000 - 0x00007ffbb0278000 	C:\WINDOWS\System32\NSI.dll
0x00007ffba3920000 - 0x00007ffba3936000 	C:\WINDOWS\SYSTEM32\dhcpcsvc6.DLL
0x00007ffba3f40000 - 0x00007ffba3f5a000 	C:\WINDOWS\SYSTEM32\dhcpcsvc.DLL
0x0000000075860000 - 0x0000000075871000 	C:\Program Files\Java\jdk1.8.0_121\jre\bin\nio.dll
0x00000000637c0000 - 0x00000000637cd000 	C:\Users\ricar\AppData\Local\Temp\jogamp_0000\file_cache\jln4068852219311190582\jln5142681651903204280\natives\windows-amd64\gluegen-rt.dll
0x0000000075780000 - 0x0000000075787000 	C:\Program Files\Java\jdk1.8.0_121\jre\bin\jawt.dll
0x000000006a440000 - 0x000000006a44d000 	C:\Users\ricar\AppData\Local\Temp\jogamp_0000\file_cache\jln4068852219311190582\jln5142681651903204280\natives\windows-amd64\nativewindow_awt.dll
0x000000006c100000 - 0x000000006c10f000 	C:\Users\ricar\AppData\Local\Temp\jogamp_0000\file_cache\jln4068852219311190582\jln5142681651903204280\natives\windows-amd64\nativewindow_win32.dll
0x000000006cbc0000 - 0x000000006cbd3000 	C:\Users\ricar\AppData\Local\Temp\jogamp_0000\file_cache\jln4068852219311190582\jln5142681651903204280\natives\windows-amd64\newt.dll
0x00007ffba8890000 - 0x00007ffba8921000 	C:\WINDOWS\SYSTEM32\mscms.dll
0x00007ffba1a00000 - 0x00007ffba1a42000 	C:\WINDOWS\SYSTEM32\icm32.dll
0x00007ffbb0930000 - 0x00007ffbb0d59000 	C:\WINDOWS\System32\setupapi.dll
0x00007ffbabf80000 - 0x00007ffbabfa8000 	C:\WINDOWS\SYSTEM32\DEVOBJ.dll
0x00007ffbae3e0000 - 0x00007ffbae435000 	C:\WINDOWS\System32\WINTRUST.dll
0x00007ffbad440000 - 0x00007ffbad450000 	C:\WINDOWS\System32\MSASN1.dll
0x00007ffbae210000 - 0x00007ffbae3d9000 	C:\WINDOWS\System32\CRYPT32.dll
0x0000000064500000 - 0x00000000645b1000 	C:\Users\ricar\AppData\Local\Temp\jogamp_0000\file_cache\jln4068852219311190582\jln5142681651903204280\natives\windows-amd64\jogl_desktop.dll
0x0000000064340000 - 0x00000000643a2000 	C:\Users\ricar\AppData\Local\Temp\jogamp_0000\file_cache\jln4068852219311190582\jln5142681651903204280\natives\windows-amd64\jogl_mobile.dll
0x00000000728f0000 - 0x0000000074a40000 	C:\WINDOWS\SYSTEM32\nvoglv64.DLL
0x00007ffbaa6e0000 - 0x00007ffbaa6f3000 	C:\WINDOWS\SYSTEM32\WTSAPI32.dll
0x00007ffbac7c0000 - 0x00007ffbac7f2000 	C:\WINDOWS\SYSTEM32\ntmarta.dll
0x00007ffbad300000 - 0x00007ffbad356000 	C:\WINDOWS\SYSTEM32\WINSTA.dll
0x00007ffb87bc0000 - 0x00007ffb87d5c000 	C:\Users\ricar\Desktop\MoveCode\KinectPV2-master\Build_libs\MoveOn\libs\kinectPV2\Kinect20.Face.dll
0x00007ffb984f0000 - 0x00007ffb98597000 	C:\WINDOWS\SYSTEM32\MSVCP110.dll
0x00007ffba0fe0000 - 0x00007ffba10b4000 	C:\WINDOWS\SYSTEM32\MSVCR110.dll
0x00007ffba2b90000 - 0x00007ffba2ba1000 	C:\Users\ricar\Desktop\MoveCode\KinectPV2-master\Build_libs\MoveOn\libs\kinectPV2\KinectPV2.dll
0x00007ffb94060000 - 0x00007ffb9411b000 	C:\WINDOWS\SYSTEM32\Kinect20.dll
0x00007ffba92b0000 - 0x00007ffba9418000 	C:\WINDOWS\SYSTEM32\MFPlat.DLL
0x00007ffbab900000 - 0x00007ffbab92e000 	C:\WINDOWS\SYSTEM32\RTWorkQ.DLL
0x00007ffbac3a0000 - 0x00007ffbac43f000 	C:\WINDOWS\system32\dxgi.dll
0x00007ffbaa9f0000 - 0x00007ffbaaca6000 	C:\WINDOWS\system32\d3d11.dll
0x00007ffb87d60000 - 0x00007ffb89491000 	C:\WINDOWS\System32\DriverStore\FileRepository\nvami.inf_amd64_11a67240324f74de\nvwgf2umx.dll
0x00007ffba78a0000 - 0x00007ffba7c9b000 	C:\WINDOWS\system32\nvapi64.dll
0x00000000758a0000 - 0x00000000758e7000 	C:\Program Files\Java\jdk1.8.0_121\jre\bin\fontmanager.dll
0x0000000075800000 - 0x0000000075842000 	C:\Program Files\Java\jdk1.8.0_121\jre\bin\t2k.dll
0x00007ffba9e30000 - 0x00007ffba9fc2000 	C:\WINDOWS\SYSTEM32\dbghelp.dll

VM Arguments:
jvm_args: -Djava.library.path=C:\Users\ricar\Desktop\MoveCode\KinectPV2-master\Build_libs\MoveOn\libs\kinectPV2 -Didea.launcher.port=7541 -Didea.launcher.bin.path=C:\Program Files (x86)\JetBrains\IntelliJ IDEA 2016.3.4\bin -Dfile.encoding=UTF-8 
java_command: com.intellij.rt.execution.application.AppMain SkeletonDepthTest
java_class_path (initial): C:\Program Files\Java\jdk1.8.0_121\jre\lib\charsets.jar;C:\Program Files\Java\jdk1.8.0_121\jre\lib\deploy.jar;C:\Program Files\Java\jdk1.8.0_121\jre\lib\ext\access-bridge-64.jar;C:\Program Files\Java\jdk1.8.0_121\jre\lib\ext\cldrdata.jar;C:\Program Files\Java\jdk1.8.0_121\jre\lib\ext\dnsns.jar;C:\Program Files\Java\jdk1.8.0_121\jre\lib\ext\jaccess.jar;C:\Program Files\Java\jdk1.8.0_121\jre\lib\ext\jfxrt.jar;C:\Program Files\Java\jdk1.8.0_121\jre\lib\ext\localedata.jar;C:\Program Files\Java\jdk1.8.0_121\jre\lib\ext\nashorn.jar;C:\Program Files\Java\jdk1.8.0_121\jre\lib\ext\sunec.jar;C:\Program Files\Java\jdk1.8.0_121\jre\lib\ext\sunjce_provider.jar;C:\Program Files\Java\jdk1.8.0_121\jre\lib\ext\sunmscapi.jar;C:\Program Files\Java\jdk1.8.0_121\jre\lib\ext\sunpkcs11.jar;C:\Program Files\Java\jdk1.8.0_121\jre\lib\ext\zipfs.jar;C:\Program Files\Java\jdk1.8.0_121\jre\lib\javaws.jar;C:\Program Files\Java\jdk1.8.0_121\jre\lib\jce.jar;C:\Program Files\Java\jdk1.8.0_121\jre\lib\jfr.jar;C:\Program Files\Java\jdk1.8.0_121\jre\lib\jfxswt.jar;C:\Program Files\Java\jdk1.8.0_121\jre\lib\jsse.jar;C:\Program Files\Java\jdk1.8.0_121\jre\lib\management-agent.jar;C:\Program Files\Java\jdk1.8.0_121\jre\lib\plugin.jar;C:\Program Files\Java\jdk1.8.0_121\jre\lib\resources.jar;C:\Program Files\Java\jdk1.8.0_121\jre\lib\rt.jar;C:\Users\ricar\Desktop\MoveCode\KinectPV2-master\Build_libs\MoveOn\out\production\MoveOn;C:\Users\ricar\Desktop\MoveCode\KinectPV2-master\Build_libs\MoveOn\libs\kinectPV2\KinectPV2.jar;C:\Users\ricar\Desktop\MoveCode\KinectPV2-master\Build_libs\MoveOn\libs\p3.01\core.jar;C:\Users\ricar\Desktop\MoveCode\KinectPV2-master\Build_libs\MoveOn\libs\p3.01\jogl-all.jar;C:\Users\ricar\Desktop\MoveCode\KinectPV2-master\Build_libs\MoveOn\libs\p3.01\gluegen-rt.jar;C:\Users\ricar\Desktop\MoveCode\KinectPV2-master\Build_libs\MoveOn\libs\p3.01\jogl-all-natives-linux-i586.jar;C:\Users\ricar\Desktop\MoveCode\KinectPV2-master\Build_libs\MoveOn\libs\p3.01\jogl-
Launcher Type: SUN_STANDARD

Environment Variables:
PATH=C:\ProgramData\Oracle\Java\javapath;C:\Program Files (x86)\Intel\iCLS Client\;C:\Program Files\Intel\iCLS Client\;C:\Windows\system32;C:\Windows;C:\Windows\System32\Wbem;C:\Windows\System32\WindowsPowerShell\v1.0\;C:\Program Files (x86)\NVIDIA Corporation\PhysX\Common;C:\Program Files (x86)\Intel\Intel(R) Management Engine Components\DAL;C:\Program Files\Intel\Intel(R) Management Engine Components\DAL;C:\Program Files (x86)\Intel\Intel(R) Management Engine Components\IPT;C:\Program Files\Intel\Intel(R) Management Engine Components\IPT;C:\WINDOWS\system32;C:\WINDOWS;C:\WINDOWS\System32\Wbem;C:\WINDOWS\System32\WindowsPowerShell\v1.0\;C:\Program Files\Git\cmd;C:\;C:\Users\ricar\AppData\Local\Microsoft\WindowsApps;C:\Users\ricar\AppData\Roaming\npm
USERNAME=ricar
OS=Windows_NT
PROCESSOR_IDENTIFIER=Intel64 Family 6 Model 94 Stepping 3, GenuineIntel



---------------  S Y S T E M  ---------------

OS: Windows 10.0 , 64 bit Build 14393 (10.0.14393.1198)

CPU:total 4 (4 cores per cpu, 1 threads per core) family 6 model 94 stepping 3, cmov, cx8, fxsr, mmx, sse, sse2, sse3, ssse3, sse4.1, sse4.2, popcnt, avx, avx2, aes, clmul, erms, rtm, 3dnowpref, lzcnt, tsc, tscinvbit, bmi1, bmi2, adx

Memory: 4k page, physical 8285044k(2934204k free), swap 18266080k(10821720k free)

vm_info: Java HotSpot(TM) 64-Bit Server VM (25.121-b13) for windows-amd64 JRE (1.8.0_121-b13), built on Dec 12 2016 18:21:36 by "java_re" with MS VC++ 10.0 (VS2010)

time: Mon Aug 21 18:05:03 2017
elapsed time: 83 seconds (0d 0h 1m 23s)

