#
# A fatal error has been detected by the Java Runtime Environment:
#
#  EXCEPTION_ACCESS_VIOLATION (0xc0000005) at pc=0x00007ffb9f4a5520, pid=11776, tid=0x00000000000034e8
#
# JRE version: Java(TM) SE Runtime Environment (8.0_121-b13) (build 1.8.0_121-b13)
# Java VM: Java HotSpot(TM) 64-Bit Server VM (25.121-b13 mixed mode windows-amd64 compressed oops)
# Problematic frame:
# C  [KinectPV2.dll+0x5520]
#
# Failed to write core dump. Minidumps are not enabled by default on client versions of Windows
#
# If you would like to submit a bug report, please visit:
#   http://bugreport.java.com/bugreport/crash.jsp
# The crash happened outside the Java Virtual Machine in native code.
# See problematic frame for where to report the bug.
#

---------------  T H R E A D  ---------------

Current thread (0x00000000190a4800):  JavaThread "main-FPSAWTAnimator#00-Timer0" [_thread_in_native, id=13544, stack(0x0000000020360000,0x0000000020460000)]

siginfo: ExceptionCode=0xc0000005, reading address 0xffffffffffffffff

Registers:
RAX=0x0000000000000001, RBX=0x000000001de5be20, RCX=0x336d65747379735c, RDX=0x0000000000000000
RSP=0x000000002045dff0, RBP=0x0000000000000000, RSI=0x0000000000000006, RDI=0x000000001de5c050
R8 =0x000000002045dc98, R9 =0x0000000000008000, R10=0x0000000000000000, R11=0x000000002045dee0
R12=0x0000000000000000, R13=0x000000001b419368, R14=0x000000002045e0e0, R15=0x00000000190a4800
RIP=0x00007ffb9f4a5520, EFLAGS=0x0000000000010206

Top of Stack: (sp=0x000000002045dff0)
0x000000002045dff0:   000000001de5be20 000000001b419368
0x000000002045e000:   0000000000000000 00000000197228d0
0x000000002045e010:   00000000197228d0 00007ffb9f4a177a
0x000000002045e020:   000000002045e0e0 000000002045e0c0
0x000000002045e030:   00000000190a49f8 00000000190a4800
0x000000002045e040:   000000000296835d 0000000002977f74
0x000000002045e050:   000000001b419368 00000000190a4800
0x000000002045e060:   00000000190a4800 00000000190a4800
0x000000002045e070:   000000002045e138 0000000002977ca2
0x000000002045e080:   000000002045e080 000000001b419368
0x000000002045e090:   000000002045e0e0 000000001b41b000
0x000000002045e0a0:   0000000000000000 000000001b419368
0x000000002045e0b0:   0000000000000000 000000002045e0e0
0x000000002045e0c0:   000000002045e128 0000000002967b30
0x000000002045e0d0:   0000000000000000 00000000029719c0
0x000000002045e0e0:   0000000084978680 000000002045e0e8 

Instructions: (pc=0x00007ffb9f4a5520)
0x00007ffb9f4a5500:   89 6f d0 48 8b 0f 48 85 c9 74 09 48 8b 01 ff 50
0x00007ffb9f4a5510:   10 48 89 2f 48 8b 8f 90 00 00 00 48 85 c9 74 0d
0x00007ffb9f4a5520:   48 8b 01 ff 50 10 48 89 af 90 00 00 00 48 8b 4f
0x00007ffb9f4a5530:   30 48 85 c9 74 0a 48 8b 01 ff 50 10 48 89 6f 30 


Register to memory mapping:

RAX=0x0000000000000001 is an unknown value
RBX=0x000000001de5be20 is an unknown value
RCX=0x336d65747379735c is an unknown value
RDX=0x0000000000000000 is an unknown value
RSP=0x000000002045dff0 is pointing into the stack for thread: 0x00000000190a4800
RBP=0x0000000000000000 is an unknown value
RSI=0x0000000000000006 is an unknown value
RDI=0x000000001de5c050 is an unknown value
R8 =0x000000002045dc98 is pointing into the stack for thread: 0x00000000190a4800
R9 =0x0000000000008000 is an unknown value
R10=0x0000000000000000 is an unknown value
R11=0x000000002045dee0 is pointing into the stack for thread: 0x00000000190a4800
R12=0x0000000000000000 is an unknown value
R13={method} {0x000000001b419370} 'jniStopSignal' '()Z' in 'KinectPV2/Device'
R14=0x000000002045e0e0 is pointing into the stack for thread: 0x00000000190a4800
R15=0x00000000190a4800 is a thread


Stack: [0x0000000020360000,0x0000000020460000],  sp=0x000000002045dff0,  free space=1015k
Native frames: (J=compiled Java code, j=interpreted, Vv=VM code, C=native code)

Java frames: (J=compiled Java code, j=interpreted, Vv=VM code)
j  KinectPV2.Device.jniStopSignal()Z+0
j  KinectPV2.Device.cleanDevice()Z+1
j  KinectPV2.KinectPV2.dispose()V+10
v  ~StubRoutines::call_stub
j  sun.reflect.NativeMethodAccessorImpl.invoke0(Ljava/lang/reflect/Method;Ljava/lang/Object;[Ljava/lang/Object;)Ljava/lang/Object;+0
j  sun.reflect.NativeMethodAccessorImpl.invoke(Ljava/lang/Object;[Ljava/lang/Object;)Ljava/lang/Object;+100
j  sun.reflect.DelegatingMethodAccessorImpl.invoke(Ljava/lang/Object;[Ljava/lang/Object;)Ljava/lang/Object;+6
j  java.lang.reflect.Method.invoke(Ljava/lang/Object;[Ljava/lang/Object;)Ljava/lang/Object;+56
j  processing.core.PApplet$RegisteredMethods.handle([Ljava/lang/Object;)V+18
J 984 C1 processing.core.PApplet.handleMethods(Ljava/lang/String;)V (21 bytes) @ 0x0000000002d4129c [0x0000000002d40fe0+0x2bc]
j  processing.core.PApplet.dispose()V+35
J 1773 C1 processing.opengl.PSurfaceJOGL$DrawListener.display(Lcom/jogamp/opengl/GLAutoDrawable;)V (220 bytes) @ 0x0000000002fc32c4 [0x0000000002fc2760+0xb64]
J 1712 C1 jogamp.opengl.GLDrawableHelper.displayImpl(Lcom/jogamp/opengl/GLAutoDrawable;)V (86 bytes) @ 0x0000000002f88a04 [0x0000000002f880c0+0x944]
J 1710 C1 jogamp.opengl.GLAutoDrawableBase$2.run()V (73 bytes) @ 0x0000000002f8f03c [0x0000000002f8ec60+0x3dc]
J 1708 C1 jogamp.opengl.GLDrawableHelper.invokeGLImpl(Lcom/jogamp/opengl/GLDrawable;Lcom/jogamp/opengl/GLContext;Ljava/lang/Runnable;Ljava/lang/Runnable;)V (579 bytes) @ 0x0000000002f8adec [0x0000000002f89fa0+0xe4c]
J 1766 C1 jogamp.opengl.GLDrawableHelper.invokeGL(Lcom/jogamp/opengl/GLDrawable;Lcom/jogamp/opengl/GLContext;Ljava/lang/Runnable;Ljava/lang/Runnable;)V (76 bytes) @ 0x0000000002fc22c4 [0x0000000002fc2200+0xc4]
J 1705 C1 com.jogamp.newt.opengl.GLWindow.display()V (144 bytes) @ 0x0000000002f80604 [0x0000000002f7fd00+0x904]
J 1704 C1 com.jogamp.opengl.util.AWTAnimatorImpl.display(Ljava/util/ArrayList;ZZ)V (170 bytes) @ 0x0000000002f780ec [0x0000000002f77a00+0x6ec]
J 1702 C1 com.jogamp.opengl.util.FPSAnimator$MainTask.run()V (805 bytes) @ 0x0000000002f7b8c4 [0x0000000002f7ab80+0xd44]
j  java.util.TimerThread.mainLoop()V+221
j  java.util.TimerThread.run()V+1
v  ~StubRoutines::call_stub

---------------  P R O C E S S  ---------------

Java Threads: ( => current thread )
  0x00000000007ae800 JavaThread "DestroyJavaVM" [_thread_blocked, id=372, stack(0x0000000002740000,0x0000000002840000)]
=>0x00000000190a4800 JavaThread "main-FPSAWTAnimator#00-Timer0" [_thread_in_native, id=13544, stack(0x0000000020360000,0x0000000020460000)]
  0x0000000019091000 JavaThread "HighResTimerThread" daemon [_thread_blocked, id=6068, stack(0x0000000020160000,0x0000000020260000)]
  0x0000000019e76000 JavaThread "main-SharedResourceRunner" daemon [_thread_blocked, id=10728, stack(0x000000001b440000,0x000000001b540000)]
  0x0000000019bb3000 JavaThread "main-Display-.windows_nil-1-EDT-1" daemon [_thread_blocked, id=8960, stack(0x000000001af40000,0x000000001b040000)]
  0x0000000019783800 JavaThread "AWT-Windows" daemon [_thread_in_native, id=4160, stack(0x000000001a110000,0x000000001a210000)]
  0x000000001977d000 JavaThread "Java2D Disposer" daemon [_thread_blocked, id=4128, stack(0x0000000019f10000,0x000000001a010000)]
  0x00000000190da800 JavaThread "Monitor Ctrl-Break" daemon [_thread_in_native, id=7084, stack(0x00000000194c0000,0x00000000195c0000)]
  0x0000000018ea3800 JavaThread "Service Thread" daemon [_thread_blocked, id=3264, stack(0x0000000019270000,0x0000000019370000)]
  0x000000001750b800 JavaThread "C1 CompilerThread2" daemon [_thread_blocked, id=10192, stack(0x0000000018d70000,0x0000000018e70000)]
  0x00000000174e2800 JavaThread "C2 CompilerThread1" daemon [_thread_blocked, id=12896, stack(0x0000000018c70000,0x0000000018d70000)]
  0x00000000174e0000 JavaThread "C2 CompilerThread0" daemon [_thread_blocked, id=13008, stack(0x0000000018b70000,0x0000000018c70000)]
  0x00000000174df000 JavaThread "Attach Listener" daemon [_thread_blocked, id=12588, stack(0x0000000018a70000,0x0000000018b70000)]
  0x00000000174de000 JavaThread "Signal Dispatcher" daemon [_thread_blocked, id=2608, stack(0x0000000018970000,0x0000000018a70000)]
  0x000000000294d000 JavaThread "Finalizer" daemon [_thread_blocked, id=13384, stack(0x0000000018750000,0x0000000018850000)]
  0x0000000002942000 JavaThread "Reference Handler" daemon [_thread_blocked, id=8744, stack(0x0000000018650000,0x0000000018750000)]

Other Threads:
  0x00000000174a7000 VMThread [stack: 0x0000000018550000,0x0000000018650000] [id=12412]
  0x0000000018ec8000 WatcherThread [stack: 0x0000000019370000,0x0000000019470000] [id=11948]

VM state:not at safepoint (normal execution)

VM Mutex/Monitor currently owned by a thread: None

Heap:
 PSYoungGen      total 474112K, used 207274K [0x00000000d5d80000, 0x00000000f5c00000, 0x0000000100000000)
  eden space 453120K, 45% used [0x00000000d5d80000,0x00000000e27da998,0x00000000f1800000)
  from space 20992K, 0% used [0x00000000f4780000,0x00000000f4790000,0x00000000f5c00000)
  to   space 34816K, 0% used [0x00000000f1800000,0x00000000f1800000,0x00000000f3a00000)
 ParOldGen       total 131584K, used 69124K [0x0000000081800000, 0x0000000089880000, 0x00000000d5d80000)
  object space 131584K, 52% used [0x0000000081800000,0x0000000085b811c8,0x0000000089880000)
 Metaspace       used 17545K, capacity 17736K, committed 18048K, reserved 1064960K
  class space    used 1581K, capacity 1654K, committed 1664K, reserved 1048576K

Card table byte_map: [0x0000000011d20000,0x0000000012120000] byte_map_base: 0x0000000011914000

Marking Bits: (ParMarkBitMap*) 0x00000000763eb6d0
 Begin Bits: [0x00000000127d0000, 0x0000000014770000)
 End Bits:   [0x0000000014770000, 0x0000000016710000)

Polling page: 0x0000000000b00000

CodeCache: size=245760Kb used=6748Kb max_used=6762Kb free=239011Kb
 bounds [0x0000000002960000, 0x0000000003010000, 0x0000000011960000]
 total_blobs=2718 nmethods=1837 adapters=794
 compilation: enabled

Compilation events (10 events):
Event: 37.157 Thread 0x00000000174e0000 1839   !   4       jogamp.common.util.locks.RecursiveLockImpl01Unfairish::validateLocked (147 bytes)
Event: 37.160 Thread 0x00000000174e2800 1840       4       processing.opengl.PGraphicsOpenGL::textCharImpl (198 bytes)
Event: 37.162 Thread 0x00000000174e0000 nmethod 1839 0x0000000002fee910 code [0x0000000002feea60, 0x0000000002feed58]
Event: 37.162 Thread 0x00000000174e0000 1841       4       SkeletonDepthTest::drawJoint (41 bytes)
Event: 37.211 Thread 0x00000000174e2800 nmethod 1840 0x0000000002ffc610 code [0x0000000002ffc800, 0x0000000002ffd8d0]
Event: 37.213 Thread 0x00000000174e0000 nmethod 1841 0x0000000002ffa350 code [0x0000000002ffa560, 0x0000000002ffb3d0]
Event: 37.629 Thread 0x00000000174e2800 1842       4       processing.opengl.PGraphicsOpenGL::textWidthImpl (51 bytes)
Event: 37.644 Thread 0x00000000174e2800 nmethod 1842 0x0000000002ff87d0 code [0x0000000002ff8980, 0x0000000002ff8f88]
Event: 40.245 Thread 0x00000000174e0000 1843   !   4       java.util.WeakHashMap::expungeStaleEntries (139 bytes)
Event: 40.267 Thread 0x00000000174e0000 nmethod 1843 0x0000000002ff3190 code [0x0000000002ff3300, 0x0000000002ff3c98]

GC Heap History (10 events):
Event: 14.586 GC heap before
{Heap before GC invocations=9 (full 1):
 PSYoungGen      total 166400K, used 130631K [0x00000000d5d80000, 0x00000000e8e80000, 0x0000000100000000)
  eden space 124928K, 99% used [0x00000000d5d80000,0x00000000dd6e7e48,0x00000000dd780000)
  from space 41472K, 15% used [0x00000000dd780000,0x00000000ddda9e00,0x00000000e0000000)
  to   space 39424K, 0% used [0x00000000e6800000,0x00000000e6800000,0x00000000e8e80000)
 ParOldGen       total 131584K, used 62805K [0x0000000081800000, 0x0000000089880000, 0x00000000d5d80000)
  object space 131584K, 47% used [0x0000000081800000,0x0000000085555608,0x0000000089880000)
 Metaspace       used 17289K, capacity 17544K, committed 17792K, reserved 1064960K
  class space    used 1581K, capacity 1654K, committed 1664K, reserved 1048576K
Event: 14.593 GC heap after
Heap after GC invocations=9 (full 1):
 PSYoungGen      total 261632K, used 2927K [0x00000000d5d80000, 0x00000000e8800000, 0x0000000100000000)
  eden space 228864K, 0% used [0x00000000d5d80000,0x00000000d5d80000,0x00000000e3d00000)
  from space 32768K, 8% used [0x00000000e6800000,0x00000000e6adbdb0,0x00000000e8800000)
  to   space 38400K, 0% used [0x00000000e3d00000,0x00000000e3d00000,0x00000000e6280000)
 ParOldGen       total 131584K, used 66170K [0x0000000081800000, 0x0000000089880000, 0x00000000d5d80000)
  object space 131584K, 50% used [0x0000000081800000,0x000000008589eb78,0x0000000089880000)
 Metaspace       used 17289K, capacity 17544K, committed 17792K, reserved 1064960K
  class space    used 1581K, capacity 1654K, committed 1664K, reserved 1048576K
}
Event: 19.046 GC heap before
{Heap before GC invocations=10 (full 1):
 PSYoungGen      total 261632K, used 231791K [0x00000000d5d80000, 0x00000000e8800000, 0x0000000100000000)
  eden space 228864K, 100% used [0x00000000d5d80000,0x00000000e3d00000,0x00000000e3d00000)
  from space 32768K, 8% used [0x00000000e6800000,0x00000000e6adbdb0,0x00000000e8800000)
  to   space 38400K, 0% used [0x00000000e3d00000,0x00000000e3d00000,0x00000000e6280000)
 ParOldGen       total 131584K, used 66170K [0x0000000081800000, 0x0000000089880000, 0x00000000d5d80000)
  object space 131584K, 50% used [0x0000000081800000,0x000000008589eb78,0x0000000089880000)
 Metaspace       used 17388K, capacity 17608K, committed 17792K, reserved 1064960K
  class space    used 1581K, capacity 1654K, committed 1664K, reserved 1048576K
Event: 19.051 GC heap after
Heap after GC invocations=10 (full 1):
 PSYoungGen      total 267264K, used 1263K [0x00000000d5d80000, 0x00000000ef080000, 0x0000000100000000)
  eden space 228864K, 0% used [0x00000000d5d80000,0x00000000d5d80000,0x00000000e3d00000)
  from space 38400K, 3% used [0x00000000e3d00000,0x00000000e3e3bd70,0x00000000e6280000)
  to   space 37376K, 0% used [0x00000000ecc00000,0x00000000ecc00000,0x00000000ef080000)
 ParOldGen       total 131584K, used 67890K [0x0000000081800000, 0x0000000089880000, 0x00000000d5d80000)
  object space 131584K, 51% used [0x0000000081800000,0x0000000085a4cb98,0x0000000089880000)
 Metaspace       used 17388K, capacity 17608K, committed 17792K, reserved 1064960K
  class space    used 1581K, capacity 1654K, committed 1664K, reserved 1048576K
}
Event: 23.506 GC heap before
{Heap before GC invocations=11 (full 1):
 PSYoungGen      total 267264K, used 230127K [0x00000000d5d80000, 0x00000000ef080000, 0x0000000100000000)
  eden space 228864K, 100% used [0x00000000d5d80000,0x00000000e3d00000,0x00000000e3d00000)
  from space 38400K, 3% used [0x00000000e3d00000,0x00000000e3e3bd70,0x00000000e6280000)
  to   space 37376K, 0% used [0x00000000ecc00000,0x00000000ecc00000,0x00000000ef080000)
 ParOldGen       total 131584K, used 67890K [0x0000000081800000, 0x0000000089880000, 0x00000000d5d80000)
  object space 131584K, 51% used [0x0000000081800000,0x0000000085a4cb98,0x0000000089880000)
 Metaspace       used 17474K, capacity 17672K, committed 17792K, reserved 1064960K
  class space    used 1581K, capacity 1654K, committed 1664K, reserved 1048576K
Event: 23.511 GC heap after
Heap after GC invocations=11 (full 1):
 PSYoungGen      total 359936K, used 128K [0x00000000d5d80000, 0x00000000ee880000, 0x0000000100000000)
  eden space 330752K, 0% used [0x00000000d5d80000,0x00000000d5d80000,0x00000000ea080000)
  from space 29184K, 0% used [0x00000000ecc00000,0x00000000ecc20000,0x00000000ee880000)
  to   space 36864K, 0% used [0x00000000ea080000,0x00000000ea080000,0x00000000ec480000)
 ParOldGen       total 131584K, used 69084K [0x0000000081800000, 0x0000000089880000, 0x00000000d5d80000)
  object space 131584K, 52% used [0x0000000081800000,0x0000000085b771c8,0x0000000089880000)
 Metaspace       used 17474K, capacity 17672K, committed 17792K, reserved 1064960K
  class space    used 1581K, capacity 1654K, committed 1664K, reserved 1048576K
}
Event: 29.980 GC heap before
{Heap before GC invocations=12 (full 1):
 PSYoungGen      total 359936K, used 330049K [0x00000000d5d80000, 0x00000000ee880000, 0x0000000100000000)
  eden space 330752K, 99% used [0x00000000d5d80000,0x00000000e9fb0628,0x00000000ea080000)
  from space 29184K, 0% used [0x00000000ecc00000,0x00000000ecc20000,0x00000000ee880000)
  to   space 36864K, 0% used [0x00000000ea080000,0x00000000ea080000,0x00000000ec480000)
 ParOldGen       total 131584K, used 69084K [0x0000000081800000, 0x0000000089880000, 0x00000000d5d80000)
  object space 131584K, 52% used [0x0000000081800000,0x0000000085b771c8,0x0000000089880000)
 Metaspace       used 17538K, capacity 17736K, committed 18048K, reserved 1064960K
  class space    used 1581K, capacity 1654K, committed 1664K, reserved 1048576K
Event: 29.983 GC heap after
Heap after GC invocations=12 (full 1):
 PSYoungGen      total 367616K, used 64K [0x00000000d5d80000, 0x00000000f6a80000, 0x0000000100000000)
  eden space 330752K, 0% used [0x00000000d5d80000,0x00000000d5d80000,0x00000000ea080000)
  from space 36864K, 0% used [0x00000000ea080000,0x00000000ea090000,0x00000000ec480000)
  to   space 35840K, 0% used [0x00000000f4780000,0x00000000f4780000,0x00000000f6a80000)
 ParOldGen       total 131584K, used 69108K [0x0000000081800000, 0x0000000089880000, 0x00000000d5d80000)
  object space 131584K, 52% used [0x0000000081800000,0x0000000085b7d1c8,0x0000000089880000)
 Metaspace       used 17538K, capacity 17736K, committed 18048K, reserved 1064960K
  class space    used 1581K, capacity 1654K, committed 1664K, reserved 1048576K
}
Event: 36.353 GC heap before
{Heap before GC invocations=13 (full 1):
 PSYoungGen      total 367616K, used 330171K [0x00000000d5d80000, 0x00000000f6a80000, 0x0000000100000000)
  eden space 330752K, 99% used [0x00000000d5d80000,0x00000000e9fdec10,0x00000000ea080000)
  from space 36864K, 0% used [0x00000000ea080000,0x00000000ea090000,0x00000000ec480000)
  to   space 35840K, 0% used [0x00000000f4780000,0x00000000f4780000,0x00000000f6a80000)
 ParOldGen       total 131584K, used 69108K [0x0000000081800000, 0x0000000089880000, 0x00000000d5d80000)
  object space 131584K, 52% used [0x0000000081800000,0x0000000085b7d1c8,0x0000000089880000)
 Metaspace       used 17540K, capacity 17736K, committed 18048K, reserved 1064960K
  class space    used 1581K, capacity 1654K, committed 1664K, reserved 1048576K
Event: 36.355 GC heap after
Heap after GC invocations=13 (full 1):
 PSYoungGen      total 474112K, used 64K [0x00000000d5d80000, 0x00000000f5c00000, 0x0000000100000000)
  eden space 453120K, 0% used [0x00000000d5d80000,0x00000000d5d80000,0x00000000f1800000)
  from space 20992K, 0% used [0x00000000f4780000,0x00000000f4790000,0x00000000f5c00000)
  to   space 34816K, 0% used [0x00000000f1800000,0x00000000f1800000,0x00000000f3a00000)
 ParOldGen       total 131584K, used 69124K [0x0000000081800000, 0x0000000089880000, 0x00000000d5d80000)
  object space 131584K, 52% used [0x0000000081800000,0x0000000085b811c8,0x0000000089880000)
 Metaspace       used 17540K, capacity 17736K, committed 18048K, reserved 1064960K
  class space    used 1581K, capacity 1654K, committed 1664K, reserved 1048576K
}

Deoptimization events (10 events):
Event: 6.167 Thread 0x00000000007ae800 Uncommon trap: reason=unstable_if action=reinterpret pc=0x0000000002c944cc method=java.util.HashMap.containsKey(Ljava/lang/Object;)Z @ 9
Event: 11.138 Thread 0x00000000190a4800 Uncommon trap: reason=class_check action=maybe_recompile pc=0x0000000002afd4a8 method=java.lang.String.equals(Ljava/lang/Object;)Z @ 8
Event: 11.138 Thread 0x00000000190a4800 Uncommon trap: reason=class_check action=maybe_recompile pc=0x0000000002afd4a8 method=java.lang.String.equals(Ljava/lang/Object;)Z @ 8
Event: 11.139 Thread 0x00000000190a4800 Uncommon trap: reason=class_check action=maybe_recompile pc=0x0000000002afd4a8 method=java.lang.String.equals(Ljava/lang/Object;)Z @ 8
Event: 11.139 Thread 0x00000000190a4800 Uncommon trap: reason=class_check action=maybe_recompile pc=0x0000000002afd4a8 method=java.lang.String.equals(Ljava/lang/Object;)Z @ 8
Event: 11.340 Thread 0x00000000190a4800 Uncommon trap: reason=class_check action=maybe_recompile pc=0x0000000002d05738 method=java.util.regex.Pattern.compile()V @ 246
Event: 11.340 Thread 0x00000000190a4800 Uncommon trap: reason=class_check action=maybe_recompile pc=0x0000000002d05738 method=java.util.regex.Pattern.compile()V @ 246
Event: 11.340 Thread 0x00000000190a4800 Uncommon trap: reason=class_check action=maybe_recompile pc=0x0000000002d05738 method=java.util.regex.Pattern.compile()V @ 246
Event: 11.340 Thread 0x00000000190a4800 Uncommon trap: reason=class_check action=maybe_recompile pc=0x0000000002d05738 method=java.util.regex.Pattern.compile()V @ 246
Event: 11.353 Thread 0x00000000190a4800 Uncommon trap: reason=predicate action=maybe_recompile pc=0x0000000002e11bc8 method=java.util.regex.Pattern$Slice.match(Ljava/util/regex/Matcher;ILjava/lang/CharSequence;)Z @ 21

Internal exceptions (10 events):
Event: 0.094 Thread 0x00000000007ae800 Exception <a 'java/lang/NoSuchMethodError': Method sun.misc.Unsafe.prefetchRead(Ljava/lang/Object;J)V name or signature does not match> (0x00000000d5d87f90) thrown at [C:\re\workspace\8-2-build-windows-amd64-cygwin\jdk8u121\8372\hotspot\src\share\vm\prims
Event: 0.414 Thread 0x00000000007ae800 Exception <a 'java/security/PrivilegedActionException'> (0x00000000d6066910) thrown at [C:\re\workspace\8-2-build-windows-amd64-cygwin\jdk8u121\8372\hotspot\src\share\vm\prims\jvm.cpp, line 1390]
Event: 0.414 Thread 0x00000000007ae800 Exception <a 'java/security/PrivilegedActionException'> (0x00000000d6066b20) thrown at [C:\re\workspace\8-2-build-windows-amd64-cygwin\jdk8u121\8372\hotspot\src\share\vm\prims\jvm.cpp, line 1390]
Event: 0.416 Thread 0x00000000007ae800 Exception <a 'java/security/PrivilegedActionException'> (0x00000000d606ac18) thrown at [C:\re\workspace\8-2-build-windows-amd64-cygwin\jdk8u121\8372\hotspot\src\share\vm\prims\jvm.cpp, line 1390]
Event: 0.416 Thread 0x00000000007ae800 Exception <a 'java/security/PrivilegedActionException'> (0x00000000d606ae28) thrown at [C:\re\workspace\8-2-build-windows-amd64-cygwin\jdk8u121\8372\hotspot\src\share\vm\prims\jvm.cpp, line 1390]
Event: 0.428 Thread 0x00000000007ae800 Exception <a 'java/io/FileNotFoundException'> (0x00000000d6074850) thrown at [C:\re\workspace\8-2-build-windows-amd64-cygwin\jdk8u121\8372\hotspot\src\share\vm\prims\jni.cpp, line 709]
Event: 0.528 Thread 0x00000000007ae800 Exception <a 'java/lang/NoSuchFieldError': method resolution failed> (0x00000000d6141a90) thrown at [C:\re\workspace\8-2-build-windows-amd64-cygwin\jdk8u121\8372\hotspot\src\share\vm\prims\methodHandles.cpp, line 1146]
Event: 0.532 Thread 0x00000000007ae800 Exception <a 'java/lang/NoSuchFieldError': method resolution failed> (0x00000000d614efc8) thrown at [C:\re\workspace\8-2-build-windows-amd64-cygwin\jdk8u121\8372\hotspot\src\share\vm\prims\methodHandles.cpp, line 1146]
Event: 0.660 Thread 0x00000000007ae800 Exception <a 'java/io/FileNotFoundException'> (0x00000000d61ebfc8) thrown at [C:\re\workspace\8-2-build-windows-amd64-cygwin\jdk8u121\8372\hotspot\src\share\vm\prims\jni.cpp, line 709]
Event: 40.310 Thread 0x0000000019dc2000 Exception <a 'java/lang/InterruptedException'> (0x00000000e25a4328) thrown at [C:\re\workspace\8-2-build-windows-amd64-cygwin\jdk8u121\8372\hotspot\src\share\vm\runtime\objectMonitor.cpp, line 1684]

Events (10 events):
Event: 28.441 Thread 0x00000000174e2800 flushing nmethod 0x0000000002a72750
Event: 29.980 Executing VM operation: ParallelGCFailedAllocation
Event: 29.983 Executing VM operation: ParallelGCFailedAllocation done
Event: 36.353 Executing VM operation: ParallelGCFailedAllocation
Event: 36.355 Executing VM operation: ParallelGCFailedAllocation done
Event: 40.307 Executing VM operation: RevokeBias
Event: 40.307 Executing VM operation: RevokeBias done
Event: 40.310 Executing VM operation: RevokeBias
Event: 40.310 Executing VM operation: RevokeBias done
Event: 40.310 Thread 0x0000000019dc2000 Thread exited: 0x0000000019dc2000


Dynamic libraries:
0x00007ff63e1d0000 - 0x00007ff63e207000 	C:\Program Files\Java\jdk1.8.0_121\bin\java.exe
0x00007ffbb0fb0000 - 0x00007ffbb1182000 	C:\WINDOWS\SYSTEM32\ntdll.dll
0x00007ffbae570000 - 0x00007ffbae61c000 	C:\WINDOWS\System32\KERNEL32.DLL
0x00007ffbadd10000 - 0x00007ffbadf2d000 	C:\WINDOWS\System32\KERNELBASE.dll
0x00007ffbb0880000 - 0x00007ffbb0922000 	C:\WINDOWS\System32\ADVAPI32.dll
0x00007ffbb02f0000 - 0x00007ffbb038e000 	C:\WINDOWS\System32\msvcrt.dll
0x00007ffbb0660000 - 0x00007ffbb06b9000 	C:\WINDOWS\System32\sechost.dll
0x00007ffbae620000 - 0x00007ffbae741000 	C:\WINDOWS\System32\RPCRT4.dll
0x00007ffbb0060000 - 0x00007ffbb01c5000 	C:\WINDOWS\System32\USER32.dll
0x00007ffbae1f0000 - 0x00007ffbae20e000 	C:\WINDOWS\System32\win32u.dll
0x00007ffbb0390000 - 0x00007ffbb03c4000 	C:\WINDOWS\System32\GDI32.dll
0x00007ffbad4b0000 - 0x00007ffbad630000 	C:\WINDOWS\System32\gdi32full.dll
0x00007ffba7ca0000 - 0x00007ffba7f1a000 	C:\WINDOWS\WinSxS\amd64_microsoft.windows.common-controls_6595b64144ccf1df_6.0.14393.953_none_42151e83c686086b\COMCTL32.dll
0x00007ffbae7b0000 - 0x00007ffbaea78000 	C:\WINDOWS\System32\combase.dll
0x00007ffbae440000 - 0x00007ffbae535000 	C:\WINDOWS\System32\ucrtbase.dll
0x00007ffbadfe0000 - 0x00007ffbae04a000 	C:\WINDOWS\System32\bcryptPrimitives.dll
0x00007ffbae540000 - 0x00007ffbae56e000 	C:\WINDOWS\System32\IMM32.DLL
0x0000000075660000 - 0x0000000075732000 	C:\Program Files\Java\jdk1.8.0_121\jre\bin\msvcr100.dll
0x0000000075bd0000 - 0x000000007646b000 	C:\Program Files\Java\jdk1.8.0_121\jre\bin\server\jvm.dll
0x00007ffbb0ea0000 - 0x00007ffbb0ea8000 	C:\WINDOWS\System32\PSAPI.DLL
0x00007ffbaa530000 - 0x00007ffbaa539000 	C:\WINDOWS\SYSTEM32\WSOCK32.dll
0x00007ffbb0280000 - 0x00007ffbb02ea000 	C:\WINDOWS\System32\WS2_32.dll
0x00007ffbab790000 - 0x00007ffbab7b3000 	C:\WINDOWS\SYSTEM32\WINMM.dll
0x00007ffba9850000 - 0x00007ffba985a000 	C:\WINDOWS\SYSTEM32\VERSION.dll
0x00007ffbab6d0000 - 0x00007ffbab6fb000 	C:\WINDOWS\SYSTEM32\WINMMBASE.dll
0x00007ffbae100000 - 0x00007ffbae142000 	C:\WINDOWS\System32\cfgmgr32.dll
0x0000000075ae0000 - 0x0000000075aef000 	C:\Program Files\Java\jdk1.8.0_121\jre\bin\verify.dll
0x0000000075ab0000 - 0x0000000075ad9000 	C:\Program Files\Java\jdk1.8.0_121\jre\bin\java.dll
0x0000000075a90000 - 0x0000000075aa6000 	C:\Program Files\Java\jdk1.8.0_121\jre\bin\zip.dll
0x00007ffbaea90000 - 0x00007ffbaff98000 	C:\WINDOWS\System32\SHELL32.dll
0x00007ffbad630000 - 0x00007ffbadd0a000 	C:\WINDOWS\System32\windows.storage.dll
0x00007ffbad450000 - 0x00007ffbad49c000 	C:\WINDOWS\System32\powrprof.dll
0x00007ffbb0530000 - 0x00007ffbb0582000 	C:\WINDOWS\System32\shlwapi.dll
0x00007ffbad4a0000 - 0x00007ffbad4af000 	C:\WINDOWS\System32\kernel.appcore.dll
0x00007ffbadf30000 - 0x00007ffbadfd9000 	C:\WINDOWS\System32\shcore.dll
0x00007ffbad420000 - 0x00007ffbad434000 	C:\WINDOWS\System32\profapi.dll
0x00007ffbaa750000 - 0x00007ffbaa760000 	C:\Program Files (x86)\JetBrains\IntelliJ IDEA 2016.3.4\bin\breakgen64.dll
0x0000000075880000 - 0x000000007589a000 	C:\Program Files\Java\jdk1.8.0_121\jre\bin\net.dll
0x00007ffbaccf0000 - 0x00007ffbacd4c000 	C:\WINDOWS\system32\mswsock.dll
0x00000000758f0000 - 0x0000000075a88000 	C:\Program Files\Java\jdk1.8.0_121\jre\bin\awt.dll
0x00007ffbaffa0000 - 0x00007ffbb005f000 	C:\WINDOWS\System32\OLEAUT32.dll
0x00007ffbae150000 - 0x00007ffbae1ec000 	C:\WINDOWS\System32\msvcp_win.dll
0x00007ffbabac0000 - 0x00007ffbabb3a000 	C:\WINDOWS\SYSTEM32\apphelp.dll
0x00007ffbabc20000 - 0x00007ffbabcb5000 	C:\WINDOWS\system32\uxtheme.dll
0x00007ffbb03d0000 - 0x00007ffbb052a000 	C:\WINDOWS\System32\MSCTF.dll
0x00007ffbaa9c0000 - 0x00007ffbaa9e6000 	C:\WINDOWS\system32\dwmapi.dll
0x00007ffbb0d60000 - 0x00007ffbb0e98000 	C:\WINDOWS\System32\ole32.dll
0x00007ffb9d9f0000 - 0x00007ffb9db13000 	C:\WINDOWS\system32\opengl32.dll
0x00007ffb9d5f0000 - 0x00007ffb9d6e7000 	C:\WINDOWS\SYSTEM32\DDRAW.dll
0x00007ffbaaf40000 - 0x00007ffbaaf48000 	C:\WINDOWS\SYSTEM32\DCIMAN32.dll
0x00007ffba7fa0000 - 0x00007ffba7fcd000 	C:\WINDOWS\SYSTEM32\GLU32.dll
0x00007ffbacea0000 - 0x00007ffbaceb7000 	C:\WINDOWS\SYSTEM32\CRYPTSP.dll
0x00007ffbac8f0000 - 0x00007ffbac923000 	C:\WINDOWS\system32\rsaenh.dll
0x00007ffbad360000 - 0x00007ffbad38b000 	C:\WINDOWS\SYSTEM32\bcrypt.dll
0x00007ffbacb70000 - 0x00007ffbacb8f000 	C:\WINDOWS\SYSTEM32\USERENV.dll
0x00007ffbace90000 - 0x00007ffbace9b000 	C:\WINDOWS\SYSTEM32\CRYPTBASE.dll
0x00007ffbaca70000 - 0x00007ffbacaa8000 	C:\WINDOWS\SYSTEM32\IPHLPAPI.DLL
0x00007ffbb0270000 - 0x00007ffbb0278000 	C:\WINDOWS\System32\NSI.dll
0x00007ffba3920000 - 0x00007ffba3936000 	C:\WINDOWS\SYSTEM32\dhcpcsvc6.DLL
0x00007ffba3f40000 - 0x00007ffba3f5a000 	C:\WINDOWS\SYSTEM32\dhcpcsvc.DLL
0x0000000075860000 - 0x0000000075871000 	C:\Program Files\Java\jdk1.8.0_121\jre\bin\nio.dll
0x00000000637c0000 - 0x00000000637cd000 	C:\Users\ricar\AppData\Local\Temp\jogamp_0000\file_cache\jln7628117923518986013\jln3899738058344038415\natives\windows-amd64\gluegen-rt.dll
0x0000000075770000 - 0x0000000075777000 	C:\Program Files\Java\jdk1.8.0_121\jre\bin\jawt.dll
0x000000006a440000 - 0x000000006a44d000 	C:\Users\ricar\AppData\Local\Temp\jogamp_0000\file_cache\jln7628117923518986013\jln3899738058344038415\natives\windows-amd64\nativewindow_awt.dll
0x000000006c100000 - 0x000000006c10f000 	C:\Users\ricar\AppData\Local\Temp\jogamp_0000\file_cache\jln7628117923518986013\jln3899738058344038415\natives\windows-amd64\nativewindow_win32.dll
0x000000006cbc0000 - 0x000000006cbd3000 	C:\Users\ricar\AppData\Local\Temp\jogamp_0000\file_cache\jln7628117923518986013\jln3899738058344038415\natives\windows-amd64\newt.dll
0x00007ffba9380000 - 0x00007ffba9411000 	C:\WINDOWS\SYSTEM32\mscms.dll
0x00007ffba1f70000 - 0x00007ffba1fb2000 	C:\WINDOWS\SYSTEM32\icm32.dll
0x00007ffbb0930000 - 0x00007ffbb0d59000 	C:\WINDOWS\System32\setupapi.dll
0x00007ffbabf80000 - 0x00007ffbabfa8000 	C:\WINDOWS\SYSTEM32\DEVOBJ.dll
0x00007ffbae3e0000 - 0x00007ffbae435000 	C:\WINDOWS\System32\WINTRUST.dll
0x00007ffbad440000 - 0x00007ffbad450000 	C:\WINDOWS\System32\MSASN1.dll
0x00007ffbae210000 - 0x00007ffbae3d9000 	C:\WINDOWS\System32\CRYPT32.dll
0x0000000064500000 - 0x00000000645b1000 	C:\Users\ricar\AppData\Local\Temp\jogamp_0000\file_cache\jln7628117923518986013\jln3899738058344038415\natives\windows-amd64\jogl_desktop.dll
0x0000000064340000 - 0x00000000643a2000 	C:\Users\ricar\AppData\Local\Temp\jogamp_0000\file_cache\jln7628117923518986013\jln3899738058344038415\natives\windows-amd64\jogl_mobile.dll
0x00000000728b0000 - 0x0000000074a00000 	C:\WINDOWS\SYSTEM32\nvoglv64.DLL
0x00007ffbaa6e0000 - 0x00007ffbaa6f3000 	C:\WINDOWS\SYSTEM32\WTSAPI32.dll
0x00007ffbac7c0000 - 0x00007ffbac7f2000 	C:\WINDOWS\SYSTEM32\ntmarta.dll
0x00007ffbad300000 - 0x00007ffbad356000 	C:\WINDOWS\SYSTEM32\WINSTA.dll
0x00007ffb922d0000 - 0x00007ffb9246c000 	C:\Users\ricar\Desktop\MoveCode\KinectPV2-master\Build_libs\MoveOn\libs\kinectPV2\Kinect20.Face.dll
0x00007ffba0fe0000 - 0x00007ffba10b4000 	C:\WINDOWS\SYSTEM32\MSVCR110.dll
0x00007ffb9d2c0000 - 0x00007ffb9d367000 	C:\WINDOWS\SYSTEM32\MSVCP110.dll
0x00007ffb9f4a0000 - 0x00007ffb9f4b1000 	C:\Users\ricar\Desktop\MoveCode\KinectPV2-master\Build_libs\MoveOn\libs\kinectPV2\KinectPV2.dll
0x00007ffb97840000 - 0x00007ffb978fb000 	C:\WINDOWS\SYSTEM32\Kinect20.dll
0x00007ffba2bf0000 - 0x00007ffba2d58000 	C:\WINDOWS\SYSTEM32\MFPlat.DLL
0x00007ffbab920000 - 0x00007ffbab94e000 	C:\WINDOWS\SYSTEM32\RTWorkQ.DLL
0x00007ffbac3a0000 - 0x00007ffbac43f000 	C:\WINDOWS\system32\dxgi.dll
0x00007ffbaa9f0000 - 0x00007ffbaaca6000 	C:\WINDOWS\system32\d3d11.dll
0x00007ffb799e0000 - 0x00007ffb7b111000 	C:\WINDOWS\System32\DriverStore\FileRepository\nvami.inf_amd64_11a67240324f74de\nvwgf2umx.dll
0x00007ffba78a0000 - 0x00007ffba7c9b000 	C:\WINDOWS\system32\nvapi64.dll
0x00000000758a0000 - 0x00000000758e7000 	C:\Program Files\Java\jdk1.8.0_121\jre\bin\fontmanager.dll
0x0000000075790000 - 0x00000000757d2000 	C:\Program Files\Java\jdk1.8.0_121\jre\bin\t2k.dll
0x00007ffba9e30000 - 0x00007ffba9fc2000 	C:\WINDOWS\SYSTEM32\dbghelp.dll

VM Arguments:
jvm_args: -Djava.library.path=C:\Users\ricar\Desktop\MoveCode\KinectPV2-master\Build_libs\MoveOn\libs\kinectPV2 -Didea.launcher.port=7536 -Didea.launcher.bin.path=C:\Program Files (x86)\JetBrains\IntelliJ IDEA 2016.3.4\bin -Dfile.encoding=UTF-8 
java_command: com.intellij.rt.execution.application.AppMain SkeletonDepthTest
java_class_path (initial): C:\Program Files\Java\jdk1.8.0_121\jre\lib\charsets.jar;C:\Program Files\Java\jdk1.8.0_121\jre\lib\deploy.jar;C:\Program Files\Java\jdk1.8.0_121\jre\lib\ext\access-bridge-64.jar;C:\Program Files\Java\jdk1.8.0_121\jre\lib\ext\cldrdata.jar;C:\Program Files\Java\jdk1.8.0_121\jre\lib\ext\dnsns.jar;C:\Program Files\Java\jdk1.8.0_121\jre\lib\ext\jaccess.jar;C:\Program Files\Java\jdk1.8.0_121\jre\lib\ext\jfxrt.jar;C:\Program Files\Java\jdk1.8.0_121\jre\lib\ext\localedata.jar;C:\Program Files\Java\jdk1.8.0_121\jre\lib\ext\nashorn.jar;C:\Program Files\Java\jdk1.8.0_121\jre\lib\ext\sunec.jar;C:\Program Files\Java\jdk1.8.0_121\jre\lib\ext\sunjce_provider.jar;C:\Program Files\Java\jdk1.8.0_121\jre\lib\ext\sunmscapi.jar;C:\Program Files\Java\jdk1.8.0_121\jre\lib\ext\sunpkcs11.jar;C:\Program Files\Java\jdk1.8.0_121\jre\lib\ext\zipfs.jar;C:\Program Files\Java\jdk1.8.0_121\jre\lib\javaws.jar;C:\Program Files\Java\jdk1.8.0_121\jre\lib\jce.jar;C:\Program Files\Java\jdk1.8.0_121\jre\lib\jfr.jar;C:\Program Files\Java\jdk1.8.0_121\jre\lib\jfxswt.jar;C:\Program Files\Java\jdk1.8.0_121\jre\lib\jsse.jar;C:\Program Files\Java\jdk1.8.0_121\jre\lib\management-agent.jar;C:\Program Files\Java\jdk1.8.0_121\jre\lib\plugin.jar;C:\Program Files\Java\jdk1.8.0_121\jre\lib\resources.jar;C:\Program Files\Java\jdk1.8.0_121\jre\lib\rt.jar;C:\Users\ricar\Desktop\MoveCode\KinectPV2-master\Build_libs\MoveOn\out\production\MoveOn;C:\Users\ricar\Desktop\MoveCode\KinectPV2-master\Build_libs\MoveOn\libs\kinectPV2\KinectPV2.jar;C:\Users\ricar\Desktop\MoveCode\KinectPV2-master\Build_libs\MoveOn\libs\p3.01\core.jar;C:\Users\ricar\Desktop\MoveCode\KinectPV2-master\Build_libs\MoveOn\libs\p3.01\jogl-all.jar;C:\Users\ricar\Desktop\MoveCode\KinectPV2-master\Build_libs\MoveOn\libs\p3.01\gluegen-rt.jar;C:\Users\ricar\Desktop\MoveCode\KinectPV2-master\Build_libs\MoveOn\libs\p3.01\jogl-all-natives-linux-i586.jar;C:\Users\ricar\Desktop\MoveCode\KinectPV2-master\Build_libs\MoveOn\libs\p3.01\jogl-
Launcher Type: SUN_STANDARD

Environment Variables:
PATH=C:\ProgramData\Oracle\Java\javapath;C:\Program Files (x86)\Intel\iCLS Client\;C:\Program Files\Intel\iCLS Client\;C:\Windows\system32;C:\Windows;C:\Windows\System32\Wbem;C:\Windows\System32\WindowsPowerShell\v1.0\;C:\Program Files (x86)\NVIDIA Corporation\PhysX\Common;C:\Program Files (x86)\Intel\Intel(R) Management Engine Components\DAL;C:\Program Files\Intel\Intel(R) Management Engine Components\DAL;C:\Program Files (x86)\Intel\Intel(R) Management Engine Components\IPT;C:\Program Files\Intel\Intel(R) Management Engine Components\IPT;C:\WINDOWS\system32;C:\WINDOWS;C:\WINDOWS\System32\Wbem;C:\WINDOWS\System32\WindowsPowerShell\v1.0\;C:\Program Files\Git\cmd;C:\;C:\Users\ricar\AppData\Local\Microsoft\WindowsApps;C:\Users\ricar\AppData\Roaming\npm
USERNAME=ricar
OS=Windows_NT
PROCESSOR_IDENTIFIER=Intel64 Family 6 Model 94 Stepping 3, GenuineIntel



---------------  S Y S T E M  ---------------

OS: Windows 10.0 , 64 bit Build 14393 (10.0.14393.1198)

CPU:total 4 (4 cores per cpu, 1 threads per core) family 6 model 94 stepping 3, cmov, cx8, fxsr, mmx, sse, sse2, sse3, ssse3, sse4.1, sse4.2, popcnt, avx, avx2, aes, clmul, erms, rtm, 3dnowpref, lzcnt, tsc, tscinvbit, bmi1, bmi2, adx

Memory: 4k page, physical 8285044k(3632232k free), swap 18266080k(12008620k free)

vm_info: Java HotSpot(TM) 64-Bit Server VM (25.121-b13) for windows-amd64 JRE (1.8.0_121-b13), built on Dec 12 2016 18:21:36 by "java_re" with MS VC++ 10.0 (VS2010)

time: Thu Aug 24 17:06:44 2017
elapsed time: 40 seconds (0d 0h 0m 40s)

