#
# A fatal error has been detected by the Java Runtime Environment:
#
#  EXCEPTION_ACCESS_VIOLATION (0xc0000005) at pc=0x0000000000000000, pid=3968, tid=0x0000000000002c84
#
# JRE version: Java(TM) SE Runtime Environment (8.0_121-b13) (build 1.8.0_121-b13)
# Java VM: Java HotSpot(TM) 64-Bit Server VM (25.121-b13 mixed mode windows-amd64 compressed oops)
# Problematic frame:
# C  0x0000000000000000
#
# Failed to write core dump. Minidumps are not enabled by default on client versions of Windows
#
# If you would like to submit a bug report, please visit:
#   http://bugreport.java.com/bugreport/crash.jsp
# The crash happened outside the Java Virtual Machine in native code.
# See problematic frame for where to report the bug.
#

---------------  T H R E A D  ---------------

Current thread (0x000000001a2d4000):  JavaThread "main-FPSAWTAnimator#00-Timer0" [_thread_in_native, id=11396, stack(0x0000000021c80000,0x0000000021d80000)]

siginfo: ExceptionCode=0xc0000005, ExceptionInformation=0x0000000000000008 0x0000000000000000

Registers:
RAX=0x000000001e69dcc0, RBX=0x0000000021f1a380, RCX=0x0000000021f1ce10, RDX=0x0000000000000000
RSP=0x0000000021d7e378, RBP=0x0000000000000000, RSI=0x0000000000000006, RDI=0x0000000021f1a5b0
R8 =0x0000000021d7e028, R9 =0x0000000000008000, R10=0x0000000000000000, R11=0x0000000021d7e270
R12=0x0000000000000000, R13=0x000000001bb59590, R14=0x0000000021d7e470, R15=0x000000001a2d4000
RIP=0x0000000000000000, EFLAGS=0x0000000000010202

Top of Stack: (sp=0x0000000021d7e378)
0x0000000021d7e378:   00007ffb9f4a5526 0000000021f1a380
0x0000000021d7e388:   000000001bb59590 0000000000000000
0x0000000021d7e398:   0000000017b781e0 0000000017b781e0
0x0000000021d7e3a8:   00007ffb9f4a177a 0000000021d7e470
0x0000000021d7e3b8:   0000000021d7e450 000000001a2d41f8
0x0000000021d7e3c8:   000000001a2d4000 000000000306835d
0x0000000021d7e3d8:   0000000003077f74 000000001bb59590
0x0000000021d7e3e8:   000000001a2d4000 000000001a2d4000
0x0000000021d7e3f8:   000000001a2d4000 0000000021d7e4c8
0x0000000021d7e408:   0000000003077ca2 0000000021d7e410
0x0000000021d7e418:   000000001bb59590 0000000021d7e470
0x0000000021d7e428:   000000001bb5b228 0000000000000000
0x0000000021d7e438:   000000001bb59590 0000000000000000
0x0000000021d7e448:   0000000021d7e470 0000000021d7e4b8
0x0000000021d7e458:   0000000003067b30 0000000000000000
0x0000000021d7e468:   00000000030719c0 0000000084946908 

Instructions: (pc=0x0000000000000000)
0xffffffffffffffe0:   


Register to memory mapping:

RAX=0x000000001e69dcc0 is an unknown value
RBX=0x0000000021f1a380 is an unknown value
RCX=0x0000000021f1ce10 is an unknown value
RDX=0x0000000000000000 is an unknown value
RSP=0x0000000021d7e378 is pointing into the stack for thread: 0x000000001a2d4000
RBP=0x0000000000000000 is an unknown value
RSI=0x0000000000000006 is an unknown value
RDI=0x0000000021f1a5b0 is an unknown value
R8 =0x0000000021d7e028 is pointing into the stack for thread: 0x000000001a2d4000
R9 =0x0000000000008000 is an unknown value
R10=0x0000000000000000 is an unknown value
R11=0x0000000021d7e270 is pointing into the stack for thread: 0x000000001a2d4000
R12=0x0000000000000000 is an unknown value
R13={method} {0x000000001bb59598} 'jniStopSignal' '()Z' in 'KinectPV2/Device'
R14=0x0000000021d7e470 is pointing into the stack for thread: 0x000000001a2d4000
R15=0x000000001a2d4000 is a thread


Stack: [0x0000000021c80000,0x0000000021d80000],  sp=0x0000000021d7e378,  free space=1016k
Native frames: (J=compiled Java code, j=interpreted, Vv=VM code, C=native code)

Java frames: (J=compiled Java code, j=interpreted, Vv=VM code)
j  KinectPV2.Device.jniStopSignal()Z+0
j  KinectPV2.Device.cleanDevice()Z+1
j  KinectPV2.KinectPV2.dispose()V+10
v  ~StubRoutines::call_stub
j  sun.reflect.NativeMethodAccessorImpl.invoke0(Ljava/lang/reflect/Method;Ljava/lang/Object;[Ljava/lang/Object;)Ljava/lang/Object;+0
j  sun.reflect.NativeMethodAccessorImpl.invoke(Ljava/lang/Object;[Ljava/lang/Object;)Ljava/lang/Object;+100
j  sun.reflect.DelegatingMethodAccessorImpl.invoke(Ljava/lang/Object;[Ljava/lang/Object;)Ljava/lang/Object;+6
j  java.lang.reflect.Method.invoke(Ljava/lang/Object;[Ljava/lang/Object;)Ljava/lang/Object;+56
j  processing.core.PApplet$RegisteredMethods.handle([Ljava/lang/Object;)V+18
J 998 C1 processing.core.PApplet.handleMethods(Ljava/lang/String;)V (21 bytes) @ 0x000000000344039c [0x00000000034400e0+0x2bc]
j  processing.core.PApplet.dispose()V+35
J 1290 C1 processing.opengl.PSurfaceJOGL$DrawListener.display(Lcom/jogamp/opengl/GLAutoDrawable;)V (220 bytes) @ 0x0000000003555c44 [0x00000000035550e0+0xb64]
J 1224 C1 jogamp.opengl.GLDrawableHelper.displayImpl(Lcom/jogamp/opengl/GLAutoDrawable;)V (86 bytes) @ 0x00000000034eb8c4 [0x00000000034eaf80+0x944]
J 1222 C1 jogamp.opengl.GLAutoDrawableBase$2.run()V (73 bytes) @ 0x00000000034f323c [0x00000000034f2e60+0x3dc]
J 1220 C1 jogamp.opengl.GLDrawableHelper.invokeGLImpl(Lcom/jogamp/opengl/GLDrawable;Lcom/jogamp/opengl/GLContext;Ljava/lang/Runnable;Ljava/lang/Runnable;)V (579 bytes) @ 0x00000000034edcac [0x00000000034ece60+0xe4c]
J 1277 C1 jogamp.opengl.GLDrawableHelper.invokeGL(Lcom/jogamp/opengl/GLDrawable;Lcom/jogamp/opengl/GLContext;Ljava/lang/Runnable;Ljava/lang/Runnable;)V (76 bytes) @ 0x0000000003551704 [0x0000000003551640+0xc4]
J 1215 C1 com.jogamp.newt.opengl.GLWindow.display()V (144 bytes) @ 0x00000000034e2744 [0x00000000034e1e40+0x904]
J 1214 C1 com.jogamp.opengl.util.AWTAnimatorImpl.display(Ljava/util/ArrayList;ZZ)V (170 bytes) @ 0x00000000034dad6c [0x00000000034da680+0x6ec]
J 1212 C1 com.jogamp.opengl.util.FPSAnimator$MainTask.run()V (805 bytes) @ 0x00000000034dda04 [0x00000000034dccc0+0xd44]
j  java.util.TimerThread.mainLoop()V+221
j  java.util.TimerThread.run()V+1
v  ~StubRoutines::call_stub

---------------  P R O C E S S  ---------------

Java Threads: ( => current thread )
  0x0000000019611000 JavaThread "Thread-5" [_thread_blocked, id=2492, stack(0x0000000030300000,0x0000000030400000)]
  0x0000000002f5e800 JavaThread "DestroyJavaVM" [_thread_blocked, id=8356, stack(0x0000000002d80000,0x0000000002e80000)]
=>0x000000001a2d4000 JavaThread "main-FPSAWTAnimator#00-Timer0" [_thread_in_native, id=11396, stack(0x0000000021c80000,0x0000000021d80000)]
  0x000000001a58a000 JavaThread "HighResTimerThread" daemon [_thread_blocked, id=13464, stack(0x0000000021a80000,0x0000000021b80000)]
  0x000000001a3b2800 JavaThread "main-SharedResourceRunner" daemon [_thread_blocked, id=9060, stack(0x000000001bb80000,0x000000001bc80000)]
  0x000000001a303000 JavaThread "main-Display-.windows_nil-1-EDT-1" daemon [_thread_blocked, id=13480, stack(0x000000001b680000,0x000000001b780000)]
  0x0000000019ed6000 JavaThread "AWT-Windows" daemon [_thread_in_native, id=4588, stack(0x000000001a850000,0x000000001a950000)]
  0x0000000019ed3800 JavaThread "Java2D Disposer" daemon [_thread_blocked, id=8168, stack(0x000000001a650000,0x000000001a750000)]
  0x00000000196bd800 JavaThread "Monitor Ctrl-Break" daemon [_thread_in_native, id=4252, stack(0x0000000019b30000,0x0000000019c30000)]
  0x0000000017c0e000 JavaThread "Service Thread" daemon [_thread_blocked, id=5060, stack(0x0000000019930000,0x0000000019a30000)]
  0x0000000017bb5800 JavaThread "C1 CompilerThread2" daemon [_thread_blocked, id=6256, stack(0x0000000019430000,0x0000000019530000)]
  0x0000000017bad000 JavaThread "C2 CompilerThread1" daemon [_thread_blocked, id=10036, stack(0x0000000019330000,0x0000000019430000)]
  0x0000000017bab000 JavaThread "C2 CompilerThread0" daemon [_thread_blocked, id=11480, stack(0x0000000019230000,0x0000000019330000)]
  0x0000000017bba000 JavaThread "Attach Listener" daemon [_thread_blocked, id=3772, stack(0x0000000019130000,0x0000000019230000)]
  0x0000000017bb9000 JavaThread "Signal Dispatcher" daemon [_thread_blocked, id=6768, stack(0x0000000019030000,0x0000000019130000)]
  0x0000000017b99000 JavaThread "Finalizer" daemon [_thread_blocked, id=12072, stack(0x0000000018e20000,0x0000000018f20000)]
  0x0000000003052000 JavaThread "Reference Handler" daemon [_thread_blocked, id=1368, stack(0x0000000018d20000,0x0000000018e20000)]

Other Threads:
  0x0000000017b77000 VMThread [stack: 0x0000000018c20000,0x0000000018d20000] [id=10896]
  0x0000000019581800 WatcherThread [stack: 0x0000000019a30000,0x0000000019b30000] [id=12652]

VM state:not at safepoint (normal execution)

VM Mutex/Monitor currently owned by a thread: None

Heap:
 PSYoungGen      total 657408K, used 441700K [0x00000000d5d80000, 0x00000000fff80000, 0x0000000100000000)
  eden space 628224K, 70% used [0x00000000d5d80000,0x00000000f0cc1040,0x00000000fc300000)
  from space 29184K, 0% used [0x00000000fc300000,0x00000000fc318000,0x00000000fdf80000)
  to   space 27648K, 0% used [0x00000000fe480000,0x00000000fe480000,0x00000000fff80000)
 ParOldGen       total 131584K, used 69698K [0x0000000081800000, 0x0000000089880000, 0x00000000d5d80000)
  object space 131584K, 52% used [0x0000000081800000,0x0000000085c10b10,0x0000000089880000)
 Metaspace       used 17543K, capacity 17722K, committed 18048K, reserved 1064960K
  class space    used 1583K, capacity 1633K, committed 1664K, reserved 1048576K

Card table byte_map: [0x0000000012420000,0x0000000012820000] byte_map_base: 0x0000000012014000

Marking Bits: (ParMarkBitMap*) 0x00000000763eb6d0
 Begin Bits: [0x0000000012ed0000, 0x0000000014e70000)
 End Bits:   [0x0000000014e70000, 0x0000000016e10000)

Polling page: 0x0000000001610000

CodeCache: size=245760Kb used=6942Kb max_used=6986Kb free=238817Kb
 bounds [0x0000000003060000, 0x0000000003750000, 0x0000000012060000]
 total_blobs=2738 nmethods=1860 adapters=791
 compilation: enabled

Compilation events (10 events):
Event: 44.543 Thread 0x0000000017bb5800 1882       3       processing.core.PApplet::dist (17 bytes)
Event: 44.543 Thread 0x0000000017bb5800 nmethod 1882 0x0000000003160250 code [0x00000000031603c0, 0x0000000003160650]
Event: 44.543 Thread 0x0000000017bb5800 1883       3       processing.opengl.PGraphicsOpenGL$InGeometry::addEllipse (319 bytes)
Event: 44.544 Thread 0x0000000017bb5800 nmethod 1883 0x000000000373b490 code [0x000000000373b780, 0x000000000373cc38]
Event: 44.859 Thread 0x0000000017bab000 1884       4       processing.opengl.PGraphicsOpenGL$InGeometry::addEllipse (319 bytes)
Event: 44.873 Thread 0x0000000017bab000 nmethod 1884 0x000000000371a090 code [0x000000000371a280, 0x000000000371ade8]
Event: 45.242 Thread 0x0000000017bad000 1885       4       com.jogamp.opengl.GLContext::isGL3 (30 bytes)
Event: 45.243 Thread 0x0000000017bad000 nmethod 1885 0x0000000003162b10 code [0x0000000003162c60, 0x0000000003162d18]
Event: 45.858 Thread 0x0000000017bab000 1886       4       java.util.TaskQueue::isEmpty (13 bytes)
Event: 45.858 Thread 0x0000000017bab000 nmethod 1886 0x00000000037220d0 code [0x0000000003722200, 0x0000000003722278]

GC Heap History (10 events):
Event: 20.927 GC heap before
{Heap before GC invocations=14 (full 1):
 PSYoungGen      total 454656K, used 435466K [0x00000000d5d80000, 0x00000000f4980000, 0x0000000100000000)
  eden space 434176K, 99% used [0x00000000d5d80000,0x00000000f050a9d8,0x00000000f0580000)
  from space 20480K, 8% used [0x00000000f3580000,0x00000000f3738040,0x00000000f4980000)
  to   space 34816K, 0% used [0x00000000f0580000,0x00000000f0580000,0x00000000f2780000)
 ParOldGen       total 131584K, used 68034K [0x0000000081800000, 0x0000000089880000, 0x00000000d5d80000)
  object space 131584K, 51% used [0x0000000081800000,0x0000000085a70990,0x0000000089880000)
 Metaspace       used 17515K, capacity 17722K, committed 18048K, reserved 1064960K
  class space    used 1583K, capacity 1633K, committed 1664K, reserved 1048576K
Event: 20.929 GC heap after
Heap after GC invocations=14 (full 1):
 PSYoungGen      total 468992K, used 64K [0x00000000d5d80000, 0x00000000fc780000, 0x0000000100000000)
  eden space 434176K, 0% used [0x00000000d5d80000,0x00000000d5d80000,0x00000000f0580000)
  from space 34816K, 0% used [0x00000000f0580000,0x00000000f0590000,0x00000000f2780000)
  to   space 33280K, 0% used [0x00000000fa700000,0x00000000fa700000,0x00000000fc780000)
 ParOldGen       total 131584K, used 69674K [0x0000000081800000, 0x0000000089880000, 0x00000000d5d80000)
  object space 131584K, 52% used [0x0000000081800000,0x0000000085c0ab10,0x0000000089880000)
 Metaspace       used 17515K, capacity 17722K, committed 18048K, reserved 1064960K
  class space    used 1583K, capacity 1633K, committed 1664K, reserved 1048576K
}
Event: 25.157 GC heap before
{Heap before GC invocations=15 (full 1):
 PSYoungGen      total 468992K, used 433422K [0x00000000d5d80000, 0x00000000fc780000, 0x0000000100000000)
  eden space 434176K, 99% used [0x00000000d5d80000,0x00000000f04b3948,0x00000000f0580000)
  from space 34816K, 0% used [0x00000000f0580000,0x00000000f0590000,0x00000000f2780000)
  to   space 33280K, 0% used [0x00000000fa700000,0x00000000fa700000,0x00000000fc780000)
 ParOldGen       total 131584K, used 69674K [0x0000000081800000, 0x0000000089880000, 0x00000000d5d80000)
  object space 131584K, 52% used [0x0000000081800000,0x0000000085c0ab10,0x0000000089880000)
 Metaspace       used 17542K, capacity 17722K, committed 18048K, reserved 1064960K
  class space    used 1583K, capacity 1633K, committed 1664K, reserved 1048576K
Event: 25.158 GC heap after
Heap after GC invocations=15 (full 1):
 PSYoungGen      total 559616K, used 64K [0x00000000d5d80000, 0x00000000fb280000, 0x0000000100000000)
  eden space 547840K, 0% used [0x00000000d5d80000,0x00000000d5d80000,0x00000000f7480000)
  from space 11776K, 0% used [0x00000000fa700000,0x00000000fa710000,0x00000000fb280000)
  to   space 31744K, 0% used [0x00000000f7480000,0x00000000f7480000,0x00000000f9380000)
 ParOldGen       total 131584K, used 69698K [0x0000000081800000, 0x0000000089880000, 0x00000000d5d80000)
  object space 131584K, 52% used [0x0000000081800000,0x0000000085c10b10,0x0000000089880000)
 Metaspace       used 17542K, capacity 17722K, committed 18048K, reserved 1064960K
  class space    used 1583K, capacity 1633K, committed 1664K, reserved 1048576K
}
Event: 30.488 GC heap before
{Heap before GC invocations=16 (full 1):
 PSYoungGen      total 559616K, used 547904K [0x00000000d5d80000, 0x00000000fb280000, 0x0000000100000000)
  eden space 547840K, 100% used [0x00000000d5d80000,0x00000000f7480000,0x00000000f7480000)
  from space 11776K, 0% used [0x00000000fa700000,0x00000000fa710000,0x00000000fb280000)
  to   space 31744K, 0% used [0x00000000f7480000,0x00000000f7480000,0x00000000f9380000)
 ParOldGen       total 131584K, used 69698K [0x0000000081800000, 0x0000000089880000, 0x00000000d5d80000)
  object space 131584K, 52% used [0x0000000081800000,0x0000000085c10b10,0x0000000089880000)
 Metaspace       used 17543K, capacity 17722K, committed 18048K, reserved 1064960K
  class space    used 1583K, capacity 1633K, committed 1664K, reserved 1048576K
Event: 30.489 GC heap after
Heap after GC invocations=16 (full 1):
 PSYoungGen      total 579584K, used 96K [0x00000000d5d80000, 0x0000000100000000, 0x0000000100000000)
  eden space 547840K, 0% used [0x00000000d5d80000,0x00000000d5d80000,0x00000000f7480000)
  from space 31744K, 0% used [0x00000000f7480000,0x00000000f7498000,0x00000000f9380000)
  to   space 30720K, 0% used [0x00000000fe200000,0x00000000fe200000,0x0000000100000000)
 ParOldGen       total 131584K, used 69698K [0x0000000081800000, 0x0000000089880000, 0x00000000d5d80000)
  object space 131584K, 52% used [0x0000000081800000,0x0000000085c10b10,0x0000000089880000)
 Metaspace       used 17543K, capacity 17722K, committed 18048K, reserved 1064960K
  class space    used 1583K, capacity 1633K, committed 1664K, reserved 1048576K
}
Event: 35.832 GC heap before
{Heap before GC invocations=17 (full 1):
 PSYoungGen      total 579584K, used 547713K [0x00000000d5d80000, 0x0000000100000000, 0x0000000100000000)
  eden space 547840K, 99% used [0x00000000d5d80000,0x00000000f7448700,0x00000000f7480000)
  from space 31744K, 0% used [0x00000000f7480000,0x00000000f7498000,0x00000000f9380000)
  to   space 30720K, 0% used [0x00000000fe200000,0x00000000fe200000,0x0000000100000000)
 ParOldGen       total 131584K, used 69698K [0x0000000081800000, 0x0000000089880000, 0x00000000d5d80000)
  object space 131584K, 52% used [0x0000000081800000,0x0000000085c10b10,0x0000000089880000)
 Metaspace       used 17543K, capacity 17722K, committed 18048K, reserved 1064960K
  class space    used 1583K, capacity 1633K, committed 1664K, reserved 1048576K
Event: 35.833 GC heap after
Heap after GC invocations=17 (full 1):
 PSYoungGen      total 654848K, used 96K [0x00000000d5d80000, 0x00000000ffc00000, 0x0000000100000000)
  eden space 628224K, 0% used [0x00000000d5d80000,0x00000000d5d80000,0x00000000fc300000)
  from space 26624K, 0% used [0x00000000fe200000,0x00000000fe218000,0x00000000ffc00000)
  to   space 29184K, 0% used [0x00000000fc300000,0x00000000fc300000,0x00000000fdf80000)
 ParOldGen       total 131584K, used 69698K [0x0000000081800000, 0x0000000089880000, 0x00000000d5d80000)
  object space 131584K, 52% used [0x0000000081800000,0x0000000085c10b10,0x0000000089880000)
 Metaspace       used 17543K, capacity 17722K, committed 18048K, reserved 1064960K
  class space    used 1583K, capacity 1633K, committed 1664K, reserved 1048576K
}
Event: 41.945 GC heap before
{Heap before GC invocations=18 (full 1):
 PSYoungGen      total 654848K, used 628299K [0x00000000d5d80000, 0x00000000ffc00000, 0x0000000100000000)
  eden space 628224K, 99% used [0x00000000d5d80000,0x00000000fc2fadc8,0x00000000fc300000)
  from space 26624K, 0% used [0x00000000fe200000,0x00000000fe218000,0x00000000ffc00000)
  to   space 29184K, 0% used [0x00000000fc300000,0x00000000fc300000,0x00000000fdf80000)
 ParOldGen       total 131584K, used 69698K [0x0000000081800000, 0x0000000089880000, 0x00000000d5d80000)
  object space 131584K, 52% used [0x0000000081800000,0x0000000085c10b10,0x0000000089880000)
 Metaspace       used 17543K, capacity 17722K, committed 18048K, reserved 1064960K
  class space    used 1583K, capacity 1633K, committed 1664K, reserved 1048576K
Event: 41.946 GC heap after
Heap after GC invocations=18 (full 1):
 PSYoungGen      total 657408K, used 96K [0x00000000d5d80000, 0x00000000fff80000, 0x0000000100000000)
  eden space 628224K, 0% used [0x00000000d5d80000,0x00000000d5d80000,0x00000000fc300000)
  from space 29184K, 0% used [0x00000000fc300000,0x00000000fc318000,0x00000000fdf80000)
  to   space 27648K, 0% used [0x00000000fe480000,0x00000000fe480000,0x00000000fff80000)
 ParOldGen       total 131584K, used 69698K [0x0000000081800000, 0x0000000089880000, 0x00000000d5d80000)
  object space 131584K, 52% used [0x0000000081800000,0x0000000085c10b10,0x0000000089880000)
 Metaspace       used 17543K, capacity 17722K, committed 18048K, reserved 1064960K
  class space    used 1583K, capacity 1633K, committed 1664K, reserved 1048576K
}

Deoptimization events (10 events):
Event: 14.635 Thread 0x000000001a2d4000 Uncommon trap: reason=class_check action=maybe_recompile pc=0x00000000031f6968 method=java.lang.String.equals(Ljava/lang/Object;)Z @ 8
Event: 14.635 Thread 0x000000001a2d4000 Uncommon trap: reason=class_check action=maybe_recompile pc=0x00000000031f6968 method=java.lang.String.equals(Ljava/lang/Object;)Z @ 8
Event: 14.635 Thread 0x000000001a2d4000 Uncommon trap: reason=class_check action=maybe_recompile pc=0x00000000031f6968 method=java.lang.String.equals(Ljava/lang/Object;)Z @ 8
Event: 14.635 Thread 0x000000001a2d4000 Uncommon trap: reason=class_check action=maybe_recompile pc=0x00000000031f6968 method=java.lang.String.equals(Ljava/lang/Object;)Z @ 8
Event: 14.677 Thread 0x000000001a2d4000 Uncommon trap: reason=unstable_if action=reinterpret pc=0x0000000003575e68 method=processing.opengl.PGraphicsOpenGL.vertexImpl(FFFFF)V @ 47
Event: 14.688 Thread 0x000000001a2d4000 Uncommon trap: reason=class_check action=maybe_recompile pc=0x0000000003402b78 method=java.util.regex.Pattern.compile()V @ 246
Event: 14.688 Thread 0x000000001a2d4000 Uncommon trap: reason=class_check action=maybe_recompile pc=0x0000000003402b78 method=java.util.regex.Pattern.compile()V @ 246
Event: 14.688 Thread 0x000000001a2d4000 Uncommon trap: reason=class_check action=maybe_recompile pc=0x0000000003402b78 method=java.util.regex.Pattern.compile()V @ 246
Event: 14.688 Thread 0x000000001a2d4000 Uncommon trap: reason=class_check action=maybe_recompile pc=0x0000000003402b78 method=java.util.regex.Pattern.compile()V @ 246
Event: 44.526 Thread 0x000000001a2d4000 Uncommon trap: reason=unstable_if action=reinterpret pc=0x000000000365d378 method=processing.opengl.PGraphicsOpenGL.nonZero(F)Z @ 8

Internal exceptions (10 events):
Event: 0.028 Thread 0x0000000002f5e800 Exception <a 'java/lang/NoSuchMethodError': Method sun.misc.Unsafe.prefetchRead(Ljava/lang/Object;J)V name or signature does not match> (0x00000000d5d87f90) thrown at [C:\re\workspace\8-2-build-windows-amd64-cygwin\jdk8u121\8372\hotspot\src\share\vm\prims
Event: 0.129 Thread 0x0000000002f5e800 Exception <a 'java/security/PrivilegedActionException'> (0x00000000d6067d48) thrown at [C:\re\workspace\8-2-build-windows-amd64-cygwin\jdk8u121\8372\hotspot\src\share\vm\prims\jvm.cpp, line 1390]
Event: 0.129 Thread 0x0000000002f5e800 Exception <a 'java/security/PrivilegedActionException'> (0x00000000d6067f58) thrown at [C:\re\workspace\8-2-build-windows-amd64-cygwin\jdk8u121\8372\hotspot\src\share\vm\prims\jvm.cpp, line 1390]
Event: 0.129 Thread 0x0000000002f5e800 Exception <a 'java/security/PrivilegedActionException'> (0x00000000d606c050) thrown at [C:\re\workspace\8-2-build-windows-amd64-cygwin\jdk8u121\8372\hotspot\src\share\vm\prims\jvm.cpp, line 1390]
Event: 0.129 Thread 0x0000000002f5e800 Exception <a 'java/security/PrivilegedActionException'> (0x00000000d606c260) thrown at [C:\re\workspace\8-2-build-windows-amd64-cygwin\jdk8u121\8372\hotspot\src\share\vm\prims\jvm.cpp, line 1390]
Event: 0.135 Thread 0x0000000002f5e800 Exception <a 'java/io/FileNotFoundException'> (0x00000000d6075c88) thrown at [C:\re\workspace\8-2-build-windows-amd64-cygwin\jdk8u121\8372\hotspot\src\share\vm\prims\jni.cpp, line 709]
Event: 0.175 Thread 0x0000000002f5e800 Exception <a 'java/lang/NoSuchFieldError': method resolution failed> (0x00000000d6142fe0) thrown at [C:\re\workspace\8-2-build-windows-amd64-cygwin\jdk8u121\8372\hotspot\src\share\vm\prims\methodHandles.cpp, line 1146]
Event: 0.176 Thread 0x0000000002f5e800 Exception <a 'java/lang/NoSuchFieldError': method resolution failed> (0x00000000d6150518) thrown at [C:\re\workspace\8-2-build-windows-amd64-cygwin\jdk8u121\8372\hotspot\src\share\vm\prims\methodHandles.cpp, line 1146]
Event: 0.216 Thread 0x0000000002f5e800 Exception <a 'java/io/FileNotFoundException'> (0x00000000d61ecdf0) thrown at [C:\re\workspace\8-2-build-windows-amd64-cygwin\jdk8u121\8372\hotspot\src\share\vm\prims\jni.cpp, line 709]
Event: 46.225 Thread 0x0000000020b17000 Exception <a 'java/lang/InterruptedException'> (0x00000000f09afbc8) thrown at [C:\re\workspace\8-2-build-windows-amd64-cygwin\jdk8u121\8372\hotspot\src\share\vm\runtime\objectMonitor.cpp, line 1684]

Events (10 events):
Event: 36.652 Thread 0x0000000017bab000 flushing nmethod 0x00000000031a8650
Event: 36.653 Thread 0x0000000017bad000 flushing nmethod 0x00000000031b09d0
Event: 37.671 Thread 0x0000000017bab000 flushing nmethod 0x0000000003210910
Event: 37.879 Thread 0x0000000017bad000 flushing nmethod 0x000000000325d410
Event: 41.945 Executing VM operation: ParallelGCFailedAllocation
Event: 41.946 Executing VM operation: ParallelGCFailedAllocation done
Event: 44.526 Thread 0x000000001a2d4000 Uncommon trap: trap_request=0xffffff65 fr.pc=0x000000000365d378
Event: 44.526 Thread 0x000000001a2d4000 DEOPT PACKING pc=0x000000000365d378 sp=0x0000000021d7eb50
Event: 44.526 Thread 0x000000001a2d4000 DEOPT UNPACKING pc=0x00000000030a582a sp=0x0000000021d7e8f8 mode 2
Event: 46.225 Thread 0x0000000020b17000 Thread exited: 0x0000000020b17000


Dynamic libraries:
0x00007ff63e1d0000 - 0x00007ff63e207000 	C:\Program Files\Java\jdk1.8.0_121\bin\java.exe
0x00007ffbb0fb0000 - 0x00007ffbb1182000 	C:\WINDOWS\SYSTEM32\ntdll.dll
0x00007ffbae570000 - 0x00007ffbae61c000 	C:\WINDOWS\System32\KERNEL32.DLL
0x00007ffbadd10000 - 0x00007ffbadf2d000 	C:\WINDOWS\System32\KERNELBASE.dll
0x00007ffbb0880000 - 0x00007ffbb0922000 	C:\WINDOWS\System32\ADVAPI32.dll
0x00007ffbb02f0000 - 0x00007ffbb038e000 	C:\WINDOWS\System32\msvcrt.dll
0x00007ffbb0660000 - 0x00007ffbb06b9000 	C:\WINDOWS\System32\sechost.dll
0x00007ffbae620000 - 0x00007ffbae741000 	C:\WINDOWS\System32\RPCRT4.dll
0x00007ffbb0060000 - 0x00007ffbb01c5000 	C:\WINDOWS\System32\USER32.dll
0x00007ffbae1f0000 - 0x00007ffbae20e000 	C:\WINDOWS\System32\win32u.dll
0x00007ffbb0390000 - 0x00007ffbb03c4000 	C:\WINDOWS\System32\GDI32.dll
0x00007ffbad4b0000 - 0x00007ffbad630000 	C:\WINDOWS\System32\gdi32full.dll
0x00007ffba7ca0000 - 0x00007ffba7f1a000 	C:\WINDOWS\WinSxS\amd64_microsoft.windows.common-controls_6595b64144ccf1df_6.0.14393.953_none_42151e83c686086b\COMCTL32.dll
0x00007ffbae7b0000 - 0x00007ffbaea78000 	C:\WINDOWS\System32\combase.dll
0x00007ffbae440000 - 0x00007ffbae535000 	C:\WINDOWS\System32\ucrtbase.dll
0x00007ffbadfe0000 - 0x00007ffbae04a000 	C:\WINDOWS\System32\bcryptPrimitives.dll
0x00007ffbae540000 - 0x00007ffbae56e000 	C:\WINDOWS\System32\IMM32.DLL
0x0000000075660000 - 0x0000000075732000 	C:\Program Files\Java\jdk1.8.0_121\jre\bin\msvcr100.dll
0x0000000075bd0000 - 0x000000007646b000 	C:\Program Files\Java\jdk1.8.0_121\jre\bin\server\jvm.dll
0x00007ffbb0ea0000 - 0x00007ffbb0ea8000 	C:\WINDOWS\System32\PSAPI.DLL
0x00007ffbaa530000 - 0x00007ffbaa539000 	C:\WINDOWS\SYSTEM32\WSOCK32.dll
0x00007ffbab790000 - 0x00007ffbab7b3000 	C:\WINDOWS\SYSTEM32\WINMM.dll
0x00007ffbb0280000 - 0x00007ffbb02ea000 	C:\WINDOWS\System32\WS2_32.dll
0x00007ffba9850000 - 0x00007ffba985a000 	C:\WINDOWS\SYSTEM32\VERSION.dll
0x00007ffbab6d0000 - 0x00007ffbab6fb000 	C:\WINDOWS\SYSTEM32\WINMMBASE.dll
0x00007ffbae100000 - 0x00007ffbae142000 	C:\WINDOWS\System32\cfgmgr32.dll
0x0000000075ae0000 - 0x0000000075aef000 	C:\Program Files\Java\jdk1.8.0_121\jre\bin\verify.dll
0x0000000075ab0000 - 0x0000000075ad9000 	C:\Program Files\Java\jdk1.8.0_121\jre\bin\java.dll
0x0000000075a90000 - 0x0000000075aa6000 	C:\Program Files\Java\jdk1.8.0_121\jre\bin\zip.dll
0x00007ffbaea90000 - 0x00007ffbaff98000 	C:\WINDOWS\System32\SHELL32.dll
0x00007ffbad630000 - 0x00007ffbadd0a000 	C:\WINDOWS\System32\windows.storage.dll
0x00007ffbad450000 - 0x00007ffbad49c000 	C:\WINDOWS\System32\powrprof.dll
0x00007ffbb0530000 - 0x00007ffbb0582000 	C:\WINDOWS\System32\shlwapi.dll
0x00007ffbad4a0000 - 0x00007ffbad4af000 	C:\WINDOWS\System32\kernel.appcore.dll
0x00007ffbadf30000 - 0x00007ffbadfd9000 	C:\WINDOWS\System32\shcore.dll
0x00007ffbad420000 - 0x00007ffbad434000 	C:\WINDOWS\System32\profapi.dll
0x00007ffba7f20000 - 0x00007ffba7f30000 	C:\Program Files (x86)\JetBrains\IntelliJ IDEA 2016.3.4\bin\breakgen64.dll
0x0000000075880000 - 0x000000007589a000 	C:\Program Files\Java\jdk1.8.0_121\jre\bin\net.dll
0x00007ffbaccf0000 - 0x00007ffbacd4c000 	C:\WINDOWS\system32\mswsock.dll
0x00000000758f0000 - 0x0000000075a88000 	C:\Program Files\Java\jdk1.8.0_121\jre\bin\awt.dll
0x00007ffbaffa0000 - 0x00007ffbb005f000 	C:\WINDOWS\System32\OLEAUT32.dll
0x00007ffbae150000 - 0x00007ffbae1ec000 	C:\WINDOWS\System32\msvcp_win.dll
0x00007ffbabac0000 - 0x00007ffbabb3a000 	C:\WINDOWS\SYSTEM32\apphelp.dll
0x00007ffbabc20000 - 0x00007ffbabcb5000 	C:\WINDOWS\system32\uxtheme.dll
0x00007ffbb03d0000 - 0x00007ffbb052a000 	C:\WINDOWS\System32\MSCTF.dll
0x00007ffbaa9c0000 - 0x00007ffbaa9e6000 	C:\WINDOWS\system32\dwmapi.dll
0x00007ffbb0d60000 - 0x00007ffbb0e98000 	C:\WINDOWS\System32\ole32.dll
0x00007ffb9d9f0000 - 0x00007ffb9db13000 	C:\WINDOWS\system32\opengl32.dll
0x00007ffba7fa0000 - 0x00007ffba7fcd000 	C:\WINDOWS\SYSTEM32\GLU32.dll
0x00007ffb9d5f0000 - 0x00007ffb9d6e7000 	C:\WINDOWS\SYSTEM32\DDRAW.dll
0x00007ffbaaf40000 - 0x00007ffbaaf48000 	C:\WINDOWS\SYSTEM32\DCIMAN32.dll
0x00007ffbacea0000 - 0x00007ffbaceb7000 	C:\WINDOWS\SYSTEM32\CRYPTSP.dll
0x00007ffbac8f0000 - 0x00007ffbac923000 	C:\WINDOWS\system32\rsaenh.dll
0x00007ffbad360000 - 0x00007ffbad38b000 	C:\WINDOWS\SYSTEM32\bcrypt.dll
0x00007ffbacb70000 - 0x00007ffbacb8f000 	C:\WINDOWS\SYSTEM32\USERENV.dll
0x00007ffbace90000 - 0x00007ffbace9b000 	C:\WINDOWS\SYSTEM32\CRYPTBASE.dll
0x00007ffbaca70000 - 0x00007ffbacaa8000 	C:\WINDOWS\SYSTEM32\IPHLPAPI.DLL
0x00007ffbb0270000 - 0x00007ffbb0278000 	C:\WINDOWS\System32\NSI.dll
0x00007ffba3920000 - 0x00007ffba3936000 	C:\WINDOWS\SYSTEM32\dhcpcsvc6.DLL
0x00007ffba3f40000 - 0x00007ffba3f5a000 	C:\WINDOWS\SYSTEM32\dhcpcsvc.DLL
0x0000000075860000 - 0x0000000075871000 	C:\Program Files\Java\jdk1.8.0_121\jre\bin\nio.dll
0x00000000637c0000 - 0x00000000637cd000 	C:\Users\ricar\AppData\Local\Temp\jogamp_0000\file_cache\jln7320912864136463800\jln3687283302821309739\natives\windows-amd64\gluegen-rt.dll
0x0000000075770000 - 0x0000000075777000 	C:\Program Files\Java\jdk1.8.0_121\jre\bin\jawt.dll
0x000000006a440000 - 0x000000006a44d000 	C:\Users\ricar\AppData\Local\Temp\jogamp_0000\file_cache\jln7320912864136463800\jln3687283302821309739\natives\windows-amd64\nativewindow_awt.dll
0x000000006c100000 - 0x000000006c10f000 	C:\Users\ricar\AppData\Local\Temp\jogamp_0000\file_cache\jln7320912864136463800\jln3687283302821309739\natives\windows-amd64\nativewindow_win32.dll
0x000000006cbc0000 - 0x000000006cbd3000 	C:\Users\ricar\AppData\Local\Temp\jogamp_0000\file_cache\jln7320912864136463800\jln3687283302821309739\natives\windows-amd64\newt.dll
0x00007ffba9380000 - 0x00007ffba9411000 	C:\WINDOWS\SYSTEM32\mscms.dll
0x00007ffba1f70000 - 0x00007ffba1fb2000 	C:\WINDOWS\SYSTEM32\icm32.dll
0x00007ffbb0930000 - 0x00007ffbb0d59000 	C:\WINDOWS\System32\setupapi.dll
0x00007ffbabf80000 - 0x00007ffbabfa8000 	C:\WINDOWS\SYSTEM32\DEVOBJ.dll
0x00007ffbae3e0000 - 0x00007ffbae435000 	C:\WINDOWS\System32\WINTRUST.dll
0x00007ffbad440000 - 0x00007ffbad450000 	C:\WINDOWS\System32\MSASN1.dll
0x00007ffbae210000 - 0x00007ffbae3d9000 	C:\WINDOWS\System32\CRYPT32.dll
0x0000000064500000 - 0x00000000645b1000 	C:\Users\ricar\AppData\Local\Temp\jogamp_0000\file_cache\jln7320912864136463800\jln3687283302821309739\natives\windows-amd64\jogl_desktop.dll
0x0000000064340000 - 0x00000000643a2000 	C:\Users\ricar\AppData\Local\Temp\jogamp_0000\file_cache\jln7320912864136463800\jln3687283302821309739\natives\windows-amd64\jogl_mobile.dll
0x00000000728b0000 - 0x0000000074a00000 	C:\WINDOWS\SYSTEM32\nvoglv64.DLL
0x00007ffbaa6e0000 - 0x00007ffbaa6f3000 	C:\WINDOWS\SYSTEM32\WTSAPI32.dll
0x00007ffbac7c0000 - 0x00007ffbac7f2000 	C:\WINDOWS\SYSTEM32\ntmarta.dll
0x00007ffbad300000 - 0x00007ffbad356000 	C:\WINDOWS\SYSTEM32\WINSTA.dll
0x00007ffb92040000 - 0x00007ffb921dc000 	C:\Users\ricar\Desktop\MoveCode\KinectPV2-master\Build_libs\MoveOn\libs\kinectPV2\Kinect20.Face.dll
0x00007ffb9d2c0000 - 0x00007ffb9d367000 	C:\WINDOWS\SYSTEM32\MSVCP110.dll
0x00007ffba0fe0000 - 0x00007ffba10b4000 	C:\WINDOWS\SYSTEM32\MSVCR110.dll
0x00007ffb9f4a0000 - 0x00007ffb9f4b1000 	C:\Users\ricar\Desktop\MoveCode\KinectPV2-master\Build_libs\MoveOn\libs\kinectPV2\KinectPV2.dll
0x00007ffb97840000 - 0x00007ffb978fb000 	C:\WINDOWS\SYSTEM32\Kinect20.dll
0x00007ffba2bf0000 - 0x00007ffba2d58000 	C:\WINDOWS\SYSTEM32\MFPlat.DLL
0x00007ffbab920000 - 0x00007ffbab94e000 	C:\WINDOWS\SYSTEM32\RTWorkQ.DLL
0x00007ffbac3a0000 - 0x00007ffbac43f000 	C:\WINDOWS\system32\dxgi.dll
0x00007ffbaa9f0000 - 0x00007ffbaaca6000 	C:\WINDOWS\system32\d3d11.dll
0x00007ffb799e0000 - 0x00007ffb7b111000 	C:\WINDOWS\System32\DriverStore\FileRepository\nvami.inf_amd64_11a67240324f74de\nvwgf2umx.dll
0x00007ffba78a0000 - 0x00007ffba7c9b000 	C:\WINDOWS\system32\nvapi64.dll
0x00000000758a0000 - 0x00000000758e7000 	C:\Program Files\Java\jdk1.8.0_121\jre\bin\fontmanager.dll
0x0000000075790000 - 0x00000000757d2000 	C:\Program Files\Java\jdk1.8.0_121\jre\bin\t2k.dll
0x00007ffba9e30000 - 0x00007ffba9fc2000 	C:\WINDOWS\SYSTEM32\dbghelp.dll

VM Arguments:
jvm_args: -Djava.library.path=C:\Users\ricar\Desktop\MoveCode\KinectPV2-master\Build_libs\MoveOn\libs\kinectPV2 -Didea.launcher.port=7534 -Didea.launcher.bin.path=C:\Program Files (x86)\JetBrains\IntelliJ IDEA 2016.3.4\bin -Dfile.encoding=UTF-8 
java_command: com.intellij.rt.execution.application.AppMain SkeletonDepthTest
java_class_path (initial): C:\Program Files\Java\jdk1.8.0_121\jre\lib\charsets.jar;C:\Program Files\Java\jdk1.8.0_121\jre\lib\deploy.jar;C:\Program Files\Java\jdk1.8.0_121\jre\lib\ext\access-bridge-64.jar;C:\Program Files\Java\jdk1.8.0_121\jre\lib\ext\cldrdata.jar;C:\Program Files\Java\jdk1.8.0_121\jre\lib\ext\dnsns.jar;C:\Program Files\Java\jdk1.8.0_121\jre\lib\ext\jaccess.jar;C:\Program Files\Java\jdk1.8.0_121\jre\lib\ext\jfxrt.jar;C:\Program Files\Java\jdk1.8.0_121\jre\lib\ext\localedata.jar;C:\Program Files\Java\jdk1.8.0_121\jre\lib\ext\nashorn.jar;C:\Program Files\Java\jdk1.8.0_121\jre\lib\ext\sunec.jar;C:\Program Files\Java\jdk1.8.0_121\jre\lib\ext\sunjce_provider.jar;C:\Program Files\Java\jdk1.8.0_121\jre\lib\ext\sunmscapi.jar;C:\Program Files\Java\jdk1.8.0_121\jre\lib\ext\sunpkcs11.jar;C:\Program Files\Java\jdk1.8.0_121\jre\lib\ext\zipfs.jar;C:\Program Files\Java\jdk1.8.0_121\jre\lib\javaws.jar;C:\Program Files\Java\jdk1.8.0_121\jre\lib\jce.jar;C:\Program Files\Java\jdk1.8.0_121\jre\lib\jfr.jar;C:\Program Files\Java\jdk1.8.0_121\jre\lib\jfxswt.jar;C:\Program Files\Java\jdk1.8.0_121\jre\lib\jsse.jar;C:\Program Files\Java\jdk1.8.0_121\jre\lib\management-agent.jar;C:\Program Files\Java\jdk1.8.0_121\jre\lib\plugin.jar;C:\Program Files\Java\jdk1.8.0_121\jre\lib\resources.jar;C:\Program Files\Java\jdk1.8.0_121\jre\lib\rt.jar;C:\Users\ricar\Desktop\MoveCode\KinectPV2-master\Build_libs\MoveOn\out\production\MoveOn;C:\Users\ricar\Desktop\MoveCode\KinectPV2-master\Build_libs\MoveOn\libs\kinectPV2\KinectPV2.jar;C:\Users\ricar\Desktop\MoveCode\KinectPV2-master\Build_libs\MoveOn\libs\p3.01\core.jar;C:\Users\ricar\Desktop\MoveCode\KinectPV2-master\Build_libs\MoveOn\libs\p3.01\jogl-all.jar;C:\Users\ricar\Desktop\MoveCode\KinectPV2-master\Build_libs\MoveOn\libs\p3.01\gluegen-rt.jar;C:\Users\ricar\Desktop\MoveCode\KinectPV2-master\Build_libs\MoveOn\libs\p3.01\jogl-all-natives-linux-i586.jar;C:\Users\ricar\Desktop\MoveCode\KinectPV2-master\Build_libs\MoveOn\libs\p3.01\jogl-
Launcher Type: SUN_STANDARD

Environment Variables:
PATH=C:\ProgramData\Oracle\Java\javapath;C:\Program Files (x86)\Intel\iCLS Client\;C:\Program Files\Intel\iCLS Client\;C:\Windows\system32;C:\Windows;C:\Windows\System32\Wbem;C:\Windows\System32\WindowsPowerShell\v1.0\;C:\Program Files (x86)\NVIDIA Corporation\PhysX\Common;C:\Program Files (x86)\Intel\Intel(R) Management Engine Components\DAL;C:\Program Files\Intel\Intel(R) Management Engine Components\DAL;C:\Program Files (x86)\Intel\Intel(R) Management Engine Components\IPT;C:\Program Files\Intel\Intel(R) Management Engine Components\IPT;C:\WINDOWS\system32;C:\WINDOWS;C:\WINDOWS\System32\Wbem;C:\WINDOWS\System32\WindowsPowerShell\v1.0\;C:\Program Files\Git\cmd;C:\;C:\Users\ricar\AppData\Local\Microsoft\WindowsApps;C:\Users\ricar\AppData\Roaming\npm
USERNAME=ricar
OS=Windows_NT
PROCESSOR_IDENTIFIER=Intel64 Family 6 Model 94 Stepping 3, GenuineIntel



---------------  S Y S T E M  ---------------

OS: Windows 10.0 , 64 bit Build 14393 (10.0.14393.1198)

CPU:total 4 (4 cores per cpu, 1 threads per core) family 6 model 94 stepping 3, cmov, cx8, fxsr, mmx, sse, sse2, sse3, ssse3, sse4.1, sse4.2, popcnt, avx, avx2, aes, clmul, erms, rtm, 3dnowpref, lzcnt, tsc, tscinvbit, bmi1, bmi2, adx

Memory: 4k page, physical 8285044k(2382452k free), swap 18266080k(10534444k free)

vm_info: Java HotSpot(TM) 64-Bit Server VM (25.121-b13) for windows-amd64 JRE (1.8.0_121-b13), built on Dec 12 2016 18:21:36 by "java_re" with MS VC++ 10.0 (VS2010)

time: Thu Aug 24 20:02:55 2017
elapsed time: 46 seconds (0d 0h 0m 46s)

