#
# A fatal error has been detected by the Java Runtime Environment:
#
#  EXCEPTION_ACCESS_VIOLATION (0xc0000005) at pc=0x0000000000000000, pid=5616, tid=0x000000000000213c
#
# JRE version: Java(TM) SE Runtime Environment (8.0_121-b13) (build 1.8.0_121-b13)
# Java VM: Java HotSpot(TM) 64-Bit Server VM (25.121-b13 mixed mode windows-amd64 compressed oops)
# Problematic frame:
# C  0x0000000000000000
#
# Failed to write core dump. Minidumps are not enabled by default on client versions of Windows
#
# If you would like to submit a bug report, please visit:
#   http://bugreport.java.com/bugreport/crash.jsp
# The crash happened outside the Java Virtual Machine in native code.
# See problematic frame for where to report the bug.
#

---------------  T H R E A D  ---------------

Current thread (0x000000001a1d8800):  JavaThread "main-FPSAWTAnimator#00-Timer0" [_thread_in_native, id=8508, stack(0x00000000218a0000,0x00000000219a0000)]

siginfo: ExceptionCode=0xc0000005, ExceptionInformation=0x0000000000000008 0x0000000000000000

Registers:
RAX=0x0000000021b31660, RBX=0x0000000021b2fb40, RCX=0x0000000021b3c4c0, RDX=0x0000000000000000
RSP=0x000000002199e7a8, RBP=0x0000000000000000, RSI=0x0000000000000006, RDI=0x0000000021b2fd70
R8 =0x000000002199e458, R9 =0x0000000000008000, R10=0x0000000000000000, R11=0x000000002199e6a0
R12=0x0000000000000000, R13=0x000000001b888f48, R14=0x000000002199e8a0, R15=0x000000001a1d8800
RIP=0x0000000000000000, EFLAGS=0x0000000000010206

Top of Stack: (sp=0x000000002199e7a8)
0x000000002199e7a8:   00007ffba2b45526 0000000021b2fb40
0x000000002199e7b8:   000000001b888f48 0000000000000000
0x000000002199e7c8:   00000000196824a0 00000000196824a0
0x000000002199e7d8:   00007ffba2b4177a 000000002199e8a0
0x000000002199e7e8:   000000002199e880 000000001a1d89f8
0x000000002199e7f8:   000000001a1d8800 0000000002f0835d
0x000000002199e808:   0000000002f17f74 000000001b888f48
0x000000002199e818:   000000001a1d8800 000000001a1d8800
0x000000002199e828:   000000001a1d8800 000000002199e8f8
0x000000002199e838:   0000000002f17ca2 000000002199e840
0x000000002199e848:   000000001b888f48 000000002199e8a0
0x000000002199e858:   000000001b88abe0 0000000000000000
0x000000002199e868:   000000001b888f48 0000000000000000
0x000000002199e878:   000000002199e8a0 000000002199e8e8
0x000000002199e888:   0000000002f07b30 0000000000000000
0x000000002199e898:   0000000002f119c0 000000008492c0d0 

Instructions: (pc=0x0000000000000000)
0xffffffffffffffe0:   


Register to memory mapping:

RAX=0x0000000021b31660 is an unknown value
RBX=0x0000000021b2fb40 is an unknown value
RCX=0x0000000021b3c4c0 is an unknown value
RDX=0x0000000000000000 is an unknown value
RSP=0x000000002199e7a8 is pointing into the stack for thread: 0x000000001a1d8800
RBP=0x0000000000000000 is an unknown value
RSI=0x0000000000000006 is an unknown value
RDI=0x0000000021b2fd70 is an unknown value
R8 =0x000000002199e458 is pointing into the stack for thread: 0x000000001a1d8800
R9 =0x0000000000008000 is an unknown value
R10=0x0000000000000000 is an unknown value
R11=0x000000002199e6a0 is pointing into the stack for thread: 0x000000001a1d8800
R12=0x0000000000000000 is an unknown value
R13={method} {0x000000001b888f50} 'jniStopSignal' '()Z' in 'KinectPV2/Device'
R14=0x000000002199e8a0 is pointing into the stack for thread: 0x000000001a1d8800
R15=0x000000001a1d8800 is a thread


Stack: [0x00000000218a0000,0x00000000219a0000],  sp=0x000000002199e7a8,  free space=1017k
Native frames: (J=compiled Java code, j=interpreted, Vv=VM code, C=native code)

Java frames: (J=compiled Java code, j=interpreted, Vv=VM code)
j  KinectPV2.Device.jniStopSignal()Z+0
j  KinectPV2.Device.cleanDevice()Z+1
j  KinectPV2.KinectPV2.dispose()V+10
v  ~StubRoutines::call_stub
j  sun.reflect.NativeMethodAccessorImpl.invoke0(Ljava/lang/reflect/Method;Ljava/lang/Object;[Ljava/lang/Object;)Ljava/lang/Object;+0
j  sun.reflect.NativeMethodAccessorImpl.invoke(Ljava/lang/Object;[Ljava/lang/Object;)Ljava/lang/Object;+100
j  sun.reflect.DelegatingMethodAccessorImpl.invoke(Ljava/lang/Object;[Ljava/lang/Object;)Ljava/lang/Object;+6
j  java.lang.reflect.Method.invoke(Ljava/lang/Object;[Ljava/lang/Object;)Ljava/lang/Object;+56
j  processing.core.PApplet$RegisteredMethods.handle([Ljava/lang/Object;)V+18
J 1420 C1 processing.core.PApplet.handleMethods(Ljava/lang/String;)V (21 bytes) @ 0x000000000340d5dc [0x000000000340d320+0x2bc]
j  processing.core.PApplet.dispose()V+35
j  processing.opengl.PSurfaceJOGL$DrawListener.display(Lcom/jogamp/opengl/GLAutoDrawable;)V+206
j  jogamp.opengl.GLDrawableHelper.displayImpl(Lcom/jogamp/opengl/GLAutoDrawable;)V+62
j  jogamp.opengl.GLDrawableHelper.display(Lcom/jogamp/opengl/GLAutoDrawable;)V+2
j  jogamp.opengl.GLAutoDrawableBase$2.run()V+59
j  jogamp.opengl.GLDrawableHelper.invokeGLImpl(Lcom/jogamp/opengl/GLDrawable;Lcom/jogamp/opengl/GLContext;Ljava/lang/Runnable;Ljava/lang/Runnable;)V+203
j  jogamp.opengl.GLDrawableHelper.invokeGL(Lcom/jogamp/opengl/GLDrawable;Lcom/jogamp/opengl/GLContext;Ljava/lang/Runnable;Ljava/lang/Runnable;)V+72
j  com.jogamp.newt.opengl.GLWindow.display()V+90
j  com.jogamp.opengl.util.AWTAnimatorImpl.display(Ljava/util/ArrayList;ZZ)V+68
j  com.jogamp.opengl.util.AnimatorBase.display()V+16
j  com.jogamp.opengl.util.FPSAnimator$MainTask.run()V+216
j  java.util.TimerThread.mainLoop()V+221
j  java.util.TimerThread.run()V+1
v  ~StubRoutines::call_stub

---------------  P R O C E S S  ---------------

Java Threads: ( => current thread )
  0x0000000019fc5000 JavaThread "Thread-5" [_thread_blocked, id=13480, stack(0x0000000030160000,0x0000000030260000)]
  0x0000000002cbe800 JavaThread "DestroyJavaVM" [_thread_blocked, id=444, stack(0x0000000002cc0000,0x0000000002dc0000)]
=>0x000000001a1d8800 JavaThread "main-FPSAWTAnimator#00-Timer0" [_thread_in_native, id=8508, stack(0x00000000218a0000,0x00000000219a0000)]
  0x000000001a1c1800 JavaThread "HighResTimerThread" daemon [_thread_blocked, id=12496, stack(0x00000000216a0000,0x00000000217a0000)]
  0x000000001a09d000 JavaThread "main-SharedResourceRunner" daemon [_thread_blocked, id=9508, stack(0x000000001b8b0000,0x000000001b9b0000)]
  0x0000000019f62800 JavaThread "main-Display-.windows_nil-1-EDT-1" daemon [_thread_blocked, id=9920, stack(0x000000001b3b0000,0x000000001b4b0000)]
  0x0000000019d0e800 JavaThread "AWT-Windows" daemon [_thread_in_native, id=5460, stack(0x000000001a610000,0x000000001a710000)]
  0x000000001977c000 JavaThread "Java2D Disposer" daemon [_thread_blocked, id=5520, stack(0x000000001a410000,0x000000001a510000)]
  0x0000000019534800 JavaThread "Monitor Ctrl-Break" daemon [_thread_in_native, id=8640, stack(0x00000000199c0000,0x0000000019ac0000)]
  0x00000000193f0800 JavaThread "Service Thread" daemon [_thread_blocked, id=13304, stack(0x00000000197c0000,0x00000000198c0000)]
  0x0000000017a5a000 JavaThread "C1 CompilerThread2" daemon [_thread_blocked, id=6404, stack(0x00000000192c0000,0x00000000193c0000)]
  0x0000000017a51800 JavaThread "C2 CompilerThread1" daemon [_thread_blocked, id=2468, stack(0x00000000191c0000,0x00000000192c0000)]
  0x0000000017a4e800 JavaThread "C2 CompilerThread0" daemon [_thread_blocked, id=12108, stack(0x00000000190c0000,0x00000000191c0000)]
  0x0000000017a4d000 JavaThread "Attach Listener" daemon [_thread_blocked, id=2304, stack(0x0000000018fc0000,0x00000000190c0000)]
  0x0000000017a4c000 JavaThread "Signal Dispatcher" daemon [_thread_blocked, id=4268, stack(0x0000000018ec0000,0x0000000018fc0000)]
  0x0000000002efd800 JavaThread "Finalizer" daemon [_thread_blocked, id=14180, stack(0x0000000018cb0000,0x0000000018db0000)]
  0x0000000002ef2000 JavaThread "Reference Handler" daemon [_thread_blocked, id=8856, stack(0x0000000018bb0000,0x0000000018cb0000)]

Other Threads:
  0x0000000017a17000 VMThread [stack: 0x0000000018ab0000,0x0000000018bb0000] [id=11672]
  0x0000000019405800 WatcherThread [stack: 0x00000000198c0000,0x00000000199c0000] [id=7760]

VM state:not at safepoint (normal execution)

VM Mutex/Monitor currently owned by a thread: None

Heap:
 PSYoungGen      total 261632K, used 168645K [0x00000000d5d80000, 0x00000000e8800000, 0x0000000100000000)
  eden space 228864K, 72% used [0x00000000d5d80000,0x00000000dffa1530,0x00000000e3d00000)
  from space 32768K, 8% used [0x00000000e6800000,0x00000000e6a90020,0x00000000e8800000)
  to   space 38400K, 0% used [0x00000000e3d00000,0x00000000e3d00000,0x00000000e6280000)
 ParOldGen       total 131584K, used 66472K [0x0000000081800000, 0x0000000089880000, 0x00000000d5d80000)
  object space 131584K, 50% used [0x0000000081800000,0x00000000858ea100,0x0000000089880000)
 Metaspace       used 17263K, capacity 17448K, committed 17792K, reserved 1064960K
  class space    used 1568K, capacity 1622K, committed 1664K, reserved 1048576K

Card table byte_map: [0x00000000122c0000,0x00000000126c0000] byte_map_base: 0x0000000011eb4000

Marking Bits: (ParMarkBitMap*) 0x00000000763eb6d0
 Begin Bits: [0x0000000012d70000, 0x0000000014d10000)
 End Bits:   [0x0000000014d10000, 0x0000000016cb0000)

Polling page: 0x0000000000bf0000

CodeCache: size=245760Kb used=5968Kb max_used=5979Kb free=239791Kb
 bounds [0x0000000002f00000, 0x00000000034e0000, 0x0000000011f00000]
 total_blobs=2532 nmethods=1653 adapters=792
 compilation: enabled

Compilation events (10 events):
Event: 11.169 Thread 0x0000000017a5a000 1649       3       processing.core.PApplet::dequeueEvents (66 bytes)
Event: 11.170 Thread 0x0000000017a5a000 nmethod 1649 0x00000000034d5e90 code [0x00000000034d6060, 0x00000000034d6978]
Event: 11.201 Thread 0x0000000017a5a000 1650       3       processing.opengl.PGraphicsOpenGL::polyBuffersContextIsOutdated (20 bytes)
Event: 11.201 Thread 0x0000000017a5a000 nmethod 1650 0x00000000034d6bd0 code [0x00000000034d6d40, 0x00000000034d7070]
Event: 11.573 Thread 0x0000000017a5a000 1651       3       processing.core.PGraphics::colorCalc (12 bytes)
Event: 11.573 Thread 0x0000000017a5a000 nmethod 1651 0x00000000034d7150 code [0x00000000034d72c0, 0x00000000034d74c8]
Event: 11.573 Thread 0x0000000017a5a000 1652       3       processing.core.PGraphics::colorCalc (577 bytes)
Event: 11.574 Thread 0x0000000017a5a000 nmethod 1652 0x00000000034d7590 code [0x00000000034d77c0, 0x00000000034d8170]
Event: 12.390 Thread 0x0000000017a51800 1653       4       jogamp.opengl.gl4.GL4bcImpl::glGetError (42 bytes)
Event: 12.391 Thread 0x0000000017a51800 nmethod 1653 0x00000000034db3d0 code [0x00000000034db520, 0x00000000034db5e8]

GC Heap History (10 events):
Event: 2.600 GC heap before
{Heap before GC invocations=5 (full 1):
 PSYoungGen      total 38400K, used 32665K [0x00000000d5d80000, 0x00000000da880000, 0x0000000100000000)
  eden space 33280K, 98% used [0x00000000d5d80000,0x00000000d7d66798,0x00000000d7e00000)
  from space 5120K, 0% used [0x00000000d7e00000,0x00000000d7e00000,0x00000000d8300000)
  to   space 5120K, 0% used [0x00000000da380000,0x00000000da380000,0x00000000da880000)
 ParOldGen       total 131584K, used 54661K [0x0000000081800000, 0x0000000089880000, 0x00000000d5d80000)
  object space 131584K, 41% used [0x0000000081800000,0x0000000084d61730,0x0000000089880000)
 Metaspace       used 15809K, capacity 16004K, committed 16128K, reserved 1064960K
  class space    used 1467K, capacity 1526K, committed 1536K, reserved 1048576K
Event: 2.604 GC heap after
Heap after GC invocations=5 (full 1):
 PSYoungGen      total 69632K, used 5112K [0x00000000d5d80000, 0x00000000da880000, 0x0000000100000000)
  eden space 64512K, 0% used [0x00000000d5d80000,0x00000000d5d80000,0x00000000d9c80000)
  from space 5120K, 99% used [0x00000000da380000,0x00000000da87e0b0,0x00000000da880000)
  to   space 5120K, 0% used [0x00000000d9e80000,0x00000000d9e80000,0x00000000da380000)
 ParOldGen       total 131584K, used 61357K [0x0000000081800000, 0x0000000089880000, 0x00000000d5d80000)
  object space 131584K, 46% used [0x0000000081800000,0x00000000853eb580,0x0000000089880000)
 Metaspace       used 15809K, capacity 16004K, committed 16128K, reserved 1064960K
  class space    used 1467K, capacity 1526K, committed 1536K, reserved 1048576K
}
Event: 3.676 GC heap before
{Heap before GC invocations=6 (full 1):
 PSYoungGen      total 69632K, used 69401K [0x00000000d5d80000, 0x00000000da880000, 0x0000000100000000)
  eden space 64512K, 99% used [0x00000000d5d80000,0x00000000d9c48678,0x00000000d9c80000)
  from space 5120K, 99% used [0x00000000da380000,0x00000000da87e0b0,0x00000000da880000)
  to   space 5120K, 0% used [0x00000000d9e80000,0x00000000d9e80000,0x00000000da380000)
 ParOldGen       total 131584K, used 61357K [0x0000000081800000, 0x0000000089880000, 0x00000000d5d80000)
  object space 131584K, 46% used [0x0000000081800000,0x00000000853eb580,0x0000000089880000)
 Metaspace       used 15917K, capacity 16132K, committed 16384K, reserved 1064960K
  class space    used 1467K, capacity 1526K, committed 1536K, reserved 1048576K
Event: 3.680 GC heap after
Heap after GC invocations=6 (full 1):
 PSYoungGen      total 71680K, used 5112K [0x00000000d5d80000, 0x00000000e2880000, 0x0000000100000000)
  eden space 66560K, 0% used [0x00000000d5d80000,0x00000000d5d80000,0x00000000d9e80000)
  from space 5120K, 99% used [0x00000000d9e80000,0x00000000da37e0b0,0x00000000da380000)
  to   space 41984K, 0% used [0x00000000dff80000,0x00000000dff80000,0x00000000e2880000)
 ParOldGen       total 131584K, used 63109K [0x0000000081800000, 0x0000000089880000, 0x00000000d5d80000)
  object space 131584K, 47% used [0x0000000081800000,0x00000000855a15a0,0x0000000089880000)
 Metaspace       used 15917K, capacity 16132K, committed 16384K, reserved 1064960K
  class space    used 1467K, capacity 1526K, committed 1536K, reserved 1048576K
}
Event: 4.953 GC heap before
{Heap before GC invocations=7 (full 1):
 PSYoungGen      total 71680K, used 71207K [0x00000000d5d80000, 0x00000000e2880000, 0x0000000100000000)
  eden space 66560K, 99% used [0x00000000d5d80000,0x00000000d9e0be78,0x00000000d9e80000)
  from space 5120K, 99% used [0x00000000d9e80000,0x00000000da37e0b0,0x00000000da380000)
  to   space 41984K, 0% used [0x00000000dff80000,0x00000000dff80000,0x00000000e2880000)
 ParOldGen       total 131584K, used 63109K [0x0000000081800000, 0x0000000089880000, 0x00000000d5d80000)
  object space 131584K, 47% used [0x0000000081800000,0x00000000855a15a0,0x0000000089880000)
 Metaspace       used 17013K, capacity 17252K, committed 17536K, reserved 1064960K
  class space    used 1568K, capacity 1622K, committed 1664K, reserved 1048576K
Event: 4.956 GC heap after
Heap after GC invocations=7 (full 1):
 PSYoungGen      total 166912K, used 6040K [0x00000000d5d80000, 0x00000000e2900000, 0x0000000100000000)
  eden space 124928K, 0% used [0x00000000d5d80000,0x00000000d5d80000,0x00000000dd780000)
  from space 41984K, 14% used [0x00000000dff80000,0x00000000e05660b0,0x00000000e2880000)
  to   space 40960K, 0% used [0x00000000dd780000,0x00000000dd780000,0x00000000dff80000)
 ParOldGen       total 131584K, used 63117K [0x0000000081800000, 0x0000000089880000, 0x00000000d5d80000)
  object space 131584K, 47% used [0x0000000081800000,0x00000000855a35a0,0x0000000089880000)
 Metaspace       used 17013K, capacity 17252K, committed 17536K, reserved 1064960K
  class space    used 1568K, capacity 1622K, committed 1664K, reserved 1048576K
}
Event: 7.370 GC heap before
{Heap before GC invocations=8 (full 1):
 PSYoungGen      total 166912K, used 130278K [0x00000000d5d80000, 0x00000000e2900000, 0x0000000100000000)
  eden space 124928K, 99% used [0x00000000d5d80000,0x00000000dd6d3888,0x00000000dd780000)
  from space 41984K, 14% used [0x00000000dff80000,0x00000000e05660b0,0x00000000e2880000)
  to   space 40960K, 0% used [0x00000000dd780000,0x00000000dd780000,0x00000000dff80000)
 ParOldGen       total 131584K, used 63117K [0x0000000081800000, 0x0000000089880000, 0x00000000d5d80000)
  object space 131584K, 47% used [0x0000000081800000,0x00000000855a35a0,0x0000000089880000)
 Metaspace       used 17165K, capacity 17384K, committed 17536K, reserved 1064960K
  class space    used 1568K, capacity 1622K, committed 1664K, reserved 1048576K
Event: 7.373 GC heap after
Heap after GC invocations=8 (full 1):
 PSYoungGen      total 165888K, used 5912K [0x00000000d5d80000, 0x00000000e8e80000, 0x0000000100000000)
  eden space 124928K, 0% used [0x00000000d5d80000,0x00000000d5d80000,0x00000000dd780000)
  from space 40960K, 14% used [0x00000000dd780000,0x00000000ddd460b0,0x00000000dff80000)
  to   space 39424K, 0% used [0x00000000e6800000,0x00000000e6800000,0x00000000e8e80000)
 ParOldGen       total 131584K, used 63125K [0x0000000081800000, 0x0000000089880000, 0x00000000d5d80000)
  object space 131584K, 47% used [0x0000000081800000,0x00000000855a55a0,0x0000000089880000)
 Metaspace       used 17165K, capacity 17384K, committed 17536K, reserved 1064960K
  class space    used 1568K, capacity 1622K, committed 1664K, reserved 1048576K
}
Event: 9.817 GC heap before
{Heap before GC invocations=9 (full 1):
 PSYoungGen      total 165888K, used 130082K [0x00000000d5d80000, 0x00000000e8e80000, 0x0000000100000000)
  eden space 124928K, 99% used [0x00000000d5d80000,0x00000000dd6c27e0,0x00000000dd780000)
  from space 40960K, 14% used [0x00000000dd780000,0x00000000ddd460b0,0x00000000dff80000)
  to   space 39424K, 0% used [0x00000000e6800000,0x00000000e6800000,0x00000000e8e80000)
 ParOldGen       total 131584K, used 63125K [0x0000000081800000, 0x0000000089880000, 0x00000000d5d80000)
  object space 131584K, 47% used [0x0000000081800000,0x00000000855a55a0,0x0000000089880000)
 Metaspace       used 17191K, capacity 17384K, committed 17536K, reserved 1064960K
  class space    used 1568K, capacity 1622K, committed 1664K, reserved 1048576K
Event: 9.820 GC heap after
Heap after GC invocations=9 (full 1):
 PSYoungGen      total 261632K, used 2624K [0x00000000d5d80000, 0x00000000e8800000, 0x0000000100000000)
  eden space 228864K, 0% used [0x00000000d5d80000,0x00000000d5d80000,0x00000000e3d00000)
  from space 32768K, 8% used [0x00000000e6800000,0x00000000e6a90020,0x00000000e8800000)
  to   space 38400K, 0% used [0x00000000e3d00000,0x00000000e3d00000,0x00000000e6280000)
 ParOldGen       total 131584K, used 66472K [0x0000000081800000, 0x0000000089880000, 0x00000000d5d80000)
  object space 131584K, 50% used [0x0000000081800000,0x00000000858ea100,0x0000000089880000)
 Metaspace       used 17191K, capacity 17384K, committed 17536K, reserved 1064960K
  class space    used 1568K, capacity 1622K, committed 1664K, reserved 1048576K
}

Deoptimization events (10 events):
Event: 2.237 Thread 0x0000000002cbe800 Uncommon trap: reason=unstable_if action=reinterpret pc=0x000000000323da74 method=java.lang.reflect.AccessibleObject.setAccessible0(Ljava/lang/reflect/AccessibleObject;Z)V @ 4
Event: 2.474 Thread 0x000000001a1d8800 Uncommon trap: reason=unstable_if action=reinterpret pc=0x0000000003277940 method=java.util.regex.Pattern$BitClass.isSatisfiedBy(I)Z @ 13
Event: 4.757 Thread 0x000000001a1d8800 Uncommon trap: reason=unstable_if action=reinterpret pc=0x00000000032d0384 method=java.util.HashMap$HashIterator.<init>(Ljava/util/HashMap;)V @ 38
Event: 4.760 Thread 0x000000001a1d8800 Uncommon trap: reason=unstable_if action=reinterpret pc=0x00000000032d8698 method=java.util.HashMap.keySet()Ljava/util/Set; @ 6
Event: 4.760 Thread 0x000000001a1d8800 Uncommon trap: reason=unstable_if action=reinterpret pc=0x00000000032d47ec method=java.util.HashMap$HashIterator.<init>(Ljava/util/HashMap;)V @ 38
Event: 4.863 Thread 0x000000001a1d8800 Uncommon trap: reason=class_check action=maybe_recompile pc=0x00000000030a7268 method=java.lang.String.equals(Ljava/lang/Object;)Z @ 8
Event: 4.863 Thread 0x000000001a1d8800 Uncommon trap: reason=class_check action=maybe_recompile pc=0x00000000030a7268 method=java.lang.String.equals(Ljava/lang/Object;)Z @ 8
Event: 4.863 Thread 0x000000001a1d8800 Uncommon trap: reason=class_check action=maybe_recompile pc=0x00000000030a7268 method=java.lang.String.equals(Ljava/lang/Object;)Z @ 8
Event: 4.863 Thread 0x000000001a1d8800 Uncommon trap: reason=class_check action=maybe_recompile pc=0x00000000030a7268 method=java.lang.String.equals(Ljava/lang/Object;)Z @ 8
Event: 10.287 Thread 0x000000001a1d8800 Uncommon trap: reason=unstable_if action=reinterpret pc=0x00000000033263f8 method=processing.opengl.PGraphicsOpenGL.nonZero(F)Z @ 8

Internal exceptions (10 events):
Event: 0.040 Thread 0x0000000002cbe800 Exception <a 'java/lang/NoSuchMethodError': Method sun.misc.Unsafe.prefetchRead(Ljava/lang/Object;J)V name or signature does not match> (0x00000000d5d87f90) thrown at [C:\re\workspace\8-2-build-windows-amd64-cygwin\jdk8u121\8372\hotspot\src\share\vm\prims
Event: 0.157 Thread 0x0000000002cbe800 Exception <a 'java/security/PrivilegedActionException'> (0x00000000d60645d8) thrown at [C:\re\workspace\8-2-build-windows-amd64-cygwin\jdk8u121\8372\hotspot\src\share\vm\prims\jvm.cpp, line 1390]
Event: 0.157 Thread 0x0000000002cbe800 Exception <a 'java/security/PrivilegedActionException'> (0x00000000d60647e8) thrown at [C:\re\workspace\8-2-build-windows-amd64-cygwin\jdk8u121\8372\hotspot\src\share\vm\prims\jvm.cpp, line 1390]
Event: 0.158 Thread 0x0000000002cbe800 Exception <a 'java/security/PrivilegedActionException'> (0x00000000d60688e0) thrown at [C:\re\workspace\8-2-build-windows-amd64-cygwin\jdk8u121\8372\hotspot\src\share\vm\prims\jvm.cpp, line 1390]
Event: 0.158 Thread 0x0000000002cbe800 Exception <a 'java/security/PrivilegedActionException'> (0x00000000d6068af0) thrown at [C:\re\workspace\8-2-build-windows-amd64-cygwin\jdk8u121\8372\hotspot\src\share\vm\prims\jvm.cpp, line 1390]
Event: 0.164 Thread 0x0000000002cbe800 Exception <a 'java/io/FileNotFoundException'> (0x00000000d6072518) thrown at [C:\re\workspace\8-2-build-windows-amd64-cygwin\jdk8u121\8372\hotspot\src\share\vm\prims\jni.cpp, line 709]
Event: 0.203 Thread 0x0000000002cbe800 Exception <a 'java/lang/NoSuchFieldError': method resolution failed> (0x00000000d613f980) thrown at [C:\re\workspace\8-2-build-windows-amd64-cygwin\jdk8u121\8372\hotspot\src\share\vm\prims\methodHandles.cpp, line 1146]
Event: 0.205 Thread 0x0000000002cbe800 Exception <a 'java/lang/NoSuchFieldError': method resolution failed> (0x00000000d614ceb8) thrown at [C:\re\workspace\8-2-build-windows-amd64-cygwin\jdk8u121\8372\hotspot\src\share\vm\prims\methodHandles.cpp, line 1146]
Event: 0.254 Thread 0x0000000002cbe800 Exception <a 'java/io/FileNotFoundException'> (0x00000000d61e9778) thrown at [C:\re\workspace\8-2-build-windows-amd64-cygwin\jdk8u121\8372\hotspot\src\share\vm\prims\jni.cpp, line 709]
Event: 12.997 Thread 0x000000001a1d8000 Exception <a 'java/lang/InterruptedException'> (0x00000000dfe833d8) thrown at [C:\re\workspace\8-2-build-windows-amd64-cygwin\jdk8u121\8372\hotspot\src\share\vm\runtime\objectMonitor.cpp, line 1684]

Events (10 events):
Event: 4.958 Executing VM operation: BulkRevokeBias
Event: 4.958 Executing VM operation: BulkRevokeBias done
Event: 7.370 Executing VM operation: ParallelGCFailedAllocation
Event: 7.373 Executing VM operation: ParallelGCFailedAllocation done
Event: 9.817 Executing VM operation: ParallelGCFailedAllocation
Event: 9.820 Executing VM operation: ParallelGCFailedAllocation done
Event: 10.287 Thread 0x000000001a1d8800 Uncommon trap: trap_request=0xffffff65 fr.pc=0x00000000033263f8
Event: 10.287 Thread 0x000000001a1d8800 DEOPT PACKING pc=0x00000000033263f8 sp=0x000000002199ef90
Event: 10.287 Thread 0x000000001a1d8800 DEOPT UNPACKING pc=0x0000000002f4582a sp=0x000000002199ed38 mode 2
Event: 12.997 Thread 0x000000001a1d8000 Thread exited: 0x000000001a1d8000


Dynamic libraries:
0x00007ff63e1d0000 - 0x00007ff63e207000 	C:\Program Files\Java\jdk1.8.0_121\bin\java.exe
0x00007ffbb0fb0000 - 0x00007ffbb1182000 	C:\WINDOWS\SYSTEM32\ntdll.dll
0x00007ffbae570000 - 0x00007ffbae61c000 	C:\WINDOWS\System32\KERNEL32.DLL
0x00007ffbadd10000 - 0x00007ffbadf2d000 	C:\WINDOWS\System32\KERNELBASE.dll
0x00007ffbb0880000 - 0x00007ffbb0922000 	C:\WINDOWS\System32\ADVAPI32.dll
0x00007ffbb02f0000 - 0x00007ffbb038e000 	C:\WINDOWS\System32\msvcrt.dll
0x00007ffbb0660000 - 0x00007ffbb06b9000 	C:\WINDOWS\System32\sechost.dll
0x00007ffbae620000 - 0x00007ffbae741000 	C:\WINDOWS\System32\RPCRT4.dll
0x00007ffbb0060000 - 0x00007ffbb01c5000 	C:\WINDOWS\System32\USER32.dll
0x00007ffbae1f0000 - 0x00007ffbae20e000 	C:\WINDOWS\System32\win32u.dll
0x00007ffbb0390000 - 0x00007ffbb03c4000 	C:\WINDOWS\System32\GDI32.dll
0x00007ffbad4b0000 - 0x00007ffbad630000 	C:\WINDOWS\System32\gdi32full.dll
0x00007ffba7ca0000 - 0x00007ffba7f1a000 	C:\WINDOWS\WinSxS\amd64_microsoft.windows.common-controls_6595b64144ccf1df_6.0.14393.953_none_42151e83c686086b\COMCTL32.dll
0x00007ffbae7b0000 - 0x00007ffbaea78000 	C:\WINDOWS\System32\combase.dll
0x00007ffbae440000 - 0x00007ffbae535000 	C:\WINDOWS\System32\ucrtbase.dll
0x00007ffbadfe0000 - 0x00007ffbae04a000 	C:\WINDOWS\System32\bcryptPrimitives.dll
0x00007ffbae540000 - 0x00007ffbae56e000 	C:\WINDOWS\System32\IMM32.DLL
0x0000000072880000 - 0x0000000072952000 	C:\Program Files\Java\jdk1.8.0_121\jre\bin\msvcr100.dll
0x0000000075bd0000 - 0x000000007646b000 	C:\Program Files\Java\jdk1.8.0_121\jre\bin\server\jvm.dll
0x00007ffbb0ea0000 - 0x00007ffbb0ea8000 	C:\WINDOWS\System32\PSAPI.DLL
0x00007ffbaa530000 - 0x00007ffbaa539000 	C:\WINDOWS\SYSTEM32\WSOCK32.dll
0x00007ffbab790000 - 0x00007ffbab7b3000 	C:\WINDOWS\SYSTEM32\WINMM.dll
0x00007ffbb0280000 - 0x00007ffbb02ea000 	C:\WINDOWS\System32\WS2_32.dll
0x0000000000ff0000 - 0x000000000101b000 	C:\WINDOWS\SYSTEM32\WINMMBASE.dll
0x00007ffba9850000 - 0x00007ffba985a000 	C:\WINDOWS\SYSTEM32\VERSION.dll
0x00007ffbae100000 - 0x00007ffbae142000 	C:\WINDOWS\System32\cfgmgr32.dll
0x0000000075ae0000 - 0x0000000075aef000 	C:\Program Files\Java\jdk1.8.0_121\jre\bin\verify.dll
0x0000000075ab0000 - 0x0000000075ad9000 	C:\Program Files\Java\jdk1.8.0_121\jre\bin\java.dll
0x0000000075a90000 - 0x0000000075aa6000 	C:\Program Files\Java\jdk1.8.0_121\jre\bin\zip.dll
0x00007ffbaea90000 - 0x00007ffbaff98000 	C:\WINDOWS\System32\SHELL32.dll
0x00007ffbad630000 - 0x00007ffbadd0a000 	C:\WINDOWS\System32\windows.storage.dll
0x00007ffbad450000 - 0x00007ffbad49c000 	C:\WINDOWS\System32\powrprof.dll
0x00007ffbb0530000 - 0x00007ffbb0582000 	C:\WINDOWS\System32\shlwapi.dll
0x00007ffbad4a0000 - 0x00007ffbad4af000 	C:\WINDOWS\System32\kernel.appcore.dll
0x00007ffbadf30000 - 0x00007ffbadfd9000 	C:\WINDOWS\System32\shcore.dll
0x00007ffbad420000 - 0x00007ffbad434000 	C:\WINDOWS\System32\profapi.dll
0x00007ffbaa750000 - 0x00007ffbaa760000 	C:\Program Files (x86)\JetBrains\IntelliJ IDEA 2016.3.4\bin\breakgen64.dll
0x0000000075880000 - 0x000000007589a000 	C:\Program Files\Java\jdk1.8.0_121\jre\bin\net.dll
0x00007ffbaccf0000 - 0x00007ffbacd4c000 	C:\WINDOWS\system32\mswsock.dll
0x00000000758f0000 - 0x0000000075a88000 	C:\Program Files\Java\jdk1.8.0_121\jre\bin\awt.dll
0x00007ffbaffa0000 - 0x00007ffbb005f000 	C:\WINDOWS\System32\OLEAUT32.dll
0x00007ffbae150000 - 0x00007ffbae1ec000 	C:\WINDOWS\System32\msvcp_win.dll
0x00007ffbabac0000 - 0x00007ffbabb3a000 	C:\WINDOWS\SYSTEM32\apphelp.dll
0x00007ffbabc20000 - 0x00007ffbabcb5000 	C:\WINDOWS\system32\uxtheme.dll
0x00007ffbb03d0000 - 0x00007ffbb052a000 	C:\WINDOWS\System32\MSCTF.dll
0x00007ffbaa9c0000 - 0x00007ffbaa9e6000 	C:\WINDOWS\system32\dwmapi.dll
0x00007ffbb0d60000 - 0x00007ffbb0e98000 	C:\WINDOWS\System32\ole32.dll
0x00007ffb9d9f0000 - 0x00007ffb9db13000 	C:\WINDOWS\system32\opengl32.dll
0x00007ffb9d5f0000 - 0x00007ffb9d6e7000 	C:\WINDOWS\SYSTEM32\DDRAW.dll
0x00007ffba7fa0000 - 0x00007ffba7fcd000 	C:\WINDOWS\SYSTEM32\GLU32.dll
0x00007ffbaaf40000 - 0x00007ffbaaf48000 	C:\WINDOWS\SYSTEM32\DCIMAN32.dll
0x00007ffbacea0000 - 0x00007ffbaceb7000 	C:\WINDOWS\SYSTEM32\CRYPTSP.dll
0x00007ffbac8f0000 - 0x00007ffbac923000 	C:\WINDOWS\system32\rsaenh.dll
0x00007ffbad360000 - 0x00007ffbad38b000 	C:\WINDOWS\SYSTEM32\bcrypt.dll
0x00007ffbacb70000 - 0x00007ffbacb8f000 	C:\WINDOWS\SYSTEM32\USERENV.dll
0x00007ffbace90000 - 0x00007ffbace9b000 	C:\WINDOWS\SYSTEM32\CRYPTBASE.dll
0x00007ffbaca70000 - 0x00007ffbacaa8000 	C:\WINDOWS\SYSTEM32\IPHLPAPI.DLL
0x00007ffbb0270000 - 0x00007ffbb0278000 	C:\WINDOWS\System32\NSI.dll
0x00007ffba3920000 - 0x00007ffba3936000 	C:\WINDOWS\SYSTEM32\dhcpcsvc6.DLL
0x00007ffba3f40000 - 0x00007ffba3f5a000 	C:\WINDOWS\SYSTEM32\dhcpcsvc.DLL
0x0000000075860000 - 0x0000000075871000 	C:\Program Files\Java\jdk1.8.0_121\jre\bin\nio.dll
0x00000000637c0000 - 0x00000000637cd000 	C:\Users\ricar\AppData\Local\Temp\jogamp_0000\file_cache\jln2357188011192189928\jln477389712197851503\natives\windows-amd64\gluegen-rt.dll
0x0000000075770000 - 0x0000000075777000 	C:\Program Files\Java\jdk1.8.0_121\jre\bin\jawt.dll
0x000000006a440000 - 0x000000006a44d000 	C:\Users\ricar\AppData\Local\Temp\jogamp_0000\file_cache\jln2357188011192189928\jln477389712197851503\natives\windows-amd64\nativewindow_awt.dll
0x000000006c100000 - 0x000000006c10f000 	C:\Users\ricar\AppData\Local\Temp\jogamp_0000\file_cache\jln2357188011192189928\jln477389712197851503\natives\windows-amd64\nativewindow_win32.dll
0x000000006cbc0000 - 0x000000006cbd3000 	C:\Users\ricar\AppData\Local\Temp\jogamp_0000\file_cache\jln2357188011192189928\jln477389712197851503\natives\windows-amd64\newt.dll
0x00007ffba9380000 - 0x00007ffba9411000 	C:\WINDOWS\SYSTEM32\mscms.dll
0x00007ffb98890000 - 0x00007ffb988d2000 	C:\WINDOWS\SYSTEM32\icm32.dll
0x00007ffbb0930000 - 0x00007ffbb0d59000 	C:\WINDOWS\System32\setupapi.dll
0x00007ffbabf80000 - 0x00007ffbabfa8000 	C:\WINDOWS\SYSTEM32\DEVOBJ.dll
0x00007ffbae3e0000 - 0x00007ffbae435000 	C:\WINDOWS\System32\WINTRUST.dll
0x00007ffbad440000 - 0x00007ffbad450000 	C:\WINDOWS\System32\MSASN1.dll
0x00007ffbae210000 - 0x00007ffbae3d9000 	C:\WINDOWS\System32\CRYPT32.dll
0x0000000064500000 - 0x00000000645b1000 	C:\Users\ricar\AppData\Local\Temp\jogamp_0000\file_cache\jln2357188011192189928\jln477389712197851503\natives\windows-amd64\jogl_desktop.dll
0x0000000064340000 - 0x00000000643a2000 	C:\Users\ricar\AppData\Local\Temp\jogamp_0000\file_cache\jln2357188011192189928\jln477389712197851503\natives\windows-amd64\jogl_mobile.dll
0x0000000072990000 - 0x0000000074ae0000 	C:\WINDOWS\SYSTEM32\nvoglv64.DLL
0x00007ffbaa6e0000 - 0x00007ffbaa6f3000 	C:\WINDOWS\SYSTEM32\WTSAPI32.dll
0x00007ffbac7c0000 - 0x00007ffbac7f2000 	C:\WINDOWS\SYSTEM32\ntmarta.dll
0x00007ffbad300000 - 0x00007ffbad356000 	C:\WINDOWS\SYSTEM32\WINSTA.dll
0x00007ffb95910000 - 0x00007ffb95aac000 	C:\Users\ricar\Desktop\MoveCode\KinectPV2-master\Build_libs\MoveOn\libs\kinectPV2\Kinect20.Face.dll
0x00007ffb9d2c0000 - 0x00007ffb9d367000 	C:\WINDOWS\SYSTEM32\MSVCP110.dll
0x00007ffba0fe0000 - 0x00007ffba10b4000 	C:\WINDOWS\SYSTEM32\MSVCR110.dll
0x00007ffba2b40000 - 0x00007ffba2b51000 	C:\Users\ricar\Desktop\MoveCode\KinectPV2-master\Build_libs\MoveOn\libs\kinectPV2\KinectPV2.dll
0x00007ffb97840000 - 0x00007ffb978fb000 	C:\WINDOWS\SYSTEM32\Kinect20.dll
0x00007ffba2bf0000 - 0x00007ffba2d58000 	C:\WINDOWS\SYSTEM32\MFPlat.DLL
0x00007ffbab920000 - 0x00007ffbab94e000 	C:\WINDOWS\SYSTEM32\RTWorkQ.DLL
0x00007ffbac3a0000 - 0x00007ffbac43f000 	C:\WINDOWS\system32\dxgi.dll
0x00007ffbaa9f0000 - 0x00007ffbaaca6000 	C:\WINDOWS\system32\d3d11.dll
0x00007ffb799e0000 - 0x00007ffb7b111000 	C:\WINDOWS\System32\DriverStore\FileRepository\nvami.inf_amd64_11a67240324f74de\nvwgf2umx.dll
0x00007ffba78a0000 - 0x00007ffba7c9b000 	C:\WINDOWS\system32\nvapi64.dll
0x00000000758a0000 - 0x00000000758e7000 	C:\Program Files\Java\jdk1.8.0_121\jre\bin\fontmanager.dll
0x0000000075790000 - 0x00000000757d2000 	C:\Program Files\Java\jdk1.8.0_121\jre\bin\t2k.dll
0x00007ffba9e30000 - 0x00007ffba9fc2000 	C:\WINDOWS\SYSTEM32\dbghelp.dll

VM Arguments:
jvm_args: -Djava.library.path=C:\Users\ricar\Desktop\MoveCode\KinectPV2-master\Build_libs\MoveOn\libs\kinectPV2 -Didea.launcher.port=7532 -Didea.launcher.bin.path=C:\Program Files (x86)\JetBrains\IntelliJ IDEA 2016.3.4\bin -Dfile.encoding=UTF-8 
java_command: com.intellij.rt.execution.application.AppMain SkeletonDepthTest
java_class_path (initial): C:\Program Files\Java\jdk1.8.0_121\jre\lib\charsets.jar;C:\Program Files\Java\jdk1.8.0_121\jre\lib\deploy.jar;C:\Program Files\Java\jdk1.8.0_121\jre\lib\ext\access-bridge-64.jar;C:\Program Files\Java\jdk1.8.0_121\jre\lib\ext\cldrdata.jar;C:\Program Files\Java\jdk1.8.0_121\jre\lib\ext\dnsns.jar;C:\Program Files\Java\jdk1.8.0_121\jre\lib\ext\jaccess.jar;C:\Program Files\Java\jdk1.8.0_121\jre\lib\ext\jfxrt.jar;C:\Program Files\Java\jdk1.8.0_121\jre\lib\ext\localedata.jar;C:\Program Files\Java\jdk1.8.0_121\jre\lib\ext\nashorn.jar;C:\Program Files\Java\jdk1.8.0_121\jre\lib\ext\sunec.jar;C:\Program Files\Java\jdk1.8.0_121\jre\lib\ext\sunjce_provider.jar;C:\Program Files\Java\jdk1.8.0_121\jre\lib\ext\sunmscapi.jar;C:\Program Files\Java\jdk1.8.0_121\jre\lib\ext\sunpkcs11.jar;C:\Program Files\Java\jdk1.8.0_121\jre\lib\ext\zipfs.jar;C:\Program Files\Java\jdk1.8.0_121\jre\lib\javaws.jar;C:\Program Files\Java\jdk1.8.0_121\jre\lib\jce.jar;C:\Program Files\Java\jdk1.8.0_121\jre\lib\jfr.jar;C:\Program Files\Java\jdk1.8.0_121\jre\lib\jfxswt.jar;C:\Program Files\Java\jdk1.8.0_121\jre\lib\jsse.jar;C:\Program Files\Java\jdk1.8.0_121\jre\lib\management-agent.jar;C:\Program Files\Java\jdk1.8.0_121\jre\lib\plugin.jar;C:\Program Files\Java\jdk1.8.0_121\jre\lib\resources.jar;C:\Program Files\Java\jdk1.8.0_121\jre\lib\rt.jar;C:\Users\ricar\Desktop\MoveCode\KinectPV2-master\Build_libs\MoveOn\out\production\MoveOn;C:\Users\ricar\Desktop\MoveCode\KinectPV2-master\Build_libs\MoveOn\libs\kinectPV2\KinectPV2.jar;C:\Users\ricar\Desktop\MoveCode\KinectPV2-master\Build_libs\MoveOn\libs\p3.01\core.jar;C:\Users\ricar\Desktop\MoveCode\KinectPV2-master\Build_libs\MoveOn\libs\p3.01\jogl-all.jar;C:\Users\ricar\Desktop\MoveCode\KinectPV2-master\Build_libs\MoveOn\libs\p3.01\gluegen-rt.jar;C:\Users\ricar\Desktop\MoveCode\KinectPV2-master\Build_libs\MoveOn\libs\p3.01\jogl-all-natives-linux-i586.jar;C:\Users\ricar\Desktop\MoveCode\KinectPV2-master\Build_libs\MoveOn\libs\p3.01\jogl-
Launcher Type: SUN_STANDARD

Environment Variables:
PATH=C:\ProgramData\Oracle\Java\javapath;C:\Program Files (x86)\Intel\iCLS Client\;C:\Program Files\Intel\iCLS Client\;C:\Windows\system32;C:\Windows;C:\Windows\System32\Wbem;C:\Windows\System32\WindowsPowerShell\v1.0\;C:\Program Files (x86)\NVIDIA Corporation\PhysX\Common;C:\Program Files (x86)\Intel\Intel(R) Management Engine Components\DAL;C:\Program Files\Intel\Intel(R) Management Engine Components\DAL;C:\Program Files (x86)\Intel\Intel(R) Management Engine Components\IPT;C:\Program Files\Intel\Intel(R) Management Engine Components\IPT;C:\WINDOWS\system32;C:\WINDOWS;C:\WINDOWS\System32\Wbem;C:\WINDOWS\System32\WindowsPowerShell\v1.0\;C:\Program Files\Git\cmd;C:\;C:\Users\ricar\AppData\Local\Microsoft\WindowsApps;C:\Users\ricar\AppData\Roaming\npm
USERNAME=ricar
OS=Windows_NT
PROCESSOR_IDENTIFIER=Intel64 Family 6 Model 94 Stepping 3, GenuineIntel



---------------  S Y S T E M  ---------------

OS: Windows 10.0 , 64 bit Build 14393 (10.0.14393.1198)

CPU:total 4 (4 cores per cpu, 1 threads per core) family 6 model 94 stepping 3, cmov, cx8, fxsr, mmx, sse, sse2, sse3, ssse3, sse4.1, sse4.2, popcnt, avx, avx2, aes, clmul, erms, rtm, 3dnowpref, lzcnt, tsc, tscinvbit, bmi1, bmi2, adx

Memory: 4k page, physical 8285044k(2992988k free), swap 18266080k(10960612k free)

vm_info: Java HotSpot(TM) 64-Bit Server VM (25.121-b13) for windows-amd64 JRE (1.8.0_121-b13), built on Dec 12 2016 18:21:36 by "java_re" with MS VC++ 10.0 (VS2010)

time: Thu Aug 24 16:04:26 2017
elapsed time: 13 seconds (0d 0h 0m 13s)

