#
# A fatal error has been detected by the Java Runtime Environment:
#
#  EXCEPTION_ACCESS_VIOLATION (0xc0000005) at pc=0x00007ffb9f4a5520, pid=8744, tid=0x00000000000018f8
#
# JRE version: Java(TM) SE Runtime Environment (8.0_121-b13) (build 1.8.0_121-b13)
# Java VM: Java HotSpot(TM) 64-Bit Server VM (25.121-b13 mixed mode windows-amd64 compressed oops)
# Problematic frame:
# C  [KinectPV2.dll+0x5520]
#
# Failed to write core dump. Minidumps are not enabled by default on client versions of Windows
#
# If you would like to submit a bug report, please visit:
#   http://bugreport.java.com/bugreport/crash.jsp
# The crash happened outside the Java Virtual Machine in native code.
# See problematic frame for where to report the bug.
#

---------------  T H R E A D  ---------------

Current thread (0x0000000020244000):  JavaThread "main-FPSAWTAnimator#00-Timer0" [_thread_in_native, id=6392, stack(0x00000000213e0000,0x00000000214e0000)]

siginfo: ExceptionCode=0xc0000005, reading address 0x0000000000000001

Registers:
RAX=0x0000000000000001, RBX=0x000000002165d340, RCX=0x0000000000000001, RDX=0x0000000000000000
RSP=0x00000000214ddf00, RBP=0x0000000000000000, RSI=0x0000000000000006, RDI=0x000000002165d570
R8 =0x00000000214ddba8, R9 =0x0000000000008000, R10=0x0000000000000000, R11=0x00000000214dddf0
R12=0x0000000000000000, R13=0x000000001b4b9590, R14=0x00000000214ddff0, R15=0x0000000020244000
RIP=0x00007ffb9f4a5520, EFLAGS=0x0000000000010202

Top of Stack: (sp=0x00000000214ddf00)
0x00000000214ddf00:   000000002165d340 000000001b4b9590
0x00000000214ddf10:   0000000000000000 00000000192bb790
0x00000000214ddf20:   00000000192bb790 00007ffb9f4a177a
0x00000000214ddf30:   00000000214ddff0 00000000214ddfd0
0x00000000214ddf40:   00000000202441f8 0000000020244000
0x00000000214ddf50:   0000000002ac835d 0000000002ad7f74
0x00000000214ddf60:   000000001b4b9590 0000000020244000
0x00000000214ddf70:   0000000020244000 0000000020244000
0x00000000214ddf80:   00000000214de048 0000000002ad7ca2
0x00000000214ddf90:   00000000214ddf90 000000001b4b9590
0x00000000214ddfa0:   00000000214ddff0 000000001b4bb228
0x00000000214ddfb0:   0000000000000000 000000001b4b9590
0x00000000214ddfc0:   0000000000000000 00000000214ddff0
0x00000000214ddfd0:   00000000214de038 0000000002ac7b30
0x00000000214ddfe0:   0000000000000000 0000000002ad19c0
0x00000000214ddff0:   0000000084942428 00000000214ddff8 

Instructions: (pc=0x00007ffb9f4a5520)
0x00007ffb9f4a5500:   89 6f d0 48 8b 0f 48 85 c9 74 09 48 8b 01 ff 50
0x00007ffb9f4a5510:   10 48 89 2f 48 8b 8f 90 00 00 00 48 85 c9 74 0d
0x00007ffb9f4a5520:   48 8b 01 ff 50 10 48 89 af 90 00 00 00 48 8b 4f
0x00007ffb9f4a5530:   30 48 85 c9 74 0a 48 8b 01 ff 50 10 48 89 6f 30 


Register to memory mapping:

RAX=0x0000000000000001 is an unknown value
RBX=0x000000002165d340 is an unknown value
RCX=0x0000000000000001 is an unknown value
RDX=0x0000000000000000 is an unknown value
RSP=0x00000000214ddf00 is pointing into the stack for thread: 0x0000000020244000
RBP=0x0000000000000000 is an unknown value
RSI=0x0000000000000006 is an unknown value
RDI=0x000000002165d570 is an unknown value
R8 =0x00000000214ddba8 is pointing into the stack for thread: 0x0000000020244000
R9 =0x0000000000008000 is an unknown value
R10=0x0000000000000000 is an unknown value
R11=0x00000000214dddf0 is pointing into the stack for thread: 0x0000000020244000
R12=0x0000000000000000 is an unknown value
R13={method} {0x000000001b4b9598} 'jniStopSignal' '()Z' in 'KinectPV2/Device'
R14=0x00000000214ddff0 is pointing into the stack for thread: 0x0000000020244000
R15=0x0000000020244000 is a thread


Stack: [0x00000000213e0000,0x00000000214e0000],  sp=0x00000000214ddf00,  free space=1015k
Native frames: (J=compiled Java code, j=interpreted, Vv=VM code, C=native code)

Java frames: (J=compiled Java code, j=interpreted, Vv=VM code)
j  KinectPV2.Device.jniStopSignal()Z+0
j  KinectPV2.Device.cleanDevice()Z+1
j  KinectPV2.KinectPV2.dispose()V+10
v  ~StubRoutines::call_stub
j  sun.reflect.NativeMethodAccessorImpl.invoke0(Ljava/lang/reflect/Method;Ljava/lang/Object;[Ljava/lang/Object;)Ljava/lang/Object;+0
j  sun.reflect.NativeMethodAccessorImpl.invoke(Ljava/lang/Object;[Ljava/lang/Object;)Ljava/lang/Object;+100
j  sun.reflect.DelegatingMethodAccessorImpl.invoke(Ljava/lang/Object;[Ljava/lang/Object;)Ljava/lang/Object;+6
j  java.lang.reflect.Method.invoke(Ljava/lang/Object;[Ljava/lang/Object;)Ljava/lang/Object;+56
j  processing.core.PApplet$RegisteredMethods.handle([Ljava/lang/Object;)V+18
J 988 C1 processing.core.PApplet.handleMethods(Ljava/lang/String;)V (21 bytes) @ 0x0000000002ea561c [0x0000000002ea5360+0x2bc]
j  processing.core.PApplet.dispose()V+35
J 1771 C1 processing.opengl.PSurfaceJOGL$DrawListener.display(Lcom/jogamp/opengl/GLAutoDrawable;)V (220 bytes) @ 0x000000000311e2c4 [0x000000000311d760+0xb64]
J 1710 C1 jogamp.opengl.GLDrawableHelper.displayImpl(Lcom/jogamp/opengl/GLAutoDrawable;)V (86 bytes) @ 0x00000000030e5d04 [0x00000000030e53c0+0x944]
J 1708 C1 jogamp.opengl.GLAutoDrawableBase$2.run()V (73 bytes) @ 0x00000000030f07bc [0x00000000030f03e0+0x3dc]
J 1706 C1 jogamp.opengl.GLDrawableHelper.invokeGLImpl(Lcom/jogamp/opengl/GLDrawable;Lcom/jogamp/opengl/GLContext;Ljava/lang/Runnable;Ljava/lang/Runnable;)V (579 bytes) @ 0x00000000030ec56c [0x00000000030eb720+0xe4c]
J 1765 C1 jogamp.opengl.GLDrawableHelper.invokeGL(Lcom/jogamp/opengl/GLDrawable;Lcom/jogamp/opengl/GLContext;Ljava/lang/Runnable;Ljava/lang/Runnable;)V (76 bytes) @ 0x000000000311d2c4 [0x000000000311d200+0xc4]
J 1702 C1 com.jogamp.newt.opengl.GLWindow.display()V (144 bytes) @ 0x00000000030dd2c4 [0x00000000030dc9c0+0x904]
J 1701 C1 com.jogamp.opengl.util.AWTAnimatorImpl.display(Ljava/util/ArrayList;ZZ)V (170 bytes) @ 0x00000000030d4dac [0x00000000030d46c0+0x6ec]
J 1699 C1 com.jogamp.opengl.util.FPSAnimator$MainTask.run()V (805 bytes) @ 0x00000000030d8584 [0x00000000030d7840+0xd44]
j  java.util.TimerThread.mainLoop()V+221
j  java.util.TimerThread.run()V+1
v  ~StubRoutines::call_stub

---------------  P R O C E S S  ---------------

Java Threads: ( => current thread )
  0x000000000286e800 JavaThread "DestroyJavaVM" [_thread_blocked, id=4820, stack(0x00000000028c0000,0x00000000029c0000)]
=>0x0000000020244000 JavaThread "main-FPSAWTAnimator#00-Timer0" [_thread_in_native, id=6392, stack(0x00000000213e0000,0x00000000214e0000)]
  0x0000000019f0e800 JavaThread "HighResTimerThread" daemon [_thread_blocked, id=5128, stack(0x00000000211e0000,0x00000000212e0000)]
  0x0000000019dbe800 JavaThread "main-SharedResourceRunner" daemon [_thread_blocked, id=76, stack(0x000000001b4e0000,0x000000001b5e0000)]
  0x0000000019d6a000 JavaThread "main-Display-.windows_nil-1-EDT-1" daemon [_thread_blocked, id=14292, stack(0x000000001afe0000,0x000000001b0e0000)]
  0x00000000199c5000 JavaThread "AWT-Windows" daemon [_thread_in_native, id=13008, stack(0x000000001a2c0000,0x000000001a3c0000)]
  0x00000000199c2800 JavaThread "Java2D Disposer" daemon [_thread_blocked, id=6180, stack(0x000000001a0c0000,0x000000001a1c0000)]
  0x00000000191fe000 JavaThread "Monitor Ctrl-Break" daemon [_thread_in_native, id=12612, stack(0x00000000195d0000,0x00000000196d0000)]
  0x0000000018fd0800 JavaThread "Service Thread" daemon [_thread_blocked, id=11504, stack(0x00000000193a0000,0x00000000194a0000)]
  0x000000001761c800 JavaThread "C1 CompilerThread2" daemon [_thread_blocked, id=8476, stack(0x0000000018ea0000,0x0000000018fa0000)]
  0x0000000017611800 JavaThread "C2 CompilerThread1" daemon [_thread_blocked, id=5064, stack(0x0000000018da0000,0x0000000018ea0000)]
  0x000000001760e800 JavaThread "C2 CompilerThread0" daemon [_thread_blocked, id=3544, stack(0x0000000018ca0000,0x0000000018da0000)]
  0x000000001760d000 JavaThread "Attach Listener" daemon [_thread_blocked, id=8568, stack(0x0000000018ba0000,0x0000000018ca0000)]
  0x000000001760c000 JavaThread "Signal Dispatcher" daemon [_thread_blocked, id=9576, stack(0x0000000018aa0000,0x0000000018ba0000)]
  0x0000000002abd000 JavaThread "Finalizer" daemon [_thread_blocked, id=9116, stack(0x0000000018890000,0x0000000018990000)]
  0x0000000002ab2000 JavaThread "Reference Handler" daemon [_thread_blocked, id=636, stack(0x0000000018790000,0x0000000018890000)]

Other Threads:
  0x00000000175d7000 VMThread [stack: 0x0000000018690000,0x0000000018790000] [id=8748]
  0x0000000018fed000 WatcherThread [stack: 0x00000000194a0000,0x00000000195a0000] [id=736]

VM state:not at safepoint (normal execution)

VM Mutex/Monitor currently owned by a thread: None

Heap:
 PSYoungGen      total 607232K, used 103540K [0x00000000d5d80000, 0x00000000fe280000, 0x0000000100000000)
  eden space 596992K, 17% used [0x00000000d5d80000,0x00000000dc28d228,0x00000000fa480000)
  from space 10240K, 0% used [0x00000000fd880000,0x00000000fd890000,0x00000000fe280000)
  to   space 31744K, 0% used [0x00000000fa480000,0x00000000fa480000,0x00000000fc380000)
 ParOldGen       total 131584K, used 69101K [0x0000000081800000, 0x0000000089880000, 0x00000000d5d80000)
  object space 131584K, 52% used [0x0000000081800000,0x0000000085b7b648,0x0000000089880000)
 Metaspace       used 17528K, capacity 17704K, committed 18048K, reserved 1064960K
  class space    used 1578K, capacity 1622K, committed 1664K, reserved 1048576K

Card table byte_map: [0x0000000011e80000,0x0000000012280000] byte_map_base: 0x0000000011a74000

Marking Bits: (ParMarkBitMap*) 0x00000000763eb6d0
 Begin Bits: [0x0000000012930000, 0x00000000148d0000)
 End Bits:   [0x00000000148d0000, 0x0000000016870000)

Polling page: 0x0000000002830000

CodeCache: size=245760Kb used=6926Kb max_used=6932Kb free=238833Kb
 bounds [0x0000000002ac0000, 0x0000000003190000, 0x0000000011ac0000]
 total_blobs=2748 nmethods=1867 adapters=794
 compilation: enabled

Compilation events (10 events):
Event: 26.420 Thread 0x000000001760e800 1863       4       jogamp.opengl.gl4.GL4bcImpl::isGL2ES3 (8 bytes)
Event: 26.420 Thread 0x000000001760e800 nmethod 1863 0x000000000315ce50 code [0x000000000315cf80, 0x000000000315d018]
Event: 26.435 Thread 0x0000000017611800 1864       4       com.jogamp.opengl.util.GLBuffers::bytesPerPixel (438 bytes)
Event: 26.437 Thread 0x0000000017611800 nmethod 1864 0x000000000316a850 code [0x000000000316aa80, 0x000000000316ad78]
Event: 26.799 Thread 0x000000001760e800 1865       4       processing.opengl.PGraphicsOpenGL$TexCache::arrayCheck (45 bytes)
Event: 26.800 Thread 0x000000001760e800 nmethod 1865 0x000000000316a0d0 code [0x000000000316a200, 0x000000000316a298]
Event: 27.167 Thread 0x000000001760e800 1867       4       processing.opengl.PShader::unbindTyped (301 bytes)
Event: 27.167 Thread 0x0000000017611800 1866       4       processing.opengl.PShader::unbind (36 bytes)
Event: 27.179 Thread 0x000000001760e800 nmethod 1867 0x0000000003183910 code [0x0000000003183be0, 0x0000000003184870]
Event: 27.184 Thread 0x0000000017611800 nmethod 1866 0x000000000318b2d0 code [0x000000000318b5c0, 0x000000000318c3a0]

GC Heap History (10 events):
Event: 10.745 GC heap before
{Heap before GC invocations=11 (full 1):
 PSYoungGen      total 270848K, used 232891K [0x00000000d5d80000, 0x00000000ef600000, 0x0000000100000000)
  eden space 232448K, 99% used [0x00000000d5d80000,0x00000000e3fc6c68,0x00000000e4080000)
  from space 38400K, 3% used [0x00000000e4080000,0x00000000e41a8040,0x00000000e6600000)
  to   space 37376K, 0% used [0x00000000ed180000,0x00000000ed180000,0x00000000ef600000)
 ParOldGen       total 131584K, used 67910K [0x0000000081800000, 0x0000000089880000, 0x00000000d5d80000)
  object space 131584K, 51% used [0x0000000081800000,0x0000000085a51908,0x0000000089880000)
 Metaspace       used 17467K, capacity 17640K, committed 17792K, reserved 1064960K
  class space    used 1578K, capacity 1622K, committed 1664K, reserved 1048576K
Event: 10.747 GC heap after
Heap after GC invocations=11 (full 1):
 PSYoungGen      total 366592K, used 96K [0x00000000d5d80000, 0x00000000eee80000, 0x0000000100000000)
  eden space 336896K, 0% used [0x00000000d5d80000,0x00000000d5d80000,0x00000000ea680000)
  from space 29696K, 0% used [0x00000000ed180000,0x00000000ed198000,0x00000000eee80000)
  to   space 36864K, 0% used [0x00000000ea680000,0x00000000ea680000,0x00000000eca80000)
 ParOldGen       total 131584K, used 69021K [0x0000000081800000, 0x0000000089880000, 0x00000000d5d80000)
  object space 131584K, 52% used [0x0000000081800000,0x0000000085b67648,0x0000000089880000)
 Metaspace       used 17467K, capacity 17640K, committed 17792K, reserved 1064960K
  class space    used 1578K, capacity 1622K, committed 1664K, reserved 1048576K
}
Event: 14.026 GC heap before
{Heap before GC invocations=12 (full 1):
 PSYoungGen      total 366592K, used 336793K [0x00000000d5d80000, 0x00000000eee80000, 0x0000000100000000)
  eden space 336896K, 99% used [0x00000000d5d80000,0x00000000ea64e748,0x00000000ea680000)
  from space 29696K, 0% used [0x00000000ed180000,0x00000000ed198000,0x00000000eee80000)
  to   space 36864K, 0% used [0x00000000ea680000,0x00000000ea680000,0x00000000eca80000)
 ParOldGen       total 131584K, used 69021K [0x0000000081800000, 0x0000000089880000, 0x00000000d5d80000)
  object space 131584K, 52% used [0x0000000081800000,0x0000000085b67648,0x0000000089880000)
 Metaspace       used 17523K, capacity 17704K, committed 18048K, reserved 1064960K
  class space    used 1578K, capacity 1622K, committed 1664K, reserved 1048576K
Event: 14.027 GC heap after
Heap after GC invocations=12 (full 1):
 PSYoungGen      total 373760K, used 96K [0x00000000d5d80000, 0x00000000f7400000, 0x0000000100000000)
  eden space 336896K, 0% used [0x00000000d5d80000,0x00000000d5d80000,0x00000000ea680000)
  from space 36864K, 0% used [0x00000000ea680000,0x00000000ea698000,0x00000000eca80000)
  to   space 35840K, 0% used [0x00000000f5100000,0x00000000f5100000,0x00000000f7400000)
 ParOldGen       total 131584K, used 69045K [0x0000000081800000, 0x0000000089880000, 0x00000000d5d80000)
  object space 131584K, 52% used [0x0000000081800000,0x0000000085b6d648,0x0000000089880000)
 Metaspace       used 17523K, capacity 17704K, committed 18048K, reserved 1064960K
  class space    used 1578K, capacity 1622K, committed 1664K, reserved 1048576K
}
Event: 17.240 GC heap before
{Heap before GC invocations=13 (full 1):
 PSYoungGen      total 373760K, used 336159K [0x00000000d5d80000, 0x00000000f7400000, 0x0000000100000000)
  eden space 336896K, 99% used [0x00000000d5d80000,0x00000000ea5afca0,0x00000000ea680000)
  from space 36864K, 0% used [0x00000000ea680000,0x00000000ea698000,0x00000000eca80000)
  to   space 35840K, 0% used [0x00000000f5100000,0x00000000f5100000,0x00000000f7400000)
 ParOldGen       total 131584K, used 69045K [0x0000000081800000, 0x0000000089880000, 0x00000000d5d80000)
  object space 131584K, 52% used [0x0000000081800000,0x0000000085b6d648,0x0000000089880000)
 Metaspace       used 17523K, capacity 17704K, committed 18048K, reserved 1064960K
  class space    used 1578K, capacity 1622K, committed 1664K, reserved 1048576K
Event: 17.241 GC heap after
Heap after GC invocations=13 (full 1):
 PSYoungGen      total 483840K, used 64K [0x00000000d5d80000, 0x00000000f6580000, 0x0000000100000000)
  eden space 462848K, 0% used [0x00000000d5d80000,0x00000000d5d80000,0x00000000f2180000)
  from space 20992K, 0% used [0x00000000f5100000,0x00000000f5110000,0x00000000f6580000)
  to   space 34816K, 0% used [0x00000000f2180000,0x00000000f2180000,0x00000000f4380000)
 ParOldGen       total 131584K, used 69061K [0x0000000081800000, 0x0000000089880000, 0x00000000d5d80000)
  object space 131584K, 52% used [0x0000000081800000,0x0000000085b71648,0x0000000089880000)
 Metaspace       used 17523K, capacity 17704K, committed 18048K, reserved 1064960K
  class space    used 1578K, capacity 1622K, committed 1664K, reserved 1048576K
}
Event: 21.737 GC heap before
{Heap before GC invocations=14 (full 1):
 PSYoungGen      total 483840K, used 462328K [0x00000000d5d80000, 0x00000000f6580000, 0x0000000100000000)
  eden space 462848K, 99% used [0x00000000d5d80000,0x00000000f20ee2d0,0x00000000f2180000)
  from space 20992K, 0% used [0x00000000f5100000,0x00000000f5110000,0x00000000f6580000)
  to   space 34816K, 0% used [0x00000000f2180000,0x00000000f2180000,0x00000000f4380000)
 ParOldGen       total 131584K, used 69061K [0x0000000081800000, 0x0000000089880000, 0x00000000d5d80000)
  object space 131584K, 52% used [0x0000000081800000,0x0000000085b71648,0x0000000089880000)
 Metaspace       used 17523K, capacity 17704K, committed 18048K, reserved 1064960K
  class space    used 1578K, capacity 1622K, committed 1664K, reserved 1048576K
Event: 21.739 GC heap after
Heap after GC invocations=14 (full 1):
 PSYoungGen      total 497664K, used 96K [0x00000000d5d80000, 0x00000000ff900000, 0x0000000100000000)
  eden space 462848K, 0% used [0x00000000d5d80000,0x00000000d5d80000,0x00000000f2180000)
  from space 34816K, 0% used [0x00000000f2180000,0x00000000f2198000,0x00000000f4380000)
  to   space 33280K, 0% used [0x00000000fd880000,0x00000000fd880000,0x00000000ff900000)
 ParOldGen       total 131584K, used 69085K [0x0000000081800000, 0x0000000089880000, 0x00000000d5d80000)
  object space 131584K, 52% used [0x0000000081800000,0x0000000085b77648,0x0000000089880000)
 Metaspace       used 17523K, capacity 17704K, committed 18048K, reserved 1064960K
  class space    used 1578K, capacity 1622K, committed 1664K, reserved 1048576K
}
Event: 26.251 GC heap before
{Heap before GC invocations=15 (full 1):
 PSYoungGen      total 497664K, used 462852K [0x00000000d5d80000, 0x00000000ff900000, 0x0000000100000000)
  eden space 462848K, 99% used [0x00000000d5d80000,0x00000000f21690e8,0x00000000f2180000)
  from space 34816K, 0% used [0x00000000f2180000,0x00000000f2198000,0x00000000f4380000)
  to   space 33280K, 0% used [0x00000000fd880000,0x00000000fd880000,0x00000000ff900000)
 ParOldGen       total 131584K, used 69085K [0x0000000081800000, 0x0000000089880000, 0x00000000d5d80000)
  object space 131584K, 52% used [0x0000000081800000,0x0000000085b77648,0x0000000089880000)
 Metaspace       used 17523K, capacity 17704K, committed 18048K, reserved 1064960K
  class space    used 1578K, capacity 1622K, committed 1664K, reserved 1048576K
Event: 26.252 GC heap after
Heap after GC invocations=15 (full 1):
 PSYoungGen      total 607232K, used 64K [0x00000000d5d80000, 0x00000000fe280000, 0x0000000100000000)
  eden space 596992K, 0% used [0x00000000d5d80000,0x00000000d5d80000,0x00000000fa480000)
  from space 10240K, 0% used [0x00000000fd880000,0x00000000fd890000,0x00000000fe280000)
  to   space 31744K, 0% used [0x00000000fa480000,0x00000000fa480000,0x00000000fc380000)
 ParOldGen       total 131584K, used 69101K [0x0000000081800000, 0x0000000089880000, 0x00000000d5d80000)
  object space 131584K, 52% used [0x0000000081800000,0x0000000085b7b648,0x0000000089880000)
 Metaspace       used 17523K, capacity 17704K, committed 18048K, reserved 1064960K
  class space    used 1578K, capacity 1622K, committed 1664K, reserved 1048576K
}

Deoptimization events (10 events):
Event: 4.166 Thread 0x0000000020244000 Uncommon trap: reason=class_check action=maybe_recompile pc=0x0000000002c5c6e8 method=java.lang.String.equals(Ljava/lang/Object;)Z @ 8
Event: 4.166 Thread 0x0000000020244000 Uncommon trap: reason=class_check action=maybe_recompile pc=0x0000000002c5c6e8 method=java.lang.String.equals(Ljava/lang/Object;)Z @ 8
Event: 4.166 Thread 0x0000000020244000 Uncommon trap: reason=class_check action=maybe_recompile pc=0x0000000002c5c6e8 method=java.lang.String.equals(Ljava/lang/Object;)Z @ 8
Event: 4.166 Thread 0x0000000020244000 Uncommon trap: reason=class_check action=maybe_recompile pc=0x0000000002c5c6e8 method=java.lang.String.equals(Ljava/lang/Object;)Z @ 8
Event: 4.217 Thread 0x0000000020244000 Uncommon trap: reason=class_check action=maybe_recompile pc=0x0000000002e6cef8 method=java.util.regex.Pattern.compile()V @ 246
Event: 4.217 Thread 0x0000000020244000 Uncommon trap: reason=class_check action=maybe_recompile pc=0x0000000002e6cef8 method=java.util.regex.Pattern.compile()V @ 246
Event: 4.217 Thread 0x0000000020244000 Uncommon trap: reason=class_check action=maybe_recompile pc=0x0000000002e6cef8 method=java.util.regex.Pattern.compile()V @ 246
Event: 4.217 Thread 0x0000000020244000 Uncommon trap: reason=class_check action=maybe_recompile pc=0x0000000002e6cef8 method=java.util.regex.Pattern.compile()V @ 246
Event: 4.226 Thread 0x0000000020244000 Uncommon trap: reason=predicate action=maybe_recompile pc=0x0000000002f6c708 method=java.util.regex.Pattern$Slice.match(Ljava/util/regex/Matcher;ILjava/lang/CharSequence;)Z @ 21
Event: 24.353 Thread 0x0000000020244000 Uncommon trap: reason=unstable_if action=reinterpret pc=0x0000000002fd8338 method=processing.opengl.PGraphicsOpenGL.nonZero(F)Z @ 8

Internal exceptions (10 events):
Event: 0.027 Thread 0x000000000286e800 Exception <a 'java/lang/NoSuchMethodError': Method sun.misc.Unsafe.prefetchRead(Ljava/lang/Object;J)V name or signature does not match> (0x00000000d5d87f90) thrown at [C:\re\workspace\8-2-build-windows-amd64-cygwin\jdk8u121\8372\hotspot\src\share\vm\prims
Event: 0.129 Thread 0x000000000286e800 Exception <a 'java/security/PrivilegedActionException'> (0x00000000d60672c0) thrown at [C:\re\workspace\8-2-build-windows-amd64-cygwin\jdk8u121\8372\hotspot\src\share\vm\prims\jvm.cpp, line 1390]
Event: 0.129 Thread 0x000000000286e800 Exception <a 'java/security/PrivilegedActionException'> (0x00000000d60674d0) thrown at [C:\re\workspace\8-2-build-windows-amd64-cygwin\jdk8u121\8372\hotspot\src\share\vm\prims\jvm.cpp, line 1390]
Event: 0.130 Thread 0x000000000286e800 Exception <a 'java/security/PrivilegedActionException'> (0x00000000d606b5c8) thrown at [C:\re\workspace\8-2-build-windows-amd64-cygwin\jdk8u121\8372\hotspot\src\share\vm\prims\jvm.cpp, line 1390]
Event: 0.130 Thread 0x000000000286e800 Exception <a 'java/security/PrivilegedActionException'> (0x00000000d606b7d8) thrown at [C:\re\workspace\8-2-build-windows-amd64-cygwin\jdk8u121\8372\hotspot\src\share\vm\prims\jvm.cpp, line 1390]
Event: 0.134 Thread 0x000000000286e800 Exception <a 'java/io/FileNotFoundException'> (0x00000000d6075200) thrown at [C:\re\workspace\8-2-build-windows-amd64-cygwin\jdk8u121\8372\hotspot\src\share\vm\prims\jni.cpp, line 709]
Event: 0.165 Thread 0x000000000286e800 Exception <a 'java/lang/NoSuchFieldError': method resolution failed> (0x00000000d6142468) thrown at [C:\re\workspace\8-2-build-windows-amd64-cygwin\jdk8u121\8372\hotspot\src\share\vm\prims\methodHandles.cpp, line 1146]
Event: 0.167 Thread 0x000000000286e800 Exception <a 'java/lang/NoSuchFieldError': method resolution failed> (0x00000000d614f9a0) thrown at [C:\re\workspace\8-2-build-windows-amd64-cygwin\jdk8u121\8372\hotspot\src\share\vm\prims\methodHandles.cpp, line 1146]
Event: 0.207 Thread 0x000000000286e800 Exception <a 'java/io/FileNotFoundException'> (0x00000000d61ec2b0) thrown at [C:\re\workspace\8-2-build-windows-amd64-cygwin\jdk8u121\8372\hotspot\src\share\vm\prims\jni.cpp, line 709]
Event: 27.187 Thread 0x0000000020243800 Exception <a 'java/lang/InterruptedException'> (0x00000000dbfa2e50) thrown at [C:\re\workspace\8-2-build-windows-amd64-cygwin\jdk8u121\8372\hotspot\src\share\vm\runtime\objectMonitor.cpp, line 1684]

Events (10 events):
Event: 17.240 Executing VM operation: ParallelGCFailedAllocation
Event: 17.241 Executing VM operation: ParallelGCFailedAllocation done
Event: 21.737 Executing VM operation: ParallelGCFailedAllocation
Event: 21.739 Executing VM operation: ParallelGCFailedAllocation done
Event: 24.353 Thread 0x0000000020244000 Uncommon trap: trap_request=0xffffff65 fr.pc=0x0000000002fd8338
Event: 24.353 Thread 0x0000000020244000 DEOPT PACKING pc=0x0000000002fd8338 sp=0x00000000214de6c0
Event: 24.353 Thread 0x0000000020244000 DEOPT UNPACKING pc=0x0000000002b0582a sp=0x00000000214de468 mode 2
Event: 26.251 Executing VM operation: ParallelGCFailedAllocation
Event: 26.252 Executing VM operation: ParallelGCFailedAllocation done
Event: 27.187 Thread 0x0000000020243800 Thread exited: 0x0000000020243800


Dynamic libraries:
0x00007ff63e1d0000 - 0x00007ff63e207000 	C:\Program Files\Java\jdk1.8.0_121\bin\java.exe
0x00007ffbb0fb0000 - 0x00007ffbb1182000 	C:\WINDOWS\SYSTEM32\ntdll.dll
0x00007ffbae570000 - 0x00007ffbae61c000 	C:\WINDOWS\System32\KERNEL32.DLL
0x00007ffbadd10000 - 0x00007ffbadf2d000 	C:\WINDOWS\System32\KERNELBASE.dll
0x00007ffbb0880000 - 0x00007ffbb0922000 	C:\WINDOWS\System32\ADVAPI32.dll
0x00007ffbb02f0000 - 0x00007ffbb038e000 	C:\WINDOWS\System32\msvcrt.dll
0x00007ffbb0660000 - 0x00007ffbb06b9000 	C:\WINDOWS\System32\sechost.dll
0x00007ffbae620000 - 0x00007ffbae741000 	C:\WINDOWS\System32\RPCRT4.dll
0x00007ffbb0060000 - 0x00007ffbb01c5000 	C:\WINDOWS\System32\USER32.dll
0x00007ffbae1f0000 - 0x00007ffbae20e000 	C:\WINDOWS\System32\win32u.dll
0x00007ffbb0390000 - 0x00007ffbb03c4000 	C:\WINDOWS\System32\GDI32.dll
0x00007ffbad4b0000 - 0x00007ffbad630000 	C:\WINDOWS\System32\gdi32full.dll
0x00007ffba7ca0000 - 0x00007ffba7f1a000 	C:\WINDOWS\WinSxS\amd64_microsoft.windows.common-controls_6595b64144ccf1df_6.0.14393.953_none_42151e83c686086b\COMCTL32.dll
0x00007ffbae7b0000 - 0x00007ffbaea78000 	C:\WINDOWS\System32\combase.dll
0x00007ffbae440000 - 0x00007ffbae535000 	C:\WINDOWS\System32\ucrtbase.dll
0x00007ffbadfe0000 - 0x00007ffbae04a000 	C:\WINDOWS\System32\bcryptPrimitives.dll
0x00007ffbae540000 - 0x00007ffbae56e000 	C:\WINDOWS\System32\IMM32.DLL
0x0000000075660000 - 0x0000000075732000 	C:\Program Files\Java\jdk1.8.0_121\jre\bin\msvcr100.dll
0x0000000075bd0000 - 0x000000007646b000 	C:\Program Files\Java\jdk1.8.0_121\jre\bin\server\jvm.dll
0x00007ffbb0ea0000 - 0x00007ffbb0ea8000 	C:\WINDOWS\System32\PSAPI.DLL
0x00007ffba9850000 - 0x00007ffba985a000 	C:\WINDOWS\SYSTEM32\VERSION.dll
0x00007ffbab790000 - 0x00007ffbab7b3000 	C:\WINDOWS\SYSTEM32\WINMM.dll
0x00007ffbaa530000 - 0x00007ffbaa539000 	C:\WINDOWS\SYSTEM32\WSOCK32.dll
0x00007ffbb0280000 - 0x00007ffbb02ea000 	C:\WINDOWS\System32\WS2_32.dll
0x00007ffbab6d0000 - 0x00007ffbab6fb000 	C:\WINDOWS\SYSTEM32\WINMMBASE.dll
0x00007ffbae100000 - 0x00007ffbae142000 	C:\WINDOWS\System32\cfgmgr32.dll
0x0000000075ae0000 - 0x0000000075aef000 	C:\Program Files\Java\jdk1.8.0_121\jre\bin\verify.dll
0x0000000075ab0000 - 0x0000000075ad9000 	C:\Program Files\Java\jdk1.8.0_121\jre\bin\java.dll
0x0000000075a90000 - 0x0000000075aa6000 	C:\Program Files\Java\jdk1.8.0_121\jre\bin\zip.dll
0x00007ffbaea90000 - 0x00007ffbaff98000 	C:\WINDOWS\System32\SHELL32.dll
0x00007ffbad630000 - 0x00007ffbadd0a000 	C:\WINDOWS\System32\windows.storage.dll
0x00007ffbad450000 - 0x00007ffbad49c000 	C:\WINDOWS\System32\powrprof.dll
0x00007ffbb0530000 - 0x00007ffbb0582000 	C:\WINDOWS\System32\shlwapi.dll
0x00007ffbad4a0000 - 0x00007ffbad4af000 	C:\WINDOWS\System32\kernel.appcore.dll
0x00007ffbadf30000 - 0x00007ffbadfd9000 	C:\WINDOWS\System32\shcore.dll
0x00007ffbad420000 - 0x00007ffbad434000 	C:\WINDOWS\System32\profapi.dll
0x00007ffba7f20000 - 0x00007ffba7f30000 	C:\Program Files (x86)\JetBrains\IntelliJ IDEA 2016.3.4\bin\breakgen64.dll
0x0000000075880000 - 0x000000007589a000 	C:\Program Files\Java\jdk1.8.0_121\jre\bin\net.dll
0x00007ffbaccf0000 - 0x00007ffbacd4c000 	C:\WINDOWS\system32\mswsock.dll
0x00000000758f0000 - 0x0000000075a88000 	C:\Program Files\Java\jdk1.8.0_121\jre\bin\awt.dll
0x00007ffbaffa0000 - 0x00007ffbb005f000 	C:\WINDOWS\System32\OLEAUT32.dll
0x00007ffbae150000 - 0x00007ffbae1ec000 	C:\WINDOWS\System32\msvcp_win.dll
0x00007ffbabac0000 - 0x00007ffbabb3a000 	C:\WINDOWS\SYSTEM32\apphelp.dll
0x00007ffbabc20000 - 0x00007ffbabcb5000 	C:\WINDOWS\system32\uxtheme.dll
0x00007ffbb03d0000 - 0x00007ffbb052a000 	C:\WINDOWS\System32\MSCTF.dll
0x00007ffbaa9c0000 - 0x00007ffbaa9e6000 	C:\WINDOWS\system32\dwmapi.dll
0x00007ffbb0d60000 - 0x00007ffbb0e98000 	C:\WINDOWS\System32\ole32.dll
0x00007ffb9d9f0000 - 0x00007ffb9db13000 	C:\WINDOWS\system32\opengl32.dll
0x00007ffba7fa0000 - 0x00007ffba7fcd000 	C:\WINDOWS\SYSTEM32\GLU32.dll
0x00007ffb9d5f0000 - 0x00007ffb9d6e7000 	C:\WINDOWS\SYSTEM32\DDRAW.dll
0x00007ffbaaf40000 - 0x00007ffbaaf48000 	C:\WINDOWS\SYSTEM32\DCIMAN32.dll
0x00007ffbacea0000 - 0x00007ffbaceb7000 	C:\WINDOWS\SYSTEM32\CRYPTSP.dll
0x00007ffbac8f0000 - 0x00007ffbac923000 	C:\WINDOWS\system32\rsaenh.dll
0x00007ffbad360000 - 0x00007ffbad38b000 	C:\WINDOWS\SYSTEM32\bcrypt.dll
0x00007ffbacb70000 - 0x00007ffbacb8f000 	C:\WINDOWS\SYSTEM32\USERENV.dll
0x00007ffbace90000 - 0x00007ffbace9b000 	C:\WINDOWS\SYSTEM32\CRYPTBASE.dll
0x00007ffbaca70000 - 0x00007ffbacaa8000 	C:\WINDOWS\SYSTEM32\IPHLPAPI.DLL
0x00007ffbb0270000 - 0x00007ffbb0278000 	C:\WINDOWS\System32\NSI.dll
0x00007ffba3920000 - 0x00007ffba3936000 	C:\WINDOWS\SYSTEM32\dhcpcsvc6.DLL
0x00007ffba3f40000 - 0x00007ffba3f5a000 	C:\WINDOWS\SYSTEM32\dhcpcsvc.DLL
0x0000000075860000 - 0x0000000075871000 	C:\Program Files\Java\jdk1.8.0_121\jre\bin\nio.dll
0x00000000637c0000 - 0x00000000637cd000 	C:\Users\ricar\AppData\Local\Temp\jogamp_0000\file_cache\jln1723081922915635392\jln1250089298437617373\natives\windows-amd64\gluegen-rt.dll
0x0000000075770000 - 0x0000000075777000 	C:\Program Files\Java\jdk1.8.0_121\jre\bin\jawt.dll
0x000000006a440000 - 0x000000006a44d000 	C:\Users\ricar\AppData\Local\Temp\jogamp_0000\file_cache\jln1723081922915635392\jln1250089298437617373\natives\windows-amd64\nativewindow_awt.dll
0x000000006c100000 - 0x000000006c10f000 	C:\Users\ricar\AppData\Local\Temp\jogamp_0000\file_cache\jln1723081922915635392\jln1250089298437617373\natives\windows-amd64\nativewindow_win32.dll
0x000000006cbc0000 - 0x000000006cbd3000 	C:\Users\ricar\AppData\Local\Temp\jogamp_0000\file_cache\jln1723081922915635392\jln1250089298437617373\natives\windows-amd64\newt.dll
0x00007ffba9380000 - 0x00007ffba9411000 	C:\WINDOWS\SYSTEM32\mscms.dll
0x00007ffba1f70000 - 0x00007ffba1fb2000 	C:\WINDOWS\SYSTEM32\icm32.dll
0x00007ffbb0930000 - 0x00007ffbb0d59000 	C:\WINDOWS\System32\setupapi.dll
0x00007ffbabf80000 - 0x00007ffbabfa8000 	C:\WINDOWS\SYSTEM32\DEVOBJ.dll
0x00007ffbae3e0000 - 0x00007ffbae435000 	C:\WINDOWS\System32\WINTRUST.dll
0x00007ffbad440000 - 0x00007ffbad450000 	C:\WINDOWS\System32\MSASN1.dll
0x00007ffbae210000 - 0x00007ffbae3d9000 	C:\WINDOWS\System32\CRYPT32.dll
0x0000000064500000 - 0x00000000645b1000 	C:\Users\ricar\AppData\Local\Temp\jogamp_0000\file_cache\jln1723081922915635392\jln1250089298437617373\natives\windows-amd64\jogl_desktop.dll
0x0000000064340000 - 0x00000000643a2000 	C:\Users\ricar\AppData\Local\Temp\jogamp_0000\file_cache\jln1723081922915635392\jln1250089298437617373\natives\windows-amd64\jogl_mobile.dll
0x00000000728b0000 - 0x0000000074a00000 	C:\WINDOWS\SYSTEM32\nvoglv64.DLL
0x00007ffbaa6e0000 - 0x00007ffbaa6f3000 	C:\WINDOWS\SYSTEM32\WTSAPI32.dll
0x00007ffbac7c0000 - 0x00007ffbac7f2000 	C:\WINDOWS\SYSTEM32\ntmarta.dll
0x00007ffbad300000 - 0x00007ffbad356000 	C:\WINDOWS\SYSTEM32\WINSTA.dll
0x00007ffb8b660000 - 0x00007ffb8b7fc000 	C:\Users\ricar\Desktop\MoveCode\KinectPV2-master\Build_libs\MoveOn\libs\kinectPV2\Kinect20.Face.dll
0x00007ffba0fe0000 - 0x00007ffba10b4000 	C:\WINDOWS\SYSTEM32\MSVCR110.dll
0x00007ffb9d2c0000 - 0x00007ffb9d367000 	C:\WINDOWS\SYSTEM32\MSVCP110.dll
0x00007ffb9f4a0000 - 0x00007ffb9f4b1000 	C:\Users\ricar\Desktop\MoveCode\KinectPV2-master\Build_libs\MoveOn\libs\kinectPV2\KinectPV2.dll
0x00007ffb97840000 - 0x00007ffb978fb000 	C:\WINDOWS\SYSTEM32\Kinect20.dll
0x00007ffba2bf0000 - 0x00007ffba2d58000 	C:\WINDOWS\SYSTEM32\MFPlat.DLL
0x00007ffbab920000 - 0x00007ffbab94e000 	C:\WINDOWS\SYSTEM32\RTWorkQ.DLL
0x00007ffbac3a0000 - 0x00007ffbac43f000 	C:\WINDOWS\system32\dxgi.dll
0x00007ffbaa9f0000 - 0x00007ffbaaca6000 	C:\WINDOWS\system32\d3d11.dll
0x00007ffb799e0000 - 0x00007ffb7b111000 	C:\WINDOWS\System32\DriverStore\FileRepository\nvami.inf_amd64_11a67240324f74de\nvwgf2umx.dll
0x00007ffba78a0000 - 0x00007ffba7c9b000 	C:\WINDOWS\system32\nvapi64.dll
0x00000000758a0000 - 0x00000000758e7000 	C:\Program Files\Java\jdk1.8.0_121\jre\bin\fontmanager.dll
0x0000000075790000 - 0x00000000757d2000 	C:\Program Files\Java\jdk1.8.0_121\jre\bin\t2k.dll
0x00007ffba9e30000 - 0x00007ffba9fc2000 	C:\WINDOWS\SYSTEM32\dbghelp.dll

VM Arguments:
jvm_args: -Djava.library.path=C:\Users\ricar\Desktop\MoveCode\KinectPV2-master\Build_libs\MoveOn\libs\kinectPV2 -Didea.launcher.port=7538 -Didea.launcher.bin.path=C:\Program Files (x86)\JetBrains\IntelliJ IDEA 2016.3.4\bin -Dfile.encoding=UTF-8 
java_command: com.intellij.rt.execution.application.AppMain SkeletonDepthTest
java_class_path (initial): C:\Program Files\Java\jdk1.8.0_121\jre\lib\charsets.jar;C:\Program Files\Java\jdk1.8.0_121\jre\lib\deploy.jar;C:\Program Files\Java\jdk1.8.0_121\jre\lib\ext\access-bridge-64.jar;C:\Program Files\Java\jdk1.8.0_121\jre\lib\ext\cldrdata.jar;C:\Program Files\Java\jdk1.8.0_121\jre\lib\ext\dnsns.jar;C:\Program Files\Java\jdk1.8.0_121\jre\lib\ext\jaccess.jar;C:\Program Files\Java\jdk1.8.0_121\jre\lib\ext\jfxrt.jar;C:\Program Files\Java\jdk1.8.0_121\jre\lib\ext\localedata.jar;C:\Program Files\Java\jdk1.8.0_121\jre\lib\ext\nashorn.jar;C:\Program Files\Java\jdk1.8.0_121\jre\lib\ext\sunec.jar;C:\Program Files\Java\jdk1.8.0_121\jre\lib\ext\sunjce_provider.jar;C:\Program Files\Java\jdk1.8.0_121\jre\lib\ext\sunmscapi.jar;C:\Program Files\Java\jdk1.8.0_121\jre\lib\ext\sunpkcs11.jar;C:\Program Files\Java\jdk1.8.0_121\jre\lib\ext\zipfs.jar;C:\Program Files\Java\jdk1.8.0_121\jre\lib\javaws.jar;C:\Program Files\Java\jdk1.8.0_121\jre\lib\jce.jar;C:\Program Files\Java\jdk1.8.0_121\jre\lib\jfr.jar;C:\Program Files\Java\jdk1.8.0_121\jre\lib\jfxswt.jar;C:\Program Files\Java\jdk1.8.0_121\jre\lib\jsse.jar;C:\Program Files\Java\jdk1.8.0_121\jre\lib\management-agent.jar;C:\Program Files\Java\jdk1.8.0_121\jre\lib\plugin.jar;C:\Program Files\Java\jdk1.8.0_121\jre\lib\resources.jar;C:\Program Files\Java\jdk1.8.0_121\jre\lib\rt.jar;C:\Users\ricar\Desktop\MoveCode\KinectPV2-master\Build_libs\MoveOn\out\production\MoveOn;C:\Users\ricar\Desktop\MoveCode\KinectPV2-master\Build_libs\MoveOn\libs\kinectPV2\KinectPV2.jar;C:\Users\ricar\Desktop\MoveCode\KinectPV2-master\Build_libs\MoveOn\libs\p3.01\core.jar;C:\Users\ricar\Desktop\MoveCode\KinectPV2-master\Build_libs\MoveOn\libs\p3.01\jogl-all.jar;C:\Users\ricar\Desktop\MoveCode\KinectPV2-master\Build_libs\MoveOn\libs\p3.01\gluegen-rt.jar;C:\Users\ricar\Desktop\MoveCode\KinectPV2-master\Build_libs\MoveOn\libs\p3.01\jogl-all-natives-linux-i586.jar;C:\Users\ricar\Desktop\MoveCode\KinectPV2-master\Build_libs\MoveOn\libs\p3.01\jogl-
Launcher Type: SUN_STANDARD

Environment Variables:
PATH=C:\ProgramData\Oracle\Java\javapath;C:\Program Files (x86)\Intel\iCLS Client\;C:\Program Files\Intel\iCLS Client\;C:\Windows\system32;C:\Windows;C:\Windows\System32\Wbem;C:\Windows\System32\WindowsPowerShell\v1.0\;C:\Program Files (x86)\NVIDIA Corporation\PhysX\Common;C:\Program Files (x86)\Intel\Intel(R) Management Engine Components\DAL;C:\Program Files\Intel\Intel(R) Management Engine Components\DAL;C:\Program Files (x86)\Intel\Intel(R) Management Engine Components\IPT;C:\Program Files\Intel\Intel(R) Management Engine Components\IPT;C:\WINDOWS\system32;C:\WINDOWS;C:\WINDOWS\System32\Wbem;C:\WINDOWS\System32\WindowsPowerShell\v1.0\;C:\Program Files\Git\cmd;C:\;C:\Users\ricar\AppData\Local\Microsoft\WindowsApps;C:\Users\ricar\AppData\Roaming\npm
USERNAME=ricar
OS=Windows_NT
PROCESSOR_IDENTIFIER=Intel64 Family 6 Model 94 Stepping 3, GenuineIntel



---------------  S Y S T E M  ---------------

OS: Windows 10.0 , 64 bit Build 14393 (10.0.14393.1198)

CPU:total 4 (4 cores per cpu, 1 threads per core) family 6 model 94 stepping 3, cmov, cx8, fxsr, mmx, sse, sse2, sse3, ssse3, sse4.1, sse4.2, popcnt, avx, avx2, aes, clmul, erms, rtm, 3dnowpref, lzcnt, tsc, tscinvbit, bmi1, bmi2, adx

Memory: 4k page, physical 8285044k(2580080k free), swap 18266080k(10819756k free)

vm_info: Java HotSpot(TM) 64-Bit Server VM (25.121-b13) for windows-amd64 JRE (1.8.0_121-b13), built on Dec 12 2016 18:21:36 by "java_re" with MS VC++ 10.0 (VS2010)

time: Thu Aug 24 19:32:18 2017
elapsed time: 27 seconds (0d 0h 0m 27s)

