#
# A fatal error has been detected by the Java Runtime Environment:
#
#  EXCEPTION_ACCESS_VIOLATION (0xc0000005) at pc=0x00007ffba2b45520, pid=9376, tid=0x0000000000002300
#
# JRE version: Java(TM) SE Runtime Environment (8.0_121-b13) (build 1.8.0_121-b13)
# Java VM: Java HotSpot(TM) 64-Bit Server VM (25.121-b13 mixed mode windows-amd64 compressed oops)
# Problematic frame:
# C  [KinectPV2.dll+0x5520]
#
# Failed to write core dump. Minidumps are not enabled by default on client versions of Windows
#
# If you would like to submit a bug report, please visit:
#   http://bugreport.java.com/bugreport/crash.jsp
# The crash happened outside the Java Virtual Machine in native code.
# See problematic frame for where to report the bug.
#

---------------  T H R E A D  ---------------

Current thread (0x0000000019d28800):  JavaThread "main-FPSAWTAnimator#00-Timer0" [_thread_in_native, id=8960, stack(0x0000000021280000,0x0000000021380000)]

siginfo: ExceptionCode=0xc0000005, reading address 0xffffffffffffffff

Registers:
RAX=0x0000000000000001, RBX=0x0000000021509a00, RCX=0x73726573555c3a43, RDX=0x0000000000000000
RSP=0x000000002137e580, RBP=0x0000000000000000, RSI=0x0000000000000006, RDI=0x0000000021509c30
R8 =0x000000002137e228, R9 =0x0000000000008000, R10=0x0000000000000000, R11=0x000000002137e470
R12=0x0000000000000000, R13=0x000000001b249aa0, R14=0x000000002137e670, R15=0x0000000019d28800
RIP=0x00007ffba2b45520, EFLAGS=0x0000000000010202

Top of Stack: (sp=0x000000002137e580)
0x000000002137e580:   0000000021509a00 000000001b249aa0
0x000000002137e590:   0000000000000000 0000000019678990
0x000000002137e5a0:   0000000019678990 00007ffba2b4177a
0x000000002137e5b0:   000000002137e670 000000002137e650
0x000000002137e5c0:   0000000019d289f8 0000000019d28800
0x000000002137e5d0:   000000000283835d 0000000002847f74
0x000000002137e5e0:   000000001b249aa0 0000000019d28800
0x000000002137e5f0:   0000000019d28800 0000000019d28800
0x000000002137e600:   000000002137e6c8 0000000002847ca2
0x000000002137e610:   000000002137e610 000000001b249aa0
0x000000002137e620:   000000002137e670 000000001b24b738
0x000000002137e630:   0000000000000000 000000001b249aa0
0x000000002137e640:   0000000000000000 000000002137e670
0x000000002137e650:   000000002137e6b8 0000000002837b30
0x000000002137e660:   0000000000000000 00000000028419c0
0x000000002137e670:   000000008497b670 000000002137e678 

Instructions: (pc=0x00007ffba2b45520)
0x00007ffba2b45500:   89 6f d0 48 8b 0f 48 85 c9 74 09 48 8b 01 ff 50
0x00007ffba2b45510:   10 48 89 2f 48 8b 8f 90 00 00 00 48 85 c9 74 0d
0x00007ffba2b45520:   48 8b 01 ff 50 10 48 89 af 90 00 00 00 48 8b 4f
0x00007ffba2b45530:   30 48 85 c9 74 0a 48 8b 01 ff 50 10 48 89 6f 30 


Register to memory mapping:

RAX=0x0000000000000001 is an unknown value
RBX=0x0000000021509a00 is an unknown value
RCX=0x73726573555c3a43 is an unknown value
RDX=0x0000000000000000 is an unknown value
RSP=0x000000002137e580 is pointing into the stack for thread: 0x0000000019d28800
RBP=0x0000000000000000 is an unknown value
RSI=0x0000000000000006 is an unknown value
RDI=0x0000000021509c30 is an unknown value
R8 =0x000000002137e228 is pointing into the stack for thread: 0x0000000019d28800
R9 =0x0000000000008000 is an unknown value
R10=0x0000000000000000 is an unknown value
R11=0x000000002137e470 is pointing into the stack for thread: 0x0000000019d28800
R12=0x0000000000000000 is an unknown value
R13={method} {0x000000001b249aa8} 'jniStopSignal' '()Z' in 'KinectPV2/Device'
R14=0x000000002137e670 is pointing into the stack for thread: 0x0000000019d28800
R15=0x0000000019d28800 is a thread


Stack: [0x0000000021280000,0x0000000021380000],  sp=0x000000002137e580,  free space=1017k
Native frames: (J=compiled Java code, j=interpreted, Vv=VM code, C=native code)

Java frames: (J=compiled Java code, j=interpreted, Vv=VM code)
j  KinectPV2.Device.jniStopSignal()Z+0
j  KinectPV2.Device.cleanDevice()Z+1
j  KinectPV2.KinectPV2.dispose()V+10
v  ~StubRoutines::call_stub
j  sun.reflect.NativeMethodAccessorImpl.invoke0(Ljava/lang/reflect/Method;Ljava/lang/Object;[Ljava/lang/Object;)Ljava/lang/Object;+0
j  sun.reflect.NativeMethodAccessorImpl.invoke(Ljava/lang/Object;[Ljava/lang/Object;)Ljava/lang/Object;+100
j  sun.reflect.DelegatingMethodAccessorImpl.invoke(Ljava/lang/Object;[Ljava/lang/Object;)Ljava/lang/Object;+6
j  java.lang.reflect.Method.invoke(Ljava/lang/Object;[Ljava/lang/Object;)Ljava/lang/Object;+56
j  processing.core.PApplet$RegisteredMethods.handle([Ljava/lang/Object;)V+18
J 1422 C1 processing.core.PApplet.handleMethods(Ljava/lang/String;)V (21 bytes) @ 0x0000000002d3bedc [0x0000000002d3bc20+0x2bc]
j  processing.core.PApplet.dispose()V+35
j  processing.opengl.PSurfaceJOGL$DrawListener.display(Lcom/jogamp/opengl/GLAutoDrawable;)V+206
j  jogamp.opengl.GLDrawableHelper.displayImpl(Lcom/jogamp/opengl/GLAutoDrawable;)V+62
j  jogamp.opengl.GLDrawableHelper.display(Lcom/jogamp/opengl/GLAutoDrawable;)V+2
j  jogamp.opengl.GLAutoDrawableBase$2.run()V+59
j  jogamp.opengl.GLDrawableHelper.invokeGLImpl(Lcom/jogamp/opengl/GLDrawable;Lcom/jogamp/opengl/GLContext;Ljava/lang/Runnable;Ljava/lang/Runnable;)V+203
j  jogamp.opengl.GLDrawableHelper.invokeGL(Lcom/jogamp/opengl/GLDrawable;Lcom/jogamp/opengl/GLContext;Ljava/lang/Runnable;Ljava/lang/Runnable;)V+72
j  com.jogamp.newt.opengl.GLWindow.display()V+90
j  com.jogamp.opengl.util.AWTAnimatorImpl.display(Ljava/util/ArrayList;ZZ)V+68
j  com.jogamp.opengl.util.AnimatorBase.display()V+16
j  com.jogamp.opengl.util.FPSAnimator$MainTask.run()V+216
j  java.util.TimerThread.mainLoop()V+221
j  java.util.TimerThread.run()V+1
v  ~StubRoutines::call_stub

---------------  P R O C E S S  ---------------

Java Threads: ( => current thread )
  0x0000000000cfe800 JavaThread "DestroyJavaVM" [_thread_blocked, id=500, stack(0x0000000002630000,0x0000000002730000)]
=>0x0000000019d28800 JavaThread "main-FPSAWTAnimator#00-Timer0" [_thread_in_native, id=8960, stack(0x0000000021280000,0x0000000021380000)]
  0x0000000019d55000 JavaThread "HighResTimerThread" daemon [_thread_blocked, id=6068, stack(0x0000000021080000,0x0000000021180000)]
  0x00000000199ec000 JavaThread "main-SharedResourceRunner" daemon [_thread_blocked, id=13540, stack(0x000000001b270000,0x000000001b370000)]
  0x0000000019a40800 JavaThread "main-Display-.windows_nil-1-EDT-1" daemon [_thread_blocked, id=10916, stack(0x000000001ad70000,0x000000001ae70000)]
  0x0000000019645800 JavaThread "AWT-Windows" daemon [_thread_in_native, id=9924, stack(0x0000000019f80000,0x000000001a080000)]
  0x000000001963d800 JavaThread "Java2D Disposer" daemon [_thread_blocked, id=8532, stack(0x0000000019d80000,0x0000000019e80000)]
  0x0000000018ea8000 JavaThread "Monitor Ctrl-Break" daemon [_thread_in_native, id=8344, stack(0x00000000192f0000,0x00000000193f0000)]
  0x00000000173de000 JavaThread "Service Thread" daemon [_thread_blocked, id=8432, stack(0x00000000190f0000,0x00000000191f0000)]
  0x000000001738b800 JavaThread "C1 CompilerThread2" daemon [_thread_blocked, id=5340, stack(0x0000000018bf0000,0x0000000018cf0000)]
  0x0000000017382800 JavaThread "C2 CompilerThread1" daemon [_thread_blocked, id=11416, stack(0x0000000018af0000,0x0000000018bf0000)]
  0x0000000017380000 JavaThread "C2 CompilerThread0" daemon [_thread_blocked, id=13432, stack(0x00000000189f0000,0x0000000018af0000)]
  0x000000001737f000 JavaThread "Attach Listener" daemon [_thread_blocked, id=7952, stack(0x00000000188f0000,0x00000000189f0000)]
  0x000000001737c000 JavaThread "Signal Dispatcher" daemon [_thread_blocked, id=6188, stack(0x00000000187f0000,0x00000000188f0000)]
  0x000000000282d000 JavaThread "Finalizer" daemon [_thread_blocked, id=10732, stack(0x00000000185e0000,0x00000000186e0000)]
  0x0000000002822000 JavaThread "Reference Handler" daemon [_thread_blocked, id=10116, stack(0x00000000184e0000,0x00000000185e0000)]

Other Threads:
  0x0000000017347000 VMThread [stack: 0x00000000183e0000,0x00000000184e0000] [id=208]
  0x0000000018d47800 WatcherThread [stack: 0x00000000191f0000,0x00000000192f0000] [id=4432]

VM state:not at safepoint (normal execution)

VM Mutex/Monitor currently owned by a thread: None

Heap:
 PSYoungGen      total 257024K, used 184557K [0x00000000d5d80000, 0x00000000e8400000, 0x0000000100000000)
  eden space 224768K, 80% used [0x00000000d5d80000,0x00000000e0ef3450,0x00000000e3900000)
  from space 32256K, 8% used [0x00000000e6480000,0x00000000e6748060,0x00000000e8400000)
  to   space 38400K, 0% used [0x00000000e3900000,0x00000000e3900000,0x00000000e5e80000)
 ParOldGen       total 131584K, used 66282K [0x0000000081800000, 0x0000000089880000, 0x00000000d5d80000)
  object space 131584K, 50% used [0x0000000081800000,0x00000000858bab40,0x0000000089880000)
 Metaspace       used 17269K, capacity 17448K, committed 17792K, reserved 1064960K
  class space    used 1571K, capacity 1622K, committed 1664K, reserved 1048576K

Card table byte_map: [0x0000000011bf0000,0x0000000011ff0000] byte_map_base: 0x00000000117e4000

Marking Bits: (ParMarkBitMap*) 0x00000000763eb6d0
 Begin Bits: [0x00000000126a0000, 0x0000000014640000)
 End Bits:   [0x0000000014640000, 0x00000000165e0000)

Polling page: 0x0000000000c20000

CodeCache: size=245760Kb used=5976Kb max_used=5985Kb free=239783Kb
 bounds [0x0000000002830000, 0x0000000002e10000, 0x0000000011830000]
 total_blobs=2537 nmethods=1658 adapters=792
 compilation: enabled

Compilation events (10 events):
Event: 12.630 Thread 0x0000000017382800 1655       4       processing.opengl.PGraphicsOpenGL::vertex (11 bytes)
Event: 12.632 Thread 0x0000000017382800 nmethod 1655 0x0000000002e093d0 code [0x0000000002e09520, 0x0000000002e097a8]
Event: 12.938 Thread 0x0000000017380000 1656       4       java.nio.Bits::copyFromArray (70 bytes)
Event: 12.938 Thread 0x0000000017380000 nmethod 1656 0x0000000002e09150 code [0x0000000002e09280, 0x0000000002e09318]
Event: 12.956 Thread 0x000000001738b800 1657       1       com.jogamp.newt.event.NEWTEvent::getEventType (5 bytes)
Event: 12.956 Thread 0x000000001738b800 nmethod 1657 0x0000000002e08e90 code [0x0000000002e08fe0, 0x0000000002e090f0]
Event: 13.036 Thread 0x000000001738b800 1658       1       jogamp.common.util.locks.RecursiveLockImpl01Unfairish$SingleThreadSync::decrHoldCount (11 bytes)
Event: 13.037 Thread 0x000000001738b800 nmethod 1658 0x0000000002e08bd0 code [0x0000000002e08d20, 0x0000000002e08e30]
Event: 13.274 Thread 0x000000001738b800 1659       1       jogamp.newt.WindowImpl::getWindowHandle (5 bytes)
Event: 13.274 Thread 0x000000001738b800 nmethod 1659 0x0000000002e088d0 code [0x0000000002e08a20, 0x0000000002e08b30]

GC Heap History (10 events):
Event: 2.593 GC heap before
{Heap before GC invocations=5 (full 1):
 PSYoungGen      total 38400K, used 32680K [0x00000000d5d80000, 0x00000000da880000, 0x0000000100000000)
  eden space 33280K, 98% used [0x00000000d5d80000,0x00000000d7d6a0f0,0x00000000d7e00000)
  from space 5120K, 0% used [0x00000000d7e00000,0x00000000d7e00000,0x00000000d8300000)
  to   space 5120K, 0% used [0x00000000da380000,0x00000000da380000,0x00000000da880000)
 ParOldGen       total 131584K, used 54661K [0x0000000081800000, 0x0000000089880000, 0x00000000d5d80000)
  object space 131584K, 41% used [0x0000000081800000,0x0000000084d614c8,0x0000000089880000)
 Metaspace       used 15753K, capacity 16004K, committed 16128K, reserved 1064960K
  class space    used 1468K, capacity 1526K, committed 1536K, reserved 1048576K
Event: 2.597 GC heap after
Heap after GC invocations=5 (full 1):
 PSYoungGen      total 69632K, used 5112K [0x00000000d5d80000, 0x00000000da880000, 0x0000000100000000)
  eden space 64512K, 0% used [0x00000000d5d80000,0x00000000d5d80000,0x00000000d9c80000)
  from space 5120K, 99% used [0x00000000da380000,0x00000000da87e070,0x00000000da880000)
  to   space 5120K, 0% used [0x00000000d9e80000,0x00000000d9e80000,0x00000000da380000)
 ParOldGen       total 131584K, used 61135K [0x0000000081800000, 0x0000000089880000, 0x00000000d5d80000)
  object space 131584K, 46% used [0x0000000081800000,0x00000000853b3f88,0x0000000089880000)
 Metaspace       used 15753K, capacity 16004K, committed 16128K, reserved 1064960K
  class space    used 1468K, capacity 1526K, committed 1536K, reserved 1048576K
}
Event: 3.638 GC heap before
{Heap before GC invocations=6 (full 1):
 PSYoungGen      total 69632K, used 68914K [0x00000000d5d80000, 0x00000000da880000, 0x0000000100000000)
  eden space 64512K, 98% used [0x00000000d5d80000,0x00000000d9bce900,0x00000000d9c80000)
  from space 5120K, 99% used [0x00000000da380000,0x00000000da87e070,0x00000000da880000)
  to   space 5120K, 0% used [0x00000000d9e80000,0x00000000d9e80000,0x00000000da380000)
 ParOldGen       total 131584K, used 61135K [0x0000000081800000, 0x0000000089880000, 0x00000000d5d80000)
  object space 131584K, 46% used [0x0000000081800000,0x00000000853b3f88,0x0000000089880000)
 Metaspace       used 16973K, capacity 17128K, committed 17280K, reserved 1064960K
  class space    used 1571K, capacity 1622K, committed 1664K, reserved 1048576K
Event: 3.642 GC heap after
Heap after GC invocations=6 (full 1):
 PSYoungGen      total 71680K, used 5092K [0x00000000d5d80000, 0x00000000e2800000, 0x0000000100000000)
  eden space 66560K, 0% used [0x00000000d5d80000,0x00000000d5d80000,0x00000000d9e80000)
  from space 5120K, 99% used [0x00000000d9e80000,0x00000000da3790a0,0x00000000da380000)
  to   space 41984K, 0% used [0x00000000dff00000,0x00000000dff00000,0x00000000e2800000)
 ParOldGen       total 131584K, used 64030K [0x0000000081800000, 0x0000000089880000, 0x00000000d5d80000)
  object space 131584K, 48% used [0x0000000081800000,0x0000000085687bb0,0x0000000089880000)
 Metaspace       used 16973K, capacity 17128K, committed 17280K, reserved 1064960K
  class space    used 1571K, capacity 1622K, committed 1664K, reserved 1048576K
}
Event: 4.942 GC heap before
{Heap before GC invocations=7 (full 1):
 PSYoungGen      total 71680K, used 71085K [0x00000000d5d80000, 0x00000000e2800000, 0x0000000100000000)
  eden space 66560K, 99% used [0x00000000d5d80000,0x00000000d9df2588,0x00000000d9e80000)
  from space 5120K, 99% used [0x00000000d9e80000,0x00000000da3790a0,0x00000000da380000)
  to   space 41984K, 0% used [0x00000000dff00000,0x00000000dff00000,0x00000000e2800000)
 ParOldGen       total 131584K, used 64030K [0x0000000081800000, 0x0000000089880000, 0x00000000d5d80000)
  object space 131584K, 48% used [0x0000000081800000,0x0000000085687bb0,0x0000000089880000)
 Metaspace       used 17038K, capacity 17256K, committed 17536K, reserved 1064960K
  class space    used 1571K, capacity 1622K, committed 1664K, reserved 1048576K
Event: 4.944 GC heap after
Heap after GC invocations=7 (full 1):
 PSYoungGen      total 166400K, used 5076K [0x00000000d5d80000, 0x00000000e2800000, 0x0000000100000000)
  eden space 124416K, 0% used [0x00000000d5d80000,0x00000000d5d80000,0x00000000dd700000)
  from space 41984K, 12% used [0x00000000dff00000,0x00000000e03f5090,0x00000000e2800000)
  to   space 40960K, 0% used [0x00000000dd700000,0x00000000dd700000,0x00000000dff00000)
 ParOldGen       total 131584K, used 64038K [0x0000000081800000, 0x0000000089880000, 0x00000000d5d80000)
  object space 131584K, 48% used [0x0000000081800000,0x0000000085689bb0,0x0000000089880000)
 Metaspace       used 17038K, capacity 17256K, committed 17536K, reserved 1064960K
  class space    used 1571K, capacity 1622K, committed 1664K, reserved 1048576K
}
Event: 7.365 GC heap before
{Heap before GC invocations=8 (full 1):
 PSYoungGen      total 166400K, used 129283K [0x00000000d5d80000, 0x00000000e2800000, 0x0000000100000000)
  eden space 124416K, 99% used [0x00000000d5d80000,0x00000000dd6cbcd8,0x00000000dd700000)
  from space 41984K, 12% used [0x00000000dff00000,0x00000000e03f5090,0x00000000e2800000)
  to   space 40960K, 0% used [0x00000000dd700000,0x00000000dd700000,0x00000000dff00000)
 ParOldGen       total 131584K, used 64038K [0x0000000081800000, 0x0000000089880000, 0x00000000d5d80000)
  object space 131584K, 48% used [0x0000000081800000,0x0000000085689bb0,0x0000000089880000)
 Metaspace       used 17153K, capacity 17384K, committed 17536K, reserved 1064960K
  class space    used 1571K, capacity 1622K, committed 1664K, reserved 1048576K
Event: 7.368 GC heap after
Heap after GC invocations=8 (full 1):
 PSYoungGen      total 165376K, used 5076K [0x00000000d5d80000, 0x00000000e8b00000, 0x0000000100000000)
  eden space 124416K, 0% used [0x00000000d5d80000,0x00000000d5d80000,0x00000000dd700000)
  from space 40960K, 12% used [0x00000000dd700000,0x00000000ddbf5090,0x00000000dff00000)
  to   space 39424K, 0% used [0x00000000e6480000,0x00000000e6480000,0x00000000e8b00000)
 ParOldGen       total 131584K, used 64046K [0x0000000081800000, 0x0000000089880000, 0x00000000d5d80000)
  object space 131584K, 48% used [0x0000000081800000,0x000000008568bbb0,0x0000000089880000)
 Metaspace       used 17153K, capacity 17384K, committed 17536K, reserved 1064960K
  class space    used 1571K, capacity 1622K, committed 1664K, reserved 1048576K
}
Event: 9.832 GC heap before
{Heap before GC invocations=9 (full 1):
 PSYoungGen      total 165376K, used 129381K [0x00000000d5d80000, 0x00000000e8b00000, 0x0000000100000000)
  eden space 124416K, 99% used [0x00000000d5d80000,0x00000000dd6e44c8,0x00000000dd700000)
  from space 40960K, 12% used [0x00000000dd700000,0x00000000ddbf5090,0x00000000dff00000)
  to   space 39424K, 0% used [0x00000000e6480000,0x00000000e6480000,0x00000000e8b00000)
 ParOldGen       total 131584K, used 64046K [0x0000000081800000, 0x0000000089880000, 0x00000000d5d80000)
  object space 131584K, 48% used [0x0000000081800000,0x000000008568bbb0,0x0000000089880000)
 Metaspace       used 17192K, capacity 17384K, committed 17536K, reserved 1064960K
  class space    used 1571K, capacity 1622K, committed 1664K, reserved 1048576K
Event: 9.834 GC heap after
Heap after GC invocations=9 (full 1):
 PSYoungGen      total 257024K, used 2848K [0x00000000d5d80000, 0x00000000e8400000, 0x0000000100000000)
  eden space 224768K, 0% used [0x00000000d5d80000,0x00000000d5d80000,0x00000000e3900000)
  from space 32256K, 8% used [0x00000000e6480000,0x00000000e6748060,0x00000000e8400000)
  to   space 38400K, 0% used [0x00000000e3900000,0x00000000e3900000,0x00000000e5e80000)
 ParOldGen       total 131584K, used 66282K [0x0000000081800000, 0x0000000089880000, 0x00000000d5d80000)
  object space 131584K, 50% used [0x0000000081800000,0x00000000858bab40,0x0000000089880000)
 Metaspace       used 17192K, capacity 17384K, committed 17536K, reserved 1064960K
  class space    used 1571K, capacity 1622K, committed 1664K, reserved 1048576K
}

Deoptimization events (10 events):
Event: 1.149 Thread 0x0000000000cfe800 Uncommon trap: reason=unstable_if action=reinterpret pc=0x0000000002ac5c54 method=com.jogamp.opengl.util.PNGPixelRect.read(Ljava/io/InputStream;Lcom/jogamp/nativewindow/util/PixelFormat;ZIZ)Lcom/jogamp/opengl/util/PNGPixelRect; @ 967
Event: 2.213 Thread 0x0000000000cfe800 Uncommon trap: reason=unstable_if action=reinterpret pc=0x0000000002b5cb34 method=java.lang.reflect.AccessibleObject.setAccessible0(Ljava/lang/reflect/AccessibleObject;Z)V @ 4
Event: 2.216 Thread 0x0000000000cfe800 Uncommon trap: reason=unstable_if action=reinterpret pc=0x0000000002b5fb8c method=java.util.HashMap.containsKey(Ljava/lang/Object;)Z @ 9
Event: 2.421 Thread 0x0000000019d28800 Uncommon trap: reason=unstable_if action=reinterpret pc=0x0000000002b998c0 method=java.util.regex.Pattern$BitClass.isSatisfiedBy(I)Z @ 13
Event: 2.949 Thread 0x0000000019d28800 Uncommon trap: reason=class_check action=maybe_recompile pc=0x00000000029c53e8 method=java.lang.String.equals(Ljava/lang/Object;)Z @ 8
Event: 2.949 Thread 0x0000000019d28800 Uncommon trap: reason=class_check action=maybe_recompile pc=0x00000000029c53e8 method=java.lang.String.equals(Ljava/lang/Object;)Z @ 8
Event: 2.949 Thread 0x0000000019d28800 Uncommon trap: reason=class_check action=maybe_recompile pc=0x00000000029c53e8 method=java.lang.String.equals(Ljava/lang/Object;)Z @ 8
Event: 2.949 Thread 0x0000000019d28800 Uncommon trap: reason=class_check action=maybe_recompile pc=0x00000000029c53e8 method=java.lang.String.equals(Ljava/lang/Object;)Z @ 8
Event: 3.015 Thread 0x0000000019d28800 Uncommon trap: reason=predicate action=maybe_recompile pc=0x0000000002bc2388 method=java.util.regex.Pattern$Slice.match(Ljava/util/regex/Matcher;ILjava/lang/CharSequence;)Z @ 21
Event: 11.483 Thread 0x0000000019d28800 Uncommon trap: reason=unstable_if action=reinterpret pc=0x0000000002cfb3b8 method=processing.opengl.PGraphicsOpenGL.nonZero(F)Z @ 8

Internal exceptions (10 events):
Event: 0.037 Thread 0x0000000000cfe800 Exception <a 'java/lang/NoSuchMethodError': Method sun.misc.Unsafe.prefetchRead(Ljava/lang/Object;J)V name or signature does not match> (0x00000000d5d87f90) thrown at [C:\re\workspace\8-2-build-windows-amd64-cygwin\jdk8u121\8372\hotspot\src\share\vm\prims
Event: 0.153 Thread 0x0000000000cfe800 Exception <a 'java/security/PrivilegedActionException'> (0x00000000d60645b0) thrown at [C:\re\workspace\8-2-build-windows-amd64-cygwin\jdk8u121\8372\hotspot\src\share\vm\prims\jvm.cpp, line 1390]
Event: 0.153 Thread 0x0000000000cfe800 Exception <a 'java/security/PrivilegedActionException'> (0x00000000d60647c0) thrown at [C:\re\workspace\8-2-build-windows-amd64-cygwin\jdk8u121\8372\hotspot\src\share\vm\prims\jvm.cpp, line 1390]
Event: 0.154 Thread 0x0000000000cfe800 Exception <a 'java/security/PrivilegedActionException'> (0x00000000d60688b8) thrown at [C:\re\workspace\8-2-build-windows-amd64-cygwin\jdk8u121\8372\hotspot\src\share\vm\prims\jvm.cpp, line 1390]
Event: 0.154 Thread 0x0000000000cfe800 Exception <a 'java/security/PrivilegedActionException'> (0x00000000d6068ac8) thrown at [C:\re\workspace\8-2-build-windows-amd64-cygwin\jdk8u121\8372\hotspot\src\share\vm\prims\jvm.cpp, line 1390]
Event: 0.159 Thread 0x0000000000cfe800 Exception <a 'java/io/FileNotFoundException'> (0x00000000d60724f0) thrown at [C:\re\workspace\8-2-build-windows-amd64-cygwin\jdk8u121\8372\hotspot\src\share\vm\prims\jni.cpp, line 709]
Event: 0.193 Thread 0x0000000000cfe800 Exception <a 'java/lang/NoSuchFieldError': method resolution failed> (0x00000000d613f9a8) thrown at [C:\re\workspace\8-2-build-windows-amd64-cygwin\jdk8u121\8372\hotspot\src\share\vm\prims\methodHandles.cpp, line 1146]
Event: 0.195 Thread 0x0000000000cfe800 Exception <a 'java/lang/NoSuchFieldError': method resolution failed> (0x00000000d614cee0) thrown at [C:\re\workspace\8-2-build-windows-amd64-cygwin\jdk8u121\8372\hotspot\src\share\vm\prims\methodHandles.cpp, line 1146]
Event: 0.242 Thread 0x0000000000cfe800 Exception <a 'java/io/FileNotFoundException'> (0x00000000d61e97a0) thrown at [C:\re\workspace\8-2-build-windows-amd64-cygwin\jdk8u121\8372\hotspot\src\share\vm\prims\jni.cpp, line 709]
Event: 13.376 Thread 0x0000000019d27800 Exception <a 'java/lang/InterruptedException'> (0x00000000e0dda4e0) thrown at [C:\re\workspace\8-2-build-windows-amd64-cygwin\jdk8u121\8372\hotspot\src\share\vm\runtime\objectMonitor.cpp, line 1684]

Events (10 events):
Event: 4.942 Executing VM operation: ParallelGCFailedAllocation
Event: 4.945 Executing VM operation: ParallelGCFailedAllocation done
Event: 7.365 Executing VM operation: ParallelGCFailedAllocation
Event: 7.368 Executing VM operation: ParallelGCFailedAllocation done
Event: 9.832 Executing VM operation: ParallelGCFailedAllocation
Event: 9.834 Executing VM operation: ParallelGCFailedAllocation done
Event: 11.483 Thread 0x0000000019d28800 Uncommon trap: trap_request=0xffffff65 fr.pc=0x0000000002cfb3b8
Event: 11.483 Thread 0x0000000019d28800 DEOPT PACKING pc=0x0000000002cfb3b8 sp=0x000000002137ecc0
Event: 11.483 Thread 0x0000000019d28800 DEOPT UNPACKING pc=0x000000000287582a sp=0x000000002137ea68 mode 2
Event: 13.376 Thread 0x0000000019d27800 Thread exited: 0x0000000019d27800


Dynamic libraries:
0x00007ff63e1d0000 - 0x00007ff63e207000 	C:\Program Files\Java\jdk1.8.0_121\bin\java.exe
0x00007ffbb0fb0000 - 0x00007ffbb1182000 	C:\WINDOWS\SYSTEM32\ntdll.dll
0x00007ffbae570000 - 0x00007ffbae61c000 	C:\WINDOWS\System32\KERNEL32.DLL
0x00007ffbadd10000 - 0x00007ffbadf2d000 	C:\WINDOWS\System32\KERNELBASE.dll
0x00007ffbb0880000 - 0x00007ffbb0922000 	C:\WINDOWS\System32\ADVAPI32.dll
0x00007ffbb02f0000 - 0x00007ffbb038e000 	C:\WINDOWS\System32\msvcrt.dll
0x00007ffbb0660000 - 0x00007ffbb06b9000 	C:\WINDOWS\System32\sechost.dll
0x00007ffbae620000 - 0x00007ffbae741000 	C:\WINDOWS\System32\RPCRT4.dll
0x00007ffbb0060000 - 0x00007ffbb01c5000 	C:\WINDOWS\System32\USER32.dll
0x00007ffbae1f0000 - 0x00007ffbae20e000 	C:\WINDOWS\System32\win32u.dll
0x00007ffbb0390000 - 0x00007ffbb03c4000 	C:\WINDOWS\System32\GDI32.dll
0x00007ffbad4b0000 - 0x00007ffbad630000 	C:\WINDOWS\System32\gdi32full.dll
0x00007ffba7ca0000 - 0x00007ffba7f1a000 	C:\WINDOWS\WinSxS\amd64_microsoft.windows.common-controls_6595b64144ccf1df_6.0.14393.953_none_42151e83c686086b\COMCTL32.dll
0x00007ffbae7b0000 - 0x00007ffbaea78000 	C:\WINDOWS\System32\combase.dll
0x00007ffbae440000 - 0x00007ffbae535000 	C:\WINDOWS\System32\ucrtbase.dll
0x00007ffbadfe0000 - 0x00007ffbae04a000 	C:\WINDOWS\System32\bcryptPrimitives.dll
0x00007ffbae540000 - 0x00007ffbae56e000 	C:\WINDOWS\System32\IMM32.DLL
0x0000000072880000 - 0x0000000072952000 	C:\Program Files\Java\jdk1.8.0_121\jre\bin\msvcr100.dll
0x0000000075bd0000 - 0x000000007646b000 	C:\Program Files\Java\jdk1.8.0_121\jre\bin\server\jvm.dll
0x00007ffbb0ea0000 - 0x00007ffbb0ea8000 	C:\WINDOWS\System32\PSAPI.DLL
0x00007ffbab790000 - 0x00007ffbab7b3000 	C:\WINDOWS\SYSTEM32\WINMM.dll
0x00007ffba9850000 - 0x00007ffba985a000 	C:\WINDOWS\SYSTEM32\VERSION.dll
0x00007ffbaa530000 - 0x00007ffbaa539000 	C:\WINDOWS\SYSTEM32\WSOCK32.dll
0x00007ffbab6d0000 - 0x00007ffbab6fb000 	C:\WINDOWS\SYSTEM32\WINMMBASE.dll
0x00007ffbb0280000 - 0x00007ffbb02ea000 	C:\WINDOWS\System32\WS2_32.dll
0x00007ffbae100000 - 0x00007ffbae142000 	C:\WINDOWS\System32\cfgmgr32.dll
0x0000000075ae0000 - 0x0000000075aef000 	C:\Program Files\Java\jdk1.8.0_121\jre\bin\verify.dll
0x0000000075ab0000 - 0x0000000075ad9000 	C:\Program Files\Java\jdk1.8.0_121\jre\bin\java.dll
0x0000000075a90000 - 0x0000000075aa6000 	C:\Program Files\Java\jdk1.8.0_121\jre\bin\zip.dll
0x00007ffbaea90000 - 0x00007ffbaff98000 	C:\WINDOWS\System32\SHELL32.dll
0x00007ffbad630000 - 0x00007ffbadd0a000 	C:\WINDOWS\System32\windows.storage.dll
0x00007ffbad450000 - 0x00007ffbad49c000 	C:\WINDOWS\System32\powrprof.dll
0x00007ffbb0530000 - 0x00007ffbb0582000 	C:\WINDOWS\System32\shlwapi.dll
0x00007ffbad4a0000 - 0x00007ffbad4af000 	C:\WINDOWS\System32\kernel.appcore.dll
0x00007ffbadf30000 - 0x00007ffbadfd9000 	C:\WINDOWS\System32\shcore.dll
0x00007ffbad420000 - 0x00007ffbad434000 	C:\WINDOWS\System32\profapi.dll
0x00007ffbaa750000 - 0x00007ffbaa760000 	C:\Program Files (x86)\JetBrains\IntelliJ IDEA 2016.3.4\bin\breakgen64.dll
0x0000000075880000 - 0x000000007589a000 	C:\Program Files\Java\jdk1.8.0_121\jre\bin\net.dll
0x00007ffbaccf0000 - 0x00007ffbacd4c000 	C:\WINDOWS\system32\mswsock.dll
0x00000000758f0000 - 0x0000000075a88000 	C:\Program Files\Java\jdk1.8.0_121\jre\bin\awt.dll
0x00007ffbaffa0000 - 0x00007ffbb005f000 	C:\WINDOWS\System32\OLEAUT32.dll
0x00007ffbae150000 - 0x00007ffbae1ec000 	C:\WINDOWS\System32\msvcp_win.dll
0x00007ffbabac0000 - 0x00007ffbabb3a000 	C:\WINDOWS\SYSTEM32\apphelp.dll
0x00007ffbabc20000 - 0x00007ffbabcb5000 	C:\WINDOWS\system32\uxtheme.dll
0x00007ffbb03d0000 - 0x00007ffbb052a000 	C:\WINDOWS\System32\MSCTF.dll
0x00007ffbaa9c0000 - 0x00007ffbaa9e6000 	C:\WINDOWS\system32\dwmapi.dll
0x00007ffbb0d60000 - 0x00007ffbb0e98000 	C:\WINDOWS\System32\ole32.dll
0x00007ffb9d9f0000 - 0x00007ffb9db13000 	C:\WINDOWS\system32\opengl32.dll
0x00007ffba7fa0000 - 0x00007ffba7fcd000 	C:\WINDOWS\SYSTEM32\GLU32.dll
0x00007ffb9d5f0000 - 0x00007ffb9d6e7000 	C:\WINDOWS\SYSTEM32\DDRAW.dll
0x00007ffbaaf40000 - 0x00007ffbaaf48000 	C:\WINDOWS\SYSTEM32\DCIMAN32.dll
0x00007ffbacea0000 - 0x00007ffbaceb7000 	C:\WINDOWS\SYSTEM32\CRYPTSP.dll
0x00007ffbac8f0000 - 0x00007ffbac923000 	C:\WINDOWS\system32\rsaenh.dll
0x00007ffbad360000 - 0x00007ffbad38b000 	C:\WINDOWS\SYSTEM32\bcrypt.dll
0x00007ffbacb70000 - 0x00007ffbacb8f000 	C:\WINDOWS\SYSTEM32\USERENV.dll
0x00007ffbace90000 - 0x00007ffbace9b000 	C:\WINDOWS\SYSTEM32\CRYPTBASE.dll
0x00007ffbaca70000 - 0x00007ffbacaa8000 	C:\WINDOWS\SYSTEM32\IPHLPAPI.DLL
0x00007ffbb0270000 - 0x00007ffbb0278000 	C:\WINDOWS\System32\NSI.dll
0x00007ffba3920000 - 0x00007ffba3936000 	C:\WINDOWS\SYSTEM32\dhcpcsvc6.DLL
0x00007ffba3f40000 - 0x00007ffba3f5a000 	C:\WINDOWS\SYSTEM32\dhcpcsvc.DLL
0x0000000075860000 - 0x0000000075871000 	C:\Program Files\Java\jdk1.8.0_121\jre\bin\nio.dll
0x00000000637c0000 - 0x00000000637cd000 	C:\Users\ricar\AppData\Local\Temp\jogamp_0000\file_cache\jln930989726211445141\jln5188947362042122432\natives\windows-amd64\gluegen-rt.dll
0x0000000075770000 - 0x0000000075777000 	C:\Program Files\Java\jdk1.8.0_121\jre\bin\jawt.dll
0x000000006a440000 - 0x000000006a44d000 	C:\Users\ricar\AppData\Local\Temp\jogamp_0000\file_cache\jln930989726211445141\jln5188947362042122432\natives\windows-amd64\nativewindow_awt.dll
0x000000006c100000 - 0x000000006c10f000 	C:\Users\ricar\AppData\Local\Temp\jogamp_0000\file_cache\jln930989726211445141\jln5188947362042122432\natives\windows-amd64\nativewindow_win32.dll
0x000000006cbc0000 - 0x000000006cbd3000 	C:\Users\ricar\AppData\Local\Temp\jogamp_0000\file_cache\jln930989726211445141\jln5188947362042122432\natives\windows-amd64\newt.dll
0x00007ffba9380000 - 0x00007ffba9411000 	C:\WINDOWS\SYSTEM32\mscms.dll
0x00007ffb98890000 - 0x00007ffb988d2000 	C:\WINDOWS\SYSTEM32\icm32.dll
0x00007ffbb0930000 - 0x00007ffbb0d59000 	C:\WINDOWS\System32\setupapi.dll
0x00007ffbabf80000 - 0x00007ffbabfa8000 	C:\WINDOWS\SYSTEM32\DEVOBJ.dll
0x00007ffbae3e0000 - 0x00007ffbae435000 	C:\WINDOWS\System32\WINTRUST.dll
0x00007ffbad440000 - 0x00007ffbad450000 	C:\WINDOWS\System32\MSASN1.dll
0x00007ffbae210000 - 0x00007ffbae3d9000 	C:\WINDOWS\System32\CRYPT32.dll
0x0000000064500000 - 0x00000000645b1000 	C:\Users\ricar\AppData\Local\Temp\jogamp_0000\file_cache\jln930989726211445141\jln5188947362042122432\natives\windows-amd64\jogl_desktop.dll
0x0000000064340000 - 0x00000000643a2000 	C:\Users\ricar\AppData\Local\Temp\jogamp_0000\file_cache\jln930989726211445141\jln5188947362042122432\natives\windows-amd64\jogl_mobile.dll
0x0000000072990000 - 0x0000000074ae0000 	C:\WINDOWS\SYSTEM32\nvoglv64.DLL
0x00007ffbaa6e0000 - 0x00007ffbaa6f3000 	C:\WINDOWS\SYSTEM32\WTSAPI32.dll
0x00007ffbac7c0000 - 0x00007ffbac7f2000 	C:\WINDOWS\SYSTEM32\ntmarta.dll
0x00007ffbad300000 - 0x00007ffbad356000 	C:\WINDOWS\SYSTEM32\WINSTA.dll
0x00007ffb95910000 - 0x00007ffb95aac000 	C:\Users\ricar\Desktop\MoveCode\KinectPV2-master\Build_libs\MoveOn\libs\kinectPV2\Kinect20.Face.dll
0x00007ffb9d2c0000 - 0x00007ffb9d367000 	C:\WINDOWS\SYSTEM32\MSVCP110.dll
0x00007ffba0fe0000 - 0x00007ffba10b4000 	C:\WINDOWS\SYSTEM32\MSVCR110.dll
0x00007ffba2b40000 - 0x00007ffba2b51000 	C:\Users\ricar\Desktop\MoveCode\KinectPV2-master\Build_libs\MoveOn\libs\kinectPV2\KinectPV2.dll
0x00007ffb97840000 - 0x00007ffb978fb000 	C:\WINDOWS\SYSTEM32\Kinect20.dll
0x00007ffba2bf0000 - 0x00007ffba2d58000 	C:\WINDOWS\SYSTEM32\MFPlat.DLL
0x00007ffbab920000 - 0x00007ffbab94e000 	C:\WINDOWS\SYSTEM32\RTWorkQ.DLL
0x00007ffbac3a0000 - 0x00007ffbac43f000 	C:\WINDOWS\system32\dxgi.dll
0x00007ffbaa9f0000 - 0x00007ffbaaca6000 	C:\WINDOWS\system32\d3d11.dll
0x00007ffb799e0000 - 0x00007ffb7b111000 	C:\WINDOWS\System32\DriverStore\FileRepository\nvami.inf_amd64_11a67240324f74de\nvwgf2umx.dll
0x00007ffba78a0000 - 0x00007ffba7c9b000 	C:\WINDOWS\system32\nvapi64.dll
0x00000000758a0000 - 0x00000000758e7000 	C:\Program Files\Java\jdk1.8.0_121\jre\bin\fontmanager.dll
0x0000000075790000 - 0x00000000757d2000 	C:\Program Files\Java\jdk1.8.0_121\jre\bin\t2k.dll
0x00007ffba9e30000 - 0x00007ffba9fc2000 	C:\WINDOWS\SYSTEM32\dbghelp.dll

VM Arguments:
jvm_args: -Djava.library.path=C:\Users\ricar\Desktop\MoveCode\KinectPV2-master\Build_libs\MoveOn\libs\kinectPV2 -Didea.launcher.port=7534 -Didea.launcher.bin.path=C:\Program Files (x86)\JetBrains\IntelliJ IDEA 2016.3.4\bin -Dfile.encoding=UTF-8 
java_command: com.intellij.rt.execution.application.AppMain SkeletonDepthTest
java_class_path (initial): C:\Program Files\Java\jdk1.8.0_121\jre\lib\charsets.jar;C:\Program Files\Java\jdk1.8.0_121\jre\lib\deploy.jar;C:\Program Files\Java\jdk1.8.0_121\jre\lib\ext\access-bridge-64.jar;C:\Program Files\Java\jdk1.8.0_121\jre\lib\ext\cldrdata.jar;C:\Program Files\Java\jdk1.8.0_121\jre\lib\ext\dnsns.jar;C:\Program Files\Java\jdk1.8.0_121\jre\lib\ext\jaccess.jar;C:\Program Files\Java\jdk1.8.0_121\jre\lib\ext\jfxrt.jar;C:\Program Files\Java\jdk1.8.0_121\jre\lib\ext\localedata.jar;C:\Program Files\Java\jdk1.8.0_121\jre\lib\ext\nashorn.jar;C:\Program Files\Java\jdk1.8.0_121\jre\lib\ext\sunec.jar;C:\Program Files\Java\jdk1.8.0_121\jre\lib\ext\sunjce_provider.jar;C:\Program Files\Java\jdk1.8.0_121\jre\lib\ext\sunmscapi.jar;C:\Program Files\Java\jdk1.8.0_121\jre\lib\ext\sunpkcs11.jar;C:\Program Files\Java\jdk1.8.0_121\jre\lib\ext\zipfs.jar;C:\Program Files\Java\jdk1.8.0_121\jre\lib\javaws.jar;C:\Program Files\Java\jdk1.8.0_121\jre\lib\jce.jar;C:\Program Files\Java\jdk1.8.0_121\jre\lib\jfr.jar;C:\Program Files\Java\jdk1.8.0_121\jre\lib\jfxswt.jar;C:\Program Files\Java\jdk1.8.0_121\jre\lib\jsse.jar;C:\Program Files\Java\jdk1.8.0_121\jre\lib\management-agent.jar;C:\Program Files\Java\jdk1.8.0_121\jre\lib\plugin.jar;C:\Program Files\Java\jdk1.8.0_121\jre\lib\resources.jar;C:\Program Files\Java\jdk1.8.0_121\jre\lib\rt.jar;C:\Users\ricar\Desktop\MoveCode\KinectPV2-master\Build_libs\MoveOn\out\production\MoveOn;C:\Users\ricar\Desktop\MoveCode\KinectPV2-master\Build_libs\MoveOn\libs\kinectPV2\KinectPV2.jar;C:\Users\ricar\Desktop\MoveCode\KinectPV2-master\Build_libs\MoveOn\libs\p3.01\core.jar;C:\Users\ricar\Desktop\MoveCode\KinectPV2-master\Build_libs\MoveOn\libs\p3.01\jogl-all.jar;C:\Users\ricar\Desktop\MoveCode\KinectPV2-master\Build_libs\MoveOn\libs\p3.01\gluegen-rt.jar;C:\Users\ricar\Desktop\MoveCode\KinectPV2-master\Build_libs\MoveOn\libs\p3.01\jogl-all-natives-linux-i586.jar;C:\Users\ricar\Desktop\MoveCode\KinectPV2-master\Build_libs\MoveOn\libs\p3.01\jogl-
Launcher Type: SUN_STANDARD

Environment Variables:
PATH=C:\ProgramData\Oracle\Java\javapath;C:\Program Files (x86)\Intel\iCLS Client\;C:\Program Files\Intel\iCLS Client\;C:\Windows\system32;C:\Windows;C:\Windows\System32\Wbem;C:\Windows\System32\WindowsPowerShell\v1.0\;C:\Program Files (x86)\NVIDIA Corporation\PhysX\Common;C:\Program Files (x86)\Intel\Intel(R) Management Engine Components\DAL;C:\Program Files\Intel\Intel(R) Management Engine Components\DAL;C:\Program Files (x86)\Intel\Intel(R) Management Engine Components\IPT;C:\Program Files\Intel\Intel(R) Management Engine Components\IPT;C:\WINDOWS\system32;C:\WINDOWS;C:\WINDOWS\System32\Wbem;C:\WINDOWS\System32\WindowsPowerShell\v1.0\;C:\Program Files\Git\cmd;C:\;C:\Users\ricar\AppData\Local\Microsoft\WindowsApps;C:\Users\ricar\AppData\Roaming\npm
USERNAME=ricar
OS=Windows_NT
PROCESSOR_IDENTIFIER=Intel64 Family 6 Model 94 Stepping 3, GenuineIntel



---------------  S Y S T E M  ---------------

OS: Windows 10.0 , 64 bit Build 14393 (10.0.14393.1198)

CPU:total 4 (4 cores per cpu, 1 threads per core) family 6 model 94 stepping 3, cmov, cx8, fxsr, mmx, sse, sse2, sse3, ssse3, sse4.1, sse4.2, popcnt, avx, avx2, aes, clmul, erms, rtm, 3dnowpref, lzcnt, tsc, tscinvbit, bmi1, bmi2, adx

Memory: 4k page, physical 8285044k(3309884k free), swap 18266080k(11115204k free)

vm_info: Java HotSpot(TM) 64-Bit Server VM (25.121-b13) for windows-amd64 JRE (1.8.0_121-b13), built on Dec 12 2016 18:21:36 by "java_re" with MS VC++ 10.0 (VS2010)

time: Thu Aug 24 16:06:46 2017
elapsed time: 13 seconds (0d 0h 0m 13s)

