#
# A fatal error has been detected by the Java Runtime Environment:
#
#  EXCEPTION_ACCESS_VIOLATION (0xc0000005) at pc=0x00007ffba1f85520, pid=10316, tid=0x0000000000002e10
#
# JRE version: Java(TM) SE Runtime Environment (8.0_121-b13) (build 1.8.0_121-b13)
# Java VM: Java HotSpot(TM) 64-Bit Server VM (25.121-b13 mixed mode windows-amd64 compressed oops)
# Problematic frame:
# C  [KinectPV2.dll+0x5520]
#
# Failed to write core dump. Minidumps are not enabled by default on client versions of Windows
#
# If you would like to submit a bug report, please visit:
#   http://bugreport.java.com/bugreport/crash.jsp
# The crash happened outside the Java Virtual Machine in native code.
# See problematic frame for where to report the bug.
#

---------------  T H R E A D  ---------------

Current thread (0x00000000203f4000):  JavaThread "main-FPSAWTAnimator#00-Timer0" [_thread_in_native, id=11792, stack(0x0000000021590000,0x0000000021690000)]

siginfo: ExceptionCode=0xc0000005, reading address 0xffffffffffffffff

Registers:
RAX=0x0000000000000001, RBX=0x000000002180d290, RCX=0x6150656c75646f4d, RDX=0x0000000000000000
RSP=0x000000002168df00, RBP=0x0000000000000000, RSI=0x0000000000000006, RDI=0x000000002180d4c0
R8 =0x000000002168dba8, R9 =0x0000000000008000, R10=0x0000000000000000, R11=0x000000002168ddf0
R12=0x0000000000000000, R13=0x000000001b579590, R14=0x000000002168dff0, R15=0x00000000203f4000
RIP=0x00007ffba1f85520, EFLAGS=0x0000000000010206

Top of Stack: (sp=0x000000002168df00)
0x000000002168df00:   000000002180d290 000000001b579590
0x000000002168df10:   0000000000000000 0000000019ad0980
0x000000002168df20:   0000000019ad0980 00007ffba1f8177a
0x000000002168df30:   000000002168dff0 000000002168dfd0
0x000000002168df40:   00000000203f41f8 00000000203f4000
0x000000002168df50:   0000000002ba835d 0000000002bb7f74
0x000000002168df60:   000000001b579590 00000000203f4000
0x000000002168df70:   00000000203f4000 00000000203f4000
0x000000002168df80:   000000002168e048 0000000002bb7ca2
0x000000002168df90:   000000002168df90 000000001b579590
0x000000002168dfa0:   000000002168dff0 000000001b57b228
0x000000002168dfb0:   0000000000000000 000000001b579590
0x000000002168dfc0:   0000000000000000 000000002168dff0
0x000000002168dfd0:   000000002168e038 0000000002ba7b30
0x000000002168dfe0:   0000000000000000 0000000002bb19c0
0x000000002168dff0:   00000000849628c0 000000002168dff8 

Instructions: (pc=0x00007ffba1f85520)
0x00007ffba1f85500:   89 6f d0 48 8b 0f 48 85 c9 74 09 48 8b 01 ff 50
0x00007ffba1f85510:   10 48 89 2f 48 8b 8f 90 00 00 00 48 85 c9 74 0d
0x00007ffba1f85520:   48 8b 01 ff 50 10 48 89 af 90 00 00 00 48 8b 4f
0x00007ffba1f85530:   30 48 85 c9 74 0a 48 8b 01 ff 50 10 48 89 6f 30 


Register to memory mapping:

RAX=0x0000000000000001 is an unknown value
RBX=0x000000002180d290 is an unknown value
RCX=0x6150656c75646f4d is an unknown value
RDX=0x0000000000000000 is an unknown value
RSP=0x000000002168df00 is pointing into the stack for thread: 0x00000000203f4000
RBP=0x0000000000000000 is an unknown value
RSI=0x0000000000000006 is an unknown value
RDI=0x000000002180d4c0 is an unknown value
R8 =0x000000002168dba8 is pointing into the stack for thread: 0x00000000203f4000
R9 =0x0000000000008000 is an unknown value
R10=0x0000000000000000 is an unknown value
R11=0x000000002168ddf0 is pointing into the stack for thread: 0x00000000203f4000
R12=0x0000000000000000 is an unknown value
R13={method} {0x000000001b579598} 'jniStopSignal' '()Z' in 'KinectPV2/Device'
R14=0x000000002168dff0 is pointing into the stack for thread: 0x00000000203f4000
R15=0x00000000203f4000 is a thread


Stack: [0x0000000021590000,0x0000000021690000],  sp=0x000000002168df00,  free space=1015k
Native frames: (J=compiled Java code, j=interpreted, Vv=VM code, C=native code)

Java frames: (J=compiled Java code, j=interpreted, Vv=VM code)
j  KinectPV2.Device.jniStopSignal()Z+0
j  KinectPV2.Device.cleanDevice()Z+1
j  KinectPV2.KinectPV2.dispose()V+10
v  ~StubRoutines::call_stub
j  sun.reflect.NativeMethodAccessorImpl.invoke0(Ljava/lang/reflect/Method;Ljava/lang/Object;[Ljava/lang/Object;)Ljava/lang/Object;+0
j  sun.reflect.NativeMethodAccessorImpl.invoke(Ljava/lang/Object;[Ljava/lang/Object;)Ljava/lang/Object;+100
j  sun.reflect.DelegatingMethodAccessorImpl.invoke(Ljava/lang/Object;[Ljava/lang/Object;)Ljava/lang/Object;+6
j  java.lang.reflect.Method.invoke(Ljava/lang/Object;[Ljava/lang/Object;)Ljava/lang/Object;+56
j  processing.core.PApplet$RegisteredMethods.handle([Ljava/lang/Object;)V+18
J 982 C1 processing.core.PApplet.handleMethods(Ljava/lang/String;)V (21 bytes) @ 0x0000000002f7c79c [0x0000000002f7c4e0+0x2bc]
j  processing.core.PApplet.dispose()V+35
J 1434 C1 processing.opengl.PSurfaceJOGL$DrawListener.display(Lcom/jogamp/opengl/GLAutoDrawable;)V (220 bytes) @ 0x0000000003114724 [0x0000000003113ba0+0xb84]
J 1433 C1 jogamp.opengl.GLDrawableHelper.displayImpl(Lcom/jogamp/opengl/GLAutoDrawable;)V (86 bytes) @ 0x0000000003112734 [0x0000000003111e20+0x914]
J 1391 C1 jogamp.opengl.GLAutoDrawableBase$2.run()V (73 bytes) @ 0x00000000030edcbc [0x00000000030ed8e0+0x3dc]
J 1389 C1 jogamp.opengl.GLDrawableHelper.invokeGLImpl(Lcom/jogamp/opengl/GLDrawable;Lcom/jogamp/opengl/GLContext;Ljava/lang/Runnable;Ljava/lang/Runnable;)V (579 bytes) @ 0x00000000030e692c [0x00000000030e5ae0+0xe4c]
J 1420 C1 jogamp.opengl.GLDrawableHelper.invokeGL(Lcom/jogamp/opengl/GLDrawable;Lcom/jogamp/opengl/GLContext;Ljava/lang/Runnable;Ljava/lang/Runnable;)V (76 bytes) @ 0x0000000003108fc4 [0x0000000003108f00+0xc4]
J 1384 C1 com.jogamp.newt.opengl.GLWindow.display()V (144 bytes) @ 0x00000000030d01c4 [0x00000000030cf8c0+0x904]
J 1383 C1 com.jogamp.opengl.util.AWTAnimatorImpl.display(Ljava/util/ArrayList;ZZ)V (170 bytes) @ 0x00000000030c87ec [0x00000000030c8100+0x6ec]
J 1381 C1 com.jogamp.opengl.util.FPSAnimator$MainTask.run()V (805 bytes) @ 0x00000000030cb484 [0x00000000030ca740+0xd44]
j  java.util.TimerThread.mainLoop()V+221
j  java.util.TimerThread.run()V+1
v  ~StubRoutines::call_stub

---------------  P R O C E S S  ---------------

Java Threads: ( => current thread )
  0x0000000019e06000 JavaThread "Thread-5" [_thread_blocked, id=3936, stack(0x000000002fc00000,0x000000002fd00000)]
  0x00000000028be800 JavaThread "DestroyJavaVM" [_thread_blocked, id=5928, stack(0x00000000029a0000,0x0000000002aa0000)]
=>0x00000000203f4000 JavaThread "main-FPSAWTAnimator#00-Timer0" [_thread_in_native, id=11792, stack(0x0000000021590000,0x0000000021690000)]
  0x0000000019e48800 JavaThread "HighResTimerThread" daemon [_thread_blocked, id=3348, stack(0x0000000021390000,0x0000000021490000)]
  0x000000001a13f000 JavaThread "main-SharedResourceRunner" daemon [_thread_blocked, id=6816, stack(0x000000001b5a0000,0x000000001b6a0000)]
  0x0000000019e09000 JavaThread "main-Display-.windows_nil-1-EDT-1" daemon [_thread_blocked, id=2420, stack(0x000000001b0a0000,0x000000001b1a0000)]
  0x0000000019ab5800 JavaThread "AWT-Windows" daemon [_thread_in_native, id=4652, stack(0x000000001a3c0000,0x000000001a4c0000)]
  0x0000000019ab3000 JavaThread "Java2D Disposer" daemon [_thread_blocked, id=8848, stack(0x000000001a1c0000,0x000000001a2c0000)]
  0x00000000192f9000 JavaThread "Monitor Ctrl-Break" daemon [_thread_in_native, id=2220, stack(0x0000000019690000,0x0000000019790000)]
  0x00000000190b8800 JavaThread "Service Thread" daemon [_thread_blocked, id=5012, stack(0x0000000019490000,0x0000000019590000)]
  0x00000000176fa800 JavaThread "C1 CompilerThread2" daemon [_thread_blocked, id=13840, stack(0x0000000018f90000,0x0000000019090000)]
  0x00000000176f1800 JavaThread "C2 CompilerThread1" daemon [_thread_blocked, id=9224, stack(0x0000000018e90000,0x0000000018f90000)]
  0x00000000176ee800 JavaThread "C2 CompilerThread0" daemon [_thread_blocked, id=6812, stack(0x0000000018d90000,0x0000000018e90000)]
  0x00000000176ed000 JavaThread "Attach Listener" daemon [_thread_blocked, id=7656, stack(0x0000000018c90000,0x0000000018d90000)]
  0x00000000176ec000 JavaThread "Signal Dispatcher" daemon [_thread_blocked, id=8344, stack(0x0000000018b90000,0x0000000018c90000)]
  0x0000000002b97800 JavaThread "Finalizer" daemon [_thread_blocked, id=11244, stack(0x0000000018980000,0x0000000018a80000)]
  0x0000000002b92000 JavaThread "Reference Handler" daemon [_thread_blocked, id=3924, stack(0x0000000018880000,0x0000000018980000)]

Other Threads:
  0x00000000176b7000 VMThread [stack: 0x0000000018780000,0x0000000018880000] [id=6104]
  0x00000000190dd000 WatcherThread [stack: 0x0000000019590000,0x0000000019690000] [id=13948]

VM state:not at safepoint (normal execution)

VM Mutex/Monitor currently owned by a thread: None

Heap:
 PSYoungGen      total 481792K, used 90684K [0x00000000d5d80000, 0x00000000fde80000, 0x0000000100000000)
  eden space 446976K, 20% used [0x00000000d5d80000,0x00000000db5f7330,0x00000000f1200000)
  from space 34816K, 0% used [0x00000000f1200000,0x00000000f1218000,0x00000000f3400000)
  to   space 33280K, 0% used [0x00000000fbe00000,0x00000000fbe00000,0x00000000fde80000)
 ParOldGen       total 131584K, used 68286K [0x0000000081800000, 0x0000000089880000, 0x00000000d5d80000)
  object space 131584K, 51% used [0x0000000081800000,0x0000000085aaf930,0x0000000089880000)
 Metaspace       used 16270K, capacity 16452K, committed 16640K, reserved 1064960K
  class space    used 1469K, capacity 1526K, committed 1536K, reserved 1048576K

Card table byte_map: [0x0000000011f60000,0x0000000012360000] byte_map_base: 0x0000000011b54000

Marking Bits: (ParMarkBitMap*) 0x00000000763eb6d0
 Begin Bits: [0x0000000012a10000, 0x00000000149b0000)
 End Bits:   [0x00000000149b0000, 0x0000000016950000)

Polling page: 0x0000000002800000

CodeCache: size=245760Kb used=5742Kb max_used=5750Kb free=240017Kb
 bounds [0x0000000002ba0000, 0x0000000003150000, 0x0000000011ba0000]
 total_blobs=2324 nmethods=1494 adapters=743
 compilation: enabled

Compilation events (10 events):
Event: 17.029 Thread 0x00000000176f1800 1491       4       KinectPV2.KSkeleton::createSkeletonData (298 bytes)
Event: 17.033 Thread 0x00000000176f1800 nmethod 1491 0x000000000313e790 code [0x000000000313e900, 0x000000000313ec18]
Event: 17.144 Thread 0x00000000176ee800 1492   !   4       jogamp.common.util.locks.RecursiveLockImpl01Unfairish::validateLocked (147 bytes)
Event: 17.146 Thread 0x00000000176ee800 nmethod 1492 0x000000000313e210 code [0x000000000313e360, 0x000000000313e658]
Event: 18.079 Thread 0x00000000176f1800 1493       4       java.util.HashMap$Values::iterator (12 bytes)
Event: 18.081 Thread 0x00000000176f1800 nmethod 1493 0x0000000003139490 code [0x00000000031395e0, 0x00000000031396f8]
Event: 21.208 Thread 0x00000000176fa800 1494       1       com.jogamp.newt.event.NEWTEvent::getEventType (5 bytes)
Event: 21.208 Thread 0x00000000176fa800 nmethod 1494 0x000000000313da50 code [0x000000000313dba0, 0x000000000313dcb0]
Event: 21.741 Thread 0x00000000176fa800 1495       1       java.util.TaskQueue::getMin (7 bytes)
Event: 21.741 Thread 0x00000000176fa800 nmethod 1495 0x000000000313d710 code [0x000000000313d860, 0x000000000313d990]

GC Heap History (10 events):
Event: 8.218 GC heap before
{Heap before GC invocations=10 (full 1):
 PSYoungGen      total 262144K, used 229942K [0x00000000d5d80000, 0x00000000e8880000, 0x0000000100000000)
  eden space 228352K, 99% used [0x00000000d5d80000,0x00000000e3c01a40,0x00000000e3c80000)
  from space 33792K, 6% used [0x00000000e6780000,0x00000000e698c060,0x00000000e8880000)
  to   space 38912K, 0% used [0x00000000e3c80000,0x00000000e3c80000,0x00000000e6280000)
 ParOldGen       total 131584K, used 66198K [0x0000000081800000, 0x0000000089880000, 0x00000000d5d80000)
  object space 131584K, 50% used [0x0000000081800000,0x00000000858a5840,0x0000000089880000)
 Metaspace       used 16149K, capacity 16324K, committed 16640K, reserved 1064960K
  class space    used 1469K, capacity 1526K, committed 1536K, reserved 1048576K
Event: 8.219 GC heap after
Heap after GC invocations=10 (full 1):
 PSYoungGen      total 267264K, used 432K [0x00000000d5d80000, 0x00000000eef00000, 0x0000000100000000)
  eden space 228352K, 0% used [0x00000000d5d80000,0x00000000d5d80000,0x00000000e3c80000)
  from space 38912K, 1% used [0x00000000e3c80000,0x00000000e3cec040,0x00000000e6280000)
  to   space 37888K, 0% used [0x00000000eca00000,0x00000000eca00000,0x00000000eef00000)
 ParOldGen       total 131584K, used 67918K [0x0000000081800000, 0x0000000089880000, 0x00000000d5d80000)
  object space 131584K, 51% used [0x0000000081800000,0x0000000085a53860,0x0000000089880000)
 Metaspace       used 16149K, capacity 16324K, committed 16640K, reserved 1064960K
  class space    used 1469K, capacity 1526K, committed 1536K, reserved 1048576K
}
Event: 10.433 GC heap before
{Heap before GC invocations=11 (full 1):
 PSYoungGen      total 267264K, used 228784K [0x00000000d5d80000, 0x00000000eef00000, 0x0000000100000000)
  eden space 228352K, 100% used [0x00000000d5d80000,0x00000000e3c80000,0x00000000e3c80000)
  from space 38912K, 1% used [0x00000000e3c80000,0x00000000e3cec040,0x00000000e6280000)
  to   space 37888K, 0% used [0x00000000eca00000,0x00000000eca00000,0x00000000eef00000)
 ParOldGen       total 131584K, used 67918K [0x0000000081800000, 0x0000000089880000, 0x00000000d5d80000)
  object space 131584K, 51% used [0x0000000081800000,0x0000000085a53860,0x0000000089880000)
 Metaspace       used 16208K, capacity 16388K, committed 16640K, reserved 1064960K
  class space    used 1469K, capacity 1526K, committed 1536K, reserved 1048576K
Event: 10.433 GC heap after
Heap after GC invocations=11 (full 1):
 PSYoungGen      total 356864K, used 96K [0x00000000d5d80000, 0x00000000ee600000, 0x0000000100000000)
  eden space 328192K, 0% used [0x00000000d5d80000,0x00000000d5d80000,0x00000000e9e00000)
  from space 28672K, 0% used [0x00000000eca00000,0x00000000eca18000,0x00000000ee600000)
  to   space 36864K, 0% used [0x00000000e9e00000,0x00000000e9e00000,0x00000000ec200000)
 ParOldGen       total 131584K, used 68230K [0x0000000081800000, 0x0000000089880000, 0x00000000d5d80000)
  object space 131584K, 51% used [0x0000000081800000,0x0000000085aa1930,0x0000000089880000)
 Metaspace       used 16208K, capacity 16388K, committed 16640K, reserved 1064960K
  class space    used 1469K, capacity 1526K, committed 1536K, reserved 1048576K
}
Event: 13.630 GC heap before
{Heap before GC invocations=12 (full 1):
 PSYoungGen      total 356864K, used 328078K [0x00000000d5d80000, 0x00000000ee600000, 0x0000000100000000)
  eden space 328192K, 99% used [0x00000000d5d80000,0x00000000e9dcb818,0x00000000e9e00000)
  from space 28672K, 0% used [0x00000000eca00000,0x00000000eca18000,0x00000000ee600000)
  to   space 36864K, 0% used [0x00000000e9e00000,0x00000000e9e00000,0x00000000ec200000)
 ParOldGen       total 131584K, used 68230K [0x0000000081800000, 0x0000000089880000, 0x00000000d5d80000)
  object space 131584K, 51% used [0x0000000081800000,0x0000000085aa1930,0x0000000089880000)
 Metaspace       used 16265K, capacity 16452K, committed 16640K, reserved 1064960K
  class space    used 1469K, capacity 1526K, committed 1536K, reserved 1048576K
Event: 13.632 GC heap after
Heap after GC invocations=12 (full 1):
 PSYoungGen      total 365056K, used 96K [0x00000000d5d80000, 0x00000000f6480000, 0x0000000100000000)
  eden space 328192K, 0% used [0x00000000d5d80000,0x00000000d5d80000,0x00000000e9e00000)
  from space 36864K, 0% used [0x00000000e9e00000,0x00000000e9e18000,0x00000000ec200000)
  to   space 35840K, 0% used [0x00000000f4180000,0x00000000f4180000,0x00000000f6480000)
 ParOldGen       total 131584K, used 68254K [0x0000000081800000, 0x0000000089880000, 0x00000000d5d80000)
  object space 131584K, 51% used [0x0000000081800000,0x0000000085aa7930,0x0000000089880000)
 Metaspace       used 16265K, capacity 16452K, committed 16640K, reserved 1064960K
  class space    used 1469K, capacity 1526K, committed 1536K, reserved 1048576K
}
Event: 16.761 GC heap before
{Heap before GC invocations=13 (full 1):
 PSYoungGen      total 365056K, used 327856K [0x00000000d5d80000, 0x00000000f6480000, 0x0000000100000000)
  eden space 328192K, 99% used [0x00000000d5d80000,0x00000000e9d943d0,0x00000000e9e00000)
  from space 36864K, 0% used [0x00000000e9e00000,0x00000000e9e18000,0x00000000ec200000)
  to   space 35840K, 0% used [0x00000000f4180000,0x00000000f4180000,0x00000000f6480000)
 ParOldGen       total 131584K, used 68254K [0x0000000081800000, 0x0000000089880000, 0x00000000d5d80000)
  object space 131584K, 51% used [0x0000000081800000,0x0000000085aa7930,0x0000000089880000)
 Metaspace       used 16265K, capacity 16452K, committed 16640K, reserved 1064960K
  class space    used 1469K, capacity 1526K, committed 1536K, reserved 1048576K
Event: 16.762 GC heap after
Heap after GC invocations=13 (full 1):
 PSYoungGen      total 467968K, used 64K [0x00000000d5d80000, 0x00000000f5600000, 0x0000000100000000)
  eden space 446976K, 0% used [0x00000000d5d80000,0x00000000d5d80000,0x00000000f1200000)
  from space 20992K, 0% used [0x00000000f4180000,0x00000000f4190000,0x00000000f5600000)
  to   space 34816K, 0% used [0x00000000f1200000,0x00000000f1200000,0x00000000f3400000)
 ParOldGen       total 131584K, used 68270K [0x0000000081800000, 0x0000000089880000, 0x00000000d5d80000)
  object space 131584K, 51% used [0x0000000081800000,0x0000000085aab930,0x0000000089880000)
 Metaspace       used 16265K, capacity 16452K, committed 16640K, reserved 1064960K
  class space    used 1469K, capacity 1526K, committed 1536K, reserved 1048576K
}
Event: 21.076 GC heap before
{Heap before GC invocations=14 (full 1):
 PSYoungGen      total 467968K, used 446841K [0x00000000d5d80000, 0x00000000f5600000, 0x0000000100000000)
  eden space 446976K, 99% used [0x00000000d5d80000,0x00000000f11ce5d8,0x00000000f1200000)
  from space 20992K, 0% used [0x00000000f4180000,0x00000000f4190000,0x00000000f5600000)
  to   space 34816K, 0% used [0x00000000f1200000,0x00000000f1200000,0x00000000f3400000)
 ParOldGen       total 131584K, used 68270K [0x0000000081800000, 0x0000000089880000, 0x00000000d5d80000)
  object space 131584K, 51% used [0x0000000081800000,0x0000000085aab930,0x0000000089880000)
 Metaspace       used 16270K, capacity 16452K, committed 16640K, reserved 1064960K
  class space    used 1469K, capacity 1526K, committed 1536K, reserved 1048576K
Event: 21.077 GC heap after
Heap after GC invocations=14 (full 1):
 PSYoungGen      total 481792K, used 96K [0x00000000d5d80000, 0x00000000fde80000, 0x0000000100000000)
  eden space 446976K, 0% used [0x00000000d5d80000,0x00000000d5d80000,0x00000000f1200000)
  from space 34816K, 0% used [0x00000000f1200000,0x00000000f1218000,0x00000000f3400000)
  to   space 33280K, 0% used [0x00000000fbe00000,0x00000000fbe00000,0x00000000fde80000)
 ParOldGen       total 131584K, used 68286K [0x0000000081800000, 0x0000000089880000, 0x00000000d5d80000)
  object space 131584K, 51% used [0x0000000081800000,0x0000000085aaf930,0x0000000089880000)
 Metaspace       used 16270K, capacity 16452K, committed 16640K, reserved 1064960K
  class space    used 1469K, capacity 1526K, committed 1536K, reserved 1048576K
}

Deoptimization events (10 events):
Event: 0.858 Thread 0x00000000028be800 Uncommon trap: reason=unstable_if action=reinterpret pc=0x0000000002e41ee0 method=com.jogamp.opengl.util.PNGPixelRect.read(Ljava/io/InputStream;Lcom/jogamp/nativewindow/util/PixelFormat;ZIZ)Lcom/jogamp/opengl/util/PNGPixelRect; @ 967
Event: 2.173 Thread 0x00000000028be800 Uncommon trap: reason=unstable_if action=reinterpret pc=0x0000000002ed3134 method=java.lang.reflect.AccessibleObject.setAccessible0(Ljava/lang/reflect/AccessibleObject;Z)V @ 4
Event: 2.176 Thread 0x00000000028be800 Uncommon trap: reason=unstable_if action=reinterpret pc=0x0000000002ed460c method=java.util.HashMap.containsKey(Ljava/lang/Object;)Z @ 9
Event: 2.358 Thread 0x00000000203f4000 Uncommon trap: reason=unstable_if action=reinterpret pc=0x0000000002f0cb40 method=java.util.regex.Pattern$BitClass.isSatisfiedBy(I)Z @ 13
Event: 4.495 Thread 0x00000000203f4000 Uncommon trap: reason=class_check action=maybe_recompile pc=0x0000000002f43878 method=java.util.regex.Pattern.compile()V @ 246
Event: 4.495 Thread 0x00000000203f4000 Uncommon trap: reason=class_check action=maybe_recompile pc=0x0000000002f43878 method=java.util.regex.Pattern.compile()V @ 246
Event: 4.495 Thread 0x00000000203f4000 Uncommon trap: reason=class_check action=maybe_recompile pc=0x0000000002f43878 method=java.util.regex.Pattern.compile()V @ 246
Event: 4.495 Thread 0x00000000203f4000 Uncommon trap: reason=class_check action=maybe_recompile pc=0x0000000002f43878 method=java.util.regex.Pattern.compile()V @ 246
Event: 4.502 Thread 0x00000000203f4000 Uncommon trap: reason=predicate action=maybe_recompile pc=0x0000000002fc0148 method=java.util.regex.Pattern$Slice.match(Ljava/util/regex/Matcher;ILjava/lang/CharSequence;)Z @ 21
Event: 16.929 Thread 0x00000000203f4000 Uncommon trap: reason=unstable_if action=reinterpret pc=0x0000000003016d78 method=processing.opengl.PGraphicsOpenGL.nonZero(F)Z @ 8

Internal exceptions (10 events):
Event: 0.030 Thread 0x00000000028be800 Exception <a 'java/lang/NoSuchMethodError': Method sun.misc.Unsafe.prefetchRead(Ljava/lang/Object;J)V name or signature does not match> (0x00000000d5d87f90) thrown at [C:\re\workspace\8-2-build-windows-amd64-cygwin\jdk8u121\8372\hotspot\src\share\vm\prims
Event: 0.130 Thread 0x00000000028be800 Exception <a 'java/security/PrivilegedActionException'> (0x00000000d6066c08) thrown at [C:\re\workspace\8-2-build-windows-amd64-cygwin\jdk8u121\8372\hotspot\src\share\vm\prims\jvm.cpp, line 1390]
Event: 0.130 Thread 0x00000000028be800 Exception <a 'java/security/PrivilegedActionException'> (0x00000000d6066e18) thrown at [C:\re\workspace\8-2-build-windows-amd64-cygwin\jdk8u121\8372\hotspot\src\share\vm\prims\jvm.cpp, line 1390]
Event: 0.130 Thread 0x00000000028be800 Exception <a 'java/security/PrivilegedActionException'> (0x00000000d606af10) thrown at [C:\re\workspace\8-2-build-windows-amd64-cygwin\jdk8u121\8372\hotspot\src\share\vm\prims\jvm.cpp, line 1390]
Event: 0.130 Thread 0x00000000028be800 Exception <a 'java/security/PrivilegedActionException'> (0x00000000d606b120) thrown at [C:\re\workspace\8-2-build-windows-amd64-cygwin\jdk8u121\8372\hotspot\src\share\vm\prims\jvm.cpp, line 1390]
Event: 0.134 Thread 0x00000000028be800 Exception <a 'java/io/FileNotFoundException'> (0x00000000d6074b48) thrown at [C:\re\workspace\8-2-build-windows-amd64-cygwin\jdk8u121\8372\hotspot\src\share\vm\prims\jni.cpp, line 709]
Event: 0.164 Thread 0x00000000028be800 Exception <a 'java/lang/NoSuchFieldError': method resolution failed> (0x00000000d6141d88) thrown at [C:\re\workspace\8-2-build-windows-amd64-cygwin\jdk8u121\8372\hotspot\src\share\vm\prims\methodHandles.cpp, line 1146]
Event: 0.165 Thread 0x00000000028be800 Exception <a 'java/lang/NoSuchFieldError': method resolution failed> (0x00000000d614f2c0) thrown at [C:\re\workspace\8-2-build-windows-amd64-cygwin\jdk8u121\8372\hotspot\src\share\vm\prims\methodHandles.cpp, line 1146]
Event: 0.202 Thread 0x00000000028be800 Exception <a 'java/io/FileNotFoundException'> (0x00000000d61ec020) thrown at [C:\re\workspace\8-2-build-windows-amd64-cygwin\jdk8u121\8372\hotspot\src\share\vm\prims\jni.cpp, line 709]
Event: 21.924 Thread 0x0000000019e49800 Exception <a 'java/lang/InterruptedException'> (0x00000000db3c87a8) thrown at [C:\re\workspace\8-2-build-windows-amd64-cygwin\jdk8u121\8372\hotspot\src\share\vm\runtime\objectMonitor.cpp, line 1684]

Events (10 events):
Event: 13.630 Executing VM operation: ParallelGCFailedAllocation
Event: 13.632 Executing VM operation: ParallelGCFailedAllocation done
Event: 16.761 Executing VM operation: ParallelGCFailedAllocation
Event: 16.762 Executing VM operation: ParallelGCFailedAllocation done
Event: 16.929 Thread 0x00000000203f4000 Uncommon trap: trap_request=0xffffff65 fr.pc=0x0000000003016d78
Event: 16.929 Thread 0x00000000203f4000 DEOPT PACKING pc=0x0000000003016d78 sp=0x000000002168e5f0
Event: 16.929 Thread 0x00000000203f4000 DEOPT UNPACKING pc=0x0000000002be582a sp=0x000000002168e398 mode 2
Event: 21.075 Executing VM operation: ParallelGCFailedAllocation
Event: 21.077 Executing VM operation: ParallelGCFailedAllocation done
Event: 21.924 Thread 0x0000000019e49800 Thread exited: 0x0000000019e49800


Dynamic libraries:
0x00007ff63e1d0000 - 0x00007ff63e207000 	C:\Program Files\Java\jdk1.8.0_121\bin\java.exe
0x00007ffbb0fb0000 - 0x00007ffbb1182000 	C:\WINDOWS\SYSTEM32\ntdll.dll
0x00007ffbae570000 - 0x00007ffbae61c000 	C:\WINDOWS\System32\KERNEL32.DLL
0x00007ffbadd10000 - 0x00007ffbadf2d000 	C:\WINDOWS\System32\KERNELBASE.dll
0x00007ffbb0880000 - 0x00007ffbb0922000 	C:\WINDOWS\System32\ADVAPI32.dll
0x00007ffbb02f0000 - 0x00007ffbb038e000 	C:\WINDOWS\System32\msvcrt.dll
0x00007ffbb0660000 - 0x00007ffbb06b9000 	C:\WINDOWS\System32\sechost.dll
0x00007ffbae620000 - 0x00007ffbae741000 	C:\WINDOWS\System32\RPCRT4.dll
0x00007ffbb0060000 - 0x00007ffbb01c5000 	C:\WINDOWS\System32\USER32.dll
0x00007ffbae1f0000 - 0x00007ffbae20e000 	C:\WINDOWS\System32\win32u.dll
0x00007ffbb0390000 - 0x00007ffbb03c4000 	C:\WINDOWS\System32\GDI32.dll
0x00007ffbad4b0000 - 0x00007ffbad630000 	C:\WINDOWS\System32\gdi32full.dll
0x00007ffba7ca0000 - 0x00007ffba7f1a000 	C:\WINDOWS\WinSxS\amd64_microsoft.windows.common-controls_6595b64144ccf1df_6.0.14393.953_none_42151e83c686086b\COMCTL32.dll
0x00007ffbae7b0000 - 0x00007ffbaea78000 	C:\WINDOWS\System32\combase.dll
0x00007ffbae440000 - 0x00007ffbae535000 	C:\WINDOWS\System32\ucrtbase.dll
0x00007ffbadfe0000 - 0x00007ffbae04a000 	C:\WINDOWS\System32\bcryptPrimitives.dll
0x00007ffbae540000 - 0x00007ffbae56e000 	C:\WINDOWS\System32\IMM32.DLL
0x0000000075660000 - 0x0000000075732000 	C:\Program Files\Java\jdk1.8.0_121\jre\bin\msvcr100.dll
0x0000000075bd0000 - 0x000000007646b000 	C:\Program Files\Java\jdk1.8.0_121\jre\bin\server\jvm.dll
0x00007ffbb0ea0000 - 0x00007ffbb0ea8000 	C:\WINDOWS\System32\PSAPI.DLL
0x00007ffbaa530000 - 0x00007ffbaa539000 	C:\WINDOWS\SYSTEM32\WSOCK32.dll
0x00007ffbab790000 - 0x00007ffbab7b3000 	C:\WINDOWS\SYSTEM32\WINMM.dll
0x00007ffbb0280000 - 0x00007ffbb02ea000 	C:\WINDOWS\System32\WS2_32.dll
0x00007ffba9850000 - 0x00007ffba985a000 	C:\WINDOWS\SYSTEM32\VERSION.dll
0x00007ffbab6d0000 - 0x00007ffbab6fb000 	C:\WINDOWS\SYSTEM32\WINMMBASE.dll
0x00007ffbae100000 - 0x00007ffbae142000 	C:\WINDOWS\System32\cfgmgr32.dll
0x0000000075ae0000 - 0x0000000075aef000 	C:\Program Files\Java\jdk1.8.0_121\jre\bin\verify.dll
0x0000000075ab0000 - 0x0000000075ad9000 	C:\Program Files\Java\jdk1.8.0_121\jre\bin\java.dll
0x0000000075a90000 - 0x0000000075aa6000 	C:\Program Files\Java\jdk1.8.0_121\jre\bin\zip.dll
0x00007ffbaea90000 - 0x00007ffbaff98000 	C:\WINDOWS\System32\SHELL32.dll
0x00007ffbad630000 - 0x00007ffbadd0a000 	C:\WINDOWS\System32\windows.storage.dll
0x00007ffbad450000 - 0x00007ffbad49c000 	C:\WINDOWS\System32\powrprof.dll
0x00007ffbb0530000 - 0x00007ffbb0582000 	C:\WINDOWS\System32\shlwapi.dll
0x00007ffbad4a0000 - 0x00007ffbad4af000 	C:\WINDOWS\System32\kernel.appcore.dll
0x00007ffbadf30000 - 0x00007ffbadfd9000 	C:\WINDOWS\System32\shcore.dll
0x00007ffbad420000 - 0x00007ffbad434000 	C:\WINDOWS\System32\profapi.dll
0x00007ffbaa750000 - 0x00007ffbaa760000 	C:\Program Files (x86)\JetBrains\IntelliJ IDEA 2016.3.4\bin\breakgen64.dll
0x0000000075880000 - 0x000000007589a000 	C:\Program Files\Java\jdk1.8.0_121\jre\bin\net.dll
0x00007ffbaccf0000 - 0x00007ffbacd4c000 	C:\WINDOWS\system32\mswsock.dll
0x00000000758f0000 - 0x0000000075a88000 	C:\Program Files\Java\jdk1.8.0_121\jre\bin\awt.dll
0x00007ffbaffa0000 - 0x00007ffbb005f000 	C:\WINDOWS\System32\OLEAUT32.dll
0x00007ffbae150000 - 0x00007ffbae1ec000 	C:\WINDOWS\System32\msvcp_win.dll
0x00007ffbabac0000 - 0x00007ffbabb3a000 	C:\WINDOWS\SYSTEM32\apphelp.dll
0x00007ffbabc20000 - 0x00007ffbabcb5000 	C:\WINDOWS\system32\uxtheme.dll
0x00007ffbb03d0000 - 0x00007ffbb052a000 	C:\WINDOWS\System32\MSCTF.dll
0x00007ffbaa9c0000 - 0x00007ffbaa9e6000 	C:\WINDOWS\system32\dwmapi.dll
0x00007ffbb0d60000 - 0x00007ffbb0e98000 	C:\WINDOWS\System32\ole32.dll
0x00007ffb9d9f0000 - 0x00007ffb9db13000 	C:\WINDOWS\system32\opengl32.dll
0x00007ffba7fa0000 - 0x00007ffba7fcd000 	C:\WINDOWS\SYSTEM32\GLU32.dll
0x00007ffb9d5f0000 - 0x00007ffb9d6e7000 	C:\WINDOWS\SYSTEM32\DDRAW.dll
0x00007ffbaaf40000 - 0x00007ffbaaf48000 	C:\WINDOWS\SYSTEM32\DCIMAN32.dll
0x00007ffbacea0000 - 0x00007ffbaceb7000 	C:\WINDOWS\SYSTEM32\CRYPTSP.dll
0x00007ffbac8f0000 - 0x00007ffbac923000 	C:\WINDOWS\system32\rsaenh.dll
0x00007ffbad360000 - 0x00007ffbad38b000 	C:\WINDOWS\SYSTEM32\bcrypt.dll
0x00007ffbacb70000 - 0x00007ffbacb8f000 	C:\WINDOWS\SYSTEM32\USERENV.dll
0x00007ffbace90000 - 0x00007ffbace9b000 	C:\WINDOWS\SYSTEM32\CRYPTBASE.dll
0x00007ffbaca70000 - 0x00007ffbacaa8000 	C:\WINDOWS\SYSTEM32\IPHLPAPI.DLL
0x00007ffbb0270000 - 0x00007ffbb0278000 	C:\WINDOWS\System32\NSI.dll
0x00007ffba3920000 - 0x00007ffba3936000 	C:\WINDOWS\SYSTEM32\dhcpcsvc6.DLL
0x00007ffba3f40000 - 0x00007ffba3f5a000 	C:\WINDOWS\SYSTEM32\dhcpcsvc.DLL
0x0000000075860000 - 0x0000000075871000 	C:\Program Files\Java\jdk1.8.0_121\jre\bin\nio.dll
0x00000000637c0000 - 0x00000000637cd000 	C:\Users\ricar\AppData\Local\Temp\jogamp_0000\file_cache\jln7640212540830293121\jln2214704650560368943\natives\windows-amd64\gluegen-rt.dll
0x0000000075770000 - 0x0000000075777000 	C:\Program Files\Java\jdk1.8.0_121\jre\bin\jawt.dll
0x000000006a440000 - 0x000000006a44d000 	C:\Users\ricar\AppData\Local\Temp\jogamp_0000\file_cache\jln7640212540830293121\jln2214704650560368943\natives\windows-amd64\nativewindow_awt.dll
0x000000006c100000 - 0x000000006c10f000 	C:\Users\ricar\AppData\Local\Temp\jogamp_0000\file_cache\jln7640212540830293121\jln2214704650560368943\natives\windows-amd64\nativewindow_win32.dll
0x000000006cbc0000 - 0x000000006cbd3000 	C:\Users\ricar\AppData\Local\Temp\jogamp_0000\file_cache\jln7640212540830293121\jln2214704650560368943\natives\windows-amd64\newt.dll
0x00007ffba9380000 - 0x00007ffba9411000 	C:\WINDOWS\SYSTEM32\mscms.dll
0x00007ffb987d0000 - 0x00007ffb98812000 	C:\WINDOWS\SYSTEM32\icm32.dll
0x00007ffbb0930000 - 0x00007ffbb0d59000 	C:\WINDOWS\System32\setupapi.dll
0x00007ffbabf80000 - 0x00007ffbabfa8000 	C:\WINDOWS\SYSTEM32\DEVOBJ.dll
0x00007ffbae3e0000 - 0x00007ffbae435000 	C:\WINDOWS\System32\WINTRUST.dll
0x00007ffbad440000 - 0x00007ffbad450000 	C:\WINDOWS\System32\MSASN1.dll
0x00007ffbae210000 - 0x00007ffbae3d9000 	C:\WINDOWS\System32\CRYPT32.dll
0x0000000064500000 - 0x00000000645b1000 	C:\Users\ricar\AppData\Local\Temp\jogamp_0000\file_cache\jln7640212540830293121\jln2214704650560368943\natives\windows-amd64\jogl_desktop.dll
0x0000000064340000 - 0x00000000643a2000 	C:\Users\ricar\AppData\Local\Temp\jogamp_0000\file_cache\jln7640212540830293121\jln2214704650560368943\natives\windows-amd64\jogl_mobile.dll
0x00000000728b0000 - 0x0000000074a00000 	C:\WINDOWS\SYSTEM32\nvoglv64.DLL
0x00007ffbaa6e0000 - 0x00007ffbaa6f3000 	C:\WINDOWS\SYSTEM32\WTSAPI32.dll
0x00007ffbac7c0000 - 0x00007ffbac7f2000 	C:\WINDOWS\SYSTEM32\ntmarta.dll
0x00007ffbad300000 - 0x00007ffbad356000 	C:\WINDOWS\SYSTEM32\WINSTA.dll
0x00007ffb922d0000 - 0x00007ffb9246c000 	C:\Users\ricar\Desktop\MoveCode\KinectPV2-master\Build_libs\MoveOn\libs\kinectPV2\Kinect20.Face.dll
0x00007ffb9d2c0000 - 0x00007ffb9d367000 	C:\WINDOWS\SYSTEM32\MSVCP110.dll
0x00007ffba0fe0000 - 0x00007ffba10b4000 	C:\WINDOWS\SYSTEM32\MSVCR110.dll
0x00007ffba1f80000 - 0x00007ffba1f91000 	C:\Users\ricar\Desktop\MoveCode\KinectPV2-master\Build_libs\MoveOn\libs\kinectPV2\KinectPV2.dll
0x00007ffb97840000 - 0x00007ffb978fb000 	C:\WINDOWS\SYSTEM32\Kinect20.dll
0x00007ffba2bf0000 - 0x00007ffba2d58000 	C:\WINDOWS\SYSTEM32\MFPlat.DLL
0x00007ffbab920000 - 0x00007ffbab94e000 	C:\WINDOWS\SYSTEM32\RTWorkQ.DLL
0x00007ffbac3a0000 - 0x00007ffbac43f000 	C:\WINDOWS\system32\dxgi.dll
0x00007ffbaa9f0000 - 0x00007ffbaaca6000 	C:\WINDOWS\system32\d3d11.dll
0x00007ffb799e0000 - 0x00007ffb7b111000 	C:\WINDOWS\System32\DriverStore\FileRepository\nvami.inf_amd64_11a67240324f74de\nvwgf2umx.dll
0x00007ffba78a0000 - 0x00007ffba7c9b000 	C:\WINDOWS\system32\nvapi64.dll
0x00007ffba9e30000 - 0x00007ffba9fc2000 	C:\WINDOWS\SYSTEM32\dbghelp.dll

VM Arguments:
jvm_args: -Djava.library.path=C:\Users\ricar\Desktop\MoveCode\KinectPV2-master\Build_libs\MoveOn\libs\kinectPV2 -Didea.launcher.port=7534 -Didea.launcher.bin.path=C:\Program Files (x86)\JetBrains\IntelliJ IDEA 2016.3.4\bin -Dfile.encoding=UTF-8 
java_command: com.intellij.rt.execution.application.AppMain SkeletonDepthTest
java_class_path (initial): C:\Program Files\Java\jdk1.8.0_121\jre\lib\charsets.jar;C:\Program Files\Java\jdk1.8.0_121\jre\lib\deploy.jar;C:\Program Files\Java\jdk1.8.0_121\jre\lib\ext\access-bridge-64.jar;C:\Program Files\Java\jdk1.8.0_121\jre\lib\ext\cldrdata.jar;C:\Program Files\Java\jdk1.8.0_121\jre\lib\ext\dnsns.jar;C:\Program Files\Java\jdk1.8.0_121\jre\lib\ext\jaccess.jar;C:\Program Files\Java\jdk1.8.0_121\jre\lib\ext\jfxrt.jar;C:\Program Files\Java\jdk1.8.0_121\jre\lib\ext\localedata.jar;C:\Program Files\Java\jdk1.8.0_121\jre\lib\ext\nashorn.jar;C:\Program Files\Java\jdk1.8.0_121\jre\lib\ext\sunec.jar;C:\Program Files\Java\jdk1.8.0_121\jre\lib\ext\sunjce_provider.jar;C:\Program Files\Java\jdk1.8.0_121\jre\lib\ext\sunmscapi.jar;C:\Program Files\Java\jdk1.8.0_121\jre\lib\ext\sunpkcs11.jar;C:\Program Files\Java\jdk1.8.0_121\jre\lib\ext\zipfs.jar;C:\Program Files\Java\jdk1.8.0_121\jre\lib\javaws.jar;C:\Program Files\Java\jdk1.8.0_121\jre\lib\jce.jar;C:\Program Files\Java\jdk1.8.0_121\jre\lib\jfr.jar;C:\Program Files\Java\jdk1.8.0_121\jre\lib\jfxswt.jar;C:\Program Files\Java\jdk1.8.0_121\jre\lib\jsse.jar;C:\Program Files\Java\jdk1.8.0_121\jre\lib\management-agent.jar;C:\Program Files\Java\jdk1.8.0_121\jre\lib\plugin.jar;C:\Program Files\Java\jdk1.8.0_121\jre\lib\resources.jar;C:\Program Files\Java\jdk1.8.0_121\jre\lib\rt.jar;C:\Users\ricar\Desktop\MoveCode\KinectPV2-master\Build_libs\MoveOn\out\production\MoveOn;C:\Users\ricar\Desktop\MoveCode\KinectPV2-master\Build_libs\MoveOn\libs\kinectPV2\KinectPV2.jar;C:\Users\ricar\Desktop\MoveCode\KinectPV2-master\Build_libs\MoveOn\libs\p3.01\core.jar;C:\Users\ricar\Desktop\MoveCode\KinectPV2-master\Build_libs\MoveOn\libs\p3.01\jogl-all.jar;C:\Users\ricar\Desktop\MoveCode\KinectPV2-master\Build_libs\MoveOn\libs\p3.01\gluegen-rt.jar;C:\Users\ricar\Desktop\MoveCode\KinectPV2-master\Build_libs\MoveOn\libs\p3.01\jogl-all-natives-linux-i586.jar;C:\Users\ricar\Desktop\MoveCode\KinectPV2-master\Build_libs\MoveOn\libs\p3.01\jogl-
Launcher Type: SUN_STANDARD

Environment Variables:
PATH=C:\ProgramData\Oracle\Java\javapath;C:\Program Files (x86)\Intel\iCLS Client\;C:\Program Files\Intel\iCLS Client\;C:\Windows\system32;C:\Windows;C:\Windows\System32\Wbem;C:\Windows\System32\WindowsPowerShell\v1.0\;C:\Program Files (x86)\NVIDIA Corporation\PhysX\Common;C:\Program Files (x86)\Intel\Intel(R) Management Engine Components\DAL;C:\Program Files\Intel\Intel(R) Management Engine Components\DAL;C:\Program Files (x86)\Intel\Intel(R) Management Engine Components\IPT;C:\Program Files\Intel\Intel(R) Management Engine Components\IPT;C:\WINDOWS\system32;C:\WINDOWS;C:\WINDOWS\System32\Wbem;C:\WINDOWS\System32\WindowsPowerShell\v1.0\;C:\Program Files\Git\cmd;C:\;C:\Users\ricar\AppData\Local\Microsoft\WindowsApps;C:\Users\ricar\AppData\Roaming\npm
USERNAME=ricar
OS=Windows_NT
PROCESSOR_IDENTIFIER=Intel64 Family 6 Model 94 Stepping 3, GenuineIntel



---------------  S Y S T E M  ---------------

OS: Windows 10.0 , 64 bit Build 14393 (10.0.14393.1198)

CPU:total 4 (4 cores per cpu, 1 threads per core) family 6 model 94 stepping 3, cmov, cx8, fxsr, mmx, sse, sse2, sse3, ssse3, sse4.1, sse4.2, popcnt, avx, avx2, aes, clmul, erms, rtm, 3dnowpref, lzcnt, tsc, tscinvbit, bmi1, bmi2, adx

Memory: 4k page, physical 8285044k(3265648k free), swap 18266080k(11748904k free)

vm_info: Java HotSpot(TM) 64-Bit Server VM (25.121-b13) for windows-amd64 JRE (1.8.0_121-b13), built on Dec 12 2016 18:21:36 by "java_re" with MS VC++ 10.0 (VS2010)

time: Thu Aug 24 17:20:03 2017
elapsed time: 21 seconds (0d 0h 0m 21s)

