#
# A fatal error has been detected by the Java Runtime Environment:
#
#  EXCEPTION_ACCESS_VIOLATION (0xc0000005) at pc=0x00007ffb9ae45523, pid=10728, tid=0x0000000000002be8
#
# JRE version: Java(TM) SE Runtime Environment (8.0_121-b13) (build 1.8.0_121-b13)
# Java VM: Java HotSpot(TM) 64-Bit Server VM (25.121-b13 mixed mode windows-amd64 compressed oops)
# Problematic frame:
# C  [KinectPV2.dll+0x5523]
#
# Failed to write core dump. Minidumps are not enabled by default on client versions of Windows
#
# If you would like to submit a bug report, please visit:
#   http://bugreport.java.com/bugreport/crash.jsp
# The crash happened outside the Java Virtual Machine in native code.
# See problematic frame for where to report the bug.
#

---------------  T H R E A D  ---------------

Current thread (0x0000000019dd8800):  JavaThread "main-FPSAWTAnimator#00-Timer0" [_thread_in_native, id=11240, stack(0x0000000021640000,0x0000000021740000)]

siginfo: ExceptionCode=0xc0000005, reading address 0x000000000000c010

Registers:
RAX=0x000000000000c000, RBX=0x00000000218d5ad0, RCX=0x0000000100000000, RDX=0x0000000000000000
RSP=0x000000002173e1a0, RBP=0x0000000000000000, RSI=0x0000000000000006, RDI=0x00000000218d5d00
R8 =0x000000002173de48, R9 =0x0000000000008000, R10=0x0000000000000000, R11=0x000000002173e090
R12=0x0000000000000000, R13=0x000000001b468b20, R14=0x000000002173e290, R15=0x0000000019dd8800
RIP=0x00007ffb9ae45523, EFLAGS=0x0000000000010206

Top of Stack: (sp=0x000000002173e1a0)
0x000000002173e1a0:   00000000218d5ad0 000000001b468b20
0x000000002173e1b0:   0000000000000000 000000001910ca40
0x000000002173e1c0:   000000001910ca40 00007ffb9ae4177a
0x000000002173e1d0:   000000002173e290 000000002173e270
0x000000002173e1e0:   0000000019dd89f8 0000000019dd8800
0x000000002173e1f0:   000000000298835d 0000000002997f74
0x000000002173e200:   000000001b468b20 0000000019dd8800
0x000000002173e210:   0000000019dd8800 0000000019dd8800
0x000000002173e220:   000000002173e2e8 0000000002997ca2
0x000000002173e230:   000000002173e230 000000001b468b20
0x000000002173e240:   000000002173e290 000000001b46a7b8
0x000000002173e250:   0000000000000000 000000001b468b20
0x000000002173e260:   0000000000000000 000000002173e290
0x000000002173e270:   000000002173e2d8 0000000002987b30
0x000000002173e280:   0000000000000000 00000000029919c0
0x000000002173e290:   00000000849299f0 000000002173e298 

Instructions: (pc=0x00007ffb9ae45523)
0x00007ffb9ae45503:   48 8b 0f 48 85 c9 74 09 48 8b 01 ff 50 10 48 89
0x00007ffb9ae45513:   2f 48 8b 8f 90 00 00 00 48 85 c9 74 0d 48 8b 01
0x00007ffb9ae45523:   ff 50 10 48 89 af 90 00 00 00 48 8b 4f 30 48 85
0x00007ffb9ae45533:   c9 74 0a 48 8b 01 ff 50 10 48 89 6f 30 48 8b 4f 


Register to memory mapping:

RAX=0x000000000000c000 is an unknown value
RBX=0x00000000218d5ad0 is an unknown value
RCX=0x0000000100000000 is pointing into metadata
RDX=0x0000000000000000 is an unknown value
RSP=0x000000002173e1a0 is pointing into the stack for thread: 0x0000000019dd8800
RBP=0x0000000000000000 is an unknown value
RSI=0x0000000000000006 is an unknown value
RDI=0x00000000218d5d00 is an unknown value
R8 =0x000000002173de48 is pointing into the stack for thread: 0x0000000019dd8800
R9 =0x0000000000008000 is an unknown value
R10=0x0000000000000000 is an unknown value
R11=0x000000002173e090 is pointing into the stack for thread: 0x0000000019dd8800
R12=0x0000000000000000 is an unknown value
R13={method} {0x000000001b468b28} 'jniStopSignal' '()Z' in 'KinectPV2/Device'
R14=0x000000002173e290 is pointing into the stack for thread: 0x0000000019dd8800
R15=0x0000000019dd8800 is a thread


Stack: [0x0000000021640000,0x0000000021740000],  sp=0x000000002173e1a0,  free space=1016k
Native frames: (J=compiled Java code, j=interpreted, Vv=VM code, C=native code)

Java frames: (J=compiled Java code, j=interpreted, Vv=VM code)
j  KinectPV2.Device.jniStopSignal()Z+0
j  KinectPV2.Device.cleanDevice()Z+1
j  KinectPV2.KinectPV2.dispose()V+10
v  ~StubRoutines::call_stub
j  sun.reflect.NativeMethodAccessorImpl.invoke0(Ljava/lang/reflect/Method;Ljava/lang/Object;[Ljava/lang/Object;)Ljava/lang/Object;+0
j  sun.reflect.NativeMethodAccessorImpl.invoke(Ljava/lang/Object;[Ljava/lang/Object;)Ljava/lang/Object;+100
j  sun.reflect.DelegatingMethodAccessorImpl.invoke(Ljava/lang/Object;[Ljava/lang/Object;)Ljava/lang/Object;+6
j  java.lang.reflect.Method.invoke(Ljava/lang/Object;[Ljava/lang/Object;)Ljava/lang/Object;+56
j  processing.core.PApplet$RegisteredMethods.handle([Ljava/lang/Object;)V+18
J 1444 C1 processing.core.PApplet.handleMethods(Ljava/lang/String;)V (21 bytes) @ 0x0000000002e926dc [0x0000000002e92420+0x2bc]
j  processing.core.PApplet.dispose()V+35
J 1706 C1 processing.opengl.PSurfaceJOGL$DrawListener.display(Lcom/jogamp/opengl/GLAutoDrawable;)V (220 bytes) @ 0x0000000002f96624 [0x0000000002f95aa0+0xb84]
J 1705 C1 jogamp.opengl.GLDrawableHelper.displayImpl(Lcom/jogamp/opengl/GLAutoDrawable;)V (86 bytes) @ 0x0000000002f94634 [0x0000000002f93d20+0x914]
J 1649 C1 jogamp.opengl.GLAutoDrawableBase$2.run()V (73 bytes) @ 0x0000000002f5bcbc [0x0000000002f5b8e0+0x3dc]
J 1647 C1 jogamp.opengl.GLDrawableHelper.invokeGLImpl(Lcom/jogamp/opengl/GLDrawable;Lcom/jogamp/opengl/GLContext;Ljava/lang/Runnable;Ljava/lang/Runnable;)V (579 bytes) @ 0x0000000002f57a6c [0x0000000002f56c20+0xe4c]
J 1694 C1 jogamp.opengl.GLDrawableHelper.invokeGL(Lcom/jogamp/opengl/GLDrawable;Lcom/jogamp/opengl/GLContext;Ljava/lang/Runnable;Ljava/lang/Runnable;)V (76 bytes) @ 0x0000000002f93904 [0x0000000002f93840+0xc4]
J 1644 C1 com.jogamp.newt.opengl.GLWindow.display()V (144 bytes) @ 0x0000000002f4efc4 [0x0000000002f4e6c0+0x904]
J 1643 C1 com.jogamp.opengl.util.AWTAnimatorImpl.display(Ljava/util/ArrayList;ZZ)V (170 bytes) @ 0x0000000002f46aac [0x0000000002f463c0+0x6ec]
J 1641 C1 com.jogamp.opengl.util.FPSAnimator$MainTask.run()V (805 bytes) @ 0x0000000002f4a284 [0x0000000002f49540+0xd44]
j  java.util.TimerThread.mainLoop()V+221
j  java.util.TimerThread.run()V+1
v  ~StubRoutines::call_stub

---------------  P R O C E S S  ---------------

Java Threads: ( => current thread )
  0x0000000018f0d800 JavaThread "Thread-5" [_thread_blocked, id=11216, stack(0x000000002fcf0000,0x000000002fdf0000)]
  0x0000000019ddb800 JavaThread "DestroyJavaVM" [_thread_blocked, id=14268, stack(0x0000000002780000,0x0000000002880000)]
=>0x0000000019dd8800 JavaThread "main-FPSAWTAnimator#00-Timer0" [_thread_in_native, id=11240, stack(0x0000000021640000,0x0000000021740000)]
  0x0000000019e71800 JavaThread "HighResTimerThread" daemon [_thread_blocked, id=8072, stack(0x0000000021440000,0x0000000021540000)]
  0x0000000019d41000 JavaThread "main-SharedResourceRunner" daemon [_thread_blocked, id=8388, stack(0x000000001b490000,0x000000001b590000)]
  0x0000000019b90000 JavaThread "main-Display-.windows_nil-1-EDT-1" daemon [_thread_blocked, id=5944, stack(0x000000001af90000,0x000000001b090000)]
  0x0000000019797800 JavaThread "AWT-Windows" daemon [_thread_in_native, id=6412, stack(0x000000001a0c0000,0x000000001a1c0000)]
  0x0000000019795000 JavaThread "Java2D Disposer" daemon [_thread_blocked, id=14260, stack(0x0000000019ec0000,0x0000000019fc0000)]
  0x0000000019041000 JavaThread "Monitor Ctrl-Break" daemon [_thread_in_native, id=8408, stack(0x0000000019470000,0x0000000019570000)]
  0x0000000018e62000 JavaThread "Service Thread" daemon [_thread_blocked, id=1540, stack(0x0000000019230000,0x0000000019330000)]
  0x00000000174fa800 JavaThread "C1 CompilerThread2" daemon [_thread_blocked, id=13388, stack(0x0000000018d30000,0x0000000018e30000)]
  0x00000000174d1000 JavaThread "C2 CompilerThread1" daemon [_thread_blocked, id=10408, stack(0x0000000018c30000,0x0000000018d30000)]
  0x00000000174ce800 JavaThread "C2 CompilerThread0" daemon [_thread_blocked, id=12072, stack(0x0000000018b30000,0x0000000018c30000)]
  0x00000000174cd000 JavaThread "Attach Listener" daemon [_thread_blocked, id=3580, stack(0x0000000018a30000,0x0000000018b30000)]
  0x00000000174cc000 JavaThread "Signal Dispatcher" daemon [_thread_blocked, id=4888, stack(0x0000000018930000,0x0000000018a30000)]
  0x000000000297d800 JavaThread "Finalizer" daemon [_thread_blocked, id=12008, stack(0x0000000018720000,0x0000000018820000)]
  0x0000000002972000 JavaThread "Reference Handler" daemon [_thread_blocked, id=10512, stack(0x0000000018620000,0x0000000018720000)]

Other Threads:
  0x0000000017497000 VMThread [stack: 0x0000000018520000,0x0000000018620000] [id=1116]
  0x0000000018e89800 WatcherThread [stack: 0x0000000019330000,0x0000000019430000] [id=5164]

VM state:not at safepoint (normal execution)

VM Mutex/Monitor currently owned by a thread: None

Heap:
 PSYoungGen      total 502272K, used 90760K [0x00000000d5d80000, 0x0000000100000000, 0x0000000100000000)
  eden space 467456K, 19% used [0x00000000d5d80000,0x00000000db60a128,0x00000000f2600000)
  from space 34816K, 0% used [0x00000000f2600000,0x00000000f2618000,0x00000000f4800000)
  to   space 33280K, 0% used [0x00000000fdf80000,0x00000000fdf80000,0x0000000100000000)
 ParOldGen       total 131072K, used 69228K [0x0000000081800000, 0x0000000089800000, 0x00000000d5d80000)
  object space 131072K, 52% used [0x0000000081800000,0x0000000085b9b288,0x0000000089800000)
 Metaspace       used 17348K, capacity 17576K, committed 17792K, reserved 1064960K
  class space    used 1567K, capacity 1622K, committed 1664K, reserved 1048576K

Card table byte_map: [0x0000000011d40000,0x0000000012140000] byte_map_base: 0x0000000011934000

Marking Bits: (ParMarkBitMap*) 0x00000000763eb6d0
 Begin Bits: [0x00000000127f0000, 0x0000000014790000)
 End Bits:   [0x0000000014790000, 0x0000000016730000)

Polling page: 0x0000000002600000

CodeCache: size=245760Kb used=6453Kb max_used=6483Kb free=239306Kb
 bounds [0x0000000002980000, 0x0000000002fe0000, 0x0000000011980000]
 total_blobs=2635 nmethods=1757 adapters=791
 compilation: enabled

Compilation events (10 events):
Event: 30.721 Thread 0x00000000174ce800 1754       4       SkeletonDepthTest::drawJoint (41 bytes)
Event: 30.737 Thread 0x00000000174ce800 nmethod 1754 0x0000000002fb7e10 code [0x0000000002fb8020, 0x0000000002fb8e90]
Event: 32.442 Thread 0x00000000174d1000 1755   !   4       jogamp.common.util.locks.RecursiveLockImpl01Unfairish::validateLocked (147 bytes)
Event: 32.444 Thread 0x00000000174d1000 nmethod 1755 0x0000000002fb4410 code [0x0000000002fb4560, 0x0000000002fb4858]
Event: 33.021 Thread 0x00000000174ce800 1756       4       java.util.HashMap$Values::iterator (12 bytes)
Event: 33.025 Thread 0x00000000174ce800 nmethod 1756 0x0000000002fb7890 code [0x0000000002fb79e0, 0x0000000002fb7cb8]
Event: 40.937 Thread 0x00000000174d1000 1757       4       processing.opengl.PGraphicsOpenGL::flushPolys (699 bytes)
Event: 41.127 Thread 0x00000000174d1000 nmethod 1757 0x0000000002fc8610 code [0x0000000002fc8e40, 0x0000000002fd0400]
Event: 42.426 Thread 0x00000000174ce800 1758       4       java.nio.Bits::byteOrder (20 bytes)
Event: 42.426 Thread 0x00000000174ce800 nmethod 1758 0x0000000002ee5b90 code [0x0000000002ee5cc0, 0x0000000002ee5d18]

GC Heap History (10 events):
Event: 14.416 GC heap before
{Heap before GC invocations=10 (full 1):
 PSYoungGen      total 266752K, used 236512K [0x00000000d5d80000, 0x00000000e8d00000, 0x0000000100000000)
  eden space 233984K, 99% used [0x00000000d5d80000,0x00000000e418c2d8,0x00000000e4200000)
  from space 32768K, 9% used [0x00000000e6d00000,0x00000000e6febfa0,0x00000000e8d00000)
  to   space 38400K, 0% used [0x00000000e4200000,0x00000000e4200000,0x00000000e6780000)
 ParOldGen       total 131072K, used 66202K [0x0000000081800000, 0x0000000089800000, 0x00000000d5d80000)
  object space 131072K, 50% used [0x0000000081800000,0x00000000858a6a38,0x0000000089800000)
 Metaspace       used 17222K, capacity 17448K, committed 17792K, reserved 1064960K
  class space    used 1567K, capacity 1622K, committed 1664K, reserved 1048576K
Event: 14.418 GC heap after
Heap after GC invocations=10 (full 1):
 PSYoungGen      total 272384K, used 96K [0x00000000d5d80000, 0x00000000efa00000, 0x0000000100000000)
  eden space 233984K, 0% used [0x00000000d5d80000,0x00000000d5d80000,0x00000000e4200000)
  from space 38400K, 0% used [0x00000000e4200000,0x00000000e4218000,0x00000000e6780000)
  to   space 37888K, 0% used [0x00000000ed500000,0x00000000ed500000,0x00000000efa00000)
 ParOldGen       total 131072K, used 69116K [0x0000000081800000, 0x0000000089800000, 0x00000000d5d80000)
  object space 131072K, 52% used [0x0000000081800000,0x0000000085b7f288,0x0000000089800000)
 Metaspace       used 17222K, capacity 17448K, committed 17792K, reserved 1064960K
  class space    used 1567K, capacity 1622K, committed 1664K, reserved 1048576K
}
Event: 19.020 GC heap before
{Heap before GC invocations=11 (full 1):
 PSYoungGen      total 272384K, used 233312K [0x00000000d5d80000, 0x00000000efa00000, 0x0000000100000000)
  eden space 233984K, 99% used [0x00000000d5d80000,0x00000000e4140238,0x00000000e4200000)
  from space 38400K, 0% used [0x00000000e4200000,0x00000000e4218000,0x00000000e6780000)
  to   space 37888K, 0% used [0x00000000ed500000,0x00000000ed500000,0x00000000efa00000)
 ParOldGen       total 131072K, used 69116K [0x0000000081800000, 0x0000000089800000, 0x00000000d5d80000)
  object space 131072K, 52% used [0x0000000081800000,0x0000000085b7f288,0x0000000089800000)
 Metaspace       used 17291K, capacity 17512K, committed 17792K, reserved 1064960K
  class space    used 1567K, capacity 1622K, committed 1664K, reserved 1048576K
Event: 19.021 GC heap after
Heap after GC invocations=11 (full 1):
 PSYoungGen      total 368128K, used 64K [0x00000000d5d80000, 0x00000000ef100000, 0x0000000100000000)
  eden space 339456K, 0% used [0x00000000d5d80000,0x00000000d5d80000,0x00000000ea900000)
  from space 28672K, 0% used [0x00000000ed500000,0x00000000ed510000,0x00000000ef100000)
  to   space 36864K, 0% used [0x00000000ea900000,0x00000000ea900000,0x00000000ecd00000)
 ParOldGen       total 131072K, used 69164K [0x0000000081800000, 0x0000000089800000, 0x00000000d5d80000)
  object space 131072K, 52% used [0x0000000081800000,0x0000000085b8b288,0x0000000089800000)
 Metaspace       used 17291K, capacity 17512K, committed 17792K, reserved 1064960K
  class space    used 1567K, capacity 1622K, committed 1664K, reserved 1048576K
}
Event: 25.746 GC heap before
{Heap before GC invocations=12 (full 1):
 PSYoungGen      total 368128K, used 338909K [0x00000000d5d80000, 0x00000000ef100000, 0x0000000100000000)
  eden space 339456K, 99% used [0x00000000d5d80000,0x00000000ea867678,0x00000000ea900000)
  from space 28672K, 0% used [0x00000000ed500000,0x00000000ed510000,0x00000000ef100000)
  to   space 36864K, 0% used [0x00000000ea900000,0x00000000ea900000,0x00000000ecd00000)
 ParOldGen       total 131072K, used 69164K [0x0000000081800000, 0x0000000089800000, 0x00000000d5d80000)
  object space 131072K, 52% used [0x0000000081800000,0x0000000085b8b288,0x0000000089800000)
 Metaspace       used 17343K, capacity 17512K, committed 17792K, reserved 1064960K
  class space    used 1567K, capacity 1622K, committed 1664K, reserved 1048576K
Event: 25.747 GC heap after
Heap after GC invocations=12 (full 1):
 PSYoungGen      total 376320K, used 64K [0x00000000d5d80000, 0x00000000f7880000, 0x0000000100000000)
  eden space 339456K, 0% used [0x00000000d5d80000,0x00000000d5d80000,0x00000000ea900000)
  from space 36864K, 0% used [0x00000000ea900000,0x00000000ea910000,0x00000000ecd00000)
  to   space 35840K, 0% used [0x00000000f5580000,0x00000000f5580000,0x00000000f7880000)
 ParOldGen       total 131072K, used 69196K [0x0000000081800000, 0x0000000089800000, 0x00000000d5d80000)
  object space 131072K, 52% used [0x0000000081800000,0x0000000085b93288,0x0000000089800000)
 Metaspace       used 17343K, capacity 17512K, committed 17792K, reserved 1064960K
  class space    used 1567K, capacity 1622K, committed 1664K, reserved 1048576K
}
Event: 32.308 GC heap before
{Heap before GC invocations=13 (full 1):
 PSYoungGen      total 376320K, used 338882K [0x00000000d5d80000, 0x00000000f7880000, 0x0000000100000000)
  eden space 339456K, 99% used [0x00000000d5d80000,0x00000000ea860ae0,0x00000000ea900000)
  from space 36864K, 0% used [0x00000000ea900000,0x00000000ea910000,0x00000000ecd00000)
  to   space 35840K, 0% used [0x00000000f5580000,0x00000000f5580000,0x00000000f7880000)
 ParOldGen       total 131072K, used 69196K [0x0000000081800000, 0x0000000089800000, 0x00000000d5d80000)
  object space 131072K, 52% used [0x0000000081800000,0x0000000085b93288,0x0000000089800000)
 Metaspace       used 17343K, capacity 17512K, committed 17792K, reserved 1064960K
  class space    used 1567K, capacity 1622K, committed 1664K, reserved 1048576K
Event: 32.309 GC heap after
Heap after GC invocations=13 (full 1):
 PSYoungGen      total 488448K, used 96K [0x00000000d5d80000, 0x00000000f6a00000, 0x0000000100000000)
  eden space 467456K, 0% used [0x00000000d5d80000,0x00000000d5d80000,0x00000000f2600000)
  from space 20992K, 0% used [0x00000000f5580000,0x00000000f5598000,0x00000000f6a00000)
  to   space 34816K, 0% used [0x00000000f2600000,0x00000000f2600000,0x00000000f4800000)
 ParOldGen       total 131072K, used 69220K [0x0000000081800000, 0x0000000089800000, 0x00000000d5d80000)
  object space 131072K, 52% used [0x0000000081800000,0x0000000085b99288,0x0000000089800000)
 Metaspace       used 17343K, capacity 17512K, committed 17792K, reserved 1064960K
  class space    used 1567K, capacity 1622K, committed 1664K, reserved 1048576K
}
Event: 41.510 GC heap before
{Heap before GC invocations=14 (full 1):
 PSYoungGen      total 488448K, used 467167K [0x00000000d5d80000, 0x00000000f6a00000, 0x0000000100000000)
  eden space 467456K, 99% used [0x00000000d5d80000,0x00000000f259fe78,0x00000000f2600000)
  from space 20992K, 0% used [0x00000000f5580000,0x00000000f5598000,0x00000000f6a00000)
  to   space 34816K, 0% used [0x00000000f2600000,0x00000000f2600000,0x00000000f4800000)
 ParOldGen       total 131072K, used 69220K [0x0000000081800000, 0x0000000089800000, 0x00000000d5d80000)
  object space 131072K, 52% used [0x0000000081800000,0x0000000085b99288,0x0000000089800000)
 Metaspace       used 17347K, capacity 17576K, committed 17792K, reserved 1064960K
  class space    used 1567K, capacity 1622K, committed 1664K, reserved 1048576K
Event: 41.511 GC heap after
Heap after GC invocations=14 (full 1):
 PSYoungGen      total 502272K, used 96K [0x00000000d5d80000, 0x0000000100000000, 0x0000000100000000)
  eden space 467456K, 0% used [0x00000000d5d80000,0x00000000d5d80000,0x00000000f2600000)
  from space 34816K, 0% used [0x00000000f2600000,0x00000000f2618000,0x00000000f4800000)
  to   space 33280K, 0% used [0x00000000fdf80000,0x00000000fdf80000,0x0000000100000000)
 ParOldGen       total 131072K, used 69228K [0x0000000081800000, 0x0000000089800000, 0x00000000d5d80000)
  object space 131072K, 52% used [0x0000000081800000,0x0000000085b9b288,0x0000000089800000)
 Metaspace       used 17347K, capacity 17576K, committed 17792K, reserved 1064960K
  class space    used 1567K, capacity 1622K, committed 1664K, reserved 1048576K
}

Deoptimization events (10 events):
Event: 2.308 Thread 0x0000000019dd8800 Uncommon trap: reason=unstable_if action=reinterpret pc=0x0000000002ce4a80 method=java.util.regex.Pattern$BitClass.isSatisfiedBy(I)Z @ 13
Event: 4.717 Thread 0x0000000019dd8800 Uncommon trap: reason=class_check action=maybe_recompile pc=0x0000000002b129a8 method=java.lang.String.equals(Ljava/lang/Object;)Z @ 8
Event: 4.717 Thread 0x0000000019dd8800 Uncommon trap: reason=class_check action=maybe_recompile pc=0x0000000002b129a8 method=java.lang.String.equals(Ljava/lang/Object;)Z @ 8
Event: 4.717 Thread 0x0000000019dd8800 Uncommon trap: reason=class_check action=maybe_recompile pc=0x0000000002b129a8 method=java.lang.String.equals(Ljava/lang/Object;)Z @ 8
Event: 4.717 Thread 0x0000000019dd8800 Uncommon trap: reason=class_check action=maybe_recompile pc=0x0000000002b129a8 method=java.lang.String.equals(Ljava/lang/Object;)Z @ 8
Event: 4.763 Thread 0x0000000019dd8800 Uncommon trap: reason=class_check action=maybe_recompile pc=0x0000000002d1c038 method=java.util.regex.Pattern.compile()V @ 246
Event: 4.763 Thread 0x0000000019dd8800 Uncommon trap: reason=class_check action=maybe_recompile pc=0x0000000002d1c038 method=java.util.regex.Pattern.compile()V @ 246
Event: 4.763 Thread 0x0000000019dd8800 Uncommon trap: reason=class_check action=maybe_recompile pc=0x0000000002d1c038 method=java.util.regex.Pattern.compile()V @ 246
Event: 4.763 Thread 0x0000000019dd8800 Uncommon trap: reason=class_check action=maybe_recompile pc=0x0000000002d1c038 method=java.util.regex.Pattern.compile()V @ 246
Event: 4.772 Thread 0x0000000019dd8800 Uncommon trap: reason=predicate action=maybe_recompile pc=0x0000000002debc88 method=java.util.regex.Pattern$Slice.match(Ljava/util/regex/Matcher;ILjava/lang/CharSequence;)Z @ 21

Internal exceptions (10 events):
Event: 0.031 Thread 0x000000000267e800 Exception <a 'java/lang/NoSuchMethodError': Method sun.misc.Unsafe.prefetchRead(Ljava/lang/Object;J)V name or signature does not match> (0x00000000d5d87f90) thrown at [C:\re\workspace\8-2-build-windows-amd64-cygwin\jdk8u121\8372\hotspot\src\share\vm\prims
Event: 0.127 Thread 0x000000000267e800 Exception <a 'java/security/PrivilegedActionException'> (0x00000000d6064468) thrown at [C:\re\workspace\8-2-build-windows-amd64-cygwin\jdk8u121\8372\hotspot\src\share\vm\prims\jvm.cpp, line 1390]
Event: 0.128 Thread 0x000000000267e800 Exception <a 'java/security/PrivilegedActionException'> (0x00000000d6064678) thrown at [C:\re\workspace\8-2-build-windows-amd64-cygwin\jdk8u121\8372\hotspot\src\share\vm\prims\jvm.cpp, line 1390]
Event: 0.128 Thread 0x000000000267e800 Exception <a 'java/security/PrivilegedActionException'> (0x00000000d6068770) thrown at [C:\re\workspace\8-2-build-windows-amd64-cygwin\jdk8u121\8372\hotspot\src\share\vm\prims\jvm.cpp, line 1390]
Event: 0.128 Thread 0x000000000267e800 Exception <a 'java/security/PrivilegedActionException'> (0x00000000d6068980) thrown at [C:\re\workspace\8-2-build-windows-amd64-cygwin\jdk8u121\8372\hotspot\src\share\vm\prims\jvm.cpp, line 1390]
Event: 0.132 Thread 0x000000000267e800 Exception <a 'java/io/FileNotFoundException'> (0x00000000d60723a8) thrown at [C:\re\workspace\8-2-build-windows-amd64-cygwin\jdk8u121\8372\hotspot\src\share\vm\prims\jni.cpp, line 709]
Event: 0.161 Thread 0x000000000267e800 Exception <a 'java/lang/NoSuchFieldError': method resolution failed> (0x00000000d613f9a8) thrown at [C:\re\workspace\8-2-build-windows-amd64-cygwin\jdk8u121\8372\hotspot\src\share\vm\prims\methodHandles.cpp, line 1146]
Event: 0.162 Thread 0x000000000267e800 Exception <a 'java/lang/NoSuchFieldError': method resolution failed> (0x00000000d614cee0) thrown at [C:\re\workspace\8-2-build-windows-amd64-cygwin\jdk8u121\8372\hotspot\src\share\vm\prims\methodHandles.cpp, line 1146]
Event: 0.203 Thread 0x000000000267e800 Exception <a 'java/io/FileNotFoundException'> (0x00000000d61e97a0) thrown at [C:\re\workspace\8-2-build-windows-amd64-cygwin\jdk8u121\8372\hotspot\src\share\vm\prims\jni.cpp, line 709]
Event: 43.233 Thread 0x0000000019dd8000 Exception <a 'java/lang/InterruptedException'> (0x00000000db3c1c00) thrown at [C:\re\workspace\8-2-build-windows-amd64-cygwin\jdk8u121\8372\hotspot\src\share\vm\runtime\objectMonitor.cpp, line 1684]

Events (10 events):
Event: 14.418 Executing VM operation: ParallelGCFailedAllocation done
Event: 19.020 Executing VM operation: ParallelGCFailedAllocation
Event: 19.021 Executing VM operation: ParallelGCFailedAllocation done
Event: 25.746 Executing VM operation: ParallelGCFailedAllocation
Event: 25.747 Executing VM operation: ParallelGCFailedAllocation done
Event: 32.308 Executing VM operation: ParallelGCFailedAllocation
Event: 32.309 Executing VM operation: ParallelGCFailedAllocation done
Event: 41.510 Executing VM operation: ParallelGCFailedAllocation
Event: 41.511 Executing VM operation: ParallelGCFailedAllocation done
Event: 43.233 Thread 0x0000000019dd8000 Thread exited: 0x0000000019dd8000


Dynamic libraries:
0x00007ff63e1d0000 - 0x00007ff63e207000 	C:\Program Files\Java\jdk1.8.0_121\bin\java.exe
0x00007ffbb0fb0000 - 0x00007ffbb1182000 	C:\WINDOWS\SYSTEM32\ntdll.dll
0x00007ffbae570000 - 0x00007ffbae61c000 	C:\WINDOWS\System32\KERNEL32.DLL
0x00007ffbadd10000 - 0x00007ffbadf2d000 	C:\WINDOWS\System32\KERNELBASE.dll
0x00007ffbb0880000 - 0x00007ffbb0922000 	C:\WINDOWS\System32\ADVAPI32.dll
0x00007ffbb02f0000 - 0x00007ffbb038e000 	C:\WINDOWS\System32\msvcrt.dll
0x00007ffbb0660000 - 0x00007ffbb06b9000 	C:\WINDOWS\System32\sechost.dll
0x00007ffbae620000 - 0x00007ffbae741000 	C:\WINDOWS\System32\RPCRT4.dll
0x00007ffbb0060000 - 0x00007ffbb01c5000 	C:\WINDOWS\System32\USER32.dll
0x00007ffbae1f0000 - 0x00007ffbae20e000 	C:\WINDOWS\System32\win32u.dll
0x00007ffbb0390000 - 0x00007ffbb03c4000 	C:\WINDOWS\System32\GDI32.dll
0x00007ffbad4b0000 - 0x00007ffbad630000 	C:\WINDOWS\System32\gdi32full.dll
0x00007ffba7ca0000 - 0x00007ffba7f1a000 	C:\WINDOWS\WinSxS\amd64_microsoft.windows.common-controls_6595b64144ccf1df_6.0.14393.953_none_42151e83c686086b\COMCTL32.dll
0x00007ffbae7b0000 - 0x00007ffbaea78000 	C:\WINDOWS\System32\combase.dll
0x00007ffbae440000 - 0x00007ffbae535000 	C:\WINDOWS\System32\ucrtbase.dll
0x00007ffbadfe0000 - 0x00007ffbae04a000 	C:\WINDOWS\System32\bcryptPrimitives.dll
0x00007ffbae540000 - 0x00007ffbae56e000 	C:\WINDOWS\System32\IMM32.DLL
0x0000000072880000 - 0x0000000072952000 	C:\Program Files\Java\jdk1.8.0_121\jre\bin\msvcr100.dll
0x0000000075bd0000 - 0x000000007646b000 	C:\Program Files\Java\jdk1.8.0_121\jre\bin\server\jvm.dll
0x00007ffbb0ea0000 - 0x00007ffbb0ea8000 	C:\WINDOWS\System32\PSAPI.DLL
0x00007ffbaa530000 - 0x00007ffbaa539000 	C:\WINDOWS\SYSTEM32\WSOCK32.dll
0x00007ffbab790000 - 0x00007ffbab7b3000 	C:\WINDOWS\SYSTEM32\WINMM.dll
0x00007ffbb0280000 - 0x00007ffbb02ea000 	C:\WINDOWS\System32\WS2_32.dll
0x00007ffba9850000 - 0x00007ffba985a000 	C:\WINDOWS\SYSTEM32\VERSION.dll
0x00007ffbab6d0000 - 0x00007ffbab6fb000 	C:\WINDOWS\SYSTEM32\WINMMBASE.dll
0x00007ffbae100000 - 0x00007ffbae142000 	C:\WINDOWS\System32\cfgmgr32.dll
0x0000000075ae0000 - 0x0000000075aef000 	C:\Program Files\Java\jdk1.8.0_121\jre\bin\verify.dll
0x0000000075ab0000 - 0x0000000075ad9000 	C:\Program Files\Java\jdk1.8.0_121\jre\bin\java.dll
0x0000000075a90000 - 0x0000000075aa6000 	C:\Program Files\Java\jdk1.8.0_121\jre\bin\zip.dll
0x00007ffbaea90000 - 0x00007ffbaff98000 	C:\WINDOWS\System32\SHELL32.dll
0x00007ffbad630000 - 0x00007ffbadd0a000 	C:\WINDOWS\System32\windows.storage.dll
0x00007ffbad450000 - 0x00007ffbad49c000 	C:\WINDOWS\System32\powrprof.dll
0x00007ffbb0530000 - 0x00007ffbb0582000 	C:\WINDOWS\System32\shlwapi.dll
0x00007ffbad4a0000 - 0x00007ffbad4af000 	C:\WINDOWS\System32\kernel.appcore.dll
0x00007ffbadf30000 - 0x00007ffbadfd9000 	C:\WINDOWS\System32\shcore.dll
0x00007ffbad420000 - 0x00007ffbad434000 	C:\WINDOWS\System32\profapi.dll
0x00007ffbaa750000 - 0x00007ffbaa760000 	C:\Program Files (x86)\JetBrains\IntelliJ IDEA 2016.3.4\bin\breakgen64.dll
0x0000000075880000 - 0x000000007589a000 	C:\Program Files\Java\jdk1.8.0_121\jre\bin\net.dll
0x00007ffbaccf0000 - 0x00007ffbacd4c000 	C:\WINDOWS\system32\mswsock.dll
0x00000000758f0000 - 0x0000000075a88000 	C:\Program Files\Java\jdk1.8.0_121\jre\bin\awt.dll
0x00007ffbaffa0000 - 0x00007ffbb005f000 	C:\WINDOWS\System32\OLEAUT32.dll
0x00007ffbae150000 - 0x00007ffbae1ec000 	C:\WINDOWS\System32\msvcp_win.dll
0x00007ffbabac0000 - 0x00007ffbabb3a000 	C:\WINDOWS\SYSTEM32\apphelp.dll
0x00007ffbabc20000 - 0x00007ffbabcb5000 	C:\WINDOWS\system32\uxtheme.dll
0x00007ffbb03d0000 - 0x00007ffbb052a000 	C:\WINDOWS\System32\MSCTF.dll
0x00007ffbaa9c0000 - 0x00007ffbaa9e6000 	C:\WINDOWS\system32\dwmapi.dll
0x00007ffbb0d60000 - 0x00007ffbb0e98000 	C:\WINDOWS\System32\ole32.dll
0x00007ffb9d9f0000 - 0x00007ffb9db13000 	C:\WINDOWS\system32\opengl32.dll
0x00007ffba7fa0000 - 0x00007ffba7fcd000 	C:\WINDOWS\SYSTEM32\GLU32.dll
0x00007ffb9d5f0000 - 0x00007ffb9d6e7000 	C:\WINDOWS\SYSTEM32\DDRAW.dll
0x00007ffbaaf40000 - 0x00007ffbaaf48000 	C:\WINDOWS\SYSTEM32\DCIMAN32.dll
0x00007ffbacea0000 - 0x00007ffbaceb7000 	C:\WINDOWS\SYSTEM32\CRYPTSP.dll
0x00007ffbac8f0000 - 0x00007ffbac923000 	C:\WINDOWS\system32\rsaenh.dll
0x00007ffbad360000 - 0x00007ffbad38b000 	C:\WINDOWS\SYSTEM32\bcrypt.dll
0x00007ffbacb70000 - 0x00007ffbacb8f000 	C:\WINDOWS\SYSTEM32\USERENV.dll
0x00007ffbace90000 - 0x00007ffbace9b000 	C:\WINDOWS\SYSTEM32\CRYPTBASE.dll
0x00007ffbaca70000 - 0x00007ffbacaa8000 	C:\WINDOWS\SYSTEM32\IPHLPAPI.DLL
0x00007ffbb0270000 - 0x00007ffbb0278000 	C:\WINDOWS\System32\NSI.dll
0x00007ffba3920000 - 0x00007ffba3936000 	C:\WINDOWS\SYSTEM32\dhcpcsvc6.DLL
0x00007ffba3f40000 - 0x00007ffba3f5a000 	C:\WINDOWS\SYSTEM32\dhcpcsvc.DLL
0x0000000075860000 - 0x0000000075871000 	C:\Program Files\Java\jdk1.8.0_121\jre\bin\nio.dll
0x00000000637c0000 - 0x00000000637cd000 	C:\Users\ricar\AppData\Local\Temp\jogamp_0000\file_cache\jln821266781197551712\jln634696189169172554\natives\windows-amd64\gluegen-rt.dll
0x0000000075770000 - 0x0000000075777000 	C:\Program Files\Java\jdk1.8.0_121\jre\bin\jawt.dll
0x000000006a440000 - 0x000000006a44d000 	C:\Users\ricar\AppData\Local\Temp\jogamp_0000\file_cache\jln821266781197551712\jln634696189169172554\natives\windows-amd64\nativewindow_awt.dll
0x000000006c100000 - 0x000000006c10f000 	C:\Users\ricar\AppData\Local\Temp\jogamp_0000\file_cache\jln821266781197551712\jln634696189169172554\natives\windows-amd64\nativewindow_win32.dll
0x000000006cbc0000 - 0x000000006cbd3000 	C:\Users\ricar\AppData\Local\Temp\jogamp_0000\file_cache\jln821266781197551712\jln634696189169172554\natives\windows-amd64\newt.dll
0x00007ffba9380000 - 0x00007ffba9411000 	C:\WINDOWS\SYSTEM32\mscms.dll
0x00007ffb98890000 - 0x00007ffb988d2000 	C:\WINDOWS\SYSTEM32\icm32.dll
0x00007ffbb0930000 - 0x00007ffbb0d59000 	C:\WINDOWS\System32\setupapi.dll
0x00007ffbabf80000 - 0x00007ffbabfa8000 	C:\WINDOWS\SYSTEM32\DEVOBJ.dll
0x00007ffbae3e0000 - 0x00007ffbae435000 	C:\WINDOWS\System32\WINTRUST.dll
0x00007ffbad440000 - 0x00007ffbad450000 	C:\WINDOWS\System32\MSASN1.dll
0x00007ffbae210000 - 0x00007ffbae3d9000 	C:\WINDOWS\System32\CRYPT32.dll
0x0000000064500000 - 0x00000000645b1000 	C:\Users\ricar\AppData\Local\Temp\jogamp_0000\file_cache\jln821266781197551712\jln634696189169172554\natives\windows-amd64\jogl_desktop.dll
0x0000000064340000 - 0x00000000643a2000 	C:\Users\ricar\AppData\Local\Temp\jogamp_0000\file_cache\jln821266781197551712\jln634696189169172554\natives\windows-amd64\jogl_mobile.dll
0x0000000072990000 - 0x0000000074ae0000 	C:\WINDOWS\SYSTEM32\nvoglv64.DLL
0x00007ffbaa6e0000 - 0x00007ffbaa6f3000 	C:\WINDOWS\SYSTEM32\WTSAPI32.dll
0x00007ffbac7c0000 - 0x00007ffbac7f2000 	C:\WINDOWS\SYSTEM32\ntmarta.dll
0x00007ffbad300000 - 0x00007ffbad356000 	C:\WINDOWS\SYSTEM32\WINSTA.dll
0x00007ffb95910000 - 0x00007ffb95aac000 	C:\Users\ricar\Desktop\MoveCode\KinectPV2-master\Build_libs\MoveOn\libs\kinectPV2\Kinect20.Face.dll
0x00007ffba0fe0000 - 0x00007ffba10b4000 	C:\WINDOWS\SYSTEM32\MSVCR110.dll
0x00007ffb9d2c0000 - 0x00007ffb9d367000 	C:\WINDOWS\SYSTEM32\MSVCP110.dll
0x00007ffb9ae40000 - 0x00007ffb9ae51000 	C:\Users\ricar\Desktop\MoveCode\KinectPV2-master\Build_libs\MoveOn\libs\kinectPV2\KinectPV2.dll
0x00007ffb97840000 - 0x00007ffb978fb000 	C:\WINDOWS\SYSTEM32\Kinect20.dll
0x00007ffba2bf0000 - 0x00007ffba2d58000 	C:\WINDOWS\SYSTEM32\MFPlat.DLL
0x00007ffbab920000 - 0x00007ffbab94e000 	C:\WINDOWS\SYSTEM32\RTWorkQ.DLL
0x00007ffbac3a0000 - 0x00007ffbac43f000 	C:\WINDOWS\system32\dxgi.dll
0x00007ffbaa9f0000 - 0x00007ffbaaca6000 	C:\WINDOWS\system32\d3d11.dll
0x00007ffb799e0000 - 0x00007ffb7b111000 	C:\WINDOWS\System32\DriverStore\FileRepository\nvami.inf_amd64_11a67240324f74de\nvwgf2umx.dll
0x00007ffba78a0000 - 0x00007ffba7c9b000 	C:\WINDOWS\system32\nvapi64.dll
0x00000000758a0000 - 0x00000000758e7000 	C:\Program Files\Java\jdk1.8.0_121\jre\bin\fontmanager.dll
0x0000000075790000 - 0x00000000757d2000 	C:\Program Files\Java\jdk1.8.0_121\jre\bin\t2k.dll
0x00007ffba9e30000 - 0x00007ffba9fc2000 	C:\WINDOWS\SYSTEM32\dbghelp.dll

VM Arguments:
jvm_args: -Djava.library.path=C:\Users\ricar\Desktop\MoveCode\KinectPV2-master\Build_libs\MoveOn\libs\kinectPV2 -Didea.launcher.port=7534 -Didea.launcher.bin.path=C:\Program Files (x86)\JetBrains\IntelliJ IDEA 2016.3.4\bin -Dfile.encoding=UTF-8 
java_command: com.intellij.rt.execution.application.AppMain SkeletonDepthTest
java_class_path (initial): C:\Program Files\Java\jdk1.8.0_121\jre\lib\charsets.jar;C:\Program Files\Java\jdk1.8.0_121\jre\lib\deploy.jar;C:\Program Files\Java\jdk1.8.0_121\jre\lib\ext\access-bridge-64.jar;C:\Program Files\Java\jdk1.8.0_121\jre\lib\ext\cldrdata.jar;C:\Program Files\Java\jdk1.8.0_121\jre\lib\ext\dnsns.jar;C:\Program Files\Java\jdk1.8.0_121\jre\lib\ext\jaccess.jar;C:\Program Files\Java\jdk1.8.0_121\jre\lib\ext\jfxrt.jar;C:\Program Files\Java\jdk1.8.0_121\jre\lib\ext\localedata.jar;C:\Program Files\Java\jdk1.8.0_121\jre\lib\ext\nashorn.jar;C:\Program Files\Java\jdk1.8.0_121\jre\lib\ext\sunec.jar;C:\Program Files\Java\jdk1.8.0_121\jre\lib\ext\sunjce_provider.jar;C:\Program Files\Java\jdk1.8.0_121\jre\lib\ext\sunmscapi.jar;C:\Program Files\Java\jdk1.8.0_121\jre\lib\ext\sunpkcs11.jar;C:\Program Files\Java\jdk1.8.0_121\jre\lib\ext\zipfs.jar;C:\Program Files\Java\jdk1.8.0_121\jre\lib\javaws.jar;C:\Program Files\Java\jdk1.8.0_121\jre\lib\jce.jar;C:\Program Files\Java\jdk1.8.0_121\jre\lib\jfr.jar;C:\Program Files\Java\jdk1.8.0_121\jre\lib\jfxswt.jar;C:\Program Files\Java\jdk1.8.0_121\jre\lib\jsse.jar;C:\Program Files\Java\jdk1.8.0_121\jre\lib\management-agent.jar;C:\Program Files\Java\jdk1.8.0_121\jre\lib\plugin.jar;C:\Program Files\Java\jdk1.8.0_121\jre\lib\resources.jar;C:\Program Files\Java\jdk1.8.0_121\jre\lib\rt.jar;C:\Users\ricar\Desktop\MoveCode\KinectPV2-master\Build_libs\MoveOn\out\production\MoveOn;C:\Users\ricar\Desktop\MoveCode\KinectPV2-master\Build_libs\MoveOn\libs\kinectPV2\KinectPV2.jar;C:\Users\ricar\Desktop\MoveCode\KinectPV2-master\Build_libs\MoveOn\libs\p3.01\core.jar;C:\Users\ricar\Desktop\MoveCode\KinectPV2-master\Build_libs\MoveOn\libs\p3.01\jogl-all.jar;C:\Users\ricar\Desktop\MoveCode\KinectPV2-master\Build_libs\MoveOn\libs\p3.01\gluegen-rt.jar;C:\Users\ricar\Desktop\MoveCode\KinectPV2-master\Build_libs\MoveOn\libs\p3.01\jogl-all-natives-linux-i586.jar;C:\Users\ricar\Desktop\MoveCode\KinectPV2-master\Build_libs\MoveOn\libs\p3.01\jogl-
Launcher Type: SUN_STANDARD

Environment Variables:
PATH=C:\ProgramData\Oracle\Java\javapath;C:\Program Files (x86)\Intel\iCLS Client\;C:\Program Files\Intel\iCLS Client\;C:\Windows\system32;C:\Windows;C:\Windows\System32\Wbem;C:\Windows\System32\WindowsPowerShell\v1.0\;C:\Program Files (x86)\NVIDIA Corporation\PhysX\Common;C:\Program Files (x86)\Intel\Intel(R) Management Engine Components\DAL;C:\Program Files\Intel\Intel(R) Management Engine Components\DAL;C:\Program Files (x86)\Intel\Intel(R) Management Engine Components\IPT;C:\Program Files\Intel\Intel(R) Management Engine Components\IPT;C:\WINDOWS\system32;C:\WINDOWS;C:\WINDOWS\System32\Wbem;C:\WINDOWS\System32\WindowsPowerShell\v1.0\;C:\Program Files\Git\cmd;C:\;C:\Users\ricar\AppData\Local\Microsoft\WindowsApps;C:\Users\ricar\AppData\Roaming\npm
USERNAME=ricar
OS=Windows_NT
PROCESSOR_IDENTIFIER=Intel64 Family 6 Model 94 Stepping 3, GenuineIntel



---------------  S Y S T E M  ---------------

OS: Windows 10.0 , 64 bit Build 14393 (10.0.14393.1198)

CPU:total 4 (4 cores per cpu, 1 threads per core) family 6 model 94 stepping 3, cmov, cx8, fxsr, mmx, sse, sse2, sse3, ssse3, sse4.1, sse4.2, popcnt, avx, avx2, aes, clmul, erms, rtm, 3dnowpref, lzcnt, tsc, tscinvbit, bmi1, bmi2, adx

Memory: 4k page, physical 8285044k(3502600k free), swap 18266080k(11848232k free)

vm_info: Java HotSpot(TM) 64-Bit Server VM (25.121-b13) for windows-amd64 JRE (1.8.0_121-b13), built on Dec 12 2016 18:21:36 by "java_re" with MS VC++ 10.0 (VS2010)

time: Thu Aug 24 15:52:22 2017
elapsed time: 43 seconds (0d 0h 0m 43s)

