#
# A fatal error has been detected by the Java Runtime Environment:
#
#  EXCEPTION_ACCESS_VIOLATION (0xc0000005) at pc=0x00007ffba7f25520, pid=11132, tid=0x0000000000001338
#
# JRE version: Java(TM) SE Runtime Environment (8.0_121-b13) (build 1.8.0_121-b13)
# Java VM: Java HotSpot(TM) 64-Bit Server VM (25.121-b13 mixed mode windows-amd64 compressed oops)
# Problematic frame:
# C  [KinectPV2.dll+0x5520]
#
# Failed to write core dump. Minidumps are not enabled by default on client versions of Windows
#
# If you would like to submit a bug report, please visit:
#   http://bugreport.java.com/bugreport/crash.jsp
# The crash happened outside the Java Virtual Machine in native code.
# See problematic frame for where to report the bug.
#

---------------  T H R E A D  ---------------

Current thread (0x000000002051f000):  JavaThread "main-FPSAWTAnimator#00-Timer0" [_thread_in_native, id=4920, stack(0x0000000021690000,0x0000000021790000)]

siginfo: ExceptionCode=0xc0000005, reading address 0xffffffffffffffff

Registers:
RAX=0x0000000000000001, RBX=0x000000002190c9b0, RCX=0x000656d11f00001f, RDX=0x0000000000000000
RSP=0x000000002178e3f0, RBP=0x0000000000000000, RSI=0x0000000000000001, RDI=0x000000002190cc08
R8 =0x000000002178e098, R9 =0x0000000000008000, R10=0x0000000000000000, R11=0x000000002178e2e0
R12=0x0000000000000000, R13=0x000000001b5d8b20, R14=0x000000002178e4e0, R15=0x000000002051f000
RIP=0x00007ffba7f25520, EFLAGS=0x0000000000010202

Top of Stack: (sp=0x000000002178e3f0)
0x000000002178e3f0:   000000002190c9b0 000000001b5d8b20
0x000000002178e400:   0000000000000000 00000000198f67e0
0x000000002178e410:   00000000198f67e0 00007ffba7f2177a
0x000000002178e420:   000000002178e4e0 000000002178e4c0
0x000000002178e430:   000000002051f1f8 000000002051f000
0x000000002178e440:   0000000002b0835d 0000000002b17f74
0x000000002178e450:   000000001b5d8b20 000000002051f000
0x000000002178e460:   000000002051f000 000000002051f000
0x000000002178e470:   000000002178e538 0000000002b17ca2
0x000000002178e480:   000000002178e480 000000001b5d8b20
0x000000002178e490:   000000002178e4e0 000000001b5da7b8
0x000000002178e4a0:   0000000000000000 000000001b5d8b20
0x000000002178e4b0:   0000000000000000 000000002178e4e0
0x000000002178e4c0:   000000002178e528 0000000002b07b30
0x000000002178e4d0:   0000000000000000 0000000002b119c0
0x000000002178e4e0:   00000000849588b8 000000002178e4e8 

Instructions: (pc=0x00007ffba7f25520)
0x00007ffba7f25500:   89 6f d0 48 8b 0f 48 85 c9 74 09 48 8b 01 ff 50
0x00007ffba7f25510:   10 48 89 2f 48 8b 8f 90 00 00 00 48 85 c9 74 0d
0x00007ffba7f25520:   48 8b 01 ff 50 10 48 89 af 90 00 00 00 48 8b 4f
0x00007ffba7f25530:   30 48 85 c9 74 0a 48 8b 01 ff 50 10 48 89 6f 30 


Register to memory mapping:

RAX=0x0000000000000001 is an unknown value
RBX=0x000000002190c9b0 is an unknown value
RCX=0x000656d11f00001f is an unknown value
RDX=0x0000000000000000 is an unknown value
RSP=0x000000002178e3f0 is pointing into the stack for thread: 0x000000002051f000
RBP=0x0000000000000000 is an unknown value
RSI=0x0000000000000001 is an unknown value
RDI=0x000000002190cc08 is an unknown value
R8 =0x000000002178e098 is pointing into the stack for thread: 0x000000002051f000
R9 =0x0000000000008000 is an unknown value
R10=0x0000000000000000 is an unknown value
R11=0x000000002178e2e0 is pointing into the stack for thread: 0x000000002051f000
R12=0x0000000000000000 is an unknown value
R13={method} {0x000000001b5d8b28} 'jniStopSignal' '()Z' in 'KinectPV2/Device'
R14=0x000000002178e4e0 is pointing into the stack for thread: 0x000000002051f000
R15=0x000000002051f000 is a thread


Stack: [0x0000000021690000,0x0000000021790000],  sp=0x000000002178e3f0,  free space=1016k
Native frames: (J=compiled Java code, j=interpreted, Vv=VM code, C=native code)

Java frames: (J=compiled Java code, j=interpreted, Vv=VM code)
j  KinectPV2.Device.jniStopSignal()Z+0
j  KinectPV2.Device.cleanDevice()Z+1
j  KinectPV2.KinectPV2.dispose()V+10
v  ~StubRoutines::call_stub
j  sun.reflect.NativeMethodAccessorImpl.invoke0(Ljava/lang/reflect/Method;Ljava/lang/Object;[Ljava/lang/Object;)Ljava/lang/Object;+0
j  sun.reflect.NativeMethodAccessorImpl.invoke(Ljava/lang/Object;[Ljava/lang/Object;)Ljava/lang/Object;+100
j  sun.reflect.DelegatingMethodAccessorImpl.invoke(Ljava/lang/Object;[Ljava/lang/Object;)Ljava/lang/Object;+6
j  java.lang.reflect.Method.invoke(Ljava/lang/Object;[Ljava/lang/Object;)Ljava/lang/Object;+56
j  processing.core.PApplet$RegisteredMethods.handle([Ljava/lang/Object;)V+18
J 1010 C1 processing.core.PApplet.handleMethods(Ljava/lang/String;)V (21 bytes) @ 0x0000000002ef43dc [0x0000000002ef4120+0x2bc]
j  processing.core.PApplet.dispose()V+35
J 1679 C1 processing.opengl.PSurfaceJOGL$DrawListener.display(Lcom/jogamp/opengl/GLAutoDrawable;)V (220 bytes) @ 0x00000000030fc2a4 [0x00000000030fb720+0xb84]
J 1737 C1 jogamp.opengl.GLDrawableHelper.displayImpl(Lcom/jogamp/opengl/GLAutoDrawable;)V (86 bytes) @ 0x0000000003133834 [0x0000000003132f20+0x914]
J 1677 C1 jogamp.opengl.GLAutoDrawableBase$2.run()V (73 bytes) @ 0x00000000030fa93c [0x00000000030fa560+0x3dc]
J 1675 C1 jogamp.opengl.GLDrawableHelper.invokeGLImpl(Lcom/jogamp/opengl/GLDrawable;Lcom/jogamp/opengl/GLContext;Ljava/lang/Runnable;Ljava/lang/Runnable;)V (579 bytes) @ 0x00000000030f53ac [0x00000000030f4560+0xe4c]
J 1730 C1 jogamp.opengl.GLDrawableHelper.invokeGL(Lcom/jogamp/opengl/GLDrawable;Lcom/jogamp/opengl/GLContext;Ljava/lang/Runnable;Ljava/lang/Runnable;)V (76 bytes) @ 0x0000000003132b04 [0x0000000003132a40+0xc4]
J 1673 C1 com.jogamp.newt.opengl.GLWindow.display()V (144 bytes) @ 0x00000000030f1e04 [0x00000000030f1500+0x904]
J 1672 C1 com.jogamp.opengl.util.AWTAnimatorImpl.display(Ljava/util/ArrayList;ZZ)V (170 bytes) @ 0x00000000030e98ec [0x00000000030e9200+0x6ec]
J 1670 C1 com.jogamp.opengl.util.FPSAnimator$MainTask.run()V (805 bytes) @ 0x00000000030ed0c4 [0x00000000030ec380+0xd44]
j  java.util.TimerThread.mainLoop()V+221
j  java.util.TimerThread.run()V+1
v  ~StubRoutines::call_stub

---------------  P R O C E S S  ---------------

Java Threads: ( => current thread )
  0x00000000029fe800 JavaThread "DestroyJavaVM" [_thread_blocked, id=10764, stack(0x0000000002890000,0x0000000002990000)]
=>0x000000002051f000 JavaThread "main-FPSAWTAnimator#00-Timer0" [_thread_in_native, id=4920, stack(0x0000000021690000,0x0000000021790000)]
  0x0000000019d6e800 JavaThread "HighResTimerThread" daemon [_thread_blocked, id=13148, stack(0x0000000021490000,0x0000000021590000)]
  0x0000000019dcf800 JavaThread "main-SharedResourceRunner" daemon [_thread_blocked, id=11172, stack(0x000000001b5f0000,0x000000001b6f0000)]
  0x0000000019e0f800 JavaThread "main-Display-.windows_nil-1-EDT-1" daemon [_thread_blocked, id=11928, stack(0x000000001b0f0000,0x000000001b1f0000)]
  0x0000000019950800 JavaThread "AWT-Windows" daemon [_thread_in_native, id=548, stack(0x000000001a2e0000,0x000000001a3e0000)]
  0x000000001994c000 JavaThread "Java2D Disposer" daemon [_thread_blocked, id=11796, stack(0x000000001a0e0000,0x000000001a1e0000)]
  0x000000001916b000 JavaThread "Monitor Ctrl-Break" daemon [_thread_in_native, id=2588, stack(0x00000000195c0000,0x00000000196c0000)]
  0x0000000018feb800 JavaThread "Service Thread" daemon [_thread_blocked, id=7312, stack(0x00000000193c0000,0x00000000194c0000)]
  0x000000001765b800 JavaThread "C1 CompilerThread2" daemon [_thread_blocked, id=10860, stack(0x0000000018ec0000,0x0000000018fc0000)]
  0x0000000017651000 JavaThread "C2 CompilerThread1" daemon [_thread_blocked, id=8764, stack(0x0000000018dc0000,0x0000000018ec0000)]
  0x000000001764e800 JavaThread "C2 CompilerThread0" daemon [_thread_blocked, id=8472, stack(0x0000000018cc0000,0x0000000018dc0000)]
  0x000000001764d000 JavaThread "Attach Listener" daemon [_thread_blocked, id=2792, stack(0x0000000018bc0000,0x0000000018cc0000)]
  0x000000001764c000 JavaThread "Signal Dispatcher" daemon [_thread_blocked, id=4976, stack(0x0000000018ac0000,0x0000000018bc0000)]
  0x0000000002afd800 JavaThread "Finalizer" daemon [_thread_blocked, id=2192, stack(0x00000000188b0000,0x00000000189b0000)]
  0x0000000002af2000 JavaThread "Reference Handler" daemon [_thread_blocked, id=8636, stack(0x00000000187b0000,0x00000000188b0000)]

Other Threads:
  0x0000000017617000 VMThread [stack: 0x00000000186b0000,0x00000000187b0000] [id=12700]
  0x0000000019009800 WatcherThread [stack: 0x00000000194c0000,0x00000000195c0000] [id=12724]

VM state:not at safepoint (normal execution)

VM Mutex/Monitor currently owned by a thread: None

Heap:
 PSYoungGen      total 355328K, used 285368K [0x00000000d5d80000, 0x00000000ee480000, 0x0000000100000000)
  eden space 326656K, 87% used [0x00000000d5d80000,0x00000000e740e148,0x00000000e9c80000)
  from space 28672K, 0% used [0x00000000ec880000,0x00000000ec8a0000,0x00000000ee480000)
  to   space 36864K, 0% used [0x00000000e9c80000,0x00000000e9c80000,0x00000000ec080000)
 ParOldGen       total 131584K, used 69191K [0x0000000081800000, 0x0000000089880000, 0x00000000d5d80000)
  object space 131584K, 52% used [0x0000000081800000,0x0000000085b91db8,0x0000000089880000)
 Metaspace       used 17499K, capacity 17704K, committed 18048K, reserved 1064960K
  class space    used 1578K, capacity 1622K, committed 1664K, reserved 1048576K

Card table byte_map: [0x0000000011ec0000,0x00000000122c0000] byte_map_base: 0x0000000011ab4000

Marking Bits: (ParMarkBitMap*) 0x00000000763eb6d0
 Begin Bits: [0x0000000012970000, 0x0000000014910000)
 End Bits:   [0x0000000014910000, 0x00000000168b0000)

Polling page: 0x0000000001050000

CodeCache: size=245760Kb used=6487Kb max_used=6487Kb free=239272Kb
 bounds [0x0000000002b00000, 0x0000000003160000, 0x0000000011b00000]
 total_blobs=2649 nmethods=1772 adapters=790
 compilation: enabled

Compilation events (10 events):
Event: 23.833 Thread 0x000000001765b800 1768       3       processing.opengl.PGL::endRender (808 bytes)
Event: 23.836 Thread 0x000000001765b800 nmethod 1768 0x0000000003152190 code [0x0000000003152760, 0x0000000003155ae8]
Event: 23.836 Thread 0x000000001765b800 1769       3       processing.opengl.PGraphicsOpenGL::completeFinishedPixelTransfers (68 bytes)
Event: 23.837 Thread 0x000000001765b800 nmethod 1769 0x0000000003157690 code [0x0000000003157880, 0x0000000003158098]
Event: 23.837 Thread 0x000000001765b800 1770   !   3       jogamp.opengl.GLDrawableImpl::swapBuffers (138 bytes)
Event: 23.837 Thread 0x000000001765b800 nmethod 1770 0x0000000003158850 code [0x0000000003158ac0, 0x0000000003159cd8]
Event: 23.837 Thread 0x000000001765b800 1771       3       jogamp.opengl.windows.wgl.WindowsWGLDrawable::swapBuffersImpl (153 bytes)
Event: 23.838 Thread 0x000000001765b800 nmethod 1771 0x000000000315a390 code [0x000000000315a540, 0x000000000315aa98]
Event: 23.838 Thread 0x000000001765b800 1772       3       jogamp.opengl.windows.wgl.WGLUtil::SwapBuffers (16 bytes)
Event: 23.838 Thread 0x000000001765b800 nmethod 1772 0x000000000315ac90 code [0x000000000315ae00, 0x000000000315af88]

GC Heap History (10 events):
Event: 4.687 GC heap before
{Heap before GC invocations=7 (full 1):
 PSYoungGen      total 71680K, used 71062K [0x00000000d5d80000, 0x00000000e2980000, 0x0000000100000000)
  eden space 66560K, 99% used [0x00000000d5d80000,0x00000000d9def8d0,0x00000000d9e80000)
  from space 5120K, 99% used [0x00000000d9e80000,0x00000000da376070,0x00000000da380000)
  to   space 42496K, 0% used [0x00000000e0000000,0x00000000e0000000,0x00000000e2980000)
 ParOldGen       total 131584K, used 62821K [0x0000000081800000, 0x0000000089880000, 0x00000000d5d80000)
  object space 131584K, 47% used [0x0000000081800000,0x00000000855595b8,0x0000000089880000)
 Metaspace       used 15820K, capacity 16004K, committed 16128K, reserved 1064960K
  class space    used 1467K, capacity 1526K, committed 1536K, reserved 1048576K
Event: 4.689 GC heap after
Heap after GC invocations=7 (full 1):
 PSYoungGen      total 167424K, used 5112K [0x00000000d5d80000, 0x00000000e2980000, 0x0000000100000000)
  eden space 124928K, 0% used [0x00000000d5d80000,0x00000000d5d80000,0x00000000dd780000)
  from space 42496K, 12% used [0x00000000e0000000,0x00000000e04fe070,0x00000000e2980000)
  to   space 41472K, 0% used [0x00000000dd780000,0x00000000dd780000,0x00000000e0000000)
 ParOldGen       total 131584K, used 62829K [0x0000000081800000, 0x0000000089880000, 0x00000000d5d80000)
  object space 131584K, 47% used [0x0000000081800000,0x000000008555b5b8,0x0000000089880000)
 Metaspace       used 15820K, capacity 16004K, committed 16128K, reserved 1064960K
  class space    used 1467K, capacity 1526K, committed 1536K, reserved 1048576K
}
Event: 7.124 GC heap before
{Heap before GC invocations=8 (full 1):
 PSYoungGen      total 167424K, used 129309K [0x00000000d5d80000, 0x00000000e2980000, 0x0000000100000000)
  eden space 124928K, 99% used [0x00000000d5d80000,0x00000000dd6c94e0,0x00000000dd780000)
  from space 42496K, 12% used [0x00000000e0000000,0x00000000e04fe070,0x00000000e2980000)
  to   space 41472K, 0% used [0x00000000dd780000,0x00000000dd780000,0x00000000e0000000)
 ParOldGen       total 131584K, used 62829K [0x0000000081800000, 0x0000000089880000, 0x00000000d5d80000)
  object space 131584K, 47% used [0x0000000081800000,0x000000008555b5b8,0x0000000089880000)
 Metaspace       used 15900K, capacity 16068K, committed 16384K, reserved 1064960K
  class space    used 1467K, capacity 1526K, committed 1536K, reserved 1048576K
Event: 7.127 GC heap after
Heap after GC invocations=8 (full 1):
 PSYoungGen      total 166400K, used 5112K [0x00000000d5d80000, 0x00000000e8d80000, 0x0000000100000000)
  eden space 124928K, 0% used [0x00000000d5d80000,0x00000000d5d80000,0x00000000dd780000)
  from space 41472K, 12% used [0x00000000dd780000,0x00000000ddc7e070,0x00000000e0000000)
  to   space 39424K, 0% used [0x00000000e6700000,0x00000000e6700000,0x00000000e8d80000)
 ParOldGen       total 131584K, used 62837K [0x0000000081800000, 0x0000000089880000, 0x00000000d5d80000)
  object space 131584K, 47% used [0x0000000081800000,0x000000008555d5b8,0x0000000089880000)
 Metaspace       used 15900K, capacity 16068K, committed 16384K, reserved 1064960K
  class space    used 1467K, capacity 1526K, committed 1536K, reserved 1048576K
}
Event: 9.492 GC heap before
{Heap before GC invocations=9 (full 1):
 PSYoungGen      total 166400K, used 129696K [0x00000000d5d80000, 0x00000000e8d80000, 0x0000000100000000)
  eden space 124928K, 99% used [0x00000000d5d80000,0x00000000dd72a088,0x00000000dd780000)
  from space 41472K, 12% used [0x00000000dd780000,0x00000000ddc7e070,0x00000000e0000000)
  to   space 39424K, 0% used [0x00000000e6700000,0x00000000e6700000,0x00000000e8d80000)
 ParOldGen       total 131584K, used 62837K [0x0000000081800000, 0x0000000089880000, 0x00000000d5d80000)
  object space 131584K, 47% used [0x0000000081800000,0x000000008555d5b8,0x0000000089880000)
 Metaspace       used 17251K, capacity 17448K, committed 17792K, reserved 1064960K
  class space    used 1577K, capacity 1622K, committed 1664K, reserved 1048576K
Event: 9.496 GC heap after
Heap after GC invocations=9 (full 1):
 PSYoungGen      total 260608K, used 3103K [0x00000000d5d80000, 0x00000000e8700000, 0x0000000100000000)
  eden space 227840K, 0% used [0x00000000d5d80000,0x00000000d5d80000,0x00000000e3c00000)
  from space 32768K, 9% used [0x00000000e6700000,0x00000000e6a07fb0,0x00000000e8700000)
  to   space 38400K, 0% used [0x00000000e3c00000,0x00000000e3c00000,0x00000000e6180000)
 ParOldGen       total 131584K, used 66189K [0x0000000081800000, 0x0000000089880000, 0x00000000d5d80000)
  object space 131584K, 50% used [0x0000000081800000,0x00000000858a3568,0x0000000089880000)
 Metaspace       used 17251K, capacity 17448K, committed 17792K, reserved 1064960K
  class space    used 1577K, capacity 1622K, committed 1664K, reserved 1048576K
}
Event: 13.987 GC heap before
{Heap before GC invocations=10 (full 1):
 PSYoungGen      total 260608K, used 230943K [0x00000000d5d80000, 0x00000000e8700000, 0x0000000100000000)
  eden space 227840K, 100% used [0x00000000d5d80000,0x00000000e3c00000,0x00000000e3c00000)
  from space 32768K, 9% used [0x00000000e6700000,0x00000000e6a07fb0,0x00000000e8700000)
  to   space 38400K, 0% used [0x00000000e3c00000,0x00000000e3c00000,0x00000000e6180000)
 ParOldGen       total 131584K, used 66189K [0x0000000081800000, 0x0000000089880000, 0x00000000d5d80000)
  object space 131584K, 50% used [0x0000000081800000,0x00000000858a3568,0x0000000089880000)
 Metaspace       used 17347K, capacity 17576K, committed 17792K, reserved 1064960K
  class space    used 1577K, capacity 1622K, committed 1664K, reserved 1048576K
Event: 13.989 GC heap after
Heap after GC invocations=10 (full 1):
 PSYoungGen      total 266240K, used 1343K [0x00000000d5d80000, 0x00000000eed00000, 0x0000000100000000)
  eden space 227840K, 0% used [0x00000000d5d80000,0x00000000d5d80000,0x00000000e3c00000)
  from space 38400K, 3% used [0x00000000e3c00000,0x00000000e3d4ff90,0x00000000e6180000)
  to   space 37376K, 0% used [0x00000000ec880000,0x00000000ec880000,0x00000000eed00000)
 ParOldGen       total 131584K, used 67917K [0x0000000081800000, 0x0000000089880000, 0x00000000d5d80000)
  object space 131584K, 51% used [0x0000000081800000,0x0000000085a53588,0x0000000089880000)
 Metaspace       used 17347K, capacity 17576K, committed 17792K, reserved 1064960K
  class space    used 1577K, capacity 1622K, committed 1664K, reserved 1048576K
}
Event: 18.485 GC heap before
{Heap before GC invocations=11 (full 1):
 PSYoungGen      total 266240K, used 228705K [0x00000000d5d80000, 0x00000000eed00000, 0x0000000100000000)
  eden space 227840K, 99% used [0x00000000d5d80000,0x00000000e3b88710,0x00000000e3c00000)
  from space 38400K, 3% used [0x00000000e3c00000,0x00000000e3d4ff90,0x00000000e6180000)
  to   space 37376K, 0% used [0x00000000ec880000,0x00000000ec880000,0x00000000eed00000)
 ParOldGen       total 131584K, used 67917K [0x0000000081800000, 0x0000000089880000, 0x00000000d5d80000)
  object space 131584K, 51% used [0x0000000081800000,0x0000000085a53588,0x0000000089880000)
 Metaspace       used 17427K, capacity 17640K, committed 17792K, reserved 1064960K
  class space    used 1577K, capacity 1622K, committed 1664K, reserved 1048576K
Event: 18.487 GC heap after
Heap after GC invocations=11 (full 1):
 PSYoungGen      total 355328K, used 128K [0x00000000d5d80000, 0x00000000ee480000, 0x0000000100000000)
  eden space 326656K, 0% used [0x00000000d5d80000,0x00000000d5d80000,0x00000000e9c80000)
  from space 28672K, 0% used [0x00000000ec880000,0x00000000ec8a0000,0x00000000ee480000)
  to   space 36864K, 0% used [0x00000000e9c80000,0x00000000e9c80000,0x00000000ec080000)
 ParOldGen       total 131584K, used 69191K [0x0000000081800000, 0x0000000089880000, 0x00000000d5d80000)
  object space 131584K, 52% used [0x0000000081800000,0x0000000085b91db8,0x0000000089880000)
 Metaspace       used 17427K, capacity 17640K, committed 17792K, reserved 1064960K
  class space    used 1577K, capacity 1622K, committed 1664K, reserved 1048576K
}

Deoptimization events (10 events):
Event: 1.964 Thread 0x00000000029fe800 Uncommon trap: reason=unstable_if action=reinterpret pc=0x0000000002e442cc method=java.util.HashMap.containsKey(Ljava/lang/Object;)Z @ 9
Event: 7.599 Thread 0x000000002051f000 Uncommon trap: reason=class_check action=maybe_recompile pc=0x0000000002cab1a8 method=java.lang.String.equals(Ljava/lang/Object;)Z @ 8
Event: 7.599 Thread 0x000000002051f000 Uncommon trap: reason=class_check action=maybe_recompile pc=0x0000000002cab1a8 method=java.lang.String.equals(Ljava/lang/Object;)Z @ 8
Event: 7.599 Thread 0x000000002051f000 Uncommon trap: reason=class_check action=maybe_recompile pc=0x0000000002cab1a8 method=java.lang.String.equals(Ljava/lang/Object;)Z @ 8
Event: 7.599 Thread 0x000000002051f000 Uncommon trap: reason=class_check action=maybe_recompile pc=0x0000000002cab1a8 method=java.lang.String.equals(Ljava/lang/Object;)Z @ 8
Event: 7.652 Thread 0x000000002051f000 Uncommon trap: reason=class_check action=maybe_recompile pc=0x0000000002eb7678 method=java.util.regex.Pattern.compile()V @ 246
Event: 7.652 Thread 0x000000002051f000 Uncommon trap: reason=class_check action=maybe_recompile pc=0x0000000002eb7678 method=java.util.regex.Pattern.compile()V @ 246
Event: 7.652 Thread 0x000000002051f000 Uncommon trap: reason=class_check action=maybe_recompile pc=0x0000000002eb7678 method=java.util.regex.Pattern.compile()V @ 246
Event: 7.652 Thread 0x000000002051f000 Uncommon trap: reason=class_check action=maybe_recompile pc=0x0000000002eb7678 method=java.util.regex.Pattern.compile()V @ 246
Event: 7.652 Thread 0x000000002051f000 Uncommon trap: reason=predicate action=maybe_recompile pc=0x0000000002eb30c8 method=java.util.regex.Pattern$Slice.match(Ljava/util/regex/Matcher;ILjava/lang/CharSequence;)Z @ 21

Internal exceptions (10 events):
Event: 0.034 Thread 0x00000000029fe800 Exception <a 'java/lang/NoSuchMethodError': Method sun.misc.Unsafe.prefetchRead(Ljava/lang/Object;J)V name or signature does not match> (0x00000000d5d87f90) thrown at [C:\re\workspace\8-2-build-windows-amd64-cygwin\jdk8u121\8372\hotspot\src\share\vm\prims
Event: 0.130 Thread 0x00000000029fe800 Exception <a 'java/security/PrivilegedActionException'> (0x00000000d6064430) thrown at [C:\re\workspace\8-2-build-windows-amd64-cygwin\jdk8u121\8372\hotspot\src\share\vm\prims\jvm.cpp, line 1390]
Event: 0.130 Thread 0x00000000029fe800 Exception <a 'java/security/PrivilegedActionException'> (0x00000000d6064640) thrown at [C:\re\workspace\8-2-build-windows-amd64-cygwin\jdk8u121\8372\hotspot\src\share\vm\prims\jvm.cpp, line 1390]
Event: 0.130 Thread 0x00000000029fe800 Exception <a 'java/security/PrivilegedActionException'> (0x00000000d6068738) thrown at [C:\re\workspace\8-2-build-windows-amd64-cygwin\jdk8u121\8372\hotspot\src\share\vm\prims\jvm.cpp, line 1390]
Event: 0.130 Thread 0x00000000029fe800 Exception <a 'java/security/PrivilegedActionException'> (0x00000000d6068948) thrown at [C:\re\workspace\8-2-build-windows-amd64-cygwin\jdk8u121\8372\hotspot\src\share\vm\prims\jvm.cpp, line 1390]
Event: 0.139 Thread 0x00000000029fe800 Exception <a 'java/io/FileNotFoundException'> (0x00000000d6072370) thrown at [C:\re\workspace\8-2-build-windows-amd64-cygwin\jdk8u121\8372\hotspot\src\share\vm\prims\jni.cpp, line 709]
Event: 0.201 Thread 0x00000000029fe800 Exception <a 'java/lang/NoSuchFieldError': method resolution failed> (0x00000000d613f9a8) thrown at [C:\re\workspace\8-2-build-windows-amd64-cygwin\jdk8u121\8372\hotspot\src\share\vm\prims\methodHandles.cpp, line 1146]
Event: 0.206 Thread 0x00000000029fe800 Exception <a 'java/lang/NoSuchFieldError': method resolution failed> (0x00000000d614cee0) thrown at [C:\re\workspace\8-2-build-windows-amd64-cygwin\jdk8u121\8372\hotspot\src\share\vm\prims\methodHandles.cpp, line 1146]
Event: 0.255 Thread 0x00000000029fe800 Exception <a 'java/io/FileNotFoundException'> (0x00000000d61e9a70) thrown at [C:\re\workspace\8-2-build-windows-amd64-cygwin\jdk8u121\8372\hotspot\src\share\vm\prims\jni.cpp, line 709]
Event: 24.101 Thread 0x0000000019eac000 Exception <a 'java/lang/InterruptedException'> (0x00000000e7275c20) thrown at [C:\re\workspace\8-2-build-windows-amd64-cygwin\jdk8u121\8372\hotspot\src\share\vm\runtime\objectMonitor.cpp, line 1684]

Events (10 events):
Event: 9.498 Executing VM operation: RevokeBias done
Event: 9.498 Executing VM operation: RevokeBias
Event: 9.498 Executing VM operation: RevokeBias done
Event: 9.498 Executing VM operation: BulkRevokeBias
Event: 9.499 Executing VM operation: BulkRevokeBias done
Event: 13.986 Executing VM operation: ParallelGCFailedAllocation
Event: 13.989 Executing VM operation: ParallelGCFailedAllocation done
Event: 18.485 Executing VM operation: ParallelGCFailedAllocation
Event: 18.487 Executing VM operation: ParallelGCFailedAllocation done
Event: 24.101 Thread 0x0000000019eac000 Thread exited: 0x0000000019eac000


Dynamic libraries:
0x00007ff63e1d0000 - 0x00007ff63e207000 	C:\Program Files\Java\jdk1.8.0_121\bin\java.exe
0x00007ffbb0fb0000 - 0x00007ffbb1182000 	C:\WINDOWS\SYSTEM32\ntdll.dll
0x00007ffbae570000 - 0x00007ffbae61c000 	C:\WINDOWS\System32\KERNEL32.DLL
0x00007ffbadd10000 - 0x00007ffbadf2d000 	C:\WINDOWS\System32\KERNELBASE.dll
0x00007ffbb0880000 - 0x00007ffbb0922000 	C:\WINDOWS\System32\ADVAPI32.dll
0x00007ffbb02f0000 - 0x00007ffbb038e000 	C:\WINDOWS\System32\msvcrt.dll
0x00007ffbb0660000 - 0x00007ffbb06b9000 	C:\WINDOWS\System32\sechost.dll
0x00007ffbae620000 - 0x00007ffbae741000 	C:\WINDOWS\System32\RPCRT4.dll
0x00007ffbb0060000 - 0x00007ffbb01c5000 	C:\WINDOWS\System32\USER32.dll
0x00007ffbae1f0000 - 0x00007ffbae20e000 	C:\WINDOWS\System32\win32u.dll
0x00007ffbb0390000 - 0x00007ffbb03c4000 	C:\WINDOWS\System32\GDI32.dll
0x00007ffbad4b0000 - 0x00007ffbad630000 	C:\WINDOWS\System32\gdi32full.dll
0x00007ffba7ca0000 - 0x00007ffba7f1a000 	C:\WINDOWS\WinSxS\amd64_microsoft.windows.common-controls_6595b64144ccf1df_6.0.14393.953_none_42151e83c686086b\COMCTL32.dll
0x00007ffbae7b0000 - 0x00007ffbaea78000 	C:\WINDOWS\System32\combase.dll
0x00007ffbae440000 - 0x00007ffbae535000 	C:\WINDOWS\System32\ucrtbase.dll
0x00007ffbadfe0000 - 0x00007ffbae04a000 	C:\WINDOWS\System32\bcryptPrimitives.dll
0x00007ffbae540000 - 0x00007ffbae56e000 	C:\WINDOWS\System32\IMM32.DLL
0x0000000072880000 - 0x0000000072952000 	C:\Program Files\Java\jdk1.8.0_121\jre\bin\msvcr100.dll
0x0000000075bd0000 - 0x000000007646b000 	C:\Program Files\Java\jdk1.8.0_121\jre\bin\server\jvm.dll
0x00007ffbb0ea0000 - 0x00007ffbb0ea8000 	C:\WINDOWS\System32\PSAPI.DLL
0x00007ffbaa530000 - 0x00007ffbaa539000 	C:\WINDOWS\SYSTEM32\WSOCK32.dll
0x00007ffbb0280000 - 0x00007ffbb02ea000 	C:\WINDOWS\System32\WS2_32.dll
0x00007ffbab790000 - 0x00007ffbab7b3000 	C:\WINDOWS\SYSTEM32\WINMM.dll
0x00007ffba9850000 - 0x00007ffba985a000 	C:\WINDOWS\SYSTEM32\VERSION.dll
0x00007ffbab6d0000 - 0x00007ffbab6fb000 	C:\WINDOWS\SYSTEM32\WINMMBASE.dll
0x00007ffbae100000 - 0x00007ffbae142000 	C:\WINDOWS\System32\cfgmgr32.dll
0x0000000075ae0000 - 0x0000000075aef000 	C:\Program Files\Java\jdk1.8.0_121\jre\bin\verify.dll
0x0000000075ab0000 - 0x0000000075ad9000 	C:\Program Files\Java\jdk1.8.0_121\jre\bin\java.dll
0x0000000075a90000 - 0x0000000075aa6000 	C:\Program Files\Java\jdk1.8.0_121\jre\bin\zip.dll
0x00007ffbaea90000 - 0x00007ffbaff98000 	C:\WINDOWS\System32\SHELL32.dll
0x00007ffbad630000 - 0x00007ffbadd0a000 	C:\WINDOWS\System32\windows.storage.dll
0x00007ffbad450000 - 0x00007ffbad49c000 	C:\WINDOWS\System32\powrprof.dll
0x00007ffbb0530000 - 0x00007ffbb0582000 	C:\WINDOWS\System32\shlwapi.dll
0x00007ffbad4a0000 - 0x00007ffbad4af000 	C:\WINDOWS\System32\kernel.appcore.dll
0x00007ffbadf30000 - 0x00007ffbadfd9000 	C:\WINDOWS\System32\shcore.dll
0x00007ffbad420000 - 0x00007ffbad434000 	C:\WINDOWS\System32\profapi.dll
0x00007ffbaa750000 - 0x00007ffbaa760000 	C:\Program Files (x86)\JetBrains\IntelliJ IDEA 2016.3.4\bin\breakgen64.dll
0x0000000075880000 - 0x000000007589a000 	C:\Program Files\Java\jdk1.8.0_121\jre\bin\net.dll
0x00007ffbaccf0000 - 0x00007ffbacd4c000 	C:\WINDOWS\system32\mswsock.dll
0x00000000758f0000 - 0x0000000075a88000 	C:\Program Files\Java\jdk1.8.0_121\jre\bin\awt.dll
0x00007ffbaffa0000 - 0x00007ffbb005f000 	C:\WINDOWS\System32\OLEAUT32.dll
0x00007ffbae150000 - 0x00007ffbae1ec000 	C:\WINDOWS\System32\msvcp_win.dll
0x00007ffbabac0000 - 0x00007ffbabb3a000 	C:\WINDOWS\SYSTEM32\apphelp.dll
0x00007ffbabc20000 - 0x00007ffbabcb5000 	C:\WINDOWS\system32\uxtheme.dll
0x00007ffbb03d0000 - 0x00007ffbb052a000 	C:\WINDOWS\System32\MSCTF.dll
0x00007ffbaa9c0000 - 0x00007ffbaa9e6000 	C:\WINDOWS\system32\dwmapi.dll
0x00007ffbb0d60000 - 0x00007ffbb0e98000 	C:\WINDOWS\System32\ole32.dll
0x00007ffb9d9f0000 - 0x00007ffb9db13000 	C:\WINDOWS\system32\opengl32.dll
0x00007ffba7fa0000 - 0x00007ffba7fcd000 	C:\WINDOWS\SYSTEM32\GLU32.dll
0x00007ffb9d5f0000 - 0x00007ffb9d6e7000 	C:\WINDOWS\SYSTEM32\DDRAW.dll
0x00007ffbaaf40000 - 0x00007ffbaaf48000 	C:\WINDOWS\SYSTEM32\DCIMAN32.dll
0x00007ffbacea0000 - 0x00007ffbaceb7000 	C:\WINDOWS\SYSTEM32\CRYPTSP.dll
0x00007ffbac8f0000 - 0x00007ffbac923000 	C:\WINDOWS\system32\rsaenh.dll
0x00007ffbad360000 - 0x00007ffbad38b000 	C:\WINDOWS\SYSTEM32\bcrypt.dll
0x00007ffbacb70000 - 0x00007ffbacb8f000 	C:\WINDOWS\SYSTEM32\USERENV.dll
0x00007ffbace90000 - 0x00007ffbace9b000 	C:\WINDOWS\SYSTEM32\CRYPTBASE.dll
0x00007ffbaca70000 - 0x00007ffbacaa8000 	C:\WINDOWS\SYSTEM32\IPHLPAPI.DLL
0x00007ffbb0270000 - 0x00007ffbb0278000 	C:\WINDOWS\System32\NSI.dll
0x00007ffba3920000 - 0x00007ffba3936000 	C:\WINDOWS\SYSTEM32\dhcpcsvc6.DLL
0x00007ffba3f40000 - 0x00007ffba3f5a000 	C:\WINDOWS\SYSTEM32\dhcpcsvc.DLL
0x0000000075860000 - 0x0000000075871000 	C:\Program Files\Java\jdk1.8.0_121\jre\bin\nio.dll
0x00000000637c0000 - 0x00000000637cd000 	C:\Users\ricar\AppData\Local\Temp\jogamp_0000\file_cache\jln441271363466433620\jln5800241103555067640\natives\windows-amd64\gluegen-rt.dll
0x0000000075770000 - 0x0000000075777000 	C:\Program Files\Java\jdk1.8.0_121\jre\bin\jawt.dll
0x000000006a440000 - 0x000000006a44d000 	C:\Users\ricar\AppData\Local\Temp\jogamp_0000\file_cache\jln441271363466433620\jln5800241103555067640\natives\windows-amd64\nativewindow_awt.dll
0x000000006c100000 - 0x000000006c10f000 	C:\Users\ricar\AppData\Local\Temp\jogamp_0000\file_cache\jln441271363466433620\jln5800241103555067640\natives\windows-amd64\nativewindow_win32.dll
0x000000006cbc0000 - 0x000000006cbd3000 	C:\Users\ricar\AppData\Local\Temp\jogamp_0000\file_cache\jln441271363466433620\jln5800241103555067640\natives\windows-amd64\newt.dll
0x00007ffba9380000 - 0x00007ffba9411000 	C:\WINDOWS\SYSTEM32\mscms.dll
0x00007ffba2b30000 - 0x00007ffba2b72000 	C:\WINDOWS\SYSTEM32\icm32.dll
0x00007ffbb0930000 - 0x00007ffbb0d59000 	C:\WINDOWS\System32\setupapi.dll
0x00007ffbabf80000 - 0x00007ffbabfa8000 	C:\WINDOWS\SYSTEM32\DEVOBJ.dll
0x00007ffbae3e0000 - 0x00007ffbae435000 	C:\WINDOWS\System32\WINTRUST.dll
0x00007ffbad440000 - 0x00007ffbad450000 	C:\WINDOWS\System32\MSASN1.dll
0x00007ffbae210000 - 0x00007ffbae3d9000 	C:\WINDOWS\System32\CRYPT32.dll
0x0000000064500000 - 0x00000000645b1000 	C:\Users\ricar\AppData\Local\Temp\jogamp_0000\file_cache\jln441271363466433620\jln5800241103555067640\natives\windows-amd64\jogl_desktop.dll
0x0000000064340000 - 0x00000000643a2000 	C:\Users\ricar\AppData\Local\Temp\jogamp_0000\file_cache\jln441271363466433620\jln5800241103555067640\natives\windows-amd64\jogl_mobile.dll
0x0000000072990000 - 0x0000000074ae0000 	C:\WINDOWS\SYSTEM32\nvoglv64.DLL
0x00007ffbaa6e0000 - 0x00007ffbaa6f3000 	C:\WINDOWS\SYSTEM32\WTSAPI32.dll
0x00007ffbac7c0000 - 0x00007ffbac7f2000 	C:\WINDOWS\SYSTEM32\ntmarta.dll
0x00007ffbad300000 - 0x00007ffbad356000 	C:\WINDOWS\SYSTEM32\WINSTA.dll
0x00007ffb92060000 - 0x00007ffb921fc000 	C:\Users\ricar\Desktop\MoveCode\KinectPV2-master\Build_libs\MoveOn\libs\kinectPV2\Kinect20.Face.dll
0x00007ffba0fe0000 - 0x00007ffba10b4000 	C:\WINDOWS\SYSTEM32\MSVCR110.dll
0x00007ffb9d2c0000 - 0x00007ffb9d367000 	C:\WINDOWS\SYSTEM32\MSVCP110.dll
0x00007ffba7f20000 - 0x00007ffba7f31000 	C:\Users\ricar\Desktop\MoveCode\KinectPV2-master\Build_libs\MoveOn\libs\kinectPV2\KinectPV2.dll
0x00007ffb97630000 - 0x00007ffb976eb000 	C:\WINDOWS\SYSTEM32\Kinect20.dll
0x00007ffba2bf0000 - 0x00007ffba2d58000 	C:\WINDOWS\SYSTEM32\MFPlat.DLL
0x00007ffbab920000 - 0x00007ffbab94e000 	C:\WINDOWS\SYSTEM32\RTWorkQ.DLL
0x00007ffbac3a0000 - 0x00007ffbac43f000 	C:\WINDOWS\system32\dxgi.dll
0x00007ffbaa9f0000 - 0x00007ffbaaca6000 	C:\WINDOWS\system32\d3d11.dll
0x00007ffb799e0000 - 0x00007ffb7b111000 	C:\WINDOWS\System32\DriverStore\FileRepository\nvami.inf_amd64_11a67240324f74de\nvwgf2umx.dll
0x00007ffba78a0000 - 0x00007ffba7c9b000 	C:\WINDOWS\system32\nvapi64.dll
0x00000000758a0000 - 0x00000000758e7000 	C:\Program Files\Java\jdk1.8.0_121\jre\bin\fontmanager.dll
0x0000000075790000 - 0x00000000757d2000 	C:\Program Files\Java\jdk1.8.0_121\jre\bin\t2k.dll
0x00007ffba9e30000 - 0x00007ffba9fc2000 	C:\WINDOWS\SYSTEM32\dbghelp.dll

VM Arguments:
jvm_args: -Djava.library.path=C:\Users\ricar\Desktop\MoveCode\KinectPV2-master\Build_libs\MoveOn\libs\kinectPV2 -Didea.launcher.port=7532 -Didea.launcher.bin.path=C:\Program Files (x86)\JetBrains\IntelliJ IDEA 2016.3.4\bin -Dfile.encoding=UTF-8 
java_command: com.intellij.rt.execution.application.AppMain SkeletonDepthTest
java_class_path (initial): C:\Program Files\Java\jdk1.8.0_121\jre\lib\charsets.jar;C:\Program Files\Java\jdk1.8.0_121\jre\lib\deploy.jar;C:\Program Files\Java\jdk1.8.0_121\jre\lib\ext\access-bridge-64.jar;C:\Program Files\Java\jdk1.8.0_121\jre\lib\ext\cldrdata.jar;C:\Program Files\Java\jdk1.8.0_121\jre\lib\ext\dnsns.jar;C:\Program Files\Java\jdk1.8.0_121\jre\lib\ext\jaccess.jar;C:\Program Files\Java\jdk1.8.0_121\jre\lib\ext\jfxrt.jar;C:\Program Files\Java\jdk1.8.0_121\jre\lib\ext\localedata.jar;C:\Program Files\Java\jdk1.8.0_121\jre\lib\ext\nashorn.jar;C:\Program Files\Java\jdk1.8.0_121\jre\lib\ext\sunec.jar;C:\Program Files\Java\jdk1.8.0_121\jre\lib\ext\sunjce_provider.jar;C:\Program Files\Java\jdk1.8.0_121\jre\lib\ext\sunmscapi.jar;C:\Program Files\Java\jdk1.8.0_121\jre\lib\ext\sunpkcs11.jar;C:\Program Files\Java\jdk1.8.0_121\jre\lib\ext\zipfs.jar;C:\Program Files\Java\jdk1.8.0_121\jre\lib\javaws.jar;C:\Program Files\Java\jdk1.8.0_121\jre\lib\jce.jar;C:\Program Files\Java\jdk1.8.0_121\jre\lib\jfr.jar;C:\Program Files\Java\jdk1.8.0_121\jre\lib\jfxswt.jar;C:\Program Files\Java\jdk1.8.0_121\jre\lib\jsse.jar;C:\Program Files\Java\jdk1.8.0_121\jre\lib\management-agent.jar;C:\Program Files\Java\jdk1.8.0_121\jre\lib\plugin.jar;C:\Program Files\Java\jdk1.8.0_121\jre\lib\resources.jar;C:\Program Files\Java\jdk1.8.0_121\jre\lib\rt.jar;C:\Users\ricar\Desktop\MoveCode\KinectPV2-master\Build_libs\MoveOn\out\production\MoveOn;C:\Users\ricar\Desktop\MoveCode\KinectPV2-master\Build_libs\MoveOn\libs\kinectPV2\KinectPV2.jar;C:\Users\ricar\Desktop\MoveCode\KinectPV2-master\Build_libs\MoveOn\libs\p3.01\core.jar;C:\Users\ricar\Desktop\MoveCode\KinectPV2-master\Build_libs\MoveOn\libs\p3.01\jogl-all.jar;C:\Users\ricar\Desktop\MoveCode\KinectPV2-master\Build_libs\MoveOn\libs\p3.01\gluegen-rt.jar;C:\Users\ricar\Desktop\MoveCode\KinectPV2-master\Build_libs\MoveOn\libs\p3.01\jogl-all-natives-linux-i586.jar;C:\Users\ricar\Desktop\MoveCode\KinectPV2-master\Build_libs\MoveOn\libs\p3.01\jogl-
Launcher Type: SUN_STANDARD

Environment Variables:
PATH=C:\ProgramData\Oracle\Java\javapath;C:\Program Files (x86)\Intel\iCLS Client\;C:\Program Files\Intel\iCLS Client\;C:\Windows\system32;C:\Windows;C:\Windows\System32\Wbem;C:\Windows\System32\WindowsPowerShell\v1.0\;C:\Program Files (x86)\NVIDIA Corporation\PhysX\Common;C:\Program Files (x86)\Intel\Intel(R) Management Engine Components\DAL;C:\Program Files\Intel\Intel(R) Management Engine Components\DAL;C:\Program Files (x86)\Intel\Intel(R) Management Engine Components\IPT;C:\Program Files\Intel\Intel(R) Management Engine Components\IPT;C:\WINDOWS\system32;C:\WINDOWS;C:\WINDOWS\System32\Wbem;C:\WINDOWS\System32\WindowsPowerShell\v1.0\;C:\Program Files\Git\cmd;C:\;C:\Users\ricar\AppData\Local\Microsoft\WindowsApps;C:\Users\ricar\AppData\Roaming\npm
USERNAME=ricar
OS=Windows_NT
PROCESSOR_IDENTIFIER=Intel64 Family 6 Model 94 Stepping 3, GenuineIntel



---------------  S Y S T E M  ---------------

OS: Windows 10.0 , 64 bit Build 14393 (10.0.14393.1198)

CPU:total 4 (4 cores per cpu, 1 threads per core) family 6 model 94 stepping 3, cmov, cx8, fxsr, mmx, sse, sse2, sse3, ssse3, sse4.1, sse4.2, popcnt, avx, avx2, aes, clmul, erms, rtm, 3dnowpref, lzcnt, tsc, tscinvbit, bmi1, bmi2, adx

Memory: 4k page, physical 8285044k(3730088k free), swap 18266080k(12208280k free)

vm_info: Java HotSpot(TM) 64-Bit Server VM (25.121-b13) for windows-amd64 JRE (1.8.0_121-b13), built on Dec 12 2016 18:21:36 by "java_re" with MS VC++ 10.0 (VS2010)

time: Thu Aug 24 15:31:04 2017
elapsed time: 24 seconds (0d 0h 0m 24s)

