#
# A fatal error has been detected by the Java Runtime Environment:
#
#  EXCEPTION_ACCESS_VIOLATION (0xc0000005) at pc=0x0000000000000000, pid=12280, tid=0x0000000000003274
#
# JRE version: Java(TM) SE Runtime Environment (8.0_121-b13) (build 1.8.0_121-b13)
# Java VM: Java HotSpot(TM) 64-Bit Server VM (25.121-b13 mixed mode windows-amd64 compressed oops)
# Problematic frame:
# C  0x0000000000000000
#
# Failed to write core dump. Minidumps are not enabled by default on client versions of Windows
#
# If you would like to submit a bug report, please visit:
#   http://bugreport.java.com/bugreport/crash.jsp
# The crash happened outside the Java Virtual Machine in native code.
# See problematic frame for where to report the bug.
#

---------------  T H R E A D  ---------------

Current thread (0x0000000019f4a800):  JavaThread "main-FPSAWTAnimator#00-Timer0" [_thread_in_native, id=12916, stack(0x0000000021640000,0x0000000021740000)]

siginfo: ExceptionCode=0xc0000005, ExceptionInformation=0x0000000000000008 0x0000000000000000

Registers:
RAX=0x000000001e16be00, RBX=0x000000001e16c1a0, RCX=0x000000002196e850, RDX=0x0000000000000000
RSP=0x000000002173e698, RBP=0x0000000000000000, RSI=0x0000000000000006, RDI=0x000000001e16c3d0
R8 =0x000000002173e348, R9 =0x0000000000008000, R10=0x0000000000000000, R11=0x000000002173e590
R12=0x0000000000000000, R13=0x000000001b628f48, R14=0x000000002173e790, R15=0x0000000019f4a800
RIP=0x0000000000000000, EFLAGS=0x0000000000010206

Top of Stack: (sp=0x000000002173e698)
0x000000002173e698:   00007ffba2b45526 000000001e16c1a0
0x000000002173e6a8:   000000001b628f48 0000000000000000
0x000000002173e6b8:   0000000019b48fc0 0000000019b48fc0
0x000000002173e6c8:   00007ffba2b4177a 000000002173e790
0x000000002173e6d8:   000000002173e770 0000000019f4a9f8
0x000000002173e6e8:   0000000019f4a800 0000000002d4835d
0x000000002173e6f8:   0000000002d57f74 000000001b628f48
0x000000002173e708:   0000000019f4a800 0000000019f4a800
0x000000002173e718:   0000000019f4a800 000000002173e7e8
0x000000002173e728:   0000000002d57ca2 000000002173e730
0x000000002173e738:   000000001b628f48 000000002173e790
0x000000002173e748:   000000001b62abe0 0000000000000000
0x000000002173e758:   000000001b628f48 0000000000000000
0x000000002173e768:   000000002173e790 000000002173e7d8
0x000000002173e778:   0000000002d47b30 0000000000000000
0x000000002173e788:   0000000002d519c0 000000008492baa8 

Instructions: (pc=0x0000000000000000)
0xffffffffffffffe0:   


Register to memory mapping:

RAX=0x000000001e16be00 is an unknown value
RBX=0x000000001e16c1a0 is an unknown value
RCX=0x000000002196e850 is an unknown value
RDX=0x0000000000000000 is an unknown value
RSP=0x000000002173e698 is pointing into the stack for thread: 0x0000000019f4a800
RBP=0x0000000000000000 is an unknown value
RSI=0x0000000000000006 is an unknown value
RDI=0x000000001e16c3d0 is an unknown value
R8 =0x000000002173e348 is pointing into the stack for thread: 0x0000000019f4a800
R9 =0x0000000000008000 is an unknown value
R10=0x0000000000000000 is an unknown value
R11=0x000000002173e590 is pointing into the stack for thread: 0x0000000019f4a800
R12=0x0000000000000000 is an unknown value
R13={method} {0x000000001b628f50} 'jniStopSignal' '()Z' in 'KinectPV2/Device'
R14=0x000000002173e790 is pointing into the stack for thread: 0x0000000019f4a800
R15=0x0000000019f4a800 is a thread


Stack: [0x0000000021640000,0x0000000021740000],  sp=0x000000002173e698,  free space=1017k
Native frames: (J=compiled Java code, j=interpreted, Vv=VM code, C=native code)

Java frames: (J=compiled Java code, j=interpreted, Vv=VM code)
j  KinectPV2.Device.jniStopSignal()Z+0
j  KinectPV2.Device.cleanDevice()Z+1
j  KinectPV2.KinectPV2.dispose()V+10
v  ~StubRoutines::call_stub
j  sun.reflect.NativeMethodAccessorImpl.invoke0(Ljava/lang/reflect/Method;Ljava/lang/Object;[Ljava/lang/Object;)Ljava/lang/Object;+0
j  sun.reflect.NativeMethodAccessorImpl.invoke(Ljava/lang/Object;[Ljava/lang/Object;)Ljava/lang/Object;+100
j  sun.reflect.DelegatingMethodAccessorImpl.invoke(Ljava/lang/Object;[Ljava/lang/Object;)Ljava/lang/Object;+6
j  java.lang.reflect.Method.invoke(Ljava/lang/Object;[Ljava/lang/Object;)Ljava/lang/Object;+56
j  processing.core.PApplet$RegisteredMethods.handle([Ljava/lang/Object;)V+18
j  processing.core.PApplet$RegisteredMethods.handle()V+5
j  processing.core.PApplet.handleMethods(Ljava/lang/String;)V+17
j  processing.core.PApplet.dispose()V+35
j  processing.opengl.PSurfaceJOGL$DrawListener.display(Lcom/jogamp/opengl/GLAutoDrawable;)V+206
j  jogamp.opengl.GLDrawableHelper.displayImpl(Lcom/jogamp/opengl/GLAutoDrawable;)V+62
j  jogamp.opengl.GLDrawableHelper.display(Lcom/jogamp/opengl/GLAutoDrawable;)V+2
j  jogamp.opengl.GLAutoDrawableBase$2.run()V+59
j  jogamp.opengl.GLDrawableHelper.invokeGLImpl(Lcom/jogamp/opengl/GLDrawable;Lcom/jogamp/opengl/GLContext;Ljava/lang/Runnable;Ljava/lang/Runnable;)V+203
j  jogamp.opengl.GLDrawableHelper.invokeGL(Lcom/jogamp/opengl/GLDrawable;Lcom/jogamp/opengl/GLContext;Ljava/lang/Runnable;Ljava/lang/Runnable;)V+72
j  com.jogamp.newt.opengl.GLWindow.display()V+90
j  com.jogamp.opengl.util.AWTAnimatorImpl.display(Ljava/util/ArrayList;ZZ)V+68
j  com.jogamp.opengl.util.AnimatorBase.display()V+16
j  com.jogamp.opengl.util.FPSAnimator$MainTask.run()V+216
j  java.util.TimerThread.mainLoop()V+221
j  java.util.TimerThread.run()V+1
v  ~StubRoutines::call_stub

---------------  P R O C E S S  ---------------

Java Threads: ( => current thread )
  0x00000000208fa000 JavaThread "AWT-Shutdown" [_thread_blocked, id=2168, stack(0x000000002ffb0000,0x00000000300b0000)]
  0x0000000002a3e800 JavaThread "DestroyJavaVM" [_thread_blocked, id=624, stack(0x0000000002b40000,0x0000000002c40000)]
=>0x0000000019f4a800 JavaThread "main-FPSAWTAnimator#00-Timer0" [_thread_in_native, id=12916, stack(0x0000000021640000,0x0000000021740000)]
  0x0000000019ed3800 JavaThread "HighResTimerThread" daemon [_thread_blocked, id=6488, stack(0x0000000021440000,0x0000000021540000)]
  0x000000001a11b800 JavaThread "main-SharedResourceRunner" daemon [_thread_blocked, id=1748, stack(0x000000001b650000,0x000000001b750000)]
  0x0000000019f5a000 JavaThread "main-Display-.windows_nil-1-EDT-1" daemon [_thread_blocked, id=11772, stack(0x000000001b150000,0x000000001b250000)]
  0x0000000019afa800 JavaThread "AWT-Windows" daemon [_thread_in_native, id=10540, stack(0x000000001a440000,0x000000001a540000)]
  0x0000000019af5000 JavaThread "Java2D Disposer" daemon [_thread_blocked, id=10696, stack(0x000000001a240000,0x000000001a340000)]
  0x000000001945a800 JavaThread "Monitor Ctrl-Break" daemon [_thread_in_native, id=5024, stack(0x00000000197f0000,0x00000000198f0000)]
  0x0000000019221800 JavaThread "Service Thread" daemon [_thread_blocked, id=5512, stack(0x00000000195f0000,0x00000000196f0000)]
  0x000000001789c800 JavaThread "C1 CompilerThread2" daemon [_thread_blocked, id=7412, stack(0x00000000190f0000,0x00000000191f0000)]
  0x0000000017893800 JavaThread "C2 CompilerThread1" daemon [_thread_blocked, id=10000, stack(0x0000000018ff0000,0x00000000190f0000)]
  0x0000000017891000 JavaThread "C2 CompilerThread0" daemon [_thread_blocked, id=8648, stack(0x0000000018ef0000,0x0000000018ff0000)]
  0x0000000017890000 JavaThread "Attach Listener" daemon [_thread_blocked, id=12348, stack(0x0000000018df0000,0x0000000018ef0000)]
  0x000000001788d000 JavaThread "Signal Dispatcher" daemon [_thread_blocked, id=8376, stack(0x0000000018cf0000,0x0000000018df0000)]
  0x0000000002d3d000 JavaThread "Finalizer" daemon [_thread_blocked, id=5232, stack(0x0000000018ae0000,0x0000000018be0000)]
  0x0000000002d32000 JavaThread "Reference Handler" daemon [_thread_blocked, id=9300, stack(0x00000000189e0000,0x0000000018ae0000)]

Other Threads:
  0x0000000017857000 VMThread [stack: 0x00000000188e0000,0x00000000189e0000] [id=10204]
  0x000000001923d800 WatcherThread [stack: 0x00000000196f0000,0x00000000197f0000] [id=13820]

VM state:not at safepoint (normal execution)

VM Mutex/Monitor currently owned by a thread: None

Heap:
 PSYoungGen      total 70144K, used 64424K [0x00000000d5d80000, 0x00000000da880000, 0x0000000100000000)
  eden space 65024K, 91% used [0x00000000d5d80000,0x00000000d97b5e80,0x00000000d9d00000)
  from space 5120K, 94% used [0x00000000da380000,0x00000000da8342f0,0x00000000da880000)
  to   space 5120K, 0% used [0x00000000d9e80000,0x00000000d9e80000,0x00000000da380000)
 ParOldGen       total 131072K, used 61452K [0x0000000081800000, 0x0000000089800000, 0x00000000d5d80000)
  object space 131072K, 46% used [0x0000000081800000,0x0000000085403280,0x0000000089800000)
 Metaspace       used 15769K, capacity 16004K, committed 16128K, reserved 1064960K
  class space    used 1466K, capacity 1526K, committed 1536K, reserved 1048576K

Card table byte_map: [0x0000000012100000,0x0000000012500000] byte_map_base: 0x0000000011cf4000

Marking Bits: (ParMarkBitMap*) 0x00000000763eb6d0
 Begin Bits: [0x0000000012bb0000, 0x0000000014b50000)
 End Bits:   [0x0000000014b50000, 0x0000000016af0000)

Polling page: 0x0000000002910000

CodeCache: size=245760Kb used=3751Kb max_used=3751Kb free=242008Kb
 bounds [0x0000000002d40000, 0x00000000030f0000, 0x0000000011d40000]
 total_blobs=1731 nmethods=901 adapters=743
 compilation: enabled

Compilation events (10 events):
Event: 3.471 Thread 0x000000001789c800  898       3       processing.opengl.PGraphicsOpenGL::vertex (11 bytes)
Event: 3.472 Thread 0x000000001789c800 nmethod 898 0x00000000030e7d50 code [0x00000000030e7ec0, 0x00000000030e80e8]
Event: 3.472 Thread 0x000000001789c800  899       3       processing.opengl.PGraphicsOpenGL::vertexImpl (181 bytes)
Event: 3.472 Thread 0x000000001789c800 nmethod 899 0x00000000030e8190 code [0x00000000030e8320, 0x00000000030e8908]
Event: 3.472 Thread 0x000000001789c800  900       1       processing.opengl.PGraphics3D::is3D (2 bytes)
Event: 3.472 Thread 0x000000001789c800 nmethod 900 0x00000000030e8a90 code [0x00000000030e8be0, 0x00000000030e8cf0]
Event: 3.472 Thread 0x000000001789c800  901       1       processing.core.PImage::isModified (5 bytes)
Event: 3.472 Thread 0x000000001789c800 nmethod 901 0x00000000030e8d50 code [0x00000000030e8ea0, 0x00000000030e8fb0]
Event: 3.570 Thread 0x000000001789c800  902   !   3       jogamp.common.util.locks.RecursiveLockImpl01Unfairish::validateLocked (147 bytes)
Event: 3.572 Thread 0x000000001789c800 nmethod 902 0x00000000030e9010 code [0x00000000030e9380, 0x00000000030eb208]

GC Heap History (10 events):
Event: 2.148 GC heap before
{Heap before GC invocations=1 (full 0):
 PSYoungGen      total 38400K, used 33280K [0x00000000d5d80000, 0x00000000d8800000, 0x0000000100000000)
  eden space 33280K, 100% used [0x00000000d5d80000,0x00000000d7e00000,0x00000000d7e00000)
  from space 5120K, 0% used [0x00000000d8300000,0x00000000d8300000,0x00000000d8800000)
  to   space 5120K, 0% used [0x00000000d7e00000,0x00000000d7e00000,0x00000000d8300000)
 ParOldGen       total 87552K, used 0K [0x0000000081800000, 0x0000000086d80000, 0x00000000d5d80000)
  object space 87552K, 0% used [0x0000000081800000,0x0000000081800000,0x0000000086d80000)
 Metaspace       used 14849K, capacity 15040K, committed 15360K, reserved 1062912K
  class space    used 1374K, capacity 1460K, committed 1536K, reserved 1048576K
Event: 2.155 GC heap after
Heap after GC invocations=1 (full 0):
 PSYoungGen      total 38400K, used 5119K [0x00000000d5d80000, 0x00000000d8800000, 0x0000000100000000)
  eden space 33280K, 0% used [0x00000000d5d80000,0x00000000d5d80000,0x00000000d7e00000)
  from space 5120K, 99% used [0x00000000d7e00000,0x00000000d82ffcc0,0x00000000d8300000)
  to   space 5120K, 0% used [0x00000000d8300000,0x00000000d8300000,0x00000000d8800000)
 ParOldGen       total 87552K, used 30K [0x0000000081800000, 0x0000000086d80000, 0x00000000d5d80000)
  object space 87552K, 0% used [0x0000000081800000,0x00000000818079c8,0x0000000086d80000)
 Metaspace       used 14849K, capacity 15040K, committed 15360K, reserved 1062912K
  class space    used 1374K, capacity 1460K, committed 1536K, reserved 1048576K
}
Event: 2.322 GC heap before
{Heap before GC invocations=2 (full 0):
 PSYoungGen      total 38400K, used 33117K [0x00000000d5d80000, 0x00000000d8800000, 0x0000000100000000)
  eden space 33280K, 84% used [0x00000000d5d80000,0x00000000d78d7a40,0x00000000d7e00000)
  from space 5120K, 99% used [0x00000000d7e00000,0x00000000d82ffcc0,0x00000000d8300000)
  to   space 5120K, 0% used [0x00000000d8300000,0x00000000d8300000,0x00000000d8800000)
 ParOldGen       total 87552K, used 30K [0x0000000081800000, 0x0000000086d80000, 0x00000000d5d80000)
  object space 87552K, 0% used [0x0000000081800000,0x00000000818079c8,0x0000000086d80000)
 Metaspace       used 15508K, capacity 15748K, committed 15872K, reserved 1062912K
  class space    used 1450K, capacity 1526K, committed 1536K, reserved 1048576K
Event: 2.331 GC heap after
Heap after GC invocations=2 (full 0):
 PSYoungGen      total 38400K, used 5113K [0x00000000d5d80000, 0x00000000da880000, 0x0000000100000000)
  eden space 33280K, 0% used [0x00000000d5d80000,0x00000000d5d80000,0x00000000d7e00000)
  from space 5120K, 99% used [0x00000000d8300000,0x00000000d87fe7f8,0x00000000d8800000)
  to   space 5120K, 0% used [0x00000000d7e00000,0x00000000d7e00000,0x00000000d8300000)
 ParOldGen       total 87552K, used 17088K [0x0000000081800000, 0x0000000086d80000, 0x00000000d5d80000)
  object space 87552K, 19% used [0x0000000081800000,0x00000000828b03c0,0x0000000086d80000)
 Metaspace       used 15508K, capacity 15748K, committed 15872K, reserved 1062912K
  class space    used 1450K, capacity 1526K, committed 1536K, reserved 1048576K
}
Event: 2.334 GC heap before
{Heap before GC invocations=3 (full 0):
 PSYoungGen      total 38400K, used 38108K [0x00000000d5d80000, 0x00000000da880000, 0x0000000100000000)
  eden space 33280K, 99% used [0x00000000d5d80000,0x00000000d7db8a70,0x00000000d7e00000)
  from space 5120K, 99% used [0x00000000d8300000,0x00000000d87fe7f8,0x00000000d8800000)
  to   space 5120K, 0% used [0x00000000d7e00000,0x00000000d7e00000,0x00000000d8300000)
 ParOldGen       total 87552K, used 17088K [0x0000000081800000, 0x0000000086d80000, 0x00000000d5d80000)
  object space 87552K, 19% used [0x0000000081800000,0x00000000828b03c0,0x0000000086d80000)
 Metaspace       used 15509K, capacity 15748K, committed 15872K, reserved 1062912K
  class space    used 1450K, capacity 1526K, committed 1536K, reserved 1048576K
Event: 2.345 GC heap after
Heap after GC invocations=3 (full 0):
 PSYoungGen      total 38400K, used 5093K [0x00000000d5d80000, 0x00000000da880000, 0x0000000100000000)
  eden space 33280K, 0% used [0x00000000d5d80000,0x00000000d5d80000,0x00000000d7e00000)
  from space 5120K, 99% used [0x00000000d7e00000,0x00000000d82f9418,0x00000000d8300000)
  to   space 5120K, 0% used [0x00000000da380000,0x00000000da380000,0x00000000da880000)
 ParOldGen       total 87552K, used 50030K [0x0000000081800000, 0x0000000086d80000, 0x00000000d5d80000)
  object space 87552K, 57% used [0x0000000081800000,0x00000000848db9e0,0x0000000086d80000)
 Metaspace       used 15509K, capacity 15748K, committed 15872K, reserved 1062912K
  class space    used 1450K, capacity 1526K, committed 1536K, reserved 1048576K
}
Event: 2.345 GC heap before
{Heap before GC invocations=4 (full 1):
 PSYoungGen      total 38400K, used 5093K [0x00000000d5d80000, 0x00000000da880000, 0x0000000100000000)
  eden space 33280K, 0% used [0x00000000d5d80000,0x00000000d5d80000,0x00000000d7e00000)
  from space 5120K, 99% used [0x00000000d7e00000,0x00000000d82f9418,0x00000000d8300000)
  to   space 5120K, 0% used [0x00000000da380000,0x00000000da380000,0x00000000da880000)
 ParOldGen       total 87552K, used 50030K [0x0000000081800000, 0x0000000086d80000, 0x00000000d5d80000)
  object space 87552K, 57% used [0x0000000081800000,0x00000000848db9e0,0x0000000086d80000)
 Metaspace       used 15509K, capacity 15748K, committed 15872K, reserved 1062912K
  class space    used 1450K, capacity 1526K, committed 1536K, reserved 1048576K
Event: 2.374 GC heap after
Heap after GC invocations=4 (full 1):
 PSYoungGen      total 38400K, used 0K [0x00000000d5d80000, 0x00000000da880000, 0x0000000100000000)
  eden space 33280K, 0% used [0x00000000d5d80000,0x00000000d5d80000,0x00000000d7e00000)
  from space 5120K, 0% used [0x00000000d7e00000,0x00000000d7e00000,0x00000000d8300000)
  to   space 5120K, 0% used [0x00000000da380000,0x00000000da380000,0x00000000da880000)
 ParOldGen       total 131072K, used 54660K [0x0000000081800000, 0x0000000089800000, 0x00000000d5d80000)
  object space 131072K, 41% used [0x0000000081800000,0x0000000084d61200,0x0000000089800000)
 Metaspace       used 15509K, capacity 15748K, committed 15872K, reserved 1062912K
  class space    used 1450K, capacity 1526K, committed 1536K, reserved 1048576K
}
Event: 2.599 GC heap before
{Heap before GC invocations=5 (full 1):
 PSYoungGen      total 38400K, used 32678K [0x00000000d5d80000, 0x00000000da880000, 0x0000000100000000)
  eden space 33280K, 98% used [0x00000000d5d80000,0x00000000d7d69878,0x00000000d7e00000)
  from space 5120K, 0% used [0x00000000d7e00000,0x00000000d7e00000,0x00000000d8300000)
  to   space 5120K, 0% used [0x00000000da380000,0x00000000da380000,0x00000000da880000)
 ParOldGen       total 131072K, used 54660K [0x0000000081800000, 0x0000000089800000, 0x00000000d5d80000)
  object space 131072K, 41% used [0x0000000081800000,0x0000000084d61200,0x0000000089800000)
 Metaspace       used 15747K, capacity 16004K, committed 16128K, reserved 1064960K
  class space    used 1466K, capacity 1526K, committed 1536K, reserved 1048576K
Event: 2.602 GC heap after
Heap after GC invocations=5 (full 1):
 PSYoungGen      total 70144K, used 4816K [0x00000000d5d80000, 0x00000000da880000, 0x0000000100000000)
  eden space 65024K, 0% used [0x00000000d5d80000,0x00000000d5d80000,0x00000000d9d00000)
  from space 5120K, 94% used [0x00000000da380000,0x00000000da8342f0,0x00000000da880000)
  to   space 5120K, 0% used [0x00000000d9e80000,0x00000000d9e80000,0x00000000da380000)
 ParOldGen       total 131072K, used 61452K [0x0000000081800000, 0x0000000089800000, 0x00000000d5d80000)
  object space 131072K, 46% used [0x0000000081800000,0x0000000085403280,0x0000000089800000)
 Metaspace       used 15747K, capacity 16004K, committed 16128K, reserved 1064960K
  class space    used 1466K, capacity 1526K, committed 1536K, reserved 1048576K
}

Deoptimization events (3 events):
Event: 0.325 Thread 0x0000000002a3e800 Uncommon trap: reason=unstable_if action=reinterpret pc=0x0000000002ef45a4 method=java.lang.String.indexOf([CII[CIII)I @ 3
Event: 2.263 Thread 0x0000000002a3e800 Uncommon trap: reason=unstable_if action=reinterpret pc=0x000000000306c9f4 method=java.lang.reflect.AccessibleObject.setAccessible0(Ljava/lang/reflect/AccessibleObject;Z)V @ 4
Event: 2.266 Thread 0x0000000002a3e800 Uncommon trap: reason=unstable_if action=reinterpret pc=0x000000000306decc method=java.util.HashMap.containsKey(Ljava/lang/Object;)Z @ 9

Internal exceptions (10 events):
Event: 0.026 Thread 0x0000000002a3e800 Exception <a 'java/lang/NoSuchMethodError': Method sun.misc.Unsafe.prefetchRead(Ljava/lang/Object;J)V name or signature does not match> (0x00000000d5d87f90) thrown at [C:\re\workspace\8-2-build-windows-amd64-cygwin\jdk8u121\8372\hotspot\src\share\vm\prims
Event: 0.128 Thread 0x0000000002a3e800 Exception <a 'java/security/PrivilegedActionException'> (0x00000000d60645b0) thrown at [C:\re\workspace\8-2-build-windows-amd64-cygwin\jdk8u121\8372\hotspot\src\share\vm\prims\jvm.cpp, line 1390]
Event: 0.128 Thread 0x0000000002a3e800 Exception <a 'java/security/PrivilegedActionException'> (0x00000000d60647c0) thrown at [C:\re\workspace\8-2-build-windows-amd64-cygwin\jdk8u121\8372\hotspot\src\share\vm\prims\jvm.cpp, line 1390]
Event: 0.129 Thread 0x0000000002a3e800 Exception <a 'java/security/PrivilegedActionException'> (0x00000000d60688b8) thrown at [C:\re\workspace\8-2-build-windows-amd64-cygwin\jdk8u121\8372\hotspot\src\share\vm\prims\jvm.cpp, line 1390]
Event: 0.129 Thread 0x0000000002a3e800 Exception <a 'java/security/PrivilegedActionException'> (0x00000000d6068ac8) thrown at [C:\re\workspace\8-2-build-windows-amd64-cygwin\jdk8u121\8372\hotspot\src\share\vm\prims\jvm.cpp, line 1390]
Event: 0.133 Thread 0x0000000002a3e800 Exception <a 'java/io/FileNotFoundException'> (0x00000000d60724f0) thrown at [C:\re\workspace\8-2-build-windows-amd64-cygwin\jdk8u121\8372\hotspot\src\share\vm\prims\jni.cpp, line 709]
Event: 0.163 Thread 0x0000000002a3e800 Exception <a 'java/lang/NoSuchFieldError': method resolution failed> (0x00000000d613fc80) thrown at [C:\re\workspace\8-2-build-windows-amd64-cygwin\jdk8u121\8372\hotspot\src\share\vm\prims\methodHandles.cpp, line 1146]
Event: 0.165 Thread 0x0000000002a3e800 Exception <a 'java/lang/NoSuchFieldError': method resolution failed> (0x00000000d614d1b8) thrown at [C:\re\workspace\8-2-build-windows-amd64-cygwin\jdk8u121\8372\hotspot\src\share\vm\prims\methodHandles.cpp, line 1146]
Event: 0.203 Thread 0x0000000002a3e800 Exception <a 'java/io/FileNotFoundException'> (0x00000000d61e9a70) thrown at [C:\re\workspace\8-2-build-windows-amd64-cygwin\jdk8u121\8372\hotspot\src\share\vm\prims\jni.cpp, line 709]
Event: 3.604 Thread 0x0000000019f47800 Exception <a 'java/lang/InterruptedException'> (0x00000000d97649f0) thrown at [C:\re\workspace\8-2-build-windows-amd64-cygwin\jdk8u121\8372\hotspot\src\share\vm\runtime\objectMonitor.cpp, line 1684]

Events (10 events):
Event: 2.461 Thread 0x0000000019f4a800 DEOPT PACKING pc=0x00000000030998ef sp=0x000000002173ed60
Event: 2.461 Thread 0x0000000019f4a800 DEOPT UNPACKING pc=0x0000000002d8787f sp=0x000000002173ea80 mode 0
Event: 2.466 Thread 0x0000000019f4a800 DEOPT PACKING pc=0x00000000030998ef sp=0x000000002173ed60
Event: 2.466 Thread 0x0000000019f4a800 DEOPT UNPACKING pc=0x0000000002d8787f sp=0x000000002173ea80 mode 0
Event: 2.467 Thread 0x0000000019f4a800 DEOPT PACKING pc=0x00000000030998ef sp=0x000000002173ed60
Event: 2.467 Thread 0x0000000019f4a800 DEOPT UNPACKING pc=0x0000000002d8787f sp=0x000000002173ea80 mode 0
Event: 2.599 Executing VM operation: ParallelGCFailedAllocation
Event: 2.602 Executing VM operation: ParallelGCFailedAllocation done
Event: 3.007 Thread 0x00000000208fa000 Thread added: 0x00000000208fa000
Event: 3.604 Thread 0x0000000019f47800 Thread exited: 0x0000000019f47800


Dynamic libraries:
0x00007ff63e1d0000 - 0x00007ff63e207000 	C:\Program Files\Java\jdk1.8.0_121\bin\java.exe
0x00007ffbb0fb0000 - 0x00007ffbb1182000 	C:\WINDOWS\SYSTEM32\ntdll.dll
0x00007ffbae570000 - 0x00007ffbae61c000 	C:\WINDOWS\System32\KERNEL32.DLL
0x00007ffbadd10000 - 0x00007ffbadf2d000 	C:\WINDOWS\System32\KERNELBASE.dll
0x00007ffbb0880000 - 0x00007ffbb0922000 	C:\WINDOWS\System32\ADVAPI32.dll
0x00007ffbb02f0000 - 0x00007ffbb038e000 	C:\WINDOWS\System32\msvcrt.dll
0x00007ffbb0660000 - 0x00007ffbb06b9000 	C:\WINDOWS\System32\sechost.dll
0x00007ffbae620000 - 0x00007ffbae741000 	C:\WINDOWS\System32\RPCRT4.dll
0x00007ffbb0060000 - 0x00007ffbb01c5000 	C:\WINDOWS\System32\USER32.dll
0x00007ffbae1f0000 - 0x00007ffbae20e000 	C:\WINDOWS\System32\win32u.dll
0x00007ffbb0390000 - 0x00007ffbb03c4000 	C:\WINDOWS\System32\GDI32.dll
0x00007ffbad4b0000 - 0x00007ffbad630000 	C:\WINDOWS\System32\gdi32full.dll
0x00007ffba7ca0000 - 0x00007ffba7f1a000 	C:\WINDOWS\WinSxS\amd64_microsoft.windows.common-controls_6595b64144ccf1df_6.0.14393.953_none_42151e83c686086b\COMCTL32.dll
0x00007ffbae7b0000 - 0x00007ffbaea78000 	C:\WINDOWS\System32\combase.dll
0x00007ffbae440000 - 0x00007ffbae535000 	C:\WINDOWS\System32\ucrtbase.dll
0x00007ffbadfe0000 - 0x00007ffbae04a000 	C:\WINDOWS\System32\bcryptPrimitives.dll
0x00007ffbae540000 - 0x00007ffbae56e000 	C:\WINDOWS\System32\IMM32.DLL
0x0000000072880000 - 0x0000000072952000 	C:\Program Files\Java\jdk1.8.0_121\jre\bin\msvcr100.dll
0x0000000075bd0000 - 0x000000007646b000 	C:\Program Files\Java\jdk1.8.0_121\jre\bin\server\jvm.dll
0x00007ffbb0ea0000 - 0x00007ffbb0ea8000 	C:\WINDOWS\System32\PSAPI.DLL
0x00007ffbaa530000 - 0x00007ffbaa539000 	C:\WINDOWS\SYSTEM32\WSOCK32.dll
0x00007ffbab790000 - 0x00007ffbab7b3000 	C:\WINDOWS\SYSTEM32\WINMM.dll
0x00007ffbb0280000 - 0x00007ffbb02ea000 	C:\WINDOWS\System32\WS2_32.dll
0x00007ffba9850000 - 0x00007ffba985a000 	C:\WINDOWS\SYSTEM32\VERSION.dll
0x00000000028c0000 - 0x00000000028eb000 	C:\WINDOWS\SYSTEM32\WINMMBASE.dll
0x00007ffbae100000 - 0x00007ffbae142000 	C:\WINDOWS\System32\cfgmgr32.dll
0x0000000075ae0000 - 0x0000000075aef000 	C:\Program Files\Java\jdk1.8.0_121\jre\bin\verify.dll
0x0000000075ab0000 - 0x0000000075ad9000 	C:\Program Files\Java\jdk1.8.0_121\jre\bin\java.dll
0x0000000075a90000 - 0x0000000075aa6000 	C:\Program Files\Java\jdk1.8.0_121\jre\bin\zip.dll
0x00007ffbaea90000 - 0x00007ffbaff98000 	C:\WINDOWS\System32\SHELL32.dll
0x00007ffbad630000 - 0x00007ffbadd0a000 	C:\WINDOWS\System32\windows.storage.dll
0x00007ffbad450000 - 0x00007ffbad49c000 	C:\WINDOWS\System32\powrprof.dll
0x00007ffbb0530000 - 0x00007ffbb0582000 	C:\WINDOWS\System32\shlwapi.dll
0x00007ffbad4a0000 - 0x00007ffbad4af000 	C:\WINDOWS\System32\kernel.appcore.dll
0x00007ffbadf30000 - 0x00007ffbadfd9000 	C:\WINDOWS\System32\shcore.dll
0x00007ffbad420000 - 0x00007ffbad434000 	C:\WINDOWS\System32\profapi.dll
0x00007ffbaa750000 - 0x00007ffbaa760000 	C:\Program Files (x86)\JetBrains\IntelliJ IDEA 2016.3.4\bin\breakgen64.dll
0x0000000075880000 - 0x000000007589a000 	C:\Program Files\Java\jdk1.8.0_121\jre\bin\net.dll
0x00007ffbaccf0000 - 0x00007ffbacd4c000 	C:\WINDOWS\system32\mswsock.dll
0x00000000758f0000 - 0x0000000075a88000 	C:\Program Files\Java\jdk1.8.0_121\jre\bin\awt.dll
0x00007ffbaffa0000 - 0x00007ffbb005f000 	C:\WINDOWS\System32\OLEAUT32.dll
0x00007ffbae150000 - 0x00007ffbae1ec000 	C:\WINDOWS\System32\msvcp_win.dll
0x00007ffbabac0000 - 0x00007ffbabb3a000 	C:\WINDOWS\SYSTEM32\apphelp.dll
0x00007ffbabc20000 - 0x00007ffbabcb5000 	C:\WINDOWS\system32\uxtheme.dll
0x00007ffbb03d0000 - 0x00007ffbb052a000 	C:\WINDOWS\System32\MSCTF.dll
0x00007ffbaa9c0000 - 0x00007ffbaa9e6000 	C:\WINDOWS\system32\dwmapi.dll
0x00007ffbb0d60000 - 0x00007ffbb0e98000 	C:\WINDOWS\System32\ole32.dll
0x00007ffb9d9f0000 - 0x00007ffb9db13000 	C:\WINDOWS\system32\opengl32.dll
0x00007ffb9d5f0000 - 0x00007ffb9d6e7000 	C:\WINDOWS\SYSTEM32\DDRAW.dll
0x00007ffba7fa0000 - 0x00007ffba7fcd000 	C:\WINDOWS\SYSTEM32\GLU32.dll
0x00007ffbaaf40000 - 0x00007ffbaaf48000 	C:\WINDOWS\SYSTEM32\DCIMAN32.dll
0x00007ffbacea0000 - 0x00007ffbaceb7000 	C:\WINDOWS\SYSTEM32\CRYPTSP.dll
0x00007ffbac8f0000 - 0x00007ffbac923000 	C:\WINDOWS\system32\rsaenh.dll
0x00007ffbad360000 - 0x00007ffbad38b000 	C:\WINDOWS\SYSTEM32\bcrypt.dll
0x00007ffbacb70000 - 0x00007ffbacb8f000 	C:\WINDOWS\SYSTEM32\USERENV.dll
0x00007ffbace90000 - 0x00007ffbace9b000 	C:\WINDOWS\SYSTEM32\CRYPTBASE.dll
0x00007ffbaca70000 - 0x00007ffbacaa8000 	C:\WINDOWS\SYSTEM32\IPHLPAPI.DLL
0x00007ffbb0270000 - 0x00007ffbb0278000 	C:\WINDOWS\System32\NSI.dll
0x00007ffba3920000 - 0x00007ffba3936000 	C:\WINDOWS\SYSTEM32\dhcpcsvc6.DLL
0x00007ffba3f40000 - 0x00007ffba3f5a000 	C:\WINDOWS\SYSTEM32\dhcpcsvc.DLL
0x0000000075860000 - 0x0000000075871000 	C:\Program Files\Java\jdk1.8.0_121\jre\bin\nio.dll
0x00000000637c0000 - 0x00000000637cd000 	C:\Users\ricar\AppData\Local\Temp\jogamp_0000\file_cache\jln1506987997072103044\jln742237588597565207\natives\windows-amd64\gluegen-rt.dll
0x0000000075770000 - 0x0000000075777000 	C:\Program Files\Java\jdk1.8.0_121\jre\bin\jawt.dll
0x000000006a440000 - 0x000000006a44d000 	C:\Users\ricar\AppData\Local\Temp\jogamp_0000\file_cache\jln1506987997072103044\jln742237588597565207\natives\windows-amd64\nativewindow_awt.dll
0x000000006c100000 - 0x000000006c10f000 	C:\Users\ricar\AppData\Local\Temp\jogamp_0000\file_cache\jln1506987997072103044\jln742237588597565207\natives\windows-amd64\nativewindow_win32.dll
0x000000006cbc0000 - 0x000000006cbd3000 	C:\Users\ricar\AppData\Local\Temp\jogamp_0000\file_cache\jln1506987997072103044\jln742237588597565207\natives\windows-amd64\newt.dll
0x00007ffba9380000 - 0x00007ffba9411000 	C:\WINDOWS\SYSTEM32\mscms.dll
0x00007ffb98890000 - 0x00007ffb988d2000 	C:\WINDOWS\SYSTEM32\icm32.dll
0x00007ffbb0930000 - 0x00007ffbb0d59000 	C:\WINDOWS\System32\setupapi.dll
0x00007ffbabf80000 - 0x00007ffbabfa8000 	C:\WINDOWS\SYSTEM32\DEVOBJ.dll
0x00007ffbae3e0000 - 0x00007ffbae435000 	C:\WINDOWS\System32\WINTRUST.dll
0x00007ffbad440000 - 0x00007ffbad450000 	C:\WINDOWS\System32\MSASN1.dll
0x00007ffbae210000 - 0x00007ffbae3d9000 	C:\WINDOWS\System32\CRYPT32.dll
0x0000000064500000 - 0x00000000645b1000 	C:\Users\ricar\AppData\Local\Temp\jogamp_0000\file_cache\jln1506987997072103044\jln742237588597565207\natives\windows-amd64\jogl_desktop.dll
0x0000000064340000 - 0x00000000643a2000 	C:\Users\ricar\AppData\Local\Temp\jogamp_0000\file_cache\jln1506987997072103044\jln742237588597565207\natives\windows-amd64\jogl_mobile.dll
0x0000000072990000 - 0x0000000074ae0000 	C:\WINDOWS\SYSTEM32\nvoglv64.DLL
0x00007ffbaa6e0000 - 0x00007ffbaa6f3000 	C:\WINDOWS\SYSTEM32\WTSAPI32.dll
0x00007ffbac7c0000 - 0x00007ffbac7f2000 	C:\WINDOWS\SYSTEM32\ntmarta.dll
0x00007ffbad300000 - 0x00007ffbad356000 	C:\WINDOWS\SYSTEM32\WINSTA.dll
0x00007ffb95910000 - 0x00007ffb95aac000 	C:\Users\ricar\Desktop\MoveCode\KinectPV2-master\Build_libs\MoveOn\libs\kinectPV2\Kinect20.Face.dll
0x00007ffba0fe0000 - 0x00007ffba10b4000 	C:\WINDOWS\SYSTEM32\MSVCR110.dll
0x00007ffb9d2c0000 - 0x00007ffb9d367000 	C:\WINDOWS\SYSTEM32\MSVCP110.dll
0x00007ffba2b40000 - 0x00007ffba2b51000 	C:\Users\ricar\Desktop\MoveCode\KinectPV2-master\Build_libs\MoveOn\libs\kinectPV2\KinectPV2.dll
0x00007ffb97840000 - 0x00007ffb978fb000 	C:\WINDOWS\SYSTEM32\Kinect20.dll
0x00007ffba2bf0000 - 0x00007ffba2d58000 	C:\WINDOWS\SYSTEM32\MFPlat.DLL
0x00007ffbab920000 - 0x00007ffbab94e000 	C:\WINDOWS\SYSTEM32\RTWorkQ.DLL
0x00007ffbac3a0000 - 0x00007ffbac43f000 	C:\WINDOWS\system32\dxgi.dll
0x00007ffbaa9f0000 - 0x00007ffbaaca6000 	C:\WINDOWS\system32\d3d11.dll
0x00007ffb799e0000 - 0x00007ffb7b111000 	C:\WINDOWS\System32\DriverStore\FileRepository\nvami.inf_amd64_11a67240324f74de\nvwgf2umx.dll
0x00007ffba78a0000 - 0x00007ffba7c9b000 	C:\WINDOWS\system32\nvapi64.dll
0x00007ffba9e30000 - 0x00007ffba9fc2000 	C:\WINDOWS\SYSTEM32\dbghelp.dll

VM Arguments:
jvm_args: -Djava.library.path=C:\Users\ricar\Desktop\MoveCode\KinectPV2-master\Build_libs\MoveOn\libs\kinectPV2 -Didea.launcher.port=7540 -Didea.launcher.bin.path=C:\Program Files (x86)\JetBrains\IntelliJ IDEA 2016.3.4\bin -Dfile.encoding=UTF-8 
java_command: com.intellij.rt.execution.application.AppMain SkeletonDepthTest
java_class_path (initial): C:\Program Files\Java\jdk1.8.0_121\jre\lib\charsets.jar;C:\Program Files\Java\jdk1.8.0_121\jre\lib\deploy.jar;C:\Program Files\Java\jdk1.8.0_121\jre\lib\ext\access-bridge-64.jar;C:\Program Files\Java\jdk1.8.0_121\jre\lib\ext\cldrdata.jar;C:\Program Files\Java\jdk1.8.0_121\jre\lib\ext\dnsns.jar;C:\Program Files\Java\jdk1.8.0_121\jre\lib\ext\jaccess.jar;C:\Program Files\Java\jdk1.8.0_121\jre\lib\ext\jfxrt.jar;C:\Program Files\Java\jdk1.8.0_121\jre\lib\ext\localedata.jar;C:\Program Files\Java\jdk1.8.0_121\jre\lib\ext\nashorn.jar;C:\Program Files\Java\jdk1.8.0_121\jre\lib\ext\sunec.jar;C:\Program Files\Java\jdk1.8.0_121\jre\lib\ext\sunjce_provider.jar;C:\Program Files\Java\jdk1.8.0_121\jre\lib\ext\sunmscapi.jar;C:\Program Files\Java\jdk1.8.0_121\jre\lib\ext\sunpkcs11.jar;C:\Program Files\Java\jdk1.8.0_121\jre\lib\ext\zipfs.jar;C:\Program Files\Java\jdk1.8.0_121\jre\lib\javaws.jar;C:\Program Files\Java\jdk1.8.0_121\jre\lib\jce.jar;C:\Program Files\Java\jdk1.8.0_121\jre\lib\jfr.jar;C:\Program Files\Java\jdk1.8.0_121\jre\lib\jfxswt.jar;C:\Program Files\Java\jdk1.8.0_121\jre\lib\jsse.jar;C:\Program Files\Java\jdk1.8.0_121\jre\lib\management-agent.jar;C:\Program Files\Java\jdk1.8.0_121\jre\lib\plugin.jar;C:\Program Files\Java\jdk1.8.0_121\jre\lib\resources.jar;C:\Program Files\Java\jdk1.8.0_121\jre\lib\rt.jar;C:\Users\ricar\Desktop\MoveCode\KinectPV2-master\Build_libs\MoveOn\out\production\MoveOn;C:\Users\ricar\Desktop\MoveCode\KinectPV2-master\Build_libs\MoveOn\libs\kinectPV2\KinectPV2.jar;C:\Users\ricar\Desktop\MoveCode\KinectPV2-master\Build_libs\MoveOn\libs\p3.01\core.jar;C:\Users\ricar\Desktop\MoveCode\KinectPV2-master\Build_libs\MoveOn\libs\p3.01\jogl-all.jar;C:\Users\ricar\Desktop\MoveCode\KinectPV2-master\Build_libs\MoveOn\libs\p3.01\gluegen-rt.jar;C:\Users\ricar\Desktop\MoveCode\KinectPV2-master\Build_libs\MoveOn\libs\p3.01\jogl-all-natives-linux-i586.jar;C:\Users\ricar\Desktop\MoveCode\KinectPV2-master\Build_libs\MoveOn\libs\p3.01\jogl-
Launcher Type: SUN_STANDARD

Environment Variables:
PATH=C:\ProgramData\Oracle\Java\javapath;C:\Program Files (x86)\Intel\iCLS Client\;C:\Program Files\Intel\iCLS Client\;C:\Windows\system32;C:\Windows;C:\Windows\System32\Wbem;C:\Windows\System32\WindowsPowerShell\v1.0\;C:\Program Files (x86)\NVIDIA Corporation\PhysX\Common;C:\Program Files (x86)\Intel\Intel(R) Management Engine Components\DAL;C:\Program Files\Intel\Intel(R) Management Engine Components\DAL;C:\Program Files (x86)\Intel\Intel(R) Management Engine Components\IPT;C:\Program Files\Intel\Intel(R) Management Engine Components\IPT;C:\WINDOWS\system32;C:\WINDOWS;C:\WINDOWS\System32\Wbem;C:\WINDOWS\System32\WindowsPowerShell\v1.0\;C:\Program Files\Git\cmd;C:\;C:\Users\ricar\AppData\Local\Microsoft\WindowsApps;C:\Users\ricar\AppData\Roaming\npm
USERNAME=ricar
OS=Windows_NT
PROCESSOR_IDENTIFIER=Intel64 Family 6 Model 94 Stepping 3, GenuineIntel



---------------  S Y S T E M  ---------------

OS: Windows 10.0 , 64 bit Build 14393 (10.0.14393.1198)

CPU:total 4 (4 cores per cpu, 1 threads per core) family 6 model 94 stepping 3, cmov, cx8, fxsr, mmx, sse, sse2, sse3, ssse3, sse4.1, sse4.2, popcnt, avx, avx2, aes, clmul, erms, rtm, 3dnowpref, lzcnt, tsc, tscinvbit, bmi1, bmi2, adx

Memory: 4k page, physical 8285044k(4051212k free), swap 18266080k(12458384k free)

vm_info: Java HotSpot(TM) 64-Bit Server VM (25.121-b13) for windows-amd64 JRE (1.8.0_121-b13), built on Dec 12 2016 18:21:36 by "java_re" with MS VC++ 10.0 (VS2010)

time: Thu Aug 24 16:11:00 2017
elapsed time: 3 seconds (0d 0h 0m 3s)

