#
# A fatal error has been detected by the Java Runtime Environment:
#
#  EXCEPTION_ACCESS_VIOLATION (0xc0000005) at pc=0x0000000000000000, pid=2372, tid=0x0000000000002130
#
# JRE version: Java(TM) SE Runtime Environment (8.0_121-b13) (build 1.8.0_121-b13)
# Java VM: Java HotSpot(TM) 64-Bit Server VM (25.121-b13 mixed mode windows-amd64 compressed oops)
# Problematic frame:
# C  0x0000000000000000
#
# Failed to write core dump. Minidumps are not enabled by default on client versions of Windows
#
# If you would like to submit a bug report, please visit:
#   http://bugreport.java.com/bugreport/crash.jsp
# The crash happened outside the Java Virtual Machine in native code.
# See problematic frame for where to report the bug.
#

---------------  T H R E A D  ---------------

Current thread (0x0000000018eb0800):  JavaThread "main-FPSAWTAnimator#00-Timer0" [_thread_in_native, id=8496, stack(0x00000000202e0000,0x00000000203e0000)]

siginfo: ExceptionCode=0xc0000005, ExceptionInformation=0x0000000000000008 0x0000000000000000

Registers:
RAX=0x000000001dc2d470, RBX=0x000000001dc2d810, RCX=0x000000002055b620, RDX=0x0000000000000000
RSP=0x00000000203de208, RBP=0x0000000000000000, RSI=0x0000000000000006, RDI=0x000000001dc2da40
R8 =0x00000000203ddeb8, R9 =0x0000000000008000, R10=0x0000000000000000, R11=0x00000000203de100
R12=0x0000000000000000, R13=0x000000001b439538, R14=0x00000000203de300, R15=0x0000000018eb0800
RIP=0x0000000000000000, EFLAGS=0x0000000000010202

Top of Stack: (sp=0x00000000203de208)
0x00000000203de208:   00007ffb9f4a5526 000000001dc2d810
0x00000000203de218:   000000001b439538 0000000000000000
0x00000000203de228:   0000000019217350 0000000019217350
0x00000000203de238:   00007ffb9f4a177a 00000000203de300
0x00000000203de248:   00000000203de2e0 0000000018eb09f8
0x00000000203de258:   0000000018eb0800 00000000028c835d
0x00000000203de268:   00000000028d7f74 000000001b439538
0x00000000203de278:   0000000018eb0800 0000000018eb0800
0x00000000203de288:   0000000018eb0800 00000000203de358
0x00000000203de298:   00000000028d7ca2 00000000203de2a0
0x00000000203de2a8:   000000001b439538 00000000203de300
0x00000000203de2b8:   000000001b43b1d0 0000000000000000
0x00000000203de2c8:   000000001b439538 0000000000000000
0x00000000203de2d8:   00000000203de300 00000000203de348
0x00000000203de2e8:   00000000028c7b30 0000000000000000
0x00000000203de2f8:   00000000028d19c0 0000000084934b50 

Instructions: (pc=0x0000000000000000)
0xffffffffffffffe0:   


Register to memory mapping:

RAX=0x000000001dc2d470 is an unknown value
RBX=0x000000001dc2d810 is an unknown value
RCX=0x000000002055b620 is an unknown value
RDX=0x0000000000000000 is an unknown value
RSP=0x00000000203de208 is pointing into the stack for thread: 0x0000000018eb0800
RBP=0x0000000000000000 is an unknown value
RSI=0x0000000000000006 is an unknown value
RDI=0x000000001dc2da40 is an unknown value
R8 =0x00000000203ddeb8 is pointing into the stack for thread: 0x0000000018eb0800
R9 =0x0000000000008000 is an unknown value
R10=0x0000000000000000 is an unknown value
R11=0x00000000203de100 is pointing into the stack for thread: 0x0000000018eb0800
R12=0x0000000000000000 is an unknown value
R13={method} {0x000000001b439540} 'jniStopSignal' '()Z' in 'KinectPV2/Device'
R14=0x00000000203de300 is pointing into the stack for thread: 0x0000000018eb0800
R15=0x0000000018eb0800 is a thread


Stack: [0x00000000202e0000,0x00000000203e0000],  sp=0x00000000203de208,  free space=1016k
Native frames: (J=compiled Java code, j=interpreted, Vv=VM code, C=native code)

Java frames: (J=compiled Java code, j=interpreted, Vv=VM code)
j  KinectPV2.Device.jniStopSignal()Z+0
j  KinectPV2.Device.cleanDevice()Z+1
j  KinectPV2.KinectPV2.dispose()V+10
v  ~StubRoutines::call_stub
j  sun.reflect.NativeMethodAccessorImpl.invoke0(Ljava/lang/reflect/Method;Ljava/lang/Object;[Ljava/lang/Object;)Ljava/lang/Object;+0
j  sun.reflect.NativeMethodAccessorImpl.invoke(Ljava/lang/Object;[Ljava/lang/Object;)Ljava/lang/Object;+100
j  sun.reflect.DelegatingMethodAccessorImpl.invoke(Ljava/lang/Object;[Ljava/lang/Object;)Ljava/lang/Object;+6
j  java.lang.reflect.Method.invoke(Ljava/lang/Object;[Ljava/lang/Object;)Ljava/lang/Object;+56
j  processing.core.PApplet$RegisteredMethods.handle([Ljava/lang/Object;)V+18
J 1375 C1 processing.core.PApplet.handleMethods(Ljava/lang/String;)V (21 bytes) @ 0x0000000002db405c [0x0000000002db3da0+0x2bc]
j  processing.core.PApplet.dispose()V+35
J 1789 C1 processing.opengl.PSurfaceJOGL$DrawListener.display(Lcom/jogamp/opengl/GLAutoDrawable;)V (220 bytes) @ 0x0000000002f28cc4 [0x0000000002f28160+0xb64]
J 1733 C1 jogamp.opengl.GLDrawableHelper.displayImpl(Lcom/jogamp/opengl/GLAutoDrawable;)V (86 bytes) @ 0x0000000002ef7104 [0x0000000002ef67c0+0x944]
J 1731 C1 jogamp.opengl.GLAutoDrawableBase$2.run()V (73 bytes) @ 0x0000000002efd73c [0x0000000002efd360+0x3dc]
J 1729 C1 jogamp.opengl.GLDrawableHelper.invokeGLImpl(Lcom/jogamp/opengl/GLDrawable;Lcom/jogamp/opengl/GLContext;Ljava/lang/Runnable;Ljava/lang/Runnable;)V (579 bytes) @ 0x0000000002ef94ec [0x0000000002ef86a0+0xe4c]
J 1782 C1 jogamp.opengl.GLDrawableHelper.invokeGL(Lcom/jogamp/opengl/GLDrawable;Lcom/jogamp/opengl/GLContext;Ljava/lang/Runnable;Ljava/lang/Runnable;)V (76 bytes) @ 0x0000000002f1c844 [0x0000000002f1c780+0xc4]
J 1726 C1 com.jogamp.newt.opengl.GLWindow.display()V (144 bytes) @ 0x0000000002eeed04 [0x0000000002eee400+0x904]
J 1725 C1 com.jogamp.opengl.util.AWTAnimatorImpl.display(Ljava/util/ArrayList;ZZ)V (170 bytes) @ 0x0000000002ee67ec [0x0000000002ee6100+0x6ec]
J 1723 C1 com.jogamp.opengl.util.FPSAnimator$MainTask.run()V (805 bytes) @ 0x0000000002ee9fc4 [0x0000000002ee9280+0xd44]
j  java.util.TimerThread.mainLoop()V+221
j  java.util.TimerThread.run()V+1
v  ~StubRoutines::call_stub

---------------  P R O C E S S  ---------------

Java Threads: ( => current thread )
  0x00000000026be800 JavaThread "DestroyJavaVM" [_thread_blocked, id=5064, stack(0x00000000026c0000,0x00000000027c0000)]
=>0x0000000018eb0800 JavaThread "main-FPSAWTAnimator#00-Timer0" [_thread_in_native, id=8496, stack(0x00000000202e0000,0x00000000203e0000)]
  0x0000000019772800 JavaThread "HighResTimerThread" daemon [_thread_blocked, id=13580, stack(0x00000000200e0000,0x00000000201e0000)]
  0x0000000019c3f000 JavaThread "main-SharedResourceRunner" daemon [_thread_blocked, id=11740, stack(0x000000001b460000,0x000000001b560000)]
  0x0000000019bbe800 JavaThread "main-Display-.windows_nil-1-EDT-1" daemon [_thread_blocked, id=12284, stack(0x000000001af60000,0x000000001b060000)]
  0x0000000019827000 JavaThread "AWT-Windows" daemon [_thread_in_native, id=12388, stack(0x000000001a130000,0x000000001a230000)]
  0x0000000019824800 JavaThread "Java2D Disposer" daemon [_thread_blocked, id=2228, stack(0x0000000019f30000,0x000000001a030000)]
  0x00000000190f6800 JavaThread "Monitor Ctrl-Break" daemon [_thread_in_native, id=9444, stack(0x0000000019490000,0x0000000019590000)]
  0x000000001746e800 JavaThread "Service Thread" daemon [_thread_blocked, id=13276, stack(0x0000000019290000,0x0000000019390000)]
  0x000000001741a800 JavaThread "C1 CompilerThread2" daemon [_thread_blocked, id=1532, stack(0x0000000018d90000,0x0000000018e90000)]
  0x0000000017411800 JavaThread "C2 CompilerThread1" daemon [_thread_blocked, id=6444, stack(0x0000000018c90000,0x0000000018d90000)]
  0x000000001740e800 JavaThread "C2 CompilerThread0" daemon [_thread_blocked, id=9852, stack(0x0000000018b90000,0x0000000018c90000)]
  0x000000001740d000 JavaThread "Attach Listener" daemon [_thread_blocked, id=4248, stack(0x0000000018a90000,0x0000000018b90000)]
  0x000000001740c000 JavaThread "Signal Dispatcher" daemon [_thread_blocked, id=6800, stack(0x0000000018990000,0x0000000018a90000)]
  0x00000000028bd800 JavaThread "Finalizer" daemon [_thread_blocked, id=6960, stack(0x0000000018680000,0x0000000018780000)]
  0x00000000028b2000 JavaThread "Reference Handler" daemon [_thread_blocked, id=4624, stack(0x0000000018580000,0x0000000018680000)]

Other Threads:
  0x00000000173d7000 VMThread [stack: 0x0000000018480000,0x0000000018580000] [id=10376]
  0x0000000018eef800 WatcherThread [stack: 0x0000000019390000,0x0000000019490000] [id=1184]

VM state:not at safepoint (normal execution)

VM Mutex/Monitor currently owned by a thread: None

Heap:
 PSYoungGen      total 482816K, used 438124K [0x00000000d5d80000, 0x00000000f6480000, 0x0000000100000000)
  eden space 461824K, 94% used [0x00000000d5d80000,0x00000000f094b118,0x00000000f2080000)
  from space 20992K, 0% used [0x00000000f5000000,0x00000000f5010000,0x00000000f6480000)
  to   space 34816K, 0% used [0x00000000f2080000,0x00000000f2080000,0x00000000f4280000)
 ParOldGen       total 131584K, used 69139K [0x0000000081800000, 0x0000000089880000, 0x00000000d5d80000)
  object space 131584K, 52% used [0x0000000081800000,0x0000000085b84c80,0x0000000089880000)
 Metaspace       used 17543K, capacity 17768K, committed 18048K, reserved 1064960K
  class space    used 1578K, capacity 1622K, committed 1664K, reserved 1048576K

Card table byte_map: [0x0000000011c80000,0x0000000012080000] byte_map_base: 0x0000000011874000

Marking Bits: (ParMarkBitMap*) 0x00000000763eb6d0
 Begin Bits: [0x0000000012730000, 0x00000000146d0000)
 End Bits:   [0x00000000146d0000, 0x0000000016670000)

Polling page: 0x0000000000b40000

CodeCache: size=245760Kb used=6834Kb max_used=6862Kb free=238925Kb
 bounds [0x00000000028c0000, 0x0000000002f80000, 0x00000000118c0000]
 total_blobs=2730 nmethods=1849 adapters=794
 compilation: enabled

Compilation events (10 events):
Event: 36.124 Thread 0x000000001740e800 1850       4       processing.opengl.PGraphicsOpenGL::textWidthImpl (51 bytes)
Event: 36.147 Thread 0x000000001740e800 nmethod 1850 0x0000000002f5d250 code [0x0000000002f5d420, 0x0000000002f5dda8]
Event: 37.133 Thread 0x0000000017411800 1851   !   4       jogamp.common.util.locks.RecursiveLockImpl01Unfairish::validateLocked (147 bytes)
Event: 37.138 Thread 0x0000000017411800 nmethod 1851 0x0000000002f53090 code [0x0000000002f531e0, 0x0000000002f534d8]
Event: 39.464 Thread 0x000000001740e800 1852   !   4       java.util.WeakHashMap::expungeStaleEntries (139 bytes)
Event: 39.487 Thread 0x000000001740e800 nmethod 1852 0x0000000002f54b90 code [0x0000000002f54d00, 0x0000000002f55698]
Event: 40.105 Thread 0x0000000017411800 1853       4       processing.opengl.PGraphicsOpenGL::flushPolys (699 bytes)
Event: 40.579 Thread 0x0000000017411800 nmethod 1853 0x0000000002f6a7d0 code [0x0000000002f6afc0, 0x0000000002f71dd0]
Event: 41.256 Thread 0x000000001741a800 1854       3       processing.opengl.PGraphicsOpenGL::unbindPolyBuffers (23 bytes)
Event: 41.257 Thread 0x000000001741a800 nmethod 1854 0x0000000002f52b10 code [0x0000000002f52c80, 0x0000000002f52f98]

GC Heap History (10 events):
Event: 14.565 GC heap before
{Heap before GC invocations=9 (full 1):
 PSYoungGen      total 167424K, used 132191K [0x00000000d5d80000, 0x00000000e9180000, 0x0000000100000000)
  eden space 126464K, 99% used [0x00000000d5d80000,0x00000000dd875e78,0x00000000dd900000)
  from space 40960K, 15% used [0x00000000dd900000,0x00000000ddf21e00,0x00000000e0100000)
  to   space 39424K, 0% used [0x00000000e6b00000,0x00000000e6b00000,0x00000000e9180000)
 ParOldGen       total 131584K, used 62837K [0x0000000081800000, 0x0000000089880000, 0x00000000d5d80000)
  object space 131584K, 47% used [0x0000000081800000,0x000000008555d670,0x0000000089880000)
 Metaspace       used 17313K, capacity 17512K, committed 17792K, reserved 1064960K
  class space    used 1578K, capacity 1622K, committed 1664K, reserved 1048576K
Event: 14.572 GC heap after
Heap after GC invocations=9 (full 1):
 PSYoungGen      total 265728K, used 2927K [0x00000000d5d80000, 0x00000000e8b80000, 0x0000000100000000)
  eden space 232448K, 0% used [0x00000000d5d80000,0x00000000d5d80000,0x00000000e4080000)
  from space 33280K, 8% used [0x00000000e6b00000,0x00000000e6ddbdb0,0x00000000e8b80000)
  to   space 38400K, 0% used [0x00000000e4080000,0x00000000e4080000,0x00000000e6600000)
 ParOldGen       total 131584K, used 66197K [0x0000000081800000, 0x0000000089880000, 0x00000000d5d80000)
  object space 131584K, 50% used [0x0000000081800000,0x00000000858a5620,0x0000000089880000)
 Metaspace       used 17313K, capacity 17512K, committed 17792K, reserved 1064960K
  class space    used 1578K, capacity 1622K, committed 1664K, reserved 1048576K
}
Event: 19.122 GC heap before
{Heap before GC invocations=10 (full 1):
 PSYoungGen      total 265728K, used 235068K [0x00000000d5d80000, 0x00000000e8b80000, 0x0000000100000000)
  eden space 232448K, 99% used [0x00000000d5d80000,0x00000000e40333f0,0x00000000e4080000)
  from space 33280K, 8% used [0x00000000e6b00000,0x00000000e6ddbdb0,0x00000000e8b80000)
  to   space 38400K, 0% used [0x00000000e4080000,0x00000000e4080000,0x00000000e6600000)
 ParOldGen       total 131584K, used 66197K [0x0000000081800000, 0x0000000089880000, 0x00000000d5d80000)
  object space 131584K, 50% used [0x0000000081800000,0x00000000858a5620,0x0000000089880000)
 Metaspace       used 17410K, capacity 17576K, committed 17792K, reserved 1064960K
  class space    used 1578K, capacity 1622K, committed 1664K, reserved 1048576K
Event: 19.127 GC heap after
Heap after GC invocations=10 (full 1):
 PSYoungGen      total 270848K, used 128K [0x00000000d5d80000, 0x00000000ef700000, 0x0000000100000000)
  eden space 232448K, 0% used [0x00000000d5d80000,0x00000000d5d80000,0x00000000e4080000)
  from space 38400K, 0% used [0x00000000e4080000,0x00000000e40a0000,0x00000000e6600000)
  to   space 37888K, 0% used [0x00000000ed200000,0x00000000ed200000,0x00000000ef700000)
 ParOldGen       total 131584K, used 69027K [0x0000000081800000, 0x0000000089880000, 0x00000000d5d80000)
  object space 131584K, 52% used [0x0000000081800000,0x0000000085b68c80,0x0000000089880000)
 Metaspace       used 17410K, capacity 17576K, committed 17792K, reserved 1064960K
  class space    used 1578K, capacity 1622K, committed 1664K, reserved 1048576K
}
Event: 23.707 GC heap before
{Heap before GC invocations=11 (full 1):
 PSYoungGen      total 270848K, used 231882K [0x00000000d5d80000, 0x00000000ef700000, 0x0000000100000000)
  eden space 232448K, 99% used [0x00000000d5d80000,0x00000000e3fd28c8,0x00000000e4080000)
  from space 38400K, 0% used [0x00000000e4080000,0x00000000e40a0000,0x00000000e6600000)
  to   space 37888K, 0% used [0x00000000ed200000,0x00000000ed200000,0x00000000ef700000)
 ParOldGen       total 131584K, used 69027K [0x0000000081800000, 0x0000000089880000, 0x00000000d5d80000)
  object space 131584K, 52% used [0x0000000081800000,0x0000000085b68c80,0x0000000089880000)
 Metaspace       used 17486K, capacity 17640K, committed 17792K, reserved 1064960K
  class space    used 1578K, capacity 1622K, committed 1664K, reserved 1048576K
Event: 23.709 GC heap after
Heap after GC invocations=11 (full 1):
 PSYoungGen      total 365056K, used 64K [0x00000000d5d80000, 0x00000000eee00000, 0x0000000100000000)
  eden space 336384K, 0% used [0x00000000d5d80000,0x00000000d5d80000,0x00000000ea600000)
  from space 28672K, 0% used [0x00000000ed200000,0x00000000ed210000,0x00000000eee00000)
  to   space 36864K, 0% used [0x00000000ea600000,0x00000000ea600000,0x00000000eca00000)
 ParOldGen       total 131584K, used 69091K [0x0000000081800000, 0x0000000089880000, 0x00000000d5d80000)
  object space 131584K, 52% used [0x0000000081800000,0x0000000085b78c80,0x0000000089880000)
 Metaspace       used 17486K, capacity 17640K, committed 17792K, reserved 1064960K
  class space    used 1578K, capacity 1622K, committed 1664K, reserved 1048576K
}
Event: 30.321 GC heap before
{Heap before GC invocations=12 (full 1):
 PSYoungGen      total 365056K, used 335923K [0x00000000d5d80000, 0x00000000eee00000, 0x0000000100000000)
  eden space 336384K, 99% used [0x00000000d5d80000,0x00000000ea57ce90,0x00000000ea600000)
  from space 28672K, 0% used [0x00000000ed200000,0x00000000ed210000,0x00000000eee00000)
  to   space 36864K, 0% used [0x00000000ea600000,0x00000000ea600000,0x00000000eca00000)
 ParOldGen       total 131584K, used 69091K [0x0000000081800000, 0x0000000089880000, 0x00000000d5d80000)
  object space 131584K, 52% used [0x0000000081800000,0x0000000085b78c80,0x0000000089880000)
 Metaspace       used 17538K, capacity 17768K, committed 18048K, reserved 1064960K
  class space    used 1578K, capacity 1622K, committed 1664K, reserved 1048576K
Event: 30.324 GC heap after
Heap after GC invocations=12 (full 1):
 PSYoungGen      total 373248K, used 64K [0x00000000d5d80000, 0x00000000f7300000, 0x0000000100000000)
  eden space 336384K, 0% used [0x00000000d5d80000,0x00000000d5d80000,0x00000000ea600000)
  from space 36864K, 0% used [0x00000000ea600000,0x00000000ea610000,0x00000000eca00000)
  to   space 35840K, 0% used [0x00000000f5000000,0x00000000f5000000,0x00000000f7300000)
 ParOldGen       total 131584K, used 69115K [0x0000000081800000, 0x0000000089880000, 0x00000000d5d80000)
  object space 131584K, 52% used [0x0000000081800000,0x0000000085b7ec80,0x0000000089880000)
 Metaspace       used 17538K, capacity 17768K, committed 18048K, reserved 1064960K
  class space    used 1578K, capacity 1622K, committed 1664K, reserved 1048576K
}
Event: 36.832 GC heap before
{Heap before GC invocations=13 (full 1):
 PSYoungGen      total 373248K, used 336082K [0x00000000d5d80000, 0x00000000f7300000, 0x0000000100000000)
  eden space 336384K, 99% used [0x00000000d5d80000,0x00000000ea5a48d0,0x00000000ea600000)
  from space 36864K, 0% used [0x00000000ea600000,0x00000000ea610000,0x00000000eca00000)
  to   space 35840K, 0% used [0x00000000f5000000,0x00000000f5000000,0x00000000f7300000)
 ParOldGen       total 131584K, used 69115K [0x0000000081800000, 0x0000000089880000, 0x00000000d5d80000)
  object space 131584K, 52% used [0x0000000081800000,0x0000000085b7ec80,0x0000000089880000)
 Metaspace       used 17538K, capacity 17768K, committed 18048K, reserved 1064960K
  class space    used 1578K, capacity 1622K, committed 1664K, reserved 1048576K
Event: 36.835 GC heap after
Heap after GC invocations=13 (full 1):
 PSYoungGen      total 482816K, used 64K [0x00000000d5d80000, 0x00000000f6480000, 0x0000000100000000)
  eden space 461824K, 0% used [0x00000000d5d80000,0x00000000d5d80000,0x00000000f2080000)
  from space 20992K, 0% used [0x00000000f5000000,0x00000000f5010000,0x00000000f6480000)
  to   space 34816K, 0% used [0x00000000f2080000,0x00000000f2080000,0x00000000f4280000)
 ParOldGen       total 131584K, used 69139K [0x0000000081800000, 0x0000000089880000, 0x00000000d5d80000)
  object space 131584K, 52% used [0x0000000081800000,0x0000000085b84c80,0x0000000089880000)
 Metaspace       used 17538K, capacity 17768K, committed 18048K, reserved 1064960K
  class space    used 1578K, capacity 1622K, committed 1664K, reserved 1048576K
}

Deoptimization events (10 events):
Event: 6.051 Thread 0x00000000026be800 Uncommon trap: reason=unstable_if action=reinterpret pc=0x0000000002bf100c method=java.util.HashMap.containsKey(Ljava/lang/Object;)Z @ 9
Event: 9.359 Thread 0x0000000018eb0800 Uncommon trap: reason=class_check action=maybe_recompile pc=0x0000000002a5cb68 method=java.lang.String.equals(Ljava/lang/Object;)Z @ 8
Event: 9.359 Thread 0x0000000018eb0800 Uncommon trap: reason=class_check action=maybe_recompile pc=0x0000000002a5cb68 method=java.lang.String.equals(Ljava/lang/Object;)Z @ 8
Event: 9.359 Thread 0x0000000018eb0800 Uncommon trap: reason=class_check action=maybe_recompile pc=0x0000000002a5cb68 method=java.lang.String.equals(Ljava/lang/Object;)Z @ 8
Event: 9.359 Thread 0x0000000018eb0800 Uncommon trap: reason=class_check action=maybe_recompile pc=0x0000000002a5cb68 method=java.lang.String.equals(Ljava/lang/Object;)Z @ 8
Event: 9.548 Thread 0x0000000018eb0800 Uncommon trap: reason=class_check action=maybe_recompile pc=0x0000000002c603b8 method=java.util.regex.Pattern.compile()V @ 246
Event: 9.548 Thread 0x0000000018eb0800 Uncommon trap: reason=class_check action=maybe_recompile pc=0x0000000002c603b8 method=java.util.regex.Pattern.compile()V @ 246
Event: 9.548 Thread 0x0000000018eb0800 Uncommon trap: reason=class_check action=maybe_recompile pc=0x0000000002c603b8 method=java.util.regex.Pattern.compile()V @ 246
Event: 9.549 Thread 0x0000000018eb0800 Uncommon trap: reason=class_check action=maybe_recompile pc=0x0000000002c603b8 method=java.util.regex.Pattern.compile()V @ 246
Event: 9.580 Thread 0x0000000018eb0800 Uncommon trap: reason=predicate action=maybe_recompile pc=0x0000000002d55348 method=java.util.regex.Pattern$Slice.match(Ljava/util/regex/Matcher;ILjava/lang/CharSequence;)Z @ 21

Internal exceptions (10 events):
Event: 0.080 Thread 0x00000000026be800 Exception <a 'java/lang/NoSuchMethodError': Method sun.misc.Unsafe.prefetchRead(Ljava/lang/Object;J)V name or signature does not match> (0x00000000d5d87f90) thrown at [C:\re\workspace\8-2-build-windows-amd64-cygwin\jdk8u121\8372\hotspot\src\share\vm\prims
Event: 0.428 Thread 0x00000000026be800 Exception <a 'java/security/PrivilegedActionException'> (0x00000000d6066958) thrown at [C:\re\workspace\8-2-build-windows-amd64-cygwin\jdk8u121\8372\hotspot\src\share\vm\prims\jvm.cpp, line 1390]
Event: 0.428 Thread 0x00000000026be800 Exception <a 'java/security/PrivilegedActionException'> (0x00000000d6066b68) thrown at [C:\re\workspace\8-2-build-windows-amd64-cygwin\jdk8u121\8372\hotspot\src\share\vm\prims\jvm.cpp, line 1390]
Event: 0.430 Thread 0x00000000026be800 Exception <a 'java/security/PrivilegedActionException'> (0x00000000d606ac60) thrown at [C:\re\workspace\8-2-build-windows-amd64-cygwin\jdk8u121\8372\hotspot\src\share\vm\prims\jvm.cpp, line 1390]
Event: 0.430 Thread 0x00000000026be800 Exception <a 'java/security/PrivilegedActionException'> (0x00000000d606ae70) thrown at [C:\re\workspace\8-2-build-windows-amd64-cygwin\jdk8u121\8372\hotspot\src\share\vm\prims\jvm.cpp, line 1390]
Event: 0.446 Thread 0x00000000026be800 Exception <a 'java/io/FileNotFoundException'> (0x00000000d6074898) thrown at [C:\re\workspace\8-2-build-windows-amd64-cygwin\jdk8u121\8372\hotspot\src\share\vm\prims\jni.cpp, line 709]
Event: 0.548 Thread 0x00000000026be800 Exception <a 'java/lang/NoSuchFieldError': method resolution failed> (0x00000000d6141ae0) thrown at [C:\re\workspace\8-2-build-windows-amd64-cygwin\jdk8u121\8372\hotspot\src\share\vm\prims\methodHandles.cpp, line 1146]
Event: 0.552 Thread 0x00000000026be800 Exception <a 'java/lang/NoSuchFieldError': method resolution failed> (0x00000000d614f018) thrown at [C:\re\workspace\8-2-build-windows-amd64-cygwin\jdk8u121\8372\hotspot\src\share\vm\prims\methodHandles.cpp, line 1146]
Event: 0.679 Thread 0x00000000026be800 Exception <a 'java/io/FileNotFoundException'> (0x00000000d61ec018) thrown at [C:\re\workspace\8-2-build-windows-amd64-cygwin\jdk8u121\8372\hotspot\src\share\vm\prims\jni.cpp, line 709]
Event: 45.399 Thread 0x0000000019a6e000 Exception <a 'java/lang/InterruptedException'> (0x00000000f0709c98) thrown at [C:\re\workspace\8-2-build-windows-amd64-cygwin\jdk8u121\8372\hotspot\src\share\vm\runtime\objectMonitor.cpp, line 1684]

Events (10 events):
Event: 23.709 Executing VM operation: ParallelGCFailedAllocation done
Event: 30.321 Executing VM operation: ParallelGCFailedAllocation
Event: 30.324 Executing VM operation: ParallelGCFailedAllocation done
Event: 36.832 Executing VM operation: ParallelGCFailedAllocation
Event: 36.835 Executing VM operation: ParallelGCFailedAllocation done
Event: 45.395 Executing VM operation: RevokeBias
Event: 45.396 Executing VM operation: RevokeBias done
Event: 45.399 Executing VM operation: RevokeBias
Event: 45.399 Executing VM operation: RevokeBias done
Event: 45.399 Thread 0x0000000019a6e000 Thread exited: 0x0000000019a6e000


Dynamic libraries:
0x00007ff63e1d0000 - 0x00007ff63e207000 	C:\Program Files\Java\jdk1.8.0_121\bin\java.exe
0x00007ffbb0fb0000 - 0x00007ffbb1182000 	C:\WINDOWS\SYSTEM32\ntdll.dll
0x00007ffbae570000 - 0x00007ffbae61c000 	C:\WINDOWS\System32\KERNEL32.DLL
0x00007ffbadd10000 - 0x00007ffbadf2d000 	C:\WINDOWS\System32\KERNELBASE.dll
0x00007ffbb0880000 - 0x00007ffbb0922000 	C:\WINDOWS\System32\ADVAPI32.dll
0x00007ffbb02f0000 - 0x00007ffbb038e000 	C:\WINDOWS\System32\msvcrt.dll
0x00007ffbb0660000 - 0x00007ffbb06b9000 	C:\WINDOWS\System32\sechost.dll
0x00007ffbae620000 - 0x00007ffbae741000 	C:\WINDOWS\System32\RPCRT4.dll
0x00007ffbb0060000 - 0x00007ffbb01c5000 	C:\WINDOWS\System32\USER32.dll
0x00007ffbae1f0000 - 0x00007ffbae20e000 	C:\WINDOWS\System32\win32u.dll
0x00007ffbb0390000 - 0x00007ffbb03c4000 	C:\WINDOWS\System32\GDI32.dll
0x00007ffbad4b0000 - 0x00007ffbad630000 	C:\WINDOWS\System32\gdi32full.dll
0x00007ffba7ca0000 - 0x00007ffba7f1a000 	C:\WINDOWS\WinSxS\amd64_microsoft.windows.common-controls_6595b64144ccf1df_6.0.14393.953_none_42151e83c686086b\COMCTL32.dll
0x00007ffbae7b0000 - 0x00007ffbaea78000 	C:\WINDOWS\System32\combase.dll
0x00007ffbae440000 - 0x00007ffbae535000 	C:\WINDOWS\System32\ucrtbase.dll
0x00007ffbadfe0000 - 0x00007ffbae04a000 	C:\WINDOWS\System32\bcryptPrimitives.dll
0x00007ffbae540000 - 0x00007ffbae56e000 	C:\WINDOWS\System32\IMM32.DLL
0x0000000075660000 - 0x0000000075732000 	C:\Program Files\Java\jdk1.8.0_121\jre\bin\msvcr100.dll
0x0000000075bd0000 - 0x000000007646b000 	C:\Program Files\Java\jdk1.8.0_121\jre\bin\server\jvm.dll
0x00007ffbb0ea0000 - 0x00007ffbb0ea8000 	C:\WINDOWS\System32\PSAPI.DLL
0x00007ffbaa530000 - 0x00007ffbaa539000 	C:\WINDOWS\SYSTEM32\WSOCK32.dll
0x00007ffbb0280000 - 0x00007ffbb02ea000 	C:\WINDOWS\System32\WS2_32.dll
0x00007ffbab790000 - 0x00007ffbab7b3000 	C:\WINDOWS\SYSTEM32\WINMM.dll
0x00007ffba9850000 - 0x00007ffba985a000 	C:\WINDOWS\SYSTEM32\VERSION.dll
0x00007ffbab6d0000 - 0x00007ffbab6fb000 	C:\WINDOWS\SYSTEM32\WINMMBASE.dll
0x00007ffbae100000 - 0x00007ffbae142000 	C:\WINDOWS\System32\cfgmgr32.dll
0x0000000075ae0000 - 0x0000000075aef000 	C:\Program Files\Java\jdk1.8.0_121\jre\bin\verify.dll
0x0000000075ab0000 - 0x0000000075ad9000 	C:\Program Files\Java\jdk1.8.0_121\jre\bin\java.dll
0x0000000075a90000 - 0x0000000075aa6000 	C:\Program Files\Java\jdk1.8.0_121\jre\bin\zip.dll
0x00007ffbaea90000 - 0x00007ffbaff98000 	C:\WINDOWS\System32\SHELL32.dll
0x00007ffbad630000 - 0x00007ffbadd0a000 	C:\WINDOWS\System32\windows.storage.dll
0x00007ffbad450000 - 0x00007ffbad49c000 	C:\WINDOWS\System32\powrprof.dll
0x00007ffbb0530000 - 0x00007ffbb0582000 	C:\WINDOWS\System32\shlwapi.dll
0x00007ffbad4a0000 - 0x00007ffbad4af000 	C:\WINDOWS\System32\kernel.appcore.dll
0x00007ffbadf30000 - 0x00007ffbadfd9000 	C:\WINDOWS\System32\shcore.dll
0x00007ffbad420000 - 0x00007ffbad434000 	C:\WINDOWS\System32\profapi.dll
0x00007ffbaa750000 - 0x00007ffbaa760000 	C:\Program Files (x86)\JetBrains\IntelliJ IDEA 2016.3.4\bin\breakgen64.dll
0x0000000075880000 - 0x000000007589a000 	C:\Program Files\Java\jdk1.8.0_121\jre\bin\net.dll
0x00007ffbaccf0000 - 0x00007ffbacd4c000 	C:\WINDOWS\system32\mswsock.dll
0x00000000758f0000 - 0x0000000075a88000 	C:\Program Files\Java\jdk1.8.0_121\jre\bin\awt.dll
0x00007ffbaffa0000 - 0x00007ffbb005f000 	C:\WINDOWS\System32\OLEAUT32.dll
0x00007ffbae150000 - 0x00007ffbae1ec000 	C:\WINDOWS\System32\msvcp_win.dll
0x00007ffbabac0000 - 0x00007ffbabb3a000 	C:\WINDOWS\SYSTEM32\apphelp.dll
0x00007ffbabc20000 - 0x00007ffbabcb5000 	C:\WINDOWS\system32\uxtheme.dll
0x00007ffbb03d0000 - 0x00007ffbb052a000 	C:\WINDOWS\System32\MSCTF.dll
0x00007ffbaa9c0000 - 0x00007ffbaa9e6000 	C:\WINDOWS\system32\dwmapi.dll
0x00007ffbb0d60000 - 0x00007ffbb0e98000 	C:\WINDOWS\System32\ole32.dll
0x00007ffb9d9f0000 - 0x00007ffb9db13000 	C:\WINDOWS\system32\opengl32.dll
0x00007ffba7fa0000 - 0x00007ffba7fcd000 	C:\WINDOWS\SYSTEM32\GLU32.dll
0x00007ffb9d5f0000 - 0x00007ffb9d6e7000 	C:\WINDOWS\SYSTEM32\DDRAW.dll
0x00007ffbaaf40000 - 0x00007ffbaaf48000 	C:\WINDOWS\SYSTEM32\DCIMAN32.dll
0x00007ffbacea0000 - 0x00007ffbaceb7000 	C:\WINDOWS\SYSTEM32\CRYPTSP.dll
0x00007ffbac8f0000 - 0x00007ffbac923000 	C:\WINDOWS\system32\rsaenh.dll
0x00007ffbad360000 - 0x00007ffbad38b000 	C:\WINDOWS\SYSTEM32\bcrypt.dll
0x00007ffbacb70000 - 0x00007ffbacb8f000 	C:\WINDOWS\SYSTEM32\USERENV.dll
0x00007ffbace90000 - 0x00007ffbace9b000 	C:\WINDOWS\SYSTEM32\CRYPTBASE.dll
0x00007ffbaca70000 - 0x00007ffbacaa8000 	C:\WINDOWS\SYSTEM32\IPHLPAPI.DLL
0x00007ffbb0270000 - 0x00007ffbb0278000 	C:\WINDOWS\System32\NSI.dll
0x00007ffba3920000 - 0x00007ffba3936000 	C:\WINDOWS\SYSTEM32\dhcpcsvc6.DLL
0x00007ffba3f40000 - 0x00007ffba3f5a000 	C:\WINDOWS\SYSTEM32\dhcpcsvc.DLL
0x0000000075860000 - 0x0000000075871000 	C:\Program Files\Java\jdk1.8.0_121\jre\bin\nio.dll
0x00000000637c0000 - 0x00000000637cd000 	C:\Users\ricar\AppData\Local\Temp\jogamp_0000\file_cache\jln6391049649600420579\jln2396651610572977786\natives\windows-amd64\gluegen-rt.dll
0x0000000075770000 - 0x0000000075777000 	C:\Program Files\Java\jdk1.8.0_121\jre\bin\jawt.dll
0x000000006a440000 - 0x000000006a44d000 	C:\Users\ricar\AppData\Local\Temp\jogamp_0000\file_cache\jln6391049649600420579\jln2396651610572977786\natives\windows-amd64\nativewindow_awt.dll
0x000000006c100000 - 0x000000006c10f000 	C:\Users\ricar\AppData\Local\Temp\jogamp_0000\file_cache\jln6391049649600420579\jln2396651610572977786\natives\windows-amd64\nativewindow_win32.dll
0x000000006cbc0000 - 0x000000006cbd3000 	C:\Users\ricar\AppData\Local\Temp\jogamp_0000\file_cache\jln6391049649600420579\jln2396651610572977786\natives\windows-amd64\newt.dll
0x00007ffba9380000 - 0x00007ffba9411000 	C:\WINDOWS\SYSTEM32\mscms.dll
0x00007ffba1f70000 - 0x00007ffba1fb2000 	C:\WINDOWS\SYSTEM32\icm32.dll
0x00007ffbb0930000 - 0x00007ffbb0d59000 	C:\WINDOWS\System32\setupapi.dll
0x00007ffbabf80000 - 0x00007ffbabfa8000 	C:\WINDOWS\SYSTEM32\DEVOBJ.dll
0x00007ffbae3e0000 - 0x00007ffbae435000 	C:\WINDOWS\System32\WINTRUST.dll
0x00007ffbad440000 - 0x00007ffbad450000 	C:\WINDOWS\System32\MSASN1.dll
0x00007ffbae210000 - 0x00007ffbae3d9000 	C:\WINDOWS\System32\CRYPT32.dll
0x0000000064500000 - 0x00000000645b1000 	C:\Users\ricar\AppData\Local\Temp\jogamp_0000\file_cache\jln6391049649600420579\jln2396651610572977786\natives\windows-amd64\jogl_desktop.dll
0x0000000064340000 - 0x00000000643a2000 	C:\Users\ricar\AppData\Local\Temp\jogamp_0000\file_cache\jln6391049649600420579\jln2396651610572977786\natives\windows-amd64\jogl_mobile.dll
0x00000000728b0000 - 0x0000000074a00000 	C:\WINDOWS\SYSTEM32\nvoglv64.DLL
0x00007ffbaa6e0000 - 0x00007ffbaa6f3000 	C:\WINDOWS\SYSTEM32\WTSAPI32.dll
0x00007ffbac7c0000 - 0x00007ffbac7f2000 	C:\WINDOWS\SYSTEM32\ntmarta.dll
0x00007ffbad300000 - 0x00007ffbad356000 	C:\WINDOWS\SYSTEM32\WINSTA.dll
0x00007ffb922d0000 - 0x00007ffb9246c000 	C:\Users\ricar\Desktop\MoveCode\KinectPV2-master\Build_libs\MoveOn\libs\kinectPV2\Kinect20.Face.dll
0x00007ffba0fe0000 - 0x00007ffba10b4000 	C:\WINDOWS\SYSTEM32\MSVCR110.dll
0x00007ffb9d2c0000 - 0x00007ffb9d367000 	C:\WINDOWS\SYSTEM32\MSVCP110.dll
0x00007ffb9f4a0000 - 0x00007ffb9f4b1000 	C:\Users\ricar\Desktop\MoveCode\KinectPV2-master\Build_libs\MoveOn\libs\kinectPV2\KinectPV2.dll
0x00007ffb97840000 - 0x00007ffb978fb000 	C:\WINDOWS\SYSTEM32\Kinect20.dll
0x00007ffba2bf0000 - 0x00007ffba2d58000 	C:\WINDOWS\SYSTEM32\MFPlat.DLL
0x00007ffbab920000 - 0x00007ffbab94e000 	C:\WINDOWS\SYSTEM32\RTWorkQ.DLL
0x00007ffbac3a0000 - 0x00007ffbac43f000 	C:\WINDOWS\system32\dxgi.dll
0x00007ffbaa9f0000 - 0x00007ffbaaca6000 	C:\WINDOWS\system32\d3d11.dll
0x00007ffb799e0000 - 0x00007ffb7b111000 	C:\WINDOWS\System32\DriverStore\FileRepository\nvami.inf_amd64_11a67240324f74de\nvwgf2umx.dll
0x00007ffba78a0000 - 0x00007ffba7c9b000 	C:\WINDOWS\system32\nvapi64.dll
0x00000000758a0000 - 0x00000000758e7000 	C:\Program Files\Java\jdk1.8.0_121\jre\bin\fontmanager.dll
0x0000000075790000 - 0x00000000757d2000 	C:\Program Files\Java\jdk1.8.0_121\jre\bin\t2k.dll
0x00007ffba9e30000 - 0x00007ffba9fc2000 	C:\WINDOWS\SYSTEM32\dbghelp.dll

VM Arguments:
jvm_args: -Djava.library.path=C:\Users\ricar\Desktop\MoveCode\KinectPV2-master\Build_libs\MoveOn\libs\kinectPV2 -Didea.launcher.port=7535 -Didea.launcher.bin.path=C:\Program Files (x86)\JetBrains\IntelliJ IDEA 2016.3.4\bin -Dfile.encoding=UTF-8 
java_command: com.intellij.rt.execution.application.AppMain SkeletonDepthTest
java_class_path (initial): C:\Program Files\Java\jdk1.8.0_121\jre\lib\charsets.jar;C:\Program Files\Java\jdk1.8.0_121\jre\lib\deploy.jar;C:\Program Files\Java\jdk1.8.0_121\jre\lib\ext\access-bridge-64.jar;C:\Program Files\Java\jdk1.8.0_121\jre\lib\ext\cldrdata.jar;C:\Program Files\Java\jdk1.8.0_121\jre\lib\ext\dnsns.jar;C:\Program Files\Java\jdk1.8.0_121\jre\lib\ext\jaccess.jar;C:\Program Files\Java\jdk1.8.0_121\jre\lib\ext\jfxrt.jar;C:\Program Files\Java\jdk1.8.0_121\jre\lib\ext\localedata.jar;C:\Program Files\Java\jdk1.8.0_121\jre\lib\ext\nashorn.jar;C:\Program Files\Java\jdk1.8.0_121\jre\lib\ext\sunec.jar;C:\Program Files\Java\jdk1.8.0_121\jre\lib\ext\sunjce_provider.jar;C:\Program Files\Java\jdk1.8.0_121\jre\lib\ext\sunmscapi.jar;C:\Program Files\Java\jdk1.8.0_121\jre\lib\ext\sunpkcs11.jar;C:\Program Files\Java\jdk1.8.0_121\jre\lib\ext\zipfs.jar;C:\Program Files\Java\jdk1.8.0_121\jre\lib\javaws.jar;C:\Program Files\Java\jdk1.8.0_121\jre\lib\jce.jar;C:\Program Files\Java\jdk1.8.0_121\jre\lib\jfr.jar;C:\Program Files\Java\jdk1.8.0_121\jre\lib\jfxswt.jar;C:\Program Files\Java\jdk1.8.0_121\jre\lib\jsse.jar;C:\Program Files\Java\jdk1.8.0_121\jre\lib\management-agent.jar;C:\Program Files\Java\jdk1.8.0_121\jre\lib\plugin.jar;C:\Program Files\Java\jdk1.8.0_121\jre\lib\resources.jar;C:\Program Files\Java\jdk1.8.0_121\jre\lib\rt.jar;C:\Users\ricar\Desktop\MoveCode\KinectPV2-master\Build_libs\MoveOn\out\production\MoveOn;C:\Users\ricar\Desktop\MoveCode\KinectPV2-master\Build_libs\MoveOn\libs\kinectPV2\KinectPV2.jar;C:\Users\ricar\Desktop\MoveCode\KinectPV2-master\Build_libs\MoveOn\libs\p3.01\core.jar;C:\Users\ricar\Desktop\MoveCode\KinectPV2-master\Build_libs\MoveOn\libs\p3.01\jogl-all.jar;C:\Users\ricar\Desktop\MoveCode\KinectPV2-master\Build_libs\MoveOn\libs\p3.01\gluegen-rt.jar;C:\Users\ricar\Desktop\MoveCode\KinectPV2-master\Build_libs\MoveOn\libs\p3.01\jogl-all-natives-linux-i586.jar;C:\Users\ricar\Desktop\MoveCode\KinectPV2-master\Build_libs\MoveOn\libs\p3.01\jogl-
Launcher Type: SUN_STANDARD

Environment Variables:
PATH=C:\ProgramData\Oracle\Java\javapath;C:\Program Files (x86)\Intel\iCLS Client\;C:\Program Files\Intel\iCLS Client\;C:\Windows\system32;C:\Windows;C:\Windows\System32\Wbem;C:\Windows\System32\WindowsPowerShell\v1.0\;C:\Program Files (x86)\NVIDIA Corporation\PhysX\Common;C:\Program Files (x86)\Intel\Intel(R) Management Engine Components\DAL;C:\Program Files\Intel\Intel(R) Management Engine Components\DAL;C:\Program Files (x86)\Intel\Intel(R) Management Engine Components\IPT;C:\Program Files\Intel\Intel(R) Management Engine Components\IPT;C:\WINDOWS\system32;C:\WINDOWS;C:\WINDOWS\System32\Wbem;C:\WINDOWS\System32\WindowsPowerShell\v1.0\;C:\Program Files\Git\cmd;C:\;C:\Users\ricar\AppData\Local\Microsoft\WindowsApps;C:\Users\ricar\AppData\Roaming\npm
USERNAME=ricar
OS=Windows_NT
PROCESSOR_IDENTIFIER=Intel64 Family 6 Model 94 Stepping 3, GenuineIntel



---------------  S Y S T E M  ---------------

OS: Windows 10.0 , 64 bit Build 14393 (10.0.14393.1198)

CPU:total 4 (4 cores per cpu, 1 threads per core) family 6 model 94 stepping 3, cmov, cx8, fxsr, mmx, sse, sse2, sse3, ssse3, sse4.1, sse4.2, popcnt, avx, avx2, aes, clmul, erms, rtm, 3dnowpref, lzcnt, tsc, tscinvbit, bmi1, bmi2, adx

Memory: 4k page, physical 8285044k(3492152k free), swap 18266080k(11993028k free)

vm_info: Java HotSpot(TM) 64-Bit Server VM (25.121-b13) for windows-amd64 JRE (1.8.0_121-b13), built on Dec 12 2016 18:21:36 by "java_re" with MS VC++ 10.0 (VS2010)

time: Thu Aug 24 17:05:06 2017
elapsed time: 45 seconds (0d 0h 0m 45s)

