#
# A fatal error has been detected by the Java Runtime Environment:
#
#  EXCEPTION_ACCESS_VIOLATION (0xc0000005) at pc=0x00007ffba7fa5520, pid=6412, tid=0x0000000000002928
#
# JRE version: Java(TM) SE Runtime Environment (8.0_121-b13) (build 1.8.0_121-b13)
# Java VM: Java HotSpot(TM) 64-Bit Server VM (25.121-b13 mixed mode windows-amd64 compressed oops)
# Problematic frame:
# C  [KinectPV2.dll+0x5520]
#
# Failed to write core dump. Minidumps are not enabled by default on client versions of Windows
#
# If you would like to submit a bug report, please visit:
#   http://bugreport.java.com/bugreport/crash.jsp
# The crash happened outside the Java Virtual Machine in native code.
# See problematic frame for where to report the bug.
#

---------------  T H R E A D  ---------------

Current thread (0x000000002082f000):  JavaThread "main-FPSAWTAnimator#00-Timer0" [_thread_in_native, id=10536, stack(0x00000000219a0000,0x0000000021aa0000)]

siginfo: ExceptionCode=0xc0000005, reading address 0xffffffffffffffff

Registers:
RAX=0x0000000000000001, RBX=0x0000000021cf2350, RCX=0x7fffffffffffffff, RDX=0x0000000000000000
RSP=0x0000000021a9e200, RBP=0x0000000000000000, RSI=0x0000000000000006, RDI=0x0000000021cf2580
R8 =0x0000000021a9dea8, R9 =0x0000000000008000, R10=0x0000000000000000, R11=0x0000000021a9e0f0
R12=0x0000000000000000, R13=0x000000001b987e68, R14=0x0000000021a9e2f0, R15=0x000000002082f000
RIP=0x00007ffba7fa5520, EFLAGS=0x0000000000010206

Top of Stack: (sp=0x0000000021a9e200)
0x0000000021a9e200:   0000000021cf2350 000000001b987e68
0x0000000021a9e210:   0000000000000000 0000000019defa00
0x0000000021a9e220:   0000000019defa00 00007ffba7fa177a
0x0000000021a9e230:   0000000021a9e2f0 0000000021a9e2d0
0x0000000021a9e240:   000000002082f1f8 000000002082f000
0x0000000021a9e250:   000000000301835d 0000000003027f74
0x0000000021a9e260:   000000001b987e68 000000002082f000
0x0000000021a9e270:   000000002082f000 000000002082f000
0x0000000021a9e280:   0000000021a9e348 0000000003027ca2
0x0000000021a9e290:   0000000021a9e290 000000001b987e68
0x0000000021a9e2a0:   0000000021a9e2f0 000000001b989b00
0x0000000021a9e2b0:   0000000000000000 000000001b987e68
0x0000000021a9e2c0:   0000000000000000 0000000021a9e2f0
0x0000000021a9e2d0:   0000000021a9e338 0000000003017b30
0x0000000021a9e2e0:   0000000000000000 00000000030219c0
0x0000000021a9e2f0:   00000000849f3570 0000000021a9e2f8 

Instructions: (pc=0x00007ffba7fa5520)
0x00007ffba7fa5500:   89 6f d0 48 8b 0f 48 85 c9 74 09 48 8b 01 ff 50
0x00007ffba7fa5510:   10 48 89 2f 48 8b 8f 90 00 00 00 48 85 c9 74 0d
0x00007ffba7fa5520:   48 8b 01 ff 50 10 48 89 af 90 00 00 00 48 8b 4f
0x00007ffba7fa5530:   30 48 85 c9 74 0a 48 8b 01 ff 50 10 48 89 6f 30 


Register to memory mapping:

RAX=0x0000000000000001 is an unknown value
RBX=0x0000000021cf2350 is an unknown value
RCX=0x7fffffffffffffff is an unknown value
RDX=0x0000000000000000 is an unknown value
RSP=0x0000000021a9e200 is pointing into the stack for thread: 0x000000002082f000
RBP=0x0000000000000000 is an unknown value
RSI=0x0000000000000006 is an unknown value
RDI=0x0000000021cf2580 is an unknown value
R8 =0x0000000021a9dea8 is pointing into the stack for thread: 0x000000002082f000
R9 =0x0000000000008000 is an unknown value
R10=0x0000000000000000 is an unknown value
R11=0x0000000021a9e0f0 is pointing into the stack for thread: 0x000000002082f000
R12=0x0000000000000000 is an unknown value
R13={method} {0x000000001b987e70} 'jniStopSignal' '()Z' in 'KinectPV2/Device'
R14=0x0000000021a9e2f0 is pointing into the stack for thread: 0x000000002082f000
R15=0x000000002082f000 is a thread


Stack: [0x00000000219a0000,0x0000000021aa0000],  sp=0x0000000021a9e200,  free space=1016k
Native frames: (J=compiled Java code, j=interpreted, Vv=VM code, C=native code)

Java frames: (J=compiled Java code, j=interpreted, Vv=VM code)
j  KinectPV2.Device.jniStopSignal()Z+0
j  KinectPV2.Device.cleanDevice()Z+1
j  KinectPV2.KinectPV2.dispose()V+10
v  ~StubRoutines::call_stub
j  sun.reflect.NativeMethodAccessorImpl.invoke0(Ljava/lang/reflect/Method;Ljava/lang/Object;[Ljava/lang/Object;)Ljava/lang/Object;+0
j  sun.reflect.NativeMethodAccessorImpl.invoke(Ljava/lang/Object;[Ljava/lang/Object;)Ljava/lang/Object;+100
j  sun.reflect.DelegatingMethodAccessorImpl.invoke(Ljava/lang/Object;[Ljava/lang/Object;)Ljava/lang/Object;+6
j  java.lang.reflect.Method.invoke(Ljava/lang/Object;[Ljava/lang/Object;)Ljava/lang/Object;+56
j  processing.core.PApplet$RegisteredMethods.handle([Ljava/lang/Object;)V+18
J 1007 C1 processing.core.PApplet.handleMethods(Ljava/lang/String;)V (21 bytes) @ 0x00000000033f6b5c [0x00000000033f68a0+0x2bc]
j  processing.core.PApplet.dispose()V+35
J 1237 C1 processing.opengl.PSurfaceJOGL$DrawListener.display(Lcom/jogamp/opengl/GLAutoDrawable;)V (220 bytes) @ 0x00000000034b9aa4 [0x00000000034b8f20+0xb84]
J 1236 C1 jogamp.opengl.GLDrawableHelper.displayImpl(Lcom/jogamp/opengl/GLAutoDrawable;)V (86 bytes) @ 0x00000000034b6a04 [0x00000000034b60c0+0x944]
J 1234 C1 jogamp.opengl.GLAutoDrawableBase$2.run()V (73 bytes) @ 0x00000000034b813c [0x00000000034b7d60+0x3dc]
J 1155 C1 jogamp.opengl.GLDrawableHelper.invokeGLImpl(Lcom/jogamp/opengl/GLDrawable;Lcom/jogamp/opengl/GLContext;Ljava/lang/Runnable;Ljava/lang/Runnable;)V (579 bytes) @ 0x000000000346d3ac [0x000000000346c560+0xe4c]
J 1230 C1 jogamp.opengl.GLDrawableHelper.invokeGL(Lcom/jogamp/opengl/GLDrawable;Lcom/jogamp/opengl/GLContext;Ljava/lang/Runnable;Ljava/lang/Runnable;)V (76 bytes) @ 0x00000000034b5c84 [0x00000000034b5bc0+0xc4]
J 1150 C1 com.jogamp.newt.opengl.GLWindow.display()V (144 bytes) @ 0x000000000346a4c4 [0x0000000003469bc0+0x904]
J 1149 C1 com.jogamp.opengl.util.AWTAnimatorImpl.display(Ljava/util/ArrayList;ZZ)V (170 bytes) @ 0x0000000003467dec [0x0000000003467700+0x6ec]
J 1228 C1 com.jogamp.opengl.util.FPSAnimator$MainTask.run()V (805 bytes) @ 0x00000000034abe44 [0x00000000034ab100+0xd44]
j  java.util.TimerThread.mainLoop()V+221
j  java.util.TimerThread.run()V+1
v  ~StubRoutines::call_stub

---------------  P R O C E S S  ---------------

Java Threads: ( => current thread )
  0x000000001948e800 JavaThread "Thread-5" [_thread_blocked, id=5380, stack(0x0000000030330000,0x0000000030430000)]
  0x0000000002dde800 JavaThread "DestroyJavaVM" [_thread_blocked, id=11552, stack(0x0000000002e10000,0x0000000002f10000)]
=>0x000000002082f000 JavaThread "main-FPSAWTAnimator#00-Timer0" [_thread_in_native, id=10536, stack(0x00000000219a0000,0x0000000021aa0000)]
  0x000000001a0e1000 JavaThread "HighResTimerThread" daemon [_thread_blocked, id=8280, stack(0x00000000217a0000,0x00000000218a0000)]
  0x000000001a34e000 JavaThread "main-SharedResourceRunner" daemon [_thread_blocked, id=1752, stack(0x000000001b9b0000,0x000000001bab0000)]
  0x000000001a0fa800 JavaThread "main-Display-.windows_nil-1-EDT-1" daemon [_thread_blocked, id=10296, stack(0x000000001b4b0000,0x000000001b5b0000)]
  0x0000000019dee800 JavaThread "AWT-Windows" daemon [_thread_in_native, id=7596, stack(0x000000001a710000,0x000000001a810000)]
  0x0000000019dea000 JavaThread "Java2D Disposer" daemon [_thread_blocked, id=9300, stack(0x000000001a510000,0x000000001a610000)]
  0x00000000195a8000 JavaThread "Monitor Ctrl-Break" daemon [_thread_in_native, id=2008, stack(0x0000000019ac0000,0x0000000019bc0000)]
  0x00000000193f8000 JavaThread "Service Thread" daemon [_thread_blocked, id=9148, stack(0x00000000198c0000,0x00000000199c0000)]
  0x00000000193c0800 JavaThread "C1 CompilerThread2" daemon [_thread_blocked, id=13504, stack(0x00000000197c0000,0x00000000198c0000)]
  0x0000000017b61800 JavaThread "C2 CompilerThread1" daemon [_thread_blocked, id=13624, stack(0x00000000192c0000,0x00000000193c0000)]
  0x0000000017b5f000 JavaThread "C2 CompilerThread0" daemon [_thread_blocked, id=5400, stack(0x00000000191c0000,0x00000000192c0000)]
  0x0000000017b5d800 JavaThread "Attach Listener" daemon [_thread_blocked, id=11756, stack(0x00000000190c0000,0x00000000191c0000)]
  0x0000000017b5c800 JavaThread "Signal Dispatcher" daemon [_thread_blocked, id=6772, stack(0x0000000018fc0000,0x00000000190c0000)]
  0x0000000003007800 JavaThread "Finalizer" daemon [_thread_blocked, id=8180, stack(0x0000000018db0000,0x0000000018eb0000)]
  0x0000000003002000 JavaThread "Reference Handler" daemon [_thread_blocked, id=5928, stack(0x0000000018cb0000,0x0000000018db0000)]

Other Threads:
  0x0000000017b27800 VMThread [stack: 0x0000000018bb0000,0x0000000018cb0000] [id=8172]
  0x0000000019409000 WatcherThread [stack: 0x00000000199c0000,0x0000000019ac0000] [id=7096]

VM state:not at safepoint (normal execution)

VM Mutex/Monitor currently owned by a thread: None

Heap:
 PSYoungGen      total 272384K, used 154054K [0x00000000d5d80000, 0x00000000ef980000, 0x0000000100000000)
  eden space 233472K, 65% used [0x00000000d5d80000,0x00000000df3e1928,0x00000000e4180000)
  from space 38912K, 0% used [0x00000000e4180000,0x00000000e4190000,0x00000000e6780000)
  to   space 37888K, 0% used [0x00000000ed480000,0x00000000ed480000,0x00000000ef980000)
 ParOldGen       total 131584K, used 67923K [0x0000000081800000, 0x0000000089880000, 0x00000000d5d80000)
  object space 131584K, 51% used [0x0000000081800000,0x0000000085a54e68,0x0000000089880000)
 Metaspace       used 16154K, capacity 16388K, committed 16640K, reserved 1064960K
  class space    used 1466K, capacity 1526K, committed 1536K, reserved 1048576K

Card table byte_map: [0x00000000123d0000,0x00000000127d0000] byte_map_base: 0x0000000011fc4000

Marking Bits: (ParMarkBitMap*) 0x00000000763eb6d0
 Begin Bits: [0x0000000012e80000, 0x0000000014e20000)
 End Bits:   [0x0000000014e20000, 0x0000000016dc0000)

Polling page: 0x0000000001780000

CodeCache: size=245760Kb used=4998Kb max_used=4998Kb free=240761Kb
 bounds [0x0000000003010000, 0x0000000003500000, 0x0000000012010000]
 total_blobs=2101 nmethods=1271 adapters=743
 compilation: enabled

Compilation events (10 events):
Event: 10.493 Thread 0x00000000193c0800 1266       3       jogamp.opengl.gl4.GL4bcImpl::checkElementVBOBound (36 bytes)
Event: 10.493 Thread 0x00000000193c0800 nmethod 1266 0x00000000034e9a90 code [0x00000000034e9c00, 0x00000000034e9e48]
Event: 10.493 Thread 0x00000000193c0800 1268       3       processing.opengl.PShader::unbindTyped (301 bytes)
Event: 10.494 Thread 0x00000000193c0800 nmethod 1268 0x00000000034ef210 code [0x00000000034ef500, 0x00000000034f0cf8]
Event: 10.494 Thread 0x00000000193c0800 1269       3       processing.opengl.Texture::unbind (87 bytes)
Event: 10.494 Thread 0x00000000193c0800 nmethod 1269 0x00000000034ecbd0 code [0x00000000034ecda0, 0x00000000034ed548]
Event: 10.494 Thread 0x00000000193c0800 1270       3       processing.opengl.PGL::textureIsBound (63 bytes)
Event: 10.495 Thread 0x00000000193c0800 nmethod 1270 0x00000000034f1350 code [0x00000000034f14e0, 0x00000000034f1870]
Event: 10.495 Thread 0x00000000193c0800 1271       3       processing.opengl.PShader::unbindTextures (147 bytes)
Event: 10.496 Thread 0x00000000193c0800 nmethod 1271 0x00000000034f1a90 code [0x00000000034f1de0, 0x00000000034f3c18]

GC Heap History (10 events):
Event: 3.694 GC heap before
{Heap before GC invocations=6 (full 1):
 PSYoungGen      total 70144K, used 70105K [0x00000000d5d80000, 0x00000000da880000, 0x0000000100000000)
  eden space 65024K, 99% used [0x00000000d5d80000,0x00000000d9cf8738,0x00000000d9d00000)
  from space 5120K, 99% used [0x00000000da380000,0x00000000da87e070,0x00000000da880000)
  to   space 5120K, 0% used [0x00000000d9e80000,0x00000000d9e80000,0x00000000da380000)
 ParOldGen       total 131584K, used 61126K [0x0000000081800000, 0x0000000089880000, 0x00000000d5d80000)
  object space 131584K, 46% used [0x0000000081800000,0x00000000853b18b8,0x0000000089880000)
 Metaspace       used 15760K, capacity 16004K, committed 16128K, reserved 1064960K
  class space    used 1466K, capacity 1526K, committed 1536K, reserved 1048576K
Event: 3.698 GC heap after
Heap after GC invocations=6 (full 1):
 PSYoungGen      total 71680K, used 5112K [0x00000000d5d80000, 0x00000000e2b00000, 0x0000000100000000)
  eden space 66560K, 0% used [0x00000000d5d80000,0x00000000d5d80000,0x00000000d9e80000)
  from space 5120K, 99% used [0x00000000d9e80000,0x00000000da37e070,0x00000000da380000)
  to   space 42496K, 0% used [0x00000000e0180000,0x00000000e0180000,0x00000000e2b00000)
 ParOldGen       total 131584K, used 62830K [0x0000000081800000, 0x0000000089880000, 0x00000000d5d80000)
  object space 131584K, 47% used [0x0000000081800000,0x000000008555b8d8,0x0000000089880000)
 Metaspace       used 15760K, capacity 16004K, committed 16128K, reserved 1064960K
  class space    used 1466K, capacity 1526K, committed 1536K, reserved 1048576K
}
Event: 4.330 GC heap before
{Heap before GC invocations=7 (full 1):
 PSYoungGen      total 71680K, used 71132K [0x00000000d5d80000, 0x00000000e2b00000, 0x0000000100000000)
  eden space 66560K, 99% used [0x00000000d5d80000,0x00000000d9df9230,0x00000000d9e80000)
  from space 5120K, 99% used [0x00000000d9e80000,0x00000000da37e070,0x00000000da380000)
  to   space 42496K, 0% used [0x00000000e0180000,0x00000000e0180000,0x00000000e2b00000)
 ParOldGen       total 131584K, used 62830K [0x0000000081800000, 0x0000000089880000, 0x00000000d5d80000)
  object space 131584K, 47% used [0x0000000081800000,0x000000008555b8d8,0x0000000089880000)
 Metaspace       used 15801K, capacity 16004K, committed 16128K, reserved 1064960K
  class space    used 1466K, capacity 1526K, committed 1536K, reserved 1048576K
Event: 4.342 GC heap after
Heap after GC invocations=7 (full 1):
 PSYoungGen      total 168448K, used 5112K [0x00000000d5d80000, 0x00000000e2a80000, 0x0000000100000000)
  eden space 126464K, 0% used [0x00000000d5d80000,0x00000000d5d80000,0x00000000dd900000)
  from space 41984K, 12% used [0x00000000e0180000,0x00000000e067e070,0x00000000e2a80000)
  to   space 41472K, 0% used [0x00000000dd900000,0x00000000dd900000,0x00000000e0180000)
 ParOldGen       total 131584K, used 62838K [0x0000000081800000, 0x0000000089880000, 0x00000000d5d80000)
  object space 131584K, 47% used [0x0000000081800000,0x000000008555d8d8,0x0000000089880000)
 Metaspace       used 15801K, capacity 16004K, committed 16128K, reserved 1064960K
  class space    used 1466K, capacity 1526K, committed 1536K, reserved 1048576K
}
Event: 5.559 GC heap before
{Heap before GC invocations=8 (full 1):
 PSYoungGen      total 168448K, used 131078K [0x00000000d5d80000, 0x00000000e2a80000, 0x0000000100000000)
  eden space 126464K, 99% used [0x00000000d5d80000,0x00000000dd883ab0,0x00000000dd900000)
  from space 41984K, 12% used [0x00000000e0180000,0x00000000e067e070,0x00000000e2a80000)
  to   space 41472K, 0% used [0x00000000dd900000,0x00000000dd900000,0x00000000e0180000)
 ParOldGen       total 131584K, used 62838K [0x0000000081800000, 0x0000000089880000, 0x00000000d5d80000)
  object space 131584K, 47% used [0x0000000081800000,0x000000008555d8d8,0x0000000089880000)
 Metaspace       used 15882K, capacity 16132K, committed 16384K, reserved 1064960K
  class space    used 1466K, capacity 1526K, committed 1536K, reserved 1048576K
Event: 5.562 GC heap after
Heap after GC invocations=8 (full 1):
 PSYoungGen      total 167936K, used 5080K [0x00000000d5d80000, 0x00000000e9380000, 0x0000000100000000)
  eden space 126464K, 0% used [0x00000000d5d80000,0x00000000d5d80000,0x00000000dd900000)
  from space 41472K, 12% used [0x00000000dd900000,0x00000000dddf6070,0x00000000e0180000)
  to   space 39936K, 0% used [0x00000000e6c80000,0x00000000e6c80000,0x00000000e9380000)
 ParOldGen       total 131584K, used 62846K [0x0000000081800000, 0x0000000089880000, 0x00000000d5d80000)
  object space 131584K, 47% used [0x0000000081800000,0x000000008555f8d8,0x0000000089880000)
 Metaspace       used 15882K, capacity 16132K, committed 16384K, reserved 1064960K
  class space    used 1466K, capacity 1526K, committed 1536K, reserved 1048576K
}
Event: 6.792 GC heap before
{Heap before GC invocations=9 (full 1):
 PSYoungGen      total 167936K, used 131365K [0x00000000d5d80000, 0x00000000e9380000, 0x0000000100000000)
  eden space 126464K, 99% used [0x00000000d5d80000,0x00000000dd8d34a8,0x00000000dd900000)
  from space 41472K, 12% used [0x00000000dd900000,0x00000000dddf6070,0x00000000e0180000)
  to   space 39936K, 0% used [0x00000000e6c80000,0x00000000e6c80000,0x00000000e9380000)
 ParOldGen       total 131584K, used 62846K [0x0000000081800000, 0x0000000089880000, 0x00000000d5d80000)
  object space 131584K, 47% used [0x0000000081800000,0x000000008555f8d8,0x0000000089880000)
 Metaspace       used 15917K, capacity 16132K, committed 16384K, reserved 1064960K
  class space    used 1466K, capacity 1526K, committed 1536K, reserved 1048576K
Event: 6.794 GC heap after
Heap after GC invocations=9 (full 1):
 PSYoungGen      total 267264K, used 1792K [0x00000000d5d80000, 0x00000000e8d80000, 0x0000000100000000)
  eden space 233472K, 0% used [0x00000000d5d80000,0x00000000d5d80000,0x00000000e4180000)
  from space 33792K, 5% used [0x00000000e6c80000,0x00000000e6e40020,0x00000000e8d80000)
  to   space 38912K, 0% used [0x00000000e4180000,0x00000000e4180000,0x00000000e6780000)
 ParOldGen       total 131584K, used 66195K [0x0000000081800000, 0x0000000089880000, 0x00000000d5d80000)
  object space 131584K, 50% used [0x0000000081800000,0x00000000858a4e48,0x0000000089880000)
 Metaspace       used 15917K, capacity 16132K, committed 16384K, reserved 1064960K
  class space    used 1466K, capacity 1526K, committed 1536K, reserved 1048576K
}
Event: 9.057 GC heap before
{Heap before GC invocations=10 (full 1):
 PSYoungGen      total 267264K, used 235264K [0x00000000d5d80000, 0x00000000e8d80000, 0x0000000100000000)
  eden space 233472K, 100% used [0x00000000d5d80000,0x00000000e4180000,0x00000000e4180000)
  from space 33792K, 5% used [0x00000000e6c80000,0x00000000e6e40020,0x00000000e8d80000)
  to   space 38912K, 0% used [0x00000000e4180000,0x00000000e4180000,0x00000000e6780000)
 ParOldGen       total 131584K, used 66195K [0x0000000081800000, 0x0000000089880000, 0x00000000d5d80000)
  object space 131584K, 50% used [0x0000000081800000,0x00000000858a4e48,0x0000000089880000)
 Metaspace       used 16076K, capacity 16260K, committed 16384K, reserved 1064960K
  class space    used 1466K, capacity 1526K, committed 1536K, reserved 1048576K
Event: 9.059 GC heap after
Heap after GC invocations=10 (full 1):
 PSYoungGen      total 272384K, used 64K [0x00000000d5d80000, 0x00000000ef980000, 0x0000000100000000)
  eden space 233472K, 0% used [0x00000000d5d80000,0x00000000d5d80000,0x00000000e4180000)
  from space 38912K, 0% used [0x00000000e4180000,0x00000000e4190000,0x00000000e6780000)
  to   space 37888K, 0% used [0x00000000ed480000,0x00000000ed480000,0x00000000ef980000)
 ParOldGen       total 131584K, used 67923K [0x0000000081800000, 0x0000000089880000, 0x00000000d5d80000)
  object space 131584K, 51% used [0x0000000081800000,0x0000000085a54e68,0x0000000089880000)
 Metaspace       used 16076K, capacity 16260K, committed 16384K, reserved 1064960K
  class space    used 1466K, capacity 1526K, committed 1536K, reserved 1048576K
}

Deoptimization events (5 events):
Event: 0.451 Thread 0x0000000002dde800 Uncommon trap: reason=unstable_if action=reinterpret pc=0x00000000031c8ca4 method=java.lang.String.indexOf([CII[CIII)I @ 3
Event: 1.389 Thread 0x0000000002dde800 Uncommon trap: reason=unstable_if action=reinterpret pc=0x00000000032ae354 method=com.jogamp.opengl.util.PNGPixelRect.read(Ljava/io/InputStream;Lcom/jogamp/nativewindow/util/PixelFormat;ZIZ)Lcom/jogamp/opengl/util/PNGPixelRect; @ 967
Event: 2.624 Thread 0x0000000002dde800 Uncommon trap: reason=unstable_if action=reinterpret pc=0x0000000003346374 method=java.lang.reflect.AccessibleObject.setAccessible0(Ljava/lang/reflect/AccessibleObject;Z)V @ 4
Event: 2.630 Thread 0x0000000002dde800 Uncommon trap: reason=unstable_if action=reinterpret pc=0x000000000334784c method=java.util.HashMap.containsKey(Ljava/lang/Object;)Z @ 9
Event: 3.015 Thread 0x000000002082f000 Uncommon trap: reason=unstable_if action=reinterpret pc=0x000000000337c388 method=processing.opengl.Texture.convertToRGBA([IIII)V @ 281

Internal exceptions (10 events):
Event: 0.027 Thread 0x0000000002dde800 Exception <a 'java/lang/NoSuchMethodError': Method sun.misc.Unsafe.prefetchRead(Ljava/lang/Object;J)V name or signature does not match> (0x00000000d5d87f90) thrown at [C:\re\workspace\8-2-build-windows-amd64-cygwin\jdk8u121\8372\hotspot\src\share\vm\prims
Event: 0.175 Thread 0x0000000002dde800 Exception <a 'java/security/PrivilegedActionException'> (0x00000000d6063fe0) thrown at [C:\re\workspace\8-2-build-windows-amd64-cygwin\jdk8u121\8372\hotspot\src\share\vm\prims\jvm.cpp, line 1390]
Event: 0.175 Thread 0x0000000002dde800 Exception <a 'java/security/PrivilegedActionException'> (0x00000000d60641f0) thrown at [C:\re\workspace\8-2-build-windows-amd64-cygwin\jdk8u121\8372\hotspot\src\share\vm\prims\jvm.cpp, line 1390]
Event: 0.175 Thread 0x0000000002dde800 Exception <a 'java/security/PrivilegedActionException'> (0x00000000d60682e8) thrown at [C:\re\workspace\8-2-build-windows-amd64-cygwin\jdk8u121\8372\hotspot\src\share\vm\prims\jvm.cpp, line 1390]
Event: 0.175 Thread 0x0000000002dde800 Exception <a 'java/security/PrivilegedActionException'> (0x00000000d60684f8) thrown at [C:\re\workspace\8-2-build-windows-amd64-cygwin\jdk8u121\8372\hotspot\src\share\vm\prims\jvm.cpp, line 1390]
Event: 0.183 Thread 0x0000000002dde800 Exception <a 'java/io/FileNotFoundException'> (0x00000000d6071f20) thrown at [C:\re\workspace\8-2-build-windows-amd64-cygwin\jdk8u121\8372\hotspot\src\share\vm\prims\jni.cpp, line 709]
Event: 0.220 Thread 0x0000000002dde800 Exception <a 'java/lang/NoSuchFieldError': method resolution failed> (0x00000000d613f170) thrown at [C:\re\workspace\8-2-build-windows-amd64-cygwin\jdk8u121\8372\hotspot\src\share\vm\prims\methodHandles.cpp, line 1146]
Event: 0.221 Thread 0x0000000002dde800 Exception <a 'java/lang/NoSuchFieldError': method resolution failed> (0x00000000d614c6a8) thrown at [C:\re\workspace\8-2-build-windows-amd64-cygwin\jdk8u121\8372\hotspot\src\share\vm\prims\methodHandles.cpp, line 1146]
Event: 0.290 Thread 0x0000000002dde800 Exception <a 'java/io/FileNotFoundException'> (0x00000000d61e9520) thrown at [C:\re\workspace\8-2-build-windows-amd64-cygwin\jdk8u121\8372\hotspot\src\share\vm\prims\jni.cpp, line 709]
Event: 10.539 Thread 0x000000001a1b3800 Exception <a 'java/lang/InterruptedException'> (0x00000000df2bdba8) thrown at [C:\re\workspace\8-2-build-windows-amd64-cygwin\jdk8u121\8372\hotspot\src\share\vm\runtime\objectMonitor.cpp, line 1684]

Events (10 events):
Event: 4.138 Executing VM operation: EnableBiasedLocking done
Event: 4.330 Executing VM operation: ParallelGCFailedAllocation
Event: 4.342 Executing VM operation: ParallelGCFailedAllocation done
Event: 5.559 Executing VM operation: ParallelGCFailedAllocation
Event: 5.562 Executing VM operation: ParallelGCFailedAllocation done
Event: 6.791 Executing VM operation: ParallelGCFailedAllocation
Event: 6.795 Executing VM operation: ParallelGCFailedAllocation done
Event: 9.057 Executing VM operation: ParallelGCFailedAllocation
Event: 9.059 Executing VM operation: ParallelGCFailedAllocation done
Event: 10.539 Thread 0x000000001a1b3800 Thread exited: 0x000000001a1b3800


Dynamic libraries:
0x00007ff62b090000 - 0x00007ff62b0c7000 	C:\Program Files\Java\jdk1.8.0_121\bin\java.exe
0x00007ffbb0fb0000 - 0x00007ffbb1182000 	C:\WINDOWS\SYSTEM32\ntdll.dll
0x00007ffbae570000 - 0x00007ffbae61c000 	C:\WINDOWS\System32\KERNEL32.DLL
0x00007ffbadd10000 - 0x00007ffbadf2d000 	C:\WINDOWS\System32\KERNELBASE.dll
0x00007ffbb0880000 - 0x00007ffbb0922000 	C:\WINDOWS\System32\ADVAPI32.dll
0x00007ffbb02f0000 - 0x00007ffbb038e000 	C:\WINDOWS\System32\msvcrt.dll
0x00007ffbb0660000 - 0x00007ffbb06b9000 	C:\WINDOWS\System32\sechost.dll
0x00007ffbae620000 - 0x00007ffbae741000 	C:\WINDOWS\System32\RPCRT4.dll
0x00007ffbb0060000 - 0x00007ffbb01c5000 	C:\WINDOWS\System32\USER32.dll
0x00007ffbae1f0000 - 0x00007ffbae20e000 	C:\WINDOWS\System32\win32u.dll
0x00007ffbb0390000 - 0x00007ffbb03c4000 	C:\WINDOWS\System32\GDI32.dll
0x00007ffbad4b0000 - 0x00007ffbad630000 	C:\WINDOWS\System32\gdi32full.dll
0x00007ffba7ca0000 - 0x00007ffba7f1a000 	C:\WINDOWS\WinSxS\amd64_microsoft.windows.common-controls_6595b64144ccf1df_6.0.14393.953_none_42151e83c686086b\COMCTL32.dll
0x00007ffbae7b0000 - 0x00007ffbaea78000 	C:\WINDOWS\System32\combase.dll
0x00007ffbae440000 - 0x00007ffbae535000 	C:\WINDOWS\System32\ucrtbase.dll
0x00007ffbadfe0000 - 0x00007ffbae04a000 	C:\WINDOWS\System32\bcryptPrimitives.dll
0x00007ffbae540000 - 0x00007ffbae56e000 	C:\WINDOWS\System32\IMM32.DLL
0x00000000756a0000 - 0x0000000075772000 	C:\Program Files\Java\jdk1.8.0_121\jre\bin\msvcr100.dll
0x0000000075bd0000 - 0x000000007646b000 	C:\Program Files\Java\jdk1.8.0_121\jre\bin\server\jvm.dll
0x00007ffbb0ea0000 - 0x00007ffbb0ea8000 	C:\WINDOWS\System32\PSAPI.DLL
0x00007ffbaa530000 - 0x00007ffbaa539000 	C:\WINDOWS\SYSTEM32\WSOCK32.dll
0x00007ffbb0280000 - 0x00007ffbb02ea000 	C:\WINDOWS\System32\WS2_32.dll
0x00007ffbab790000 - 0x00007ffbab7b3000 	C:\WINDOWS\SYSTEM32\WINMM.dll
0x00007ffba9850000 - 0x00007ffba985a000 	C:\WINDOWS\SYSTEM32\VERSION.dll
0x00007ffbab6d0000 - 0x00007ffbab6fb000 	C:\WINDOWS\SYSTEM32\WINMMBASE.dll
0x00007ffbae100000 - 0x00007ffbae142000 	C:\WINDOWS\System32\cfgmgr32.dll
0x0000000075ae0000 - 0x0000000075aef000 	C:\Program Files\Java\jdk1.8.0_121\jre\bin\verify.dll
0x0000000075ab0000 - 0x0000000075ad9000 	C:\Program Files\Java\jdk1.8.0_121\jre\bin\java.dll
0x0000000075a90000 - 0x0000000075aa6000 	C:\Program Files\Java\jdk1.8.0_121\jre\bin\zip.dll
0x00007ffbaea90000 - 0x00007ffbaff98000 	C:\WINDOWS\System32\SHELL32.dll
0x00007ffbad630000 - 0x00007ffbadd0a000 	C:\WINDOWS\System32\windows.storage.dll
0x00007ffbad450000 - 0x00007ffbad49c000 	C:\WINDOWS\System32\powrprof.dll
0x00007ffbb0530000 - 0x00007ffbb0582000 	C:\WINDOWS\System32\shlwapi.dll
0x00007ffbad4a0000 - 0x00007ffbad4af000 	C:\WINDOWS\System32\kernel.appcore.dll
0x00007ffbadf30000 - 0x00007ffbadfd9000 	C:\WINDOWS\System32\shcore.dll
0x00007ffbad420000 - 0x00007ffbad434000 	C:\WINDOWS\System32\profapi.dll
0x00007ffba2dc0000 - 0x00007ffba2dd0000 	C:\Program Files (x86)\JetBrains\IntelliJ IDEA 2016.3.4\bin\breakgen64.dll
0x0000000075880000 - 0x000000007589a000 	C:\Program Files\Java\jdk1.8.0_121\jre\bin\net.dll
0x00007ffbaccf0000 - 0x00007ffbacd4c000 	C:\WINDOWS\system32\mswsock.dll
0x00000000758f0000 - 0x0000000075a88000 	C:\Program Files\Java\jdk1.8.0_121\jre\bin\awt.dll
0x00007ffbaffa0000 - 0x00007ffbb005f000 	C:\WINDOWS\System32\OLEAUT32.dll
0x00007ffbae150000 - 0x00007ffbae1ec000 	C:\WINDOWS\System32\msvcp_win.dll
0x00007ffbabac0000 - 0x00007ffbabb3a000 	C:\WINDOWS\SYSTEM32\apphelp.dll
0x00007ffbabc20000 - 0x00007ffbabcb5000 	C:\WINDOWS\system32\uxtheme.dll
0x00007ffbb03d0000 - 0x00007ffbb052a000 	C:\WINDOWS\System32\MSCTF.dll
0x00007ffbaa9c0000 - 0x00007ffbaa9e6000 	C:\WINDOWS\system32\dwmapi.dll
0x00007ffbb0d60000 - 0x00007ffbb0e98000 	C:\WINDOWS\System32\ole32.dll
0x00007ffb9d9f0000 - 0x00007ffb9db13000 	C:\WINDOWS\system32\opengl32.dll
0x00007ffb9e910000 - 0x00007ffb9ea07000 	C:\WINDOWS\SYSTEM32\DDRAW.dll
0x00007ffba2610000 - 0x00007ffba263d000 	C:\WINDOWS\SYSTEM32\GLU32.dll
0x00007ffba89d0000 - 0x00007ffba89d8000 	C:\WINDOWS\SYSTEM32\DCIMAN32.dll
0x00007ffbacea0000 - 0x00007ffbaceb7000 	C:\WINDOWS\SYSTEM32\CRYPTSP.dll
0x00007ffbac8f0000 - 0x00007ffbac923000 	C:\WINDOWS\system32\rsaenh.dll
0x00007ffbad360000 - 0x00007ffbad38b000 	C:\WINDOWS\SYSTEM32\bcrypt.dll
0x00007ffbacb70000 - 0x00007ffbacb8f000 	C:\WINDOWS\SYSTEM32\USERENV.dll
0x00007ffbace90000 - 0x00007ffbace9b000 	C:\WINDOWS\SYSTEM32\CRYPTBASE.dll
0x00007ffbaca70000 - 0x00007ffbacaa8000 	C:\WINDOWS\SYSTEM32\IPHLPAPI.DLL
0x00007ffbb0270000 - 0x00007ffbb0278000 	C:\WINDOWS\System32\NSI.dll
0x00007ffba3920000 - 0x00007ffba3936000 	C:\WINDOWS\SYSTEM32\dhcpcsvc6.DLL
0x00007ffba3f40000 - 0x00007ffba3f5a000 	C:\WINDOWS\SYSTEM32\dhcpcsvc.DLL
0x0000000075860000 - 0x0000000075871000 	C:\Program Files\Java\jdk1.8.0_121\jre\bin\nio.dll
0x00000000637c0000 - 0x00000000637cd000 	C:\Users\ricar\AppData\Local\Temp\jogamp_0000\file_cache\jln6903052001104186480\jln2619178502307165488\natives\windows-amd64\gluegen-rt.dll
0x0000000075780000 - 0x0000000075787000 	C:\Program Files\Java\jdk1.8.0_121\jre\bin\jawt.dll
0x000000006a440000 - 0x000000006a44d000 	C:\Users\ricar\AppData\Local\Temp\jogamp_0000\file_cache\jln6903052001104186480\jln2619178502307165488\natives\windows-amd64\nativewindow_awt.dll
0x000000006c100000 - 0x000000006c10f000 	C:\Users\ricar\AppData\Local\Temp\jogamp_0000\file_cache\jln6903052001104186480\jln2619178502307165488\natives\windows-amd64\nativewindow_win32.dll
0x000000006cbc0000 - 0x000000006cbd3000 	C:\Users\ricar\AppData\Local\Temp\jogamp_0000\file_cache\jln6903052001104186480\jln2619178502307165488\natives\windows-amd64\newt.dll
0x00007ffba8890000 - 0x00007ffba8921000 	C:\WINDOWS\SYSTEM32\mscms.dll
0x00007ffba1a00000 - 0x00007ffba1a42000 	C:\WINDOWS\SYSTEM32\icm32.dll
0x00007ffbb0930000 - 0x00007ffbb0d59000 	C:\WINDOWS\System32\setupapi.dll
0x00007ffbabf80000 - 0x00007ffbabfa8000 	C:\WINDOWS\SYSTEM32\DEVOBJ.dll
0x00007ffbae3e0000 - 0x00007ffbae435000 	C:\WINDOWS\System32\WINTRUST.dll
0x00007ffbad440000 - 0x00007ffbad450000 	C:\WINDOWS\System32\MSASN1.dll
0x00007ffbae210000 - 0x00007ffbae3d9000 	C:\WINDOWS\System32\CRYPT32.dll
0x0000000064500000 - 0x00000000645b1000 	C:\Users\ricar\AppData\Local\Temp\jogamp_0000\file_cache\jln6903052001104186480\jln2619178502307165488\natives\windows-amd64\jogl_desktop.dll
0x0000000064340000 - 0x00000000643a2000 	C:\Users\ricar\AppData\Local\Temp\jogamp_0000\file_cache\jln6903052001104186480\jln2619178502307165488\natives\windows-amd64\jogl_mobile.dll
0x00000000728f0000 - 0x0000000074a40000 	C:\WINDOWS\SYSTEM32\nvoglv64.DLL
0x00007ffbaa6e0000 - 0x00007ffbaa6f3000 	C:\WINDOWS\SYSTEM32\WTSAPI32.dll
0x00007ffbac7c0000 - 0x00007ffbac7f2000 	C:\WINDOWS\SYSTEM32\ntmarta.dll
0x00007ffbad300000 - 0x00007ffbad356000 	C:\WINDOWS\SYSTEM32\WINSTA.dll
0x00007ffb8b5d0000 - 0x00007ffb8b76c000 	C:\Users\ricar\Desktop\MoveCode\KinectPV2-master\Build_libs\MoveOn\libs\kinectPV2\Kinect20.Face.dll
0x00007ffba0fe0000 - 0x00007ffba10b4000 	C:\WINDOWS\SYSTEM32\MSVCR110.dll
0x00007ffb984f0000 - 0x00007ffb98597000 	C:\WINDOWS\SYSTEM32\MSVCP110.dll
0x00007ffba7fa0000 - 0x00007ffba7fb1000 	C:\Users\ricar\Desktop\MoveCode\KinectPV2-master\Build_libs\MoveOn\libs\kinectPV2\KinectPV2.dll
0x00007ffb94c60000 - 0x00007ffb94d1b000 	C:\WINDOWS\SYSTEM32\Kinect20.dll
0x00007ffba92b0000 - 0x00007ffba9418000 	C:\WINDOWS\SYSTEM32\MFPlat.DLL
0x00007ffbab900000 - 0x00007ffbab92e000 	C:\WINDOWS\SYSTEM32\RTWorkQ.DLL
0x00007ffbac3a0000 - 0x00007ffbac43f000 	C:\WINDOWS\system32\dxgi.dll
0x00007ffbaa9f0000 - 0x00007ffbaaca6000 	C:\WINDOWS\system32\d3d11.dll
0x00007ffb87d60000 - 0x00007ffb89491000 	C:\WINDOWS\System32\DriverStore\FileRepository\nvami.inf_amd64_11a67240324f74de\nvwgf2umx.dll
0x00007ffba78a0000 - 0x00007ffba7c9b000 	C:\WINDOWS\system32\nvapi64.dll
0x00007ffba9e30000 - 0x00007ffba9fc2000 	C:\WINDOWS\SYSTEM32\dbghelp.dll

VM Arguments:
jvm_args: -Djava.library.path=C:\Users\ricar\Desktop\MoveCode\KinectPV2-master\Build_libs\MoveOn\libs\kinectPV2 -Didea.launcher.port=7532 -Didea.launcher.bin.path=C:\Program Files (x86)\JetBrains\IntelliJ IDEA 2016.3.4\bin -Dfile.encoding=UTF-8 
java_command: com.intellij.rt.execution.application.AppMain SkeletonDepthTest
java_class_path (initial): C:\Program Files\Java\jdk1.8.0_121\jre\lib\charsets.jar;C:\Program Files\Java\jdk1.8.0_121\jre\lib\deploy.jar;C:\Program Files\Java\jdk1.8.0_121\jre\lib\ext\access-bridge-64.jar;C:\Program Files\Java\jdk1.8.0_121\jre\lib\ext\cldrdata.jar;C:\Program Files\Java\jdk1.8.0_121\jre\lib\ext\dnsns.jar;C:\Program Files\Java\jdk1.8.0_121\jre\lib\ext\jaccess.jar;C:\Program Files\Java\jdk1.8.0_121\jre\lib\ext\jfxrt.jar;C:\Program Files\Java\jdk1.8.0_121\jre\lib\ext\localedata.jar;C:\Program Files\Java\jdk1.8.0_121\jre\lib\ext\nashorn.jar;C:\Program Files\Java\jdk1.8.0_121\jre\lib\ext\sunec.jar;C:\Program Files\Java\jdk1.8.0_121\jre\lib\ext\sunjce_provider.jar;C:\Program Files\Java\jdk1.8.0_121\jre\lib\ext\sunmscapi.jar;C:\Program Files\Java\jdk1.8.0_121\jre\lib\ext\sunpkcs11.jar;C:\Program Files\Java\jdk1.8.0_121\jre\lib\ext\zipfs.jar;C:\Program Files\Java\jdk1.8.0_121\jre\lib\javaws.jar;C:\Program Files\Java\jdk1.8.0_121\jre\lib\jce.jar;C:\Program Files\Java\jdk1.8.0_121\jre\lib\jfr.jar;C:\Program Files\Java\jdk1.8.0_121\jre\lib\jfxswt.jar;C:\Program Files\Java\jdk1.8.0_121\jre\lib\jsse.jar;C:\Program Files\Java\jdk1.8.0_121\jre\lib\management-agent.jar;C:\Program Files\Java\jdk1.8.0_121\jre\lib\plugin.jar;C:\Program Files\Java\jdk1.8.0_121\jre\lib\resources.jar;C:\Program Files\Java\jdk1.8.0_121\jre\lib\rt.jar;C:\Users\ricar\Desktop\MoveCode\KinectPV2-master\Build_libs\MoveOn\out\production\MoveOn;C:\Users\ricar\Desktop\MoveCode\KinectPV2-master\Build_libs\MoveOn\libs\kinectPV2\KinectPV2.jar;C:\Users\ricar\Desktop\MoveCode\KinectPV2-master\Build_libs\MoveOn\libs\p3.01\core.jar;C:\Users\ricar\Desktop\MoveCode\KinectPV2-master\Build_libs\MoveOn\libs\p3.01\jogl-all.jar;C:\Users\ricar\Desktop\MoveCode\KinectPV2-master\Build_libs\MoveOn\libs\p3.01\gluegen-rt.jar;C:\Users\ricar\Desktop\MoveCode\KinectPV2-master\Build_libs\MoveOn\libs\p3.01\jogl-all-natives-linux-i586.jar;C:\Users\ricar\Desktop\MoveCode\KinectPV2-master\Build_libs\MoveOn\libs\p3.01\jogl-
Launcher Type: SUN_STANDARD

Environment Variables:
PATH=C:\ProgramData\Oracle\Java\javapath;C:\Program Files (x86)\Intel\iCLS Client\;C:\Program Files\Intel\iCLS Client\;C:\Windows\system32;C:\Windows;C:\Windows\System32\Wbem;C:\Windows\System32\WindowsPowerShell\v1.0\;C:\Program Files (x86)\NVIDIA Corporation\PhysX\Common;C:\Program Files (x86)\Intel\Intel(R) Management Engine Components\DAL;C:\Program Files\Intel\Intel(R) Management Engine Components\DAL;C:\Program Files (x86)\Intel\Intel(R) Management Engine Components\IPT;C:\Program Files\Intel\Intel(R) Management Engine Components\IPT;C:\WINDOWS\system32;C:\WINDOWS;C:\WINDOWS\System32\Wbem;C:\WINDOWS\System32\WindowsPowerShell\v1.0\;C:\Program Files\Git\cmd;C:\;C:\Users\ricar\AppData\Local\Microsoft\WindowsApps;C:\Users\ricar\AppData\Roaming\npm
USERNAME=ricar
OS=Windows_NT
PROCESSOR_IDENTIFIER=Intel64 Family 6 Model 94 Stepping 3, GenuineIntel



---------------  S Y S T E M  ---------------

OS: Windows 10.0 , 64 bit Build 14393 (10.0.14393.1198)

CPU:total 4 (4 cores per cpu, 1 threads per core) family 6 model 94 stepping 3, cmov, cx8, fxsr, mmx, sse, sse2, sse3, ssse3, sse4.1, sse4.2, popcnt, avx, avx2, aes, clmul, erms, rtm, 3dnowpref, lzcnt, tsc, tscinvbit, bmi1, bmi2, adx

Memory: 4k page, physical 8285044k(2112656k free), swap 18266080k(9832940k free)

vm_info: Java HotSpot(TM) 64-Bit Server VM (25.121-b13) for windows-amd64 JRE (1.8.0_121-b13), built on Dec 12 2016 18:21:36 by "java_re" with MS VC++ 10.0 (VS2010)

time: Mon Aug 21 17:34:54 2017
elapsed time: 10 seconds (0d 0h 0m 10s)

